<?xml version="1.0" encoding="UTF-8"?>
<testsuites>
	<testsuite tests="7" errors="0" failures="7" time="0.008" timestamp="2016-07-28T10:39:14">
		<testcase classname="Task Model" name="Instance Properties Properties from initialization should take a description when the task is created" time="0.002">
			<failure type="" message="ReferenceError: Can&amp;apos;t find variable: List in file:///Users/emanuelaharonoff/Development/code/web-js-oo-task-list-web-0616/spec/task.spec.js (line 8)">
file:///Users/emanuelaharonoff/Development/code/web-js-oo-task-list-web-0616/spec/task.spec.js:8:20
attemptSync@file:///Users/emanuelaharonoff/Development/code/web-js-oo-task-list-web-0616/tmpTestSupport/jasmine.js:1510:16
run@file:///Users/emanuelaharonoff/Development/code/web-js-oo-task-list-web-0616/tmpTestSupport/jasmine.js:1498:20
execute@file:///Users/emanuelaharonoff/Development/code/web-js-oo-task-list-web-0616/tmpTestSupport/jasmine.js:1485:13
queueRunnerFactory@file:///Users/emanuelaharonoff/Development/code/web-js-oo-task-list-web-0616/tmpTestSupport/jasmine.js:518:42
execute@file:///Users/emanuelaharonoff/Development/code/web-js-oo-task-list-web-0616/tmpTestSupport/jasmine.js:306:28
file:///Users/emanuelaharonoff/Development/code/web-js-oo-task-list-web-0616/tmpTestSupport/jasmine.js:1708:44
attemptAsync@file:///Users/emanuelaharonoff/Development/code/web-js-oo-task-list-web-0616/tmpTestSupport/jasmine.js:1520:16
run@file:///Users/emanuelaharonoff/Development/code/web-js-oo-task-list-web-0616/tmpTestSupport/jasmine.js:1496:28
execute@file:///Users/emanuelaharonoff/Development/code/web-js-oo-task-list-web-0616/tmpTestSupport/jasmine.js:1485:13
queueRunnerFactory@file:///Users/emanuelaharonoff/Development/code/web-js-oo-task-list-web-0616/tmpTestSupport/jasmine.js:518:42
execute@file:///Users/emanuelaharonoff/Development/code/web-js-oo-task-list-web-0616/tmpTestSupport/jasmine.js:1694:21
file:///Users/emanuelaharonoff/Development/code/web-js-oo-task-list-web-0616/tmpTestSupport/jasmine.js:1708:44
attemptAsync@file:///Users/emanuelaharonoff/Development/code/web-js-oo-task-list-web-0616/tmpTestSupport/jasmine.js:1520:16
run@file:///Users/emanuelaharonoff/Development/code/web-js-oo-task-list-web-0616/tmpTestSupport/jasmine.js:1496:28
execute@file:///Users/emanuelaharonoff/Development/code/web-js-oo-task-list-web-0616/tmpTestSupport/jasmine.js:1485:13
queueRunnerFactory@file:///Users/emanuelaharonoff/Development/code/web-js-oo-task-list-web-0616/tmpTestSupport/jasmine.js:518:42
execute@file:///Users/emanuelaharonoff/Development/code/web-js-oo-task-list-web-0616/tmpTestSupport/jasmine.js:1694:21
file:///Users/emanuelaharonoff/Development/code/web-js-oo-task-list-web-0616/tmpTestSupport/jasmine.js:1708:44
attemptAsync@file:///Users/emanuelaharonoff/Development/code/web-js-oo-task-list-web-0616/tmpTestSupport/jasmine.js:1520:16
run@file:///Users/emanuelaharonoff/Development/code/web-js-oo-task-list-web-0616/tmpTestSupport/jasmine.js:1496:28
execute@file:///Users/emanuelaharonoff/Development/code/web-js-oo-task-list-web-0616/tmpTestSupport/jasmine.js:1485:13
queueRunnerFactory@file:///Users/emanuelaharonoff/Development/code/web-js-oo-task-list-web-0616/tmpTestSupport/jasmine.js:518:42
execute@file:///Users/emanuelaharonoff/Development/code/web-js-oo-task-list-web-0616/tmpTestSupport/jasmine.js:1694:21
file:///Users/emanuelaharonoff/Development/code/web-js-oo-task-list-web-0616/tmpTestSupport/jasmine.js:1708:44
attemptAsync@file:///Users/emanuelaharonoff/Development/code/web-js-oo-task-list-web-0616/tmpTestSupport/jasmine.js:1520:16
run@file:///Users/emanuelaharonoff/Development/code/web-js-oo-task-list-web-0616/tmpTestSupport/jasmine.js:1496:28
execute@file:///Users/emanuelaharonoff/Development/code/web-js-oo-task-list-web-0616/tmpTestSupport/jasmine.js:1485:13
queueRunnerFactory@file:///Users/emanuelaharonoff/Development/code/web-js-oo-task-list-web-0616/tmpTestSupport/jasmine.js:518:42
execute@file:///Users/emanuelaharonoff/Development/code/web-js-oo-task-list-web-0616/tmpTestSupport/jasmine.js:1694:21
file:///Users/emanuelaharonoff/Development/code/web-js-oo-task-list-web-0616/tmpTestSupport/jasmine.js:541:83
attemptAsync@file:///Users/emanuelaharonoff/Development/code/web-js-oo-task-list-web-0616/tmpTestSupport/jasmine.js:1520:16
run@file:///Users/emanuelaharonoff/Development/code/web-js-oo-task-list-web-0616/tmpTestSupport/jasmine.js:1496:28
execute@file:///Users/emanuelaharonoff/Development/code/web-js-oo-task-list-web-0616/tmpTestSupport/jasmine.js:1485:13
queueRunnerFactory@file:///Users/emanuelaharonoff/Development/code/web-js-oo-task-list-web-0616/tmpTestSupport/jasmine.js:518:42
execute@file:///Users/emanuelaharonoff/Development/code/web-js-oo-task-list-web-0616/tmpTestSupport/jasmine.js:548:25
onload@file:///Users/emanuelaharonoff/Development/code/web-js-oo-task-list-web-0616/tmpTestSupport/boot.js:172:16			</failure>
			<failure type="" message="TypeError: undefined is not an object (evaluating &amp;apos;task.description&amp;apos;) in file:///Users/emanuelaharonoff/Development/code/web-js-oo-task-list-web-0616/spec/task.spec.js (line 15)">
file:///Users/emanuelaharonoff/Development/code/web-js-oo-task-list-web-0616/spec/task.spec.js:15:20
attemptSync@file:///Users/emanuelaharonoff/Development/code/web-js-oo-task-list-web-0616/tmpTestSupport/jasmine.js:1510:16
run@file:///Users/emanuelaharonoff/Development/code/web-js-oo-task-list-web-0616/tmpTestSupport/jasmine.js:1498:20
execute@file:///Users/emanuelaharonoff/Development/code/web-js-oo-task-list-web-0616/tmpTestSupport/jasmine.js:1485:13
queueRunnerFactory@file:///Users/emanuelaharonoff/Development/code/web-js-oo-task-list-web-0616/tmpTestSupport/jasmine.js:518:42
execute@file:///Users/emanuelaharonoff/Development/code/web-js-oo-task-list-web-0616/tmpTestSupport/jasmine.js:306:28
file:///Users/emanuelaharonoff/Development/code/web-js-oo-task-list-web-0616/tmpTestSupport/jasmine.js:1708:44
attemptAsync@file:///Users/emanuelaharonoff/Development/code/web-js-oo-task-list-web-0616/tmpTestSupport/jasmine.js:1520:16
run@file:///Users/emanuelaharonoff/Development/code/web-js-oo-task-list-web-0616/tmpTestSupport/jasmine.js:1496:28
execute@file:///Users/emanuelaharonoff/Development/code/web-js-oo-task-list-web-0616/tmpTestSupport/jasmine.js:1485:13
queueRunnerFactory@file:///Users/emanuelaharonoff/Development/code/web-js-oo-task-list-web-0616/tmpTestSupport/jasmine.js:518:42
execute@file:///Users/emanuelaharonoff/Development/code/web-js-oo-task-list-web-0616/tmpTestSupport/jasmine.js:1694:21
file:///Users/emanuelaharonoff/Development/code/web-js-oo-task-list-web-0616/tmpTestSupport/jasmine.js:1708:44
attemptAsync@file:///Users/emanuelaharonoff/Development/code/web-js-oo-task-list-web-0616/tmpTestSupport/jasmine.js:1520:16
run@file:///Users/emanuelaharonoff/Development/code/web-js-oo-task-list-web-0616/tmpTestSupport/jasmine.js:1496:28
execute@file:///Users/emanuelaharonoff/Development/code/web-js-oo-task-list-web-0616/tmpTestSupport/jasmine.js:1485:13
queueRunnerFactory@file:///Users/emanuelaharonoff/Development/code/web-js-oo-task-list-web-0616/tmpTestSupport/jasmine.js:518:42
execute@file:///Users/emanuelaharonoff/Development/code/web-js-oo-task-list-web-0616/tmpTestSupport/jasmine.js:1694:21
file:///Users/emanuelaharonoff/Development/code/web-js-oo-task-list-web-0616/tmpTestSupport/jasmine.js:1708:44
attemptAsync@file:///Users/emanuelaharonoff/Development/code/web-js-oo-task-list-web-0616/tmpTestSupport/jasmine.js:1520:16
run@file:///Users/emanuelaharonoff/Development/code/web-js-oo-task-list-web-0616/tmpTestSupport/jasmine.js:1496:28
execute@file:///Users/emanuelaharonoff/Development/code/web-js-oo-task-list-web-0616/tmpTestSupport/jasmine.js:1485:13
queueRunnerFactory@file:///Users/emanuelaharonoff/Development/code/web-js-oo-task-list-web-0616/tmpTestSupport/jasmine.js:518:42
execute@file:///Users/emanuelaharonoff/Development/code/web-js-oo-task-list-web-0616/tmpTestSupport/jasmine.js:1694:21
file:///Users/emanuelaharonoff/Development/code/web-js-oo-task-list-web-0616/tmpTestSupport/jasmine.js:1708:44
attemptAsync@file:///Users/emanuelaharonoff/Development/code/web-js-oo-task-list-web-0616/tmpTestSupport/jasmine.js:1520:16
run@file:///Users/emanuelaharonoff/Development/code/web-js-oo-task-list-web-0616/tmpTestSupport/jasmine.js:1496:28
execute@file:///Users/emanuelaharonoff/Development/code/web-js-oo-task-list-web-0616/tmpTestSupport/jasmine.js:1485:13
queueRunnerFactory@file:///Users/emanuelaharonoff/Development/code/web-js-oo-task-list-web-0616/tmpTestSupport/jasmine.js:518:42
execute@file:///Users/emanuelaharonoff/Development/code/web-js-oo-task-list-web-0616/tmpTestSupport/jasmine.js:1694:21
file:///Users/emanuelaharonoff/Development/code/web-js-oo-task-list-web-0616/tmpTestSupport/jasmine.js:541:83
attemptAsync@file:///Users/emanuelaharonoff/Development/code/web-js-oo-task-list-web-0616/tmpTestSupport/jasmine.js:1520:16
run@file:///Users/emanuelaharonoff/Development/code/web-js-oo-task-list-web-0616/tmpTestSupport/jasmine.js:1496:28
execute@file:///Users/emanuelaharonoff/Development/code/web-js-oo-task-list-web-0616/tmpTestSupport/jasmine.js:1485:13
queueRunnerFactory@file:///Users/emanuelaharonoff/Development/code/web-js-oo-task-list-web-0616/tmpTestSupport/jasmine.js:518:42
execute@file:///Users/emanuelaharonoff/Development/code/web-js-oo-task-list-web-0616/tmpTestSupport/jasmine.js:548:25
onload@file:///Users/emanuelaharonoff/Development/code/web-js-oo-task-list-web-0616/tmpTestSupport/boot.js:172:16			</failure>
		</testcase>
		<testcase classname="Task Model" name="Instance Properties Properties from initialization should be assigned a priority when a new Task is created" time="0">
			<failure type="" message="ReferenceError: Can&amp;apos;t find variable: List in file:///Users/emanuelaharonoff/Development/code/web-js-oo-task-list-web-0616/spec/task.spec.js (line 8)">
file:///Users/emanuelaharonoff/Development/code/web-js-oo-task-list-web-0616/spec/task.spec.js:8:20
attemptSync@file:///Users/emanuelaharonoff/Development/code/web-js-oo-task-list-web-0616/tmpTestSupport/jasmine.js:1510:16
run@file:///Users/emanuelaharonoff/Development/code/web-js-oo-task-list-web-0616/tmpTestSupport/jasmine.js:1498:20
execute@file:///Users/emanuelaharonoff/Development/code/web-js-oo-task-list-web-0616/tmpTestSupport/jasmine.js:1485:13
queueRunnerFactory@file:///Users/emanuelaharonoff/Development/code/web-js-oo-task-list-web-0616/tmpTestSupport/jasmine.js:518:42
execute@file:///Users/emanuelaharonoff/Development/code/web-js-oo-task-list-web-0616/tmpTestSupport/jasmine.js:306:28
file:///Users/emanuelaharonoff/Development/code/web-js-oo-task-list-web-0616/tmpTestSupport/jasmine.js:1708:44
attemptAsync@file:///Users/emanuelaharonoff/Development/code/web-js-oo-task-list-web-0616/tmpTestSupport/jasmine.js:1520:16
run@file:///Users/emanuelaharonoff/Development/code/web-js-oo-task-list-web-0616/tmpTestSupport/jasmine.js:1496:28
next@file:///Users/emanuelaharonoff/Development/code/web-js-oo-task-list-web-0616/tmpTestSupport/jasmine.js:1517:40
complete@file:///Users/emanuelaharonoff/Development/code/web-js-oo-task-list-web-0616/tmpTestSupport/jasmine.js:333:19
clearStack@file:///Users/emanuelaharonoff/Development/code/web-js-oo-task-list-web-0616/tmpTestSupport/jasmine.js:506:11
run@file:///Users/emanuelaharonoff/Development/code/web-js-oo-task-list-web-0616/tmpTestSupport/jasmine.js:1505:22
execute@file:///Users/emanuelaharonoff/Development/code/web-js-oo-task-list-web-0616/tmpTestSupport/jasmine.js:1485:13
queueRunnerFactory@file:///Users/emanuelaharonoff/Development/code/web-js-oo-task-list-web-0616/tmpTestSupport/jasmine.js:518:42
execute@file:///Users/emanuelaharonoff/Development/code/web-js-oo-task-list-web-0616/tmpTestSupport/jasmine.js:306:28
file:///Users/emanuelaharonoff/Development/code/web-js-oo-task-list-web-0616/tmpTestSupport/jasmine.js:1708:44
attemptAsync@file:///Users/emanuelaharonoff/Development/code/web-js-oo-task-list-web-0616/tmpTestSupport/jasmine.js:1520:16
run@file:///Users/emanuelaharonoff/Development/code/web-js-oo-task-list-web-0616/tmpTestSupport/jasmine.js:1496:28
execute@file:///Users/emanuelaharonoff/Development/code/web-js-oo-task-list-web-0616/tmpTestSupport/jasmine.js:1485:13
queueRunnerFactory@file:///Users/emanuelaharonoff/Development/code/web-js-oo-task-list-web-0616/tmpTestSupport/jasmine.js:518:42
execute@file:///Users/emanuelaharonoff/Development/code/web-js-oo-task-list-web-0616/tmpTestSupport/jasmine.js:1694:21
file:///Users/emanuelaharonoff/Development/code/web-js-oo-task-list-web-0616/tmpTestSupport/jasmine.js:1708:44
attemptAsync@file:///Users/emanuelaharonoff/Development/code/web-js-oo-task-list-web-0616/tmpTestSupport/jasmine.js:1520:16
run@file:///Users/emanuelaharonoff/Development/code/web-js-oo-task-list-web-0616/tmpTestSupport/jasmine.js:1496:28
execute@file:///Users/emanuelaharonoff/Development/code/web-js-oo-task-list-web-0616/tmpTestSupport/jasmine.js:1485:13
queueRunnerFactory@file:///Users/emanuelaharonoff/Development/code/web-js-oo-task-list-web-0616/tmpTestSupport/jasmine.js:518:42
execute@file:///Users/emanuelaharonoff/Development/code/web-js-oo-task-list-web-0616/tmpTestSupport/jasmine.js:1694:21
file:///Users/emanuelaharonoff/Development/code/web-js-oo-task-list-web-0616/tmpTestSupport/jasmine.js:1708:44
attemptAsync@file:///Users/emanuelaharonoff/Development/code/web-js-oo-task-list-web-0616/tmpTestSupport/jasmine.js:1520:16
run@file:///Users/emanuelaharonoff/Development/code/web-js-oo-task-list-web-0616/tmpTestSupport/jasmine.js:1496:28
execute@file:///Users/emanuelaharonoff/Development/code/web-js-oo-task-list-web-0616/tmpTestSupport/jasmine.js:1485:13
queueRunnerFactory@file:///Users/emanuelaharonoff/Development/code/web-js-oo-task-list-web-0616/tmpTestSupport/jasmine.js:518:42
execute@file:///Users/emanuelaharonoff/Development/code/web-js-oo-task-list-web-0616/tmpTestSupport/jasmine.js:1694:21
file:///Users/emanuelaharonoff/Development/code/web-js-oo-task-list-web-0616/tmpTestSupport/jasmine.js:1708:44
attemptAsync@file:///Users/emanuelaharonoff/Development/code/web-js-oo-task-list-web-0616/tmpTestSupport/jasmine.js:1520:16
run@file:///Users/emanuelaharonoff/Development/code/web-js-oo-task-list-web-0616/tmpTestSupport/jasmine.js:1496:28
execute@file:///Users/emanuelaharonoff/Development/code/web-js-oo-task-list-web-0616/tmpTestSupport/jasmine.js:1485:13
queueRunnerFactory@file:///Users/emanuelaharonoff/Development/code/web-js-oo-task-list-web-0616/tmpTestSupport/jasmine.js:518:42
execute@file:///Users/emanuelaharonoff/Development/code/web-js-oo-task-list-web-0616/tmpTestSupport/jasmine.js:1694:21
file:///Users/emanuelaharonoff/Development/code/web-js-oo-task-list-web-0616/tmpTestSupport/jasmine.js:541:83
attemptAsync@file:///Users/emanuelaharonoff/Development/code/web-js-oo-task-list-web-0616/tmpTestSupport/jasmine.js:1520:16
run@file:///Users/emanuelaharonoff/Development/code/web-js-oo-task-list-web-0616/tmpTestSupport/jasmine.js:1496:28
execute@file:///Users/emanuelaharonoff/Development/code/web-js-oo-task-list-web-0616/tmpTestSupport/jasmine.js:1485:13
queueRunnerFactory@file:///Users/emanuelaharonoff/Development/code/web-js-oo-task-list-web-0616/tmpTestSupport/jasmine.js:518:42
execute@file:///Users/emanuelaharonoff/Development/code/web-js-oo-task-list-web-0616/tmpTestSupport/jasmine.js:548:25
onload@file:///Users/emanuelaharonoff/Development/code/web-js-oo-task-list-web-0616/tmpTestSupport/boot.js:172:16			</failure>
			<failure type="" message="TypeError: undefined is not an object (evaluating &amp;apos;task.priority&amp;apos;) in file:///Users/emanuelaharonoff/Development/code/web-js-oo-task-list-web-0616/spec/task.spec.js (line 19)">
file:///Users/emanuelaharonoff/Development/code/web-js-oo-task-list-web-0616/spec/task.spec.js:19:20
attemptSync@file:///Users/emanuelaharonoff/Development/code/web-js-oo-task-list-web-0616/tmpTestSupport/jasmine.js:1510:16
run@file:///Users/emanuelaharonoff/Development/code/web-js-oo-task-list-web-0616/tmpTestSupport/jasmine.js:1498:20
execute@file:///Users/emanuelaharonoff/Development/code/web-js-oo-task-list-web-0616/tmpTestSupport/jasmine.js:1485:13
queueRunnerFactory@file:///Users/emanuelaharonoff/Development/code/web-js-oo-task-list-web-0616/tmpTestSupport/jasmine.js:518:42
execute@file:///Users/emanuelaharonoff/Development/code/web-js-oo-task-list-web-0616/tmpTestSupport/jasmine.js:306:28
file:///Users/emanuelaharonoff/Development/code/web-js-oo-task-list-web-0616/tmpTestSupport/jasmine.js:1708:44
attemptAsync@file:///Users/emanuelaharonoff/Development/code/web-js-oo-task-list-web-0616/tmpTestSupport/jasmine.js:1520:16
run@file:///Users/emanuelaharonoff/Development/code/web-js-oo-task-list-web-0616/tmpTestSupport/jasmine.js:1496:28
next@file:///Users/emanuelaharonoff/Development/code/web-js-oo-task-list-web-0616/tmpTestSupport/jasmine.js:1517:40
complete@file:///Users/emanuelaharonoff/Development/code/web-js-oo-task-list-web-0616/tmpTestSupport/jasmine.js:333:19
clearStack@file:///Users/emanuelaharonoff/Development/code/web-js-oo-task-list-web-0616/tmpTestSupport/jasmine.js:506:11
run@file:///Users/emanuelaharonoff/Development/code/web-js-oo-task-list-web-0616/tmpTestSupport/jasmine.js:1505:22
execute@file:///Users/emanuelaharonoff/Development/code/web-js-oo-task-list-web-0616/tmpTestSupport/jasmine.js:1485:13
queueRunnerFactory@file:///Users/emanuelaharonoff/Development/code/web-js-oo-task-list-web-0616/tmpTestSupport/jasmine.js:518:42
execute@file:///Users/emanuelaharonoff/Development/code/web-js-oo-task-list-web-0616/tmpTestSupport/jasmine.js:306:28
file:///Users/emanuelaharonoff/Development/code/web-js-oo-task-list-web-0616/tmpTestSupport/jasmine.js:1708:44
attemptAsync@file:///Users/emanuelaharonoff/Development/code/web-js-oo-task-list-web-0616/tmpTestSupport/jasmine.js:1520:16
run@file:///Users/emanuelaharonoff/Development/code/web-js-oo-task-list-web-0616/tmpTestSupport/jasmine.js:1496:28
execute@file:///Users/emanuelaharonoff/Development/code/web-js-oo-task-list-web-0616/tmpTestSupport/jasmine.js:1485:13
queueRunnerFactory@file:///Users/emanuelaharonoff/Development/code/web-js-oo-task-list-web-0616/tmpTestSupport/jasmine.js:518:42
execute@file:///Users/emanuelaharonoff/Development/code/web-js-oo-task-list-web-0616/tmpTestSupport/jasmine.js:1694:21
file:///Users/emanuelaharonoff/Development/code/web-js-oo-task-list-web-0616/tmpTestSupport/jasmine.js:1708:44
attemptAsync@file:///Users/emanuelaharonoff/Development/code/web-js-oo-task-list-web-0616/tmpTestSupport/jasmine.js:1520:16
run@file:///Users/emanuelaharonoff/Development/code/web-js-oo-task-list-web-0616/tmpTestSupport/jasmine.js:1496:28
execute@file:///Users/emanuelaharonoff/Development/code/web-js-oo-task-list-web-0616/tmpTestSupport/jasmine.js:1485:13
queueRunnerFactory@file:///Users/emanuelaharonoff/Development/code/web-js-oo-task-list-web-0616/tmpTestSupport/jasmine.js:518:42
execute@file:///Users/emanuelaharonoff/Development/code/web-js-oo-task-list-web-0616/tmpTestSupport/jasmine.js:1694:21
file:///Users/emanuelaharonoff/Development/code/web-js-oo-task-list-web-0616/tmpTestSupport/jasmine.js:1708:44
attemptAsync@file:///Users/emanuelaharonoff/Development/code/web-js-oo-task-list-web-0616/tmpTestSupport/jasmine.js:1520:16
run@file:///Users/emanuelaharonoff/Development/code/web-js-oo-task-list-web-0616/tmpTestSupport/jasmine.js:1496:28
execute@file:///Users/emanuelaharonoff/Development/code/web-js-oo-task-list-web-0616/tmpTestSupport/jasmine.js:1485:13
queueRunnerFactory@file:///Users/emanuelaharonoff/Development/code/web-js-oo-task-list-web-0616/tmpTestSupport/jasmine.js:518:42
execute@file:///Users/emanuelaharonoff/Development/code/web-js-oo-task-list-web-0616/tmpTestSupport/jasmine.js:1694:21
file:///Users/emanuelaharonoff/Development/code/web-js-oo-task-list-web-0616/tmpTestSupport/jasmine.js:1708:44
attemptAsync@file:///Users/emanuelaharonoff/Development/code/web-js-oo-task-list-web-0616/tmpTestSupport/jasmine.js:1520:16
run@file:///Users/emanuelaharonoff/Development/code/web-js-oo-task-list-web-0616/tmpTestSupport/jasmine.js:1496:28
execute@file:///Users/emanuelaharonoff/Development/code/web-js-oo-task-list-web-0616/tmpTestSupport/jasmine.js:1485:13
queueRunnerFactory@file:///Users/emanuelaharonoff/Development/code/web-js-oo-task-list-web-0616/tmpTestSupport/jasmine.js:518:42
execute@file:///Users/emanuelaharonoff/Development/code/web-js-oo-task-list-web-0616/tmpTestSupport/jasmine.js:1694:21
file:///Users/emanuelaharonoff/Development/code/web-js-oo-task-list-web-0616/tmpTestSupport/jasmine.js:541:83
attemptAsync@file:///Users/emanuelaharonoff/Development/code/web-js-oo-task-list-web-0616/tmpTestSupport/jasmine.js:1520:16
run@file:///Users/emanuelaharonoff/Development/code/web-js-oo-task-list-web-0616/tmpTestSupport/jasmine.js:1496:28
execute@file:///Users/emanuelaharonoff/Development/code/web-js-oo-task-list-web-0616/tmpTestSupport/jasmine.js:1485:13
queueRunnerFactory@file:///Users/emanuelaharonoff/Development/code/web-js-oo-task-list-web-0616/tmpTestSupport/jasmine.js:518:42
execute@file:///Users/emanuelaharonoff/Development/code/web-js-oo-task-list-web-0616/tmpTestSupport/jasmine.js:548:25
onload@file:///Users/emanuelaharonoff/Development/code/web-js-oo-task-list-web-0616/tmpTestSupport/boot.js:172:16			</failure>
		</testcase>
		<testcase classname="Task Model" name="Instance Properties Properties from initialization should be assigned to a list when a new Task is created" time="0">
			<failure type="" message="ReferenceError: Can&amp;apos;t find variable: List in file:///Users/emanuelaharonoff/Development/code/web-js-oo-task-list-web-0616/spec/task.spec.js (line 8)">
file:///Users/emanuelaharonoff/Development/code/web-js-oo-task-list-web-0616/spec/task.spec.js:8:20
attemptSync@file:///Users/emanuelaharonoff/Development/code/web-js-oo-task-list-web-0616/tmpTestSupport/jasmine.js:1510:16
run@file:///Users/emanuelaharonoff/Development/code/web-js-oo-task-list-web-0616/tmpTestSupport/jasmine.js:1498:20
execute@file:///Users/emanuelaharonoff/Development/code/web-js-oo-task-list-web-0616/tmpTestSupport/jasmine.js:1485:13
queueRunnerFactory@file:///Users/emanuelaharonoff/Development/code/web-js-oo-task-list-web-0616/tmpTestSupport/jasmine.js:518:42
execute@file:///Users/emanuelaharonoff/Development/code/web-js-oo-task-list-web-0616/tmpTestSupport/jasmine.js:306:28
file:///Users/emanuelaharonoff/Development/code/web-js-oo-task-list-web-0616/tmpTestSupport/jasmine.js:1708:44
attemptAsync@file:///Users/emanuelaharonoff/Development/code/web-js-oo-task-list-web-0616/tmpTestSupport/jasmine.js:1520:16
run@file:///Users/emanuelaharonoff/Development/code/web-js-oo-task-list-web-0616/tmpTestSupport/jasmine.js:1496:28
next@file:///Users/emanuelaharonoff/Development/code/web-js-oo-task-list-web-0616/tmpTestSupport/jasmine.js:1517:40
complete@file:///Users/emanuelaharonoff/Development/code/web-js-oo-task-list-web-0616/tmpTestSupport/jasmine.js:333:19
clearStack@file:///Users/emanuelaharonoff/Development/code/web-js-oo-task-list-web-0616/tmpTestSupport/jasmine.js:506:11
run@file:///Users/emanuelaharonoff/Development/code/web-js-oo-task-list-web-0616/tmpTestSupport/jasmine.js:1505:22
execute@file:///Users/emanuelaharonoff/Development/code/web-js-oo-task-list-web-0616/tmpTestSupport/jasmine.js:1485:13
queueRunnerFactory@file:///Users/emanuelaharonoff/Development/code/web-js-oo-task-list-web-0616/tmpTestSupport/jasmine.js:518:42
execute@file:///Users/emanuelaharonoff/Development/code/web-js-oo-task-list-web-0616/tmpTestSupport/jasmine.js:306:28
file:///Users/emanuelaharonoff/Development/code/web-js-oo-task-list-web-0616/tmpTestSupport/jasmine.js:1708:44
attemptAsync@file:///Users/emanuelaharonoff/Development/code/web-js-oo-task-list-web-0616/tmpTestSupport/jasmine.js:1520:16
run@file:///Users/emanuelaharonoff/Development/code/web-js-oo-task-list-web-0616/tmpTestSupport/jasmine.js:1496:28
next@file:///Users/emanuelaharonoff/Development/code/web-js-oo-task-list-web-0616/tmpTestSupport/jasmine.js:1517:40
complete@file:///Users/emanuelaharonoff/Development/code/web-js-oo-task-list-web-0616/tmpTestSupport/jasmine.js:333:19
clearStack@file:///Users/emanuelaharonoff/Development/code/web-js-oo-task-list-web-0616/tmpTestSupport/jasmine.js:506:11
run@file:///Users/emanuelaharonoff/Development/code/web-js-oo-task-list-web-0616/tmpTestSupport/jasmine.js:1505:22
execute@file:///Users/emanuelaharonoff/Development/code/web-js-oo-task-list-web-0616/tmpTestSupport/jasmine.js:1485:13
queueRunnerFactory@file:///Users/emanuelaharonoff/Development/code/web-js-oo-task-list-web-0616/tmpTestSupport/jasmine.js:518:42
execute@file:///Users/emanuelaharonoff/Development/code/web-js-oo-task-list-web-0616/tmpTestSupport/jasmine.js:306:28
file:///Users/emanuelaharonoff/Development/code/web-js-oo-task-list-web-0616/tmpTestSupport/jasmine.js:1708:44
attemptAsync@file:///Users/emanuelaharonoff/Development/code/web-js-oo-task-list-web-0616/tmpTestSupport/jasmine.js:1520:16
run@file:///Users/emanuelaharonoff/Development/code/web-js-oo-task-list-web-0616/tmpTestSupport/jasmine.js:1496:28
execute@file:///Users/emanuelaharonoff/Development/code/web-js-oo-task-list-web-0616/tmpTestSupport/jasmine.js:1485:13
queueRunnerFactory@file:///Users/emanuelaharonoff/Development/code/web-js-oo-task-list-web-0616/tmpTestSupport/jasmine.js:518:42
execute@file:///Users/emanuelaharonoff/Development/code/web-js-oo-task-list-web-0616/tmpTestSupport/jasmine.js:1694:21
file:///Users/emanuelaharonoff/Development/code/web-js-oo-task-list-web-0616/tmpTestSupport/jasmine.js:1708:44
attemptAsync@file:///Users/emanuelaharonoff/Development/code/web-js-oo-task-list-web-0616/tmpTestSupport/jasmine.js:1520:16
run@file:///Users/emanuelaharonoff/Development/code/web-js-oo-task-list-web-0616/tmpTestSupport/jasmine.js:1496:28
execute@file:///Users/emanuelaharonoff/Development/code/web-js-oo-task-list-web-0616/tmpTestSupport/jasmine.js:1485:13
queueRunnerFactory@file:///Users/emanuelaharonoff/Development/code/web-js-oo-task-list-web-0616/tmpTestSupport/jasmine.js:518:42
execute@file:///Users/emanuelaharonoff/Development/code/web-js-oo-task-list-web-0616/tmpTestSupport/jasmine.js:1694:21
file:///Users/emanuelaharonoff/Development/code/web-js-oo-task-list-web-0616/tmpTestSupport/jasmine.js:1708:44
attemptAsync@file:///Users/emanuelaharonoff/Development/code/web-js-oo-task-list-web-0616/tmpTestSupport/jasmine.js:1520:16
run@file:///Users/emanuelaharonoff/Development/code/web-js-oo-task-list-web-0616/tmpTestSupport/jasmine.js:1496:28
execute@file:///Users/emanuelaharonoff/Development/code/web-js-oo-task-list-web-0616/tmpTestSupport/jasmine.js:1485:13
queueRunnerFactory@file:///Users/emanuelaharonoff/Development/code/web-js-oo-task-list-web-0616/tmpTestSupport/jasmine.js:518:42
execute@file:///Users/emanuelaharonoff/Development/code/web-js-oo-task-list-web-0616/tmpTestSupport/jasmine.js:1694:21
file:///Users/emanuelaharonoff/Development/code/web-js-oo-task-list-web-0616/tmpTestSupport/jasmine.js:1708:44
attemptAsync@file:///Users/emanuelaharonoff/Development/code/web-js-oo-task-list-web-0616/tmpTestSupport/jasmine.js:1520:16
run@file:///Users/emanuelaharonoff/Development/code/web-js-oo-task-list-web-0616/tmpTestSupport/jasmine.js:1496:28
execute@file:///Users/emanuelaharonoff/Development/code/web-js-oo-task-list-web-0616/tmpTestSupport/jasmine.js:1485:13
queueRunnerFactory@file:///Users/emanuelaharonoff/Development/code/web-js-oo-task-list-web-0616/tmpTestSupport/jasmine.js:518:42
execute@file:///Users/emanuelaharonoff/Development/code/web-js-oo-task-list-web-0616/tmpTestSupport/jasmine.js:1694:21
file:///Users/emanuelaharonoff/Development/code/web-js-oo-task-list-web-0616/tmpTestSupport/jasmine.js:541:83
attemptAsync@file:///Users/emanuelaharonoff/Development/code/web-js-oo-task-list-web-0616/tmpTestSupport/jasmine.js:1520:16
run@file:///Users/emanuelaharonoff/Development/code/web-js-oo-task-list-web-0616/tmpTestSupport/jasmine.js:1496:28
execute@file:///Users/emanuelaharonoff/Development/code/web-js-oo-task-list-web-0616/tmpTestSupport/jasmine.js:1485:13
queueRunnerFactory@file:///Users/emanuelaharonoff/Development/code/web-js-oo-task-list-web-0616/tmpTestSupport/jasmine.js:518:42
execute@file:///Users/emanuelaharonoff/Development/code/web-js-oo-task-list-web-0616/tmpTestSupport/jasmine.js:548:25
onload@file:///Users/emanuelaharonoff/Development/code/web-js-oo-task-list-web-0616/tmpTestSupport/boot.js:172:16			</failure>
			<failure type="" message="TypeError: undefined is not an object (evaluating &amp;apos;task.list&amp;apos;) in file:///Users/emanuelaharonoff/Development/code/web-js-oo-task-list-web-0616/spec/task.spec.js (line 23)">
file:///Users/emanuelaharonoff/Development/code/web-js-oo-task-list-web-0616/spec/task.spec.js:23:20
attemptSync@file:///Users/emanuelaharonoff/Development/code/web-js-oo-task-list-web-0616/tmpTestSupport/jasmine.js:1510:16
run@file:///Users/emanuelaharonoff/Development/code/web-js-oo-task-list-web-0616/tmpTestSupport/jasmine.js:1498:20
execute@file:///Users/emanuelaharonoff/Development/code/web-js-oo-task-list-web-0616/tmpTestSupport/jasmine.js:1485:13
queueRunnerFactory@file:///Users/emanuelaharonoff/Development/code/web-js-oo-task-list-web-0616/tmpTestSupport/jasmine.js:518:42
execute@file:///Users/emanuelaharonoff/Development/code/web-js-oo-task-list-web-0616/tmpTestSupport/jasmine.js:306:28
file:///Users/emanuelaharonoff/Development/code/web-js-oo-task-list-web-0616/tmpTestSupport/jasmine.js:1708:44
attemptAsync@file:///Users/emanuelaharonoff/Development/code/web-js-oo-task-list-web-0616/tmpTestSupport/jasmine.js:1520:16
run@file:///Users/emanuelaharonoff/Development/code/web-js-oo-task-list-web-0616/tmpTestSupport/jasmine.js:1496:28
next@file:///Users/emanuelaharonoff/Development/code/web-js-oo-task-list-web-0616/tmpTestSupport/jasmine.js:1517:40
complete@file:///Users/emanuelaharonoff/Development/code/web-js-oo-task-list-web-0616/tmpTestSupport/jasmine.js:333:19
clearStack@file:///Users/emanuelaharonoff/Development/code/web-js-oo-task-list-web-0616/tmpTestSupport/jasmine.js:506:11
run@file:///Users/emanuelaharonoff/Development/code/web-js-oo-task-list-web-0616/tmpTestSupport/jasmine.js:1505:22
execute@file:///Users/emanuelaharonoff/Development/code/web-js-oo-task-list-web-0616/tmpTestSupport/jasmine.js:1485:13
queueRunnerFactory@file:///Users/emanuelaharonoff/Development/code/web-js-oo-task-list-web-0616/tmpTestSupport/jasmine.js:518:42
execute@file:///Users/emanuelaharonoff/Development/code/web-js-oo-task-list-web-0616/tmpTestSupport/jasmine.js:306:28
file:///Users/emanuelaharonoff/Development/code/web-js-oo-task-list-web-0616/tmpTestSupport/jasmine.js:1708:44
attemptAsync@file:///Users/emanuelaharonoff/Development/code/web-js-oo-task-list-web-0616/tmpTestSupport/jasmine.js:1520:16
run@file:///Users/emanuelaharonoff/Development/code/web-js-oo-task-list-web-0616/tmpTestSupport/jasmine.js:1496:28
next@file:///Users/emanuelaharonoff/Development/code/web-js-oo-task-list-web-0616/tmpTestSupport/jasmine.js:1517:40
complete@file:///Users/emanuelaharonoff/Development/code/web-js-oo-task-list-web-0616/tmpTestSupport/jasmine.js:333:19
clearStack@file:///Users/emanuelaharonoff/Development/code/web-js-oo-task-list-web-0616/tmpTestSupport/jasmine.js:506:11
run@file:///Users/emanuelaharonoff/Development/code/web-js-oo-task-list-web-0616/tmpTestSupport/jasmine.js:1505:22
execute@file:///Users/emanuelaharonoff/Development/code/web-js-oo-task-list-web-0616/tmpTestSupport/jasmine.js:1485:13
queueRunnerFactory@file:///Users/emanuelaharonoff/Development/code/web-js-oo-task-list-web-0616/tmpTestSupport/jasmine.js:518:42
execute@file:///Users/emanuelaharonoff/Development/code/web-js-oo-task-list-web-0616/tmpTestSupport/jasmine.js:306:28
file:///Users/emanuelaharonoff/Development/code/web-js-oo-task-list-web-0616/tmpTestSupport/jasmine.js:1708:44
attemptAsync@file:///Users/emanuelaharonoff/Development/code/web-js-oo-task-list-web-0616/tmpTestSupport/jasmine.js:1520:16
run@file:///Users/emanuelaharonoff/Development/code/web-js-oo-task-list-web-0616/tmpTestSupport/jasmine.js:1496:28
execute@file:///Users/emanuelaharonoff/Development/code/web-js-oo-task-list-web-0616/tmpTestSupport/jasmine.js:1485:13
queueRunnerFactory@file:///Users/emanuelaharonoff/Development/code/web-js-oo-task-list-web-0616/tmpTestSupport/jasmine.js:518:42
execute@file:///Users/emanuelaharonoff/Development/code/web-js-oo-task-list-web-0616/tmpTestSupport/jasmine.js:1694:21
file:///Users/emanuelaharonoff/Development/code/web-js-oo-task-list-web-0616/tmpTestSupport/jasmine.js:1708:44
attemptAsync@file:///Users/emanuelaharonoff/Development/code/web-js-oo-task-list-web-0616/tmpTestSupport/jasmine.js:1520:16
run@file:///Users/emanuelaharonoff/Development/code/web-js-oo-task-list-web-0616/tmpTestSupport/jasmine.js:1496:28
execute@file:///Users/emanuelaharonoff/Development/code/web-js-oo-task-list-web-0616/tmpTestSupport/jasmine.js:1485:13
queueRunnerFactory@file:///Users/emanuelaharonoff/Development/code/web-js-oo-task-list-web-0616/tmpTestSupport/jasmine.js:518:42
execute@file:///Users/emanuelaharonoff/Development/code/web-js-oo-task-list-web-0616/tmpTestSupport/jasmine.js:1694:21
file:///Users/emanuelaharonoff/Development/code/web-js-oo-task-list-web-0616/tmpTestSupport/jasmine.js:1708:44
attemptAsync@file:///Users/emanuelaharonoff/Development/code/web-js-oo-task-list-web-0616/tmpTestSupport/jasmine.js:1520:16
run@file:///Users/emanuelaharonoff/Development/code/web-js-oo-task-list-web-0616/tmpTestSupport/jasmine.js:1496:28
execute@file:///Users/emanuelaharonoff/Development/code/web-js-oo-task-list-web-0616/tmpTestSupport/jasmine.js:1485:13
queueRunnerFactory@file:///Users/emanuelaharonoff/Development/code/web-js-oo-task-list-web-0616/tmpTestSupport/jasmine.js:518:42
execute@file:///Users/emanuelaharonoff/Development/code/web-js-oo-task-list-web-0616/tmpTestSupport/jasmine.js:1694:21
file:///Users/emanuelaharonoff/Development/code/web-js-oo-task-list-web-0616/tmpTestSupport/jasmine.js:1708:44
attemptAsync@file:///Users/emanuelaharonoff/Development/code/web-js-oo-task-list-web-0616/tmpTestSupport/jasmine.js:1520:16
run@file:///Users/emanuelaharonoff/Development/code/web-js-oo-task-list-web-0616/tmpTestSupport/jasmine.js:1496:28
execute@file:///Users/emanuelaharonoff/Development/code/web-js-oo-task-list-web-0616/tmpTestSupport/jasmine.js:1485:13
queueRunnerFactory@file:///Users/emanuelaharonoff/Development/code/web-js-oo-task-list-web-0616/tmpTestSupport/jasmine.js:518:42
execute@file:///Users/emanuelaharonoff/Development/code/web-js-oo-task-list-web-0616/tmpTestSupport/jasmine.js:1694:21
file:///Users/emanuelaharonoff/Development/code/web-js-oo-task-list-web-0616/tmpTestSupport/jasmine.js:541:83
attemptAsync@file:///Users/emanuelaharonoff/Development/code/web-js-oo-task-list-web-0616/tmpTestSupport/jasmine.js:1520:16
run@file:///Users/emanuelaharonoff/Development/code/web-js-oo-task-list-web-0616/tmpTestSupport/jasmine.js:1496:28
execute@file:///Users/emanuelaharonoff/Development/code/web-js-oo-task-list-web-0616/tmpTestSupport/jasmine.js:1485:13
queueRunnerFactory@file:///Users/emanuelaharonoff/Development/code/web-js-oo-task-list-web-0616/tmpTestSupport/jasmine.js:518:42
execute@file:///Users/emanuelaharonoff/Development/code/web-js-oo-task-list-web-0616/tmpTestSupport/jasmine.js:548:25
onload@file:///Users/emanuelaharonoff/Development/code/web-js-oo-task-list-web-0616/tmpTestSupport/boot.js:172:16			</failure>
		</testcase>
		<testcase classname="Task Model" name="Instance Properties Properties from initialization should add itself to the list&amp;apos;s tasks array" time="0.001">
			<failure type="" message="ReferenceError: Can&amp;apos;t find variable: List in file:///Users/emanuelaharonoff/Development/code/web-js-oo-task-list-web-0616/spec/task.spec.js (line 8)">
file:///Users/emanuelaharonoff/Development/code/web-js-oo-task-list-web-0616/spec/task.spec.js:8:20
attemptSync@file:///Users/emanuelaharonoff/Development/code/web-js-oo-task-list-web-0616/tmpTestSupport/jasmine.js:1510:16
run@file:///Users/emanuelaharonoff/Development/code/web-js-oo-task-list-web-0616/tmpTestSupport/jasmine.js:1498:20
execute@file:///Users/emanuelaharonoff/Development/code/web-js-oo-task-list-web-0616/tmpTestSupport/jasmine.js:1485:13
queueRunnerFactory@file:///Users/emanuelaharonoff/Development/code/web-js-oo-task-list-web-0616/tmpTestSupport/jasmine.js:518:42
execute@file:///Users/emanuelaharonoff/Development/code/web-js-oo-task-list-web-0616/tmpTestSupport/jasmine.js:306:28
file:///Users/emanuelaharonoff/Development/code/web-js-oo-task-list-web-0616/tmpTestSupport/jasmine.js:1708:44
attemptAsync@file:///Users/emanuelaharonoff/Development/code/web-js-oo-task-list-web-0616/tmpTestSupport/jasmine.js:1520:16
run@file:///Users/emanuelaharonoff/Development/code/web-js-oo-task-list-web-0616/tmpTestSupport/jasmine.js:1496:28
next@file:///Users/emanuelaharonoff/Development/code/web-js-oo-task-list-web-0616/tmpTestSupport/jasmine.js:1517:40
complete@file:///Users/emanuelaharonoff/Development/code/web-js-oo-task-list-web-0616/tmpTestSupport/jasmine.js:333:19
clearStack@file:///Users/emanuelaharonoff/Development/code/web-js-oo-task-list-web-0616/tmpTestSupport/jasmine.js:506:11
run@file:///Users/emanuelaharonoff/Development/code/web-js-oo-task-list-web-0616/tmpTestSupport/jasmine.js:1505:22
execute@file:///Users/emanuelaharonoff/Development/code/web-js-oo-task-list-web-0616/tmpTestSupport/jasmine.js:1485:13
queueRunnerFactory@file:///Users/emanuelaharonoff/Development/code/web-js-oo-task-list-web-0616/tmpTestSupport/jasmine.js:518:42
execute@file:///Users/emanuelaharonoff/Development/code/web-js-oo-task-list-web-0616/tmpTestSupport/jasmine.js:306:28
file:///Users/emanuelaharonoff/Development/code/web-js-oo-task-list-web-0616/tmpTestSupport/jasmine.js:1708:44
attemptAsync@file:///Users/emanuelaharonoff/Development/code/web-js-oo-task-list-web-0616/tmpTestSupport/jasmine.js:1520:16
run@file:///Users/emanuelaharonoff/Development/code/web-js-oo-task-list-web-0616/tmpTestSupport/jasmine.js:1496:28
next@file:///Users/emanuelaharonoff/Development/code/web-js-oo-task-list-web-0616/tmpTestSupport/jasmine.js:1517:40
complete@file:///Users/emanuelaharonoff/Development/code/web-js-oo-task-list-web-0616/tmpTestSupport/jasmine.js:333:19
clearStack@file:///Users/emanuelaharonoff/Development/code/web-js-oo-task-list-web-0616/tmpTestSupport/jasmine.js:506:11
run@file:///Users/emanuelaharonoff/Development/code/web-js-oo-task-list-web-0616/tmpTestSupport/jasmine.js:1505:22
execute@file:///Users/emanuelaharonoff/Development/code/web-js-oo-task-list-web-0616/tmpTestSupport/jasmine.js:1485:13
queueRunnerFactory@file:///Users/emanuelaharonoff/Development/code/web-js-oo-task-list-web-0616/tmpTestSupport/jasmine.js:518:42
execute@file:///Users/emanuelaharonoff/Development/code/web-js-oo-task-list-web-0616/tmpTestSupport/jasmine.js:306:28
file:///Users/emanuelaharonoff/Development/code/web-js-oo-task-list-web-0616/tmpTestSupport/jasmine.js:1708:44
attemptAsync@file:///Users/emanuelaharonoff/Development/code/web-js-oo-task-list-web-0616/tmpTestSupport/jasmine.js:1520:16
run@file:///Users/emanuelaharonoff/Development/code/web-js-oo-task-list-web-0616/tmpTestSupport/jasmine.js:1496:28
next@file:///Users/emanuelaharonoff/Development/code/web-js-oo-task-list-web-0616/tmpTestSupport/jasmine.js:1517:40
complete@file:///Users/emanuelaharonoff/Development/code/web-js-oo-task-list-web-0616/tmpTestSupport/jasmine.js:333:19
clearStack@file:///Users/emanuelaharonoff/Development/code/web-js-oo-task-list-web-0616/tmpTestSupport/jasmine.js:506:11
run@file:///Users/emanuelaharonoff/Development/code/web-js-oo-task-list-web-0616/tmpTestSupport/jasmine.js:1505:22
execute@file:///Users/emanuelaharonoff/Development/code/web-js-oo-task-list-web-0616/tmpTestSupport/jasmine.js:1485:13
queueRunnerFactory@file:///Users/emanuelaharonoff/Development/code/web-js-oo-task-list-web-0616/tmpTestSupport/jasmine.js:518:42
execute@file:///Users/emanuelaharonoff/Development/code/web-js-oo-task-list-web-0616/tmpTestSupport/jasmine.js:306:28
file:///Users/emanuelaharonoff/Development/code/web-js-oo-task-list-web-0616/tmpTestSupport/jasmine.js:1708:44
attemptAsync@file:///Users/emanuelaharonoff/Development/code/web-js-oo-task-list-web-0616/tmpTestSupport/jasmine.js:1520:16
run@file:///Users/emanuelaharonoff/Development/code/web-js-oo-task-list-web-0616/tmpTestSupport/jasmine.js:1496:28
execute@file:///Users/emanuelaharonoff/Development/code/web-js-oo-task-list-web-0616/tmpTestSupport/jasmine.js:1485:13
queueRunnerFactory@file:///Users/emanuelaharonoff/Development/code/web-js-oo-task-list-web-0616/tmpTestSupport/jasmine.js:518:42
execute@file:///Users/emanuelaharonoff/Development/code/web-js-oo-task-list-web-0616/tmpTestSupport/jasmine.js:1694:21
file:///Users/emanuelaharonoff/Development/code/web-js-oo-task-list-web-0616/tmpTestSupport/jasmine.js:1708:44
attemptAsync@file:///Users/emanuelaharonoff/Development/code/web-js-oo-task-list-web-0616/tmpTestSupport/jasmine.js:1520:16
run@file:///Users/emanuelaharonoff/Development/code/web-js-oo-task-list-web-0616/tmpTestSupport/jasmine.js:1496:28
execute@file:///Users/emanuelaharonoff/Development/code/web-js-oo-task-list-web-0616/tmpTestSupport/jasmine.js:1485:13
queueRunnerFactory@file:///Users/emanuelaharonoff/Development/code/web-js-oo-task-list-web-0616/tmpTestSupport/jasmine.js:518:42
execute@file:///Users/emanuelaharonoff/Development/code/web-js-oo-task-list-web-0616/tmpTestSupport/jasmine.js:1694:21
file:///Users/emanuelaharonoff/Development/code/web-js-oo-task-list-web-0616/tmpTestSupport/jasmine.js:1708:44
attemptAsync@file:///Users/emanuelaharonoff/Development/code/web-js-oo-task-list-web-0616/tmpTestSupport/jasmine.js:1520:16
run@file:///Users/emanuelaharonoff/Development/code/web-js-oo-task-list-web-0616/tmpTestSupport/jasmine.js:1496:28
execute@file:///Users/emanuelaharonoff/Development/code/web-js-oo-task-list-web-0616/tmpTestSupport/jasmine.js:1485:13
queueRunnerFactory@file:///Users/emanuelaharonoff/Development/code/web-js-oo-task-list-web-0616/tmpTestSupport/jasmine.js:518:42
execute@file:///Users/emanuelaharonoff/Development/code/web-js-oo-task-list-web-0616/tmpTestSupport/jasmine.js:1694:21
file:///Users/emanuelaharonoff/Development/code/web-js-oo-task-list-web-0616/tmpTestSupport/jasmine.js:1708:44
attemptAsync@file:///Users/emanuelaharonoff/Development/code/web-js-oo-task-list-web-0616/tmpTestSupport/jasmine.js:1520:16
run@file:///Users/emanuelaharonoff/Development/code/web-js-oo-task-list-web-0616/tmpTestSupport/jasmine.js:1496:28
execute@file:///Users/emanuelaharonoff/Development/code/web-js-oo-task-list-web-0616/tmpTestSupport/jasmine.js:1485:13
queueRunnerFactory@file:///Users/emanuelaharonoff/Development/code/web-js-oo-task-list-web-0616/tmpTestSupport/jasmine.js:518:42
execute@file:///Users/emanuelaharonoff/Development/code/web-js-oo-task-list-web-0616/tmpTestSupport/jasmine.js:1694:21
file:///Users/emanuelaharonoff/Development/code/web-js-oo-task-list-web-0616/tmpTestSupport/jasmine.js:541:83
attemptAsync@file:///Users/emanuelaharonoff/Development/code/web-js-oo-task-list-web-0616/tmpTestSupport/jasmine.js:1520:16
run@file:///Users/emanuelaharonoff/Development/code/web-js-oo-task-list-web-0616/tmpTestSupport/jasmine.js:1496:28
execute@file:///Users/emanuelaharonoff/Development/code/web-js-oo-task-list-web-0616/tmpTestSupport/jasmine.js:1485:13
queueRunnerFactory@file:///Users/emanuelaharonoff/Development/code/web-js-oo-task-list-web-0616/tmpTestSupport/jasmine.js:518:42
execute@file:///Users/emanuelaharonoff/Development/code/web-js-oo-task-list-web-0616/tmpTestSupport/jasmine.js:548:25
onload@file:///Users/emanuelaharonoff/Development/code/web-js-oo-task-list-web-0616/tmpTestSupport/boot.js:172:16			</failure>
			<failure type="" message="TypeError: undefined is not an object (evaluating &amp;apos;list.tasks&amp;apos;) in file:///Users/emanuelaharonoff/Development/code/web-js-oo-task-list-web-0616/spec/task.spec.js (line 27)">
file:///Users/emanuelaharonoff/Development/code/web-js-oo-task-list-web-0616/spec/task.spec.js:27:20
attemptSync@file:///Users/emanuelaharonoff/Development/code/web-js-oo-task-list-web-0616/tmpTestSupport/jasmine.js:1510:16
run@file:///Users/emanuelaharonoff/Development/code/web-js-oo-task-list-web-0616/tmpTestSupport/jasmine.js:1498:20
execute@file:///Users/emanuelaharonoff/Development/code/web-js-oo-task-list-web-0616/tmpTestSupport/jasmine.js:1485:13
queueRunnerFactory@file:///Users/emanuelaharonoff/Development/code/web-js-oo-task-list-web-0616/tmpTestSupport/jasmine.js:518:42
execute@file:///Users/emanuelaharonoff/Development/code/web-js-oo-task-list-web-0616/tmpTestSupport/jasmine.js:306:28
file:///Users/emanuelaharonoff/Development/code/web-js-oo-task-list-web-0616/tmpTestSupport/jasmine.js:1708:44
attemptAsync@file:///Users/emanuelaharonoff/Development/code/web-js-oo-task-list-web-0616/tmpTestSupport/jasmine.js:1520:16
run@file:///Users/emanuelaharonoff/Development/code/web-js-oo-task-list-web-0616/tmpTestSupport/jasmine.js:1496:28
next@file:///Users/emanuelaharonoff/Development/code/web-js-oo-task-list-web-0616/tmpTestSupport/jasmine.js:1517:40
complete@file:///Users/emanuelaharonoff/Development/code/web-js-oo-task-list-web-0616/tmpTestSupport/jasmine.js:333:19
clearStack@file:///Users/emanuelaharonoff/Development/code/web-js-oo-task-list-web-0616/tmpTestSupport/jasmine.js:506:11
run@file:///Users/emanuelaharonoff/Development/code/web-js-oo-task-list-web-0616/tmpTestSupport/jasmine.js:1505:22
execute@file:///Users/emanuelaharonoff/Development/code/web-js-oo-task-list-web-0616/tmpTestSupport/jasmine.js:1485:13
queueRunnerFactory@file:///Users/emanuelaharonoff/Development/code/web-js-oo-task-list-web-0616/tmpTestSupport/jasmine.js:518:42
execute@file:///Users/emanuelaharonoff/Development/code/web-js-oo-task-list-web-0616/tmpTestSupport/jasmine.js:306:28
file:///Users/emanuelaharonoff/Development/code/web-js-oo-task-list-web-0616/tmpTestSupport/jasmine.js:1708:44
attemptAsync@file:///Users/emanuelaharonoff/Development/code/web-js-oo-task-list-web-0616/tmpTestSupport/jasmine.js:1520:16
run@file:///Users/emanuelaharonoff/Development/code/web-js-oo-task-list-web-0616/tmpTestSupport/jasmine.js:1496:28
next@file:///Users/emanuelaharonoff/Development/code/web-js-oo-task-list-web-0616/tmpTestSupport/jasmine.js:1517:40
complete@file:///Users/emanuelaharonoff/Development/code/web-js-oo-task-list-web-0616/tmpTestSupport/jasmine.js:333:19
clearStack@file:///Users/emanuelaharonoff/Development/code/web-js-oo-task-list-web-0616/tmpTestSupport/jasmine.js:506:11
run@file:///Users/emanuelaharonoff/Development/code/web-js-oo-task-list-web-0616/tmpTestSupport/jasmine.js:1505:22
execute@file:///Users/emanuelaharonoff/Development/code/web-js-oo-task-list-web-0616/tmpTestSupport/jasmine.js:1485:13
queueRunnerFactory@file:///Users/emanuelaharonoff/Development/code/web-js-oo-task-list-web-0616/tmpTestSupport/jasmine.js:518:42
execute@file:///Users/emanuelaharonoff/Development/code/web-js-oo-task-list-web-0616/tmpTestSupport/jasmine.js:306:28
file:///Users/emanuelaharonoff/Development/code/web-js-oo-task-list-web-0616/tmpTestSupport/jasmine.js:1708:44
attemptAsync@file:///Users/emanuelaharonoff/Development/code/web-js-oo-task-list-web-0616/tmpTestSupport/jasmine.js:1520:16
run@file:///Users/emanuelaharonoff/Development/code/web-js-oo-task-list-web-0616/tmpTestSupport/jasmine.js:1496:28
next@file:///Users/emanuelaharonoff/Development/code/web-js-oo-task-list-web-0616/tmpTestSupport/jasmine.js:1517:40
complete@file:///Users/emanuelaharonoff/Development/code/web-js-oo-task-list-web-0616/tmpTestSupport/jasmine.js:333:19
clearStack@file:///Users/emanuelaharonoff/Development/code/web-js-oo-task-list-web-0616/tmpTestSupport/jasmine.js:506:11
run@file:///Users/emanuelaharonoff/Development/code/web-js-oo-task-list-web-0616/tmpTestSupport/jasmine.js:1505:22
execute@file:///Users/emanuelaharonoff/Development/code/web-js-oo-task-list-web-0616/tmpTestSupport/jasmine.js:1485:13
queueRunnerFactory@file:///Users/emanuelaharonoff/Development/code/web-js-oo-task-list-web-0616/tmpTestSupport/jasmine.js:518:42
execute@file:///Users/emanuelaharonoff/Development/code/web-js-oo-task-list-web-0616/tmpTestSupport/jasmine.js:306:28
file:///Users/emanuelaharonoff/Development/code/web-js-oo-task-list-web-0616/tmpTestSupport/jasmine.js:1708:44
attemptAsync@file:///Users/emanuelaharonoff/Development/code/web-js-oo-task-list-web-0616/tmpTestSupport/jasmine.js:1520:16
run@file:///Users/emanuelaharonoff/Development/code/web-js-oo-task-list-web-0616/tmpTestSupport/jasmine.js:1496:28
execute@file:///Users/emanuelaharonoff/Development/code/web-js-oo-task-list-web-0616/tmpTestSupport/jasmine.js:1485:13
queueRunnerFactory@file:///Users/emanuelaharonoff/Development/code/web-js-oo-task-list-web-0616/tmpTestSupport/jasmine.js:518:42
execute@file:///Users/emanuelaharonoff/Development/code/web-js-oo-task-list-web-0616/tmpTestSupport/jasmine.js:1694:21
file:///Users/emanuelaharonoff/Development/code/web-js-oo-task-list-web-0616/tmpTestSupport/jasmine.js:1708:44
attemptAsync@file:///Users/emanuelaharonoff/Development/code/web-js-oo-task-list-web-0616/tmpTestSupport/jasmine.js:1520:16
run@file:///Users/emanuelaharonoff/Development/code/web-js-oo-task-list-web-0616/tmpTestSupport/jasmine.js:1496:28
execute@file:///Users/emanuelaharonoff/Development/code/web-js-oo-task-list-web-0616/tmpTestSupport/jasmine.js:1485:13
queueRunnerFactory@file:///Users/emanuelaharonoff/Development/code/web-js-oo-task-list-web-0616/tmpTestSupport/jasmine.js:518:42
execute@file:///Users/emanuelaharonoff/Development/code/web-js-oo-task-list-web-0616/tmpTestSupport/jasmine.js:1694:21
file:///Users/emanuelaharonoff/Development/code/web-js-oo-task-list-web-0616/tmpTestSupport/jasmine.js:1708:44
attemptAsync@file:///Users/emanuelaharonoff/Development/code/web-js-oo-task-list-web-0616/tmpTestSupport/jasmine.js:1520:16
run@file:///Users/emanuelaharonoff/Development/code/web-js-oo-task-list-web-0616/tmpTestSupport/jasmine.js:1496:28
execute@file:///Users/emanuelaharonoff/Development/code/web-js-oo-task-list-web-0616/tmpTestSupport/jasmine.js:1485:13
queueRunnerFactory@file:///Users/emanuelaharonoff/Development/code/web-js-oo-task-list-web-0616/tmpTestSupport/jasmine.js:518:42
execute@file:///Users/emanuelaharonoff/Development/code/web-js-oo-task-list-web-0616/tmpTestSupport/jasmine.js:1694:21
file:///Users/emanuelaharonoff/Development/code/web-js-oo-task-list-web-0616/tmpTestSupport/jasmine.js:1708:44
attemptAsync@file:///Users/emanuelaharonoff/Development/code/web-js-oo-task-list-web-0616/tmpTestSupport/jasmine.js:1520:16
run@file:///Users/emanuelaharonoff/Development/code/web-js-oo-task-list-web-0616/tmpTestSupport/jasmine.js:1496:28
execute@file:///Users/emanuelaharonoff/Development/code/web-js-oo-task-list-web-0616/tmpTestSupport/jasmine.js:1485:13
queueRunnerFactory@file:///Users/emanuelaharonoff/Development/code/web-js-oo-task-list-web-0616/tmpTestSupport/jasmine.js:518:42
execute@file:///Users/emanuelaharonoff/Development/code/web-js-oo-task-list-web-0616/tmpTestSupport/jasmine.js:1694:21
file:///Users/emanuelaharonoff/Development/code/web-js-oo-task-list-web-0616/tmpTestSupport/jasmine.js:541:83
attemptAsync@file:///Users/emanuelaharonoff/Development/code/web-js-oo-task-list-web-0616/tmpTestSupport/jasmine.js:1520:16
run@file:///Users/emanuelaharonoff/Development/code/web-js-oo-task-list-web-0616/tmpTestSupport/jasmine.js:1496:28
execute@file:///Users/emanuelaharonoff/Development/code/web-js-oo-task-list-web-0616/tmpTestSupport/jasmine.js:1485:13
queueRunnerFactory@file:///Users/emanuelaharonoff/Development/code/web-js-oo-task-list-web-0616/tmpTestSupport/jasmine.js:518:42
execute@file:///Users/emanuelaharonoff/Development/code/web-js-oo-task-list-web-0616/tmpTestSupport/jasmine.js:548:25
onload@file:///Users/emanuelaharonoff/Development/code/web-js-oo-task-list-web-0616/tmpTestSupport/boot.js:172:16			</failure>
		</testcase>
		<testcase classname="Task Model" name="Instance Properties Properties from initialization should be assigned an autoincremented id when a new Task is created based on the length of the list.tasks array" time="0">
			<failure type="" message="ReferenceError: Can&amp;apos;t find variable: List in file:///Users/emanuelaharonoff/Development/code/web-js-oo-task-list-web-0616/spec/task.spec.js (line 8)">
file:///Users/emanuelaharonoff/Development/code/web-js-oo-task-list-web-0616/spec/task.spec.js:8:20
attemptSync@file:///Users/emanuelaharonoff/Development/code/web-js-oo-task-list-web-0616/tmpTestSupport/jasmine.js:1510:16
run@file:///Users/emanuelaharonoff/Development/code/web-js-oo-task-list-web-0616/tmpTestSupport/jasmine.js:1498:20
execute@file:///Users/emanuelaharonoff/Development/code/web-js-oo-task-list-web-0616/tmpTestSupport/jasmine.js:1485:13
queueRunnerFactory@file:///Users/emanuelaharonoff/Development/code/web-js-oo-task-list-web-0616/tmpTestSupport/jasmine.js:518:42
execute@file:///Users/emanuelaharonoff/Development/code/web-js-oo-task-list-web-0616/tmpTestSupport/jasmine.js:306:28
file:///Users/emanuelaharonoff/Development/code/web-js-oo-task-list-web-0616/tmpTestSupport/jasmine.js:1708:44
attemptAsync@file:///Users/emanuelaharonoff/Development/code/web-js-oo-task-list-web-0616/tmpTestSupport/jasmine.js:1520:16
run@file:///Users/emanuelaharonoff/Development/code/web-js-oo-task-list-web-0616/tmpTestSupport/jasmine.js:1496:28
next@file:///Users/emanuelaharonoff/Development/code/web-js-oo-task-list-web-0616/tmpTestSupport/jasmine.js:1517:40
complete@file:///Users/emanuelaharonoff/Development/code/web-js-oo-task-list-web-0616/tmpTestSupport/jasmine.js:333:19
clearStack@file:///Users/emanuelaharonoff/Development/code/web-js-oo-task-list-web-0616/tmpTestSupport/jasmine.js:506:11
run@file:///Users/emanuelaharonoff/Development/code/web-js-oo-task-list-web-0616/tmpTestSupport/jasmine.js:1505:22
execute@file:///Users/emanuelaharonoff/Development/code/web-js-oo-task-list-web-0616/tmpTestSupport/jasmine.js:1485:13
queueRunnerFactory@file:///Users/emanuelaharonoff/Development/code/web-js-oo-task-list-web-0616/tmpTestSupport/jasmine.js:518:42
execute@file:///Users/emanuelaharonoff/Development/code/web-js-oo-task-list-web-0616/tmpTestSupport/jasmine.js:306:28
file:///Users/emanuelaharonoff/Development/code/web-js-oo-task-list-web-0616/tmpTestSupport/jasmine.js:1708:44
attemptAsync@file:///Users/emanuelaharonoff/Development/code/web-js-oo-task-list-web-0616/tmpTestSupport/jasmine.js:1520:16
run@file:///Users/emanuelaharonoff/Development/code/web-js-oo-task-list-web-0616/tmpTestSupport/jasmine.js:1496:28
next@file:///Users/emanuelaharonoff/Development/code/web-js-oo-task-list-web-0616/tmpTestSupport/jasmine.js:1517:40
complete@file:///Users/emanuelaharonoff/Development/code/web-js-oo-task-list-web-0616/tmpTestSupport/jasmine.js:333:19
clearStack@file:///Users/emanuelaharonoff/Development/code/web-js-oo-task-list-web-0616/tmpTestSupport/jasmine.js:506:11
run@file:///Users/emanuelaharonoff/Development/code/web-js-oo-task-list-web-0616/tmpTestSupport/jasmine.js:1505:22
execute@file:///Users/emanuelaharonoff/Development/code/web-js-oo-task-list-web-0616/tmpTestSupport/jasmine.js:1485:13
queueRunnerFactory@file:///Users/emanuelaharonoff/Development/code/web-js-oo-task-list-web-0616/tmpTestSupport/jasmine.js:518:42
execute@file:///Users/emanuelaharonoff/Development/code/web-js-oo-task-list-web-0616/tmpTestSupport/jasmine.js:306:28
file:///Users/emanuelaharonoff/Development/code/web-js-oo-task-list-web-0616/tmpTestSupport/jasmine.js:1708:44
attemptAsync@file:///Users/emanuelaharonoff/Development/code/web-js-oo-task-list-web-0616/tmpTestSupport/jasmine.js:1520:16
run@file:///Users/emanuelaharonoff/Development/code/web-js-oo-task-list-web-0616/tmpTestSupport/jasmine.js:1496:28
next@file:///Users/emanuelaharonoff/Development/code/web-js-oo-task-list-web-0616/tmpTestSupport/jasmine.js:1517:40
complete@file:///Users/emanuelaharonoff/Development/code/web-js-oo-task-list-web-0616/tmpTestSupport/jasmine.js:333:19
clearStack@file:///Users/emanuelaharonoff/Development/code/web-js-oo-task-list-web-0616/tmpTestSupport/jasmine.js:506:11
run@file:///Users/emanuelaharonoff/Development/code/web-js-oo-task-list-web-0616/tmpTestSupport/jasmine.js:1505:22
execute@file:///Users/emanuelaharonoff/Development/code/web-js-oo-task-list-web-0616/tmpTestSupport/jasmine.js:1485:13
queueRunnerFactory@file:///Users/emanuelaharonoff/Development/code/web-js-oo-task-list-web-0616/tmpTestSupport/jasmine.js:518:42
execute@file:///Users/emanuelaharonoff/Development/code/web-js-oo-task-list-web-0616/tmpTestSupport/jasmine.js:306:28
file:///Users/emanuelaharonoff/Development/code/web-js-oo-task-list-web-0616/tmpTestSupport/jasmine.js:1708:44
attemptAsync@file:///Users/emanuelaharonoff/Development/code/web-js-oo-task-list-web-0616/tmpTestSupport/jasmine.js:1520:16
run@file:///Users/emanuelaharonoff/Development/code/web-js-oo-task-list-web-0616/tmpTestSupport/jasmine.js:1496:28
next@file:///Users/emanuelaharonoff/Development/code/web-js-oo-task-list-web-0616/tmpTestSupport/jasmine.js:1517:40
complete@file:///Users/emanuelaharonoff/Development/code/web-js-oo-task-list-web-0616/tmpTestSupport/jasmine.js:333:19
clearStack@file:///Users/emanuelaharonoff/Development/code/web-js-oo-task-list-web-0616/tmpTestSupport/jasmine.js:506:11
run@file:///Users/emanuelaharonoff/Development/code/web-js-oo-task-list-web-0616/tmpTestSupport/jasmine.js:1505:22
execute@file:///Users/emanuelaharonoff/Development/code/web-js-oo-task-list-web-0616/tmpTestSupport/jasmine.js:1485:13
queueRunnerFactory@file:///Users/emanuelaharonoff/Development/code/web-js-oo-task-list-web-0616/tmpTestSupport/jasmine.js:518:42
execute@file:///Users/emanuelaharonoff/Development/code/web-js-oo-task-list-web-0616/tmpTestSupport/jasmine.js:306:28
file:///Users/emanuelaharonoff/Development/code/web-js-oo-task-list-web-0616/tmpTestSupport/jasmine.js:1708:44
attemptAsync@file:///Users/emanuelaharonoff/Development/code/web-js-oo-task-list-web-0616/tmpTestSupport/jasmine.js:1520:16
run@file:///Users/emanuelaharonoff/Development/code/web-js-oo-task-list-web-0616/tmpTestSupport/jasmine.js:1496:28
execute@file:///Users/emanuelaharonoff/Development/code/web-js-oo-task-list-web-0616/tmpTestSupport/jasmine.js:1485:13
queueRunnerFactory@file:///Users/emanuelaharonoff/Development/code/web-js-oo-task-list-web-0616/tmpTestSupport/jasmine.js:518:42
execute@file:///Users/emanuelaharonoff/Development/code/web-js-oo-task-list-web-0616/tmpTestSupport/jasmine.js:1694:21
file:///Users/emanuelaharonoff/Development/code/web-js-oo-task-list-web-0616/tmpTestSupport/jasmine.js:1708:44
attemptAsync@file:///Users/emanuelaharonoff/Development/code/web-js-oo-task-list-web-0616/tmpTestSupport/jasmine.js:1520:16
run@file:///Users/emanuelaharonoff/Development/code/web-js-oo-task-list-web-0616/tmpTestSupport/jasmine.js:1496:28
execute@file:///Users/emanuelaharonoff/Development/code/web-js-oo-task-list-web-0616/tmpTestSupport/jasmine.js:1485:13
queueRunnerFactory@file:///Users/emanuelaharonoff/Development/code/web-js-oo-task-list-web-0616/tmpTestSupport/jasmine.js:518:42
execute@file:///Users/emanuelaharonoff/Development/code/web-js-oo-task-list-web-0616/tmpTestSupport/jasmine.js:1694:21
file:///Users/emanuelaharonoff/Development/code/web-js-oo-task-list-web-0616/tmpTestSupport/jasmine.js:1708:44
attemptAsync@file:///Users/emanuelaharonoff/Development/code/web-js-oo-task-list-web-0616/tmpTestSupport/jasmine.js:1520:16
run@file:///Users/emanuelaharonoff/Development/code/web-js-oo-task-list-web-0616/tmpTestSupport/jasmine.js:1496:28
execute@file:///Users/emanuelaharonoff/Development/code/web-js-oo-task-list-web-0616/tmpTestSupport/jasmine.js:1485:13
queueRunnerFactory@file:///Users/emanuelaharonoff/Development/code/web-js-oo-task-list-web-0616/tmpTestSupport/jasmine.js:518:42
execute@file:///Users/emanuelaharonoff/Development/code/web-js-oo-task-list-web-0616/tmpTestSupport/jasmine.js:1694:21
file:///Users/emanuelaharonoff/Development/code/web-js-oo-task-list-web-0616/tmpTestSupport/jasmine.js:1708:44
attemptAsync@file:///Users/emanuelaharonoff/Development/code/web-js-oo-task-list-web-0616/tmpTestSupport/jasmine.js:1520:16
run@file:///Users/emanuelaharonoff/Development/code/web-js-oo-task-list-web-0616/tmpTestSupport/jasmine.js:1496:28
execute@file:///Users/emanuelaharonoff/Development/code/web-js-oo-task-list-web-0616/tmpTestSupport/jasmine.js:1485:13
queueRunnerFactory@file:///Users/emanuelaharonoff/Development/code/web-js-oo-task-list-web-0616/tmpTestSupport/jasmine.js:518:42
execute@file:///Users/emanuelaharonoff/Development/code/web-js-oo-task-list-web-0616/tmpTestSupport/jasmine.js:1694:21
file:///Users/emanuelaharonoff/Development/code/web-js-oo-task-list-web-0616/tmpTestSupport/jasmine.js:541:83
attemptAsync@file:///Users/emanuelaharonoff/Development/code/web-js-oo-task-list-web-0616/tmpTestSupport/jasmine.js:1520:16
run@file:///Users/emanuelaharonoff/Development/code/web-js-oo-task-list-web-0616/tmpTestSupport/jasmine.js:1496:28
execute@file:///Users/emanuelaharonoff/Development/code/web-js-oo-task-list-web-0616/tmpTestSupport/jasmine.js:1485:13
queueRunnerFactory@file:///Users/emanuelaharonoff/Development/code/web-js-oo-task-list-web-0616/tmpTestSupport/jasmine.js:518:42
execute@file:///Users/emanuelaharonoff/Development/code/web-js-oo-task-list-web-0616/tmpTestSupport/jasmine.js:548:25
onload@file:///Users/emanuelaharonoff/Development/code/web-js-oo-task-list-web-0616/tmpTestSupport/boot.js:172:16			</failure>
			<failure type="" message="ReferenceError: Can&amp;apos;t find variable: Task in file:///Users/emanuelaharonoff/Development/code/web-js-oo-task-list-web-0616/spec/task.spec.js (line 31)">
file:///Users/emanuelaharonoff/Development/code/web-js-oo-task-list-web-0616/spec/task.spec.js:31:31
attemptSync@file:///Users/emanuelaharonoff/Development/code/web-js-oo-task-list-web-0616/tmpTestSupport/jasmine.js:1510:16
run@file:///Users/emanuelaharonoff/Development/code/web-js-oo-task-list-web-0616/tmpTestSupport/jasmine.js:1498:20
execute@file:///Users/emanuelaharonoff/Development/code/web-js-oo-task-list-web-0616/tmpTestSupport/jasmine.js:1485:13
queueRunnerFactory@file:///Users/emanuelaharonoff/Development/code/web-js-oo-task-list-web-0616/tmpTestSupport/jasmine.js:518:42
execute@file:///Users/emanuelaharonoff/Development/code/web-js-oo-task-list-web-0616/tmpTestSupport/jasmine.js:306:28
file:///Users/emanuelaharonoff/Development/code/web-js-oo-task-list-web-0616/tmpTestSupport/jasmine.js:1708:44
attemptAsync@file:///Users/emanuelaharonoff/Development/code/web-js-oo-task-list-web-0616/tmpTestSupport/jasmine.js:1520:16
run@file:///Users/emanuelaharonoff/Development/code/web-js-oo-task-list-web-0616/tmpTestSupport/jasmine.js:1496:28
next@file:///Users/emanuelaharonoff/Development/code/web-js-oo-task-list-web-0616/tmpTestSupport/jasmine.js:1517:40
complete@file:///Users/emanuelaharonoff/Development/code/web-js-oo-task-list-web-0616/tmpTestSupport/jasmine.js:333:19
clearStack@file:///Users/emanuelaharonoff/Development/code/web-js-oo-task-list-web-0616/tmpTestSupport/jasmine.js:506:11
run@file:///Users/emanuelaharonoff/Development/code/web-js-oo-task-list-web-0616/tmpTestSupport/jasmine.js:1505:22
execute@file:///Users/emanuelaharonoff/Development/code/web-js-oo-task-list-web-0616/tmpTestSupport/jasmine.js:1485:13
queueRunnerFactory@file:///Users/emanuelaharonoff/Development/code/web-js-oo-task-list-web-0616/tmpTestSupport/jasmine.js:518:42
execute@file:///Users/emanuelaharonoff/Development/code/web-js-oo-task-list-web-0616/tmpTestSupport/jasmine.js:306:28
file:///Users/emanuelaharonoff/Development/code/web-js-oo-task-list-web-0616/tmpTestSupport/jasmine.js:1708:44
attemptAsync@file:///Users/emanuelaharonoff/Development/code/web-js-oo-task-list-web-0616/tmpTestSupport/jasmine.js:1520:16
run@file:///Users/emanuelaharonoff/Development/code/web-js-oo-task-list-web-0616/tmpTestSupport/jasmine.js:1496:28
next@file:///Users/emanuelaharonoff/Development/code/web-js-oo-task-list-web-0616/tmpTestSupport/jasmine.js:1517:40
complete@file:///Users/emanuelaharonoff/Development/code/web-js-oo-task-list-web-0616/tmpTestSupport/jasmine.js:333:19
clearStack@file:///Users/emanuelaharonoff/Development/code/web-js-oo-task-list-web-0616/tmpTestSupport/jasmine.js:506:11
run@file:///Users/emanuelaharonoff/Development/code/web-js-oo-task-list-web-0616/tmpTestSupport/jasmine.js:1505:22
execute@file:///Users/emanuelaharonoff/Development/code/web-js-oo-task-list-web-0616/tmpTestSupport/jasmine.js:1485:13
queueRunnerFactory@file:///Users/emanuelaharonoff/Development/code/web-js-oo-task-list-web-0616/tmpTestSupport/jasmine.js:518:42
execute@file:///Users/emanuelaharonoff/Development/code/web-js-oo-task-list-web-0616/tmpTestSupport/jasmine.js:306:28
file:///Users/emanuelaharonoff/Development/code/web-js-oo-task-list-web-0616/tmpTestSupport/jasmine.js:1708:44
attemptAsync@file:///Users/emanuelaharonoff/Development/code/web-js-oo-task-list-web-0616/tmpTestSupport/jasmine.js:1520:16
run@file:///Users/emanuelaharonoff/Development/code/web-js-oo-task-list-web-0616/tmpTestSupport/jasmine.js:1496:28
next@file:///Users/emanuelaharonoff/Development/code/web-js-oo-task-list-web-0616/tmpTestSupport/jasmine.js:1517:40
complete@file:///Users/emanuelaharonoff/Development/code/web-js-oo-task-list-web-0616/tmpTestSupport/jasmine.js:333:19
clearStack@file:///Users/emanuelaharonoff/Development/code/web-js-oo-task-list-web-0616/tmpTestSupport/jasmine.js:506:11
run@file:///Users/emanuelaharonoff/Development/code/web-js-oo-task-list-web-0616/tmpTestSupport/jasmine.js:1505:22
execute@file:///Users/emanuelaharonoff/Development/code/web-js-oo-task-list-web-0616/tmpTestSupport/jasmine.js:1485:13
queueRunnerFactory@file:///Users/emanuelaharonoff/Development/code/web-js-oo-task-list-web-0616/tmpTestSupport/jasmine.js:518:42
execute@file:///Users/emanuelaharonoff/Development/code/web-js-oo-task-list-web-0616/tmpTestSupport/jasmine.js:306:28
file:///Users/emanuelaharonoff/Development/code/web-js-oo-task-list-web-0616/tmpTestSupport/jasmine.js:1708:44
attemptAsync@file:///Users/emanuelaharonoff/Development/code/web-js-oo-task-list-web-0616/tmpTestSupport/jasmine.js:1520:16
run@file:///Users/emanuelaharonoff/Development/code/web-js-oo-task-list-web-0616/tmpTestSupport/jasmine.js:1496:28
next@file:///Users/emanuelaharonoff/Development/code/web-js-oo-task-list-web-0616/tmpTestSupport/jasmine.js:1517:40
complete@file:///Users/emanuelaharonoff/Development/code/web-js-oo-task-list-web-0616/tmpTestSupport/jasmine.js:333:19
clearStack@file:///Users/emanuelaharonoff/Development/code/web-js-oo-task-list-web-0616/tmpTestSupport/jasmine.js:506:11
run@file:///Users/emanuelaharonoff/Development/code/web-js-oo-task-list-web-0616/tmpTestSupport/jasmine.js:1505:22
execute@file:///Users/emanuelaharonoff/Development/code/web-js-oo-task-list-web-0616/tmpTestSupport/jasmine.js:1485:13
queueRunnerFactory@file:///Users/emanuelaharonoff/Development/code/web-js-oo-task-list-web-0616/tmpTestSupport/jasmine.js:518:42
execute@file:///Users/emanuelaharonoff/Development/code/web-js-oo-task-list-web-0616/tmpTestSupport/jasmine.js:306:28
file:///Users/emanuelaharonoff/Development/code/web-js-oo-task-list-web-0616/tmpTestSupport/jasmine.js:1708:44
attemptAsync@file:///Users/emanuelaharonoff/Development/code/web-js-oo-task-list-web-0616/tmpTestSupport/jasmine.js:1520:16
run@file:///Users/emanuelaharonoff/Development/code/web-js-oo-task-list-web-0616/tmpTestSupport/jasmine.js:1496:28
execute@file:///Users/emanuelaharonoff/Development/code/web-js-oo-task-list-web-0616/tmpTestSupport/jasmine.js:1485:13
queueRunnerFactory@file:///Users/emanuelaharonoff/Development/code/web-js-oo-task-list-web-0616/tmpTestSupport/jasmine.js:518:42
execute@file:///Users/emanuelaharonoff/Development/code/web-js-oo-task-list-web-0616/tmpTestSupport/jasmine.js:1694:21
file:///Users/emanuelaharonoff/Development/code/web-js-oo-task-list-web-0616/tmpTestSupport/jasmine.js:1708:44
attemptAsync@file:///Users/emanuelaharonoff/Development/code/web-js-oo-task-list-web-0616/tmpTestSupport/jasmine.js:1520:16
run@file:///Users/emanuelaharonoff/Development/code/web-js-oo-task-list-web-0616/tmpTestSupport/jasmine.js:1496:28
execute@file:///Users/emanuelaharonoff/Development/code/web-js-oo-task-list-web-0616/tmpTestSupport/jasmine.js:1485:13
queueRunnerFactory@file:///Users/emanuelaharonoff/Development/code/web-js-oo-task-list-web-0616/tmpTestSupport/jasmine.js:518:42
execute@file:///Users/emanuelaharonoff/Development/code/web-js-oo-task-list-web-0616/tmpTestSupport/jasmine.js:1694:21
file:///Users/emanuelaharonoff/Development/code/web-js-oo-task-list-web-0616/tmpTestSupport/jasmine.js:1708:44
attemptAsync@file:///Users/emanuelaharonoff/Development/code/web-js-oo-task-list-web-0616/tmpTestSupport/jasmine.js:1520:16
run@file:///Users/emanuelaharonoff/Development/code/web-js-oo-task-list-web-0616/tmpTestSupport/jasmine.js:1496:28
execute@file:///Users/emanuelaharonoff/Development/code/web-js-oo-task-list-web-0616/tmpTestSupport/jasmine.js:1485:13
queueRunnerFactory@file:///Users/emanuelaharonoff/Development/code/web-js-oo-task-list-web-0616/tmpTestSupport/jasmine.js:518:42
execute@file:///Users/emanuelaharonoff/Development/code/web-js-oo-task-list-web-0616/tmpTestSupport/jasmine.js:1694:21
file:///Users/emanuelaharonoff/Development/code/web-js-oo-task-list-web-0616/tmpTestSupport/jasmine.js:1708:44
attemptAsync@file:///Users/emanuelaharonoff/Development/code/web-js-oo-task-list-web-0616/tmpTestSupport/jasmine.js:1520:16
run@file:///Users/emanuelaharonoff/Development/code/web-js-oo-task-list-web-0616/tmpTestSupport/jasmine.js:1496:28
execute@file:///Users/emanuelaharonoff/Development/code/web-js-oo-task-list-web-0616/tmpTestSupport/jasmine.js:1485:13
queueRunnerFactory@file:///Users/emanuelaharonoff/Development/code/web-js-oo-task-list-web-0616/tmpTestSupport/jasmine.js:518:42
execute@file:///Users/emanuelaharonoff/Development/code/web-js-oo-task-list-web-0616/tmpTestSupport/jasmine.js:1694:21
file:///Users/emanuelaharonoff/Development/code/web-js-oo-task-list-web-0616/tmpTestSupport/jasmine.js:541:83
attemptAsync@file:///Users/emanuelaharonoff/Development/code/web-js-oo-task-list-web-0616/tmpTestSupport/jasmine.js:1520:16
run@file:///Users/emanuelaharonoff/Development/code/web-js-oo-task-list-web-0616/tmpTestSupport/jasmine.js:1496:28
execute@file:///Users/emanuelaharonoff/Development/code/web-js-oo-task-list-web-0616/tmpTestSupport/jasmine.js:1485:13
queueRunnerFactory@file:///Users/emanuelaharonoff/Development/code/web-js-oo-task-list-web-0616/tmpTestSupport/jasmine.js:518:42
execute@file:///Users/emanuelaharonoff/Development/code/web-js-oo-task-list-web-0616/tmpTestSupport/jasmine.js:548:25
onload@file:///Users/emanuelaharonoff/Development/code/web-js-oo-task-list-web-0616/tmpTestSupport/boot.js:172:16			</failure>
		</testcase>
		<testcase classname="Task Model" name="Instance Properties creating new task elements the el method should create a string representing the li" time="0.001">
			<failure type="" message="ReferenceError: Can&amp;apos;t find variable: List in file:///Users/emanuelaharonoff/Development/code/web-js-oo-task-list-web-0616/spec/task.spec.js (line 8)">
file:///Users/emanuelaharonoff/Development/code/web-js-oo-task-list-web-0616/spec/task.spec.js:8:20
attemptSync@file:///Users/emanuelaharonoff/Development/code/web-js-oo-task-list-web-0616/tmpTestSupport/jasmine.js:1510:16
run@file:///Users/emanuelaharonoff/Development/code/web-js-oo-task-list-web-0616/tmpTestSupport/jasmine.js:1498:20
execute@file:///Users/emanuelaharonoff/Development/code/web-js-oo-task-list-web-0616/tmpTestSupport/jasmine.js:1485:13
queueRunnerFactory@file:///Users/emanuelaharonoff/Development/code/web-js-oo-task-list-web-0616/tmpTestSupport/jasmine.js:518:42
execute@file:///Users/emanuelaharonoff/Development/code/web-js-oo-task-list-web-0616/tmpTestSupport/jasmine.js:306:28
file:///Users/emanuelaharonoff/Development/code/web-js-oo-task-list-web-0616/tmpTestSupport/jasmine.js:1708:44
attemptAsync@file:///Users/emanuelaharonoff/Development/code/web-js-oo-task-list-web-0616/tmpTestSupport/jasmine.js:1520:16
run@file:///Users/emanuelaharonoff/Development/code/web-js-oo-task-list-web-0616/tmpTestSupport/jasmine.js:1496:28
execute@file:///Users/emanuelaharonoff/Development/code/web-js-oo-task-list-web-0616/tmpTestSupport/jasmine.js:1485:13
queueRunnerFactory@file:///Users/emanuelaharonoff/Development/code/web-js-oo-task-list-web-0616/tmpTestSupport/jasmine.js:518:42
execute@file:///Users/emanuelaharonoff/Development/code/web-js-oo-task-list-web-0616/tmpTestSupport/jasmine.js:1694:21
file:///Users/emanuelaharonoff/Development/code/web-js-oo-task-list-web-0616/tmpTestSupport/jasmine.js:1708:44
attemptAsync@file:///Users/emanuelaharonoff/Development/code/web-js-oo-task-list-web-0616/tmpTestSupport/jasmine.js:1520:16
run@file:///Users/emanuelaharonoff/Development/code/web-js-oo-task-list-web-0616/tmpTestSupport/jasmine.js:1496:28
next@file:///Users/emanuelaharonoff/Development/code/web-js-oo-task-list-web-0616/tmpTestSupport/jasmine.js:1517:40
complete@file:///Users/emanuelaharonoff/Development/code/web-js-oo-task-list-web-0616/tmpTestSupport/jasmine.js:1703:19
clearStack@file:///Users/emanuelaharonoff/Development/code/web-js-oo-task-list-web-0616/tmpTestSupport/jasmine.js:506:11
run@file:///Users/emanuelaharonoff/Development/code/web-js-oo-task-list-web-0616/tmpTestSupport/jasmine.js:1505:22
next@file:///Users/emanuelaharonoff/Development/code/web-js-oo-task-list-web-0616/tmpTestSupport/jasmine.js:1517:40
complete@file:///Users/emanuelaharonoff/Development/code/web-js-oo-task-list-web-0616/tmpTestSupport/jasmine.js:333:19
clearStack@file:///Users/emanuelaharonoff/Development/code/web-js-oo-task-list-web-0616/tmpTestSupport/jasmine.js:506:11
run@file:///Users/emanuelaharonoff/Development/code/web-js-oo-task-list-web-0616/tmpTestSupport/jasmine.js:1505:22
execute@file:///Users/emanuelaharonoff/Development/code/web-js-oo-task-list-web-0616/tmpTestSupport/jasmine.js:1485:13
queueRunnerFactory@file:///Users/emanuelaharonoff/Development/code/web-js-oo-task-list-web-0616/tmpTestSupport/jasmine.js:518:42
execute@file:///Users/emanuelaharonoff/Development/code/web-js-oo-task-list-web-0616/tmpTestSupport/jasmine.js:306:28
file:///Users/emanuelaharonoff/Development/code/web-js-oo-task-list-web-0616/tmpTestSupport/jasmine.js:1708:44
attemptAsync@file:///Users/emanuelaharonoff/Development/code/web-js-oo-task-list-web-0616/tmpTestSupport/jasmine.js:1520:16
run@file:///Users/emanuelaharonoff/Development/code/web-js-oo-task-list-web-0616/tmpTestSupport/jasmine.js:1496:28
next@file:///Users/emanuelaharonoff/Development/code/web-js-oo-task-list-web-0616/tmpTestSupport/jasmine.js:1517:40
complete@file:///Users/emanuelaharonoff/Development/code/web-js-oo-task-list-web-0616/tmpTestSupport/jasmine.js:333:19
clearStack@file:///Users/emanuelaharonoff/Development/code/web-js-oo-task-list-web-0616/tmpTestSupport/jasmine.js:506:11
run@file:///Users/emanuelaharonoff/Development/code/web-js-oo-task-list-web-0616/tmpTestSupport/jasmine.js:1505:22
execute@file:///Users/emanuelaharonoff/Development/code/web-js-oo-task-list-web-0616/tmpTestSupport/jasmine.js:1485:13
queueRunnerFactory@file:///Users/emanuelaharonoff/Development/code/web-js-oo-task-list-web-0616/tmpTestSupport/jasmine.js:518:42
execute@file:///Users/emanuelaharonoff/Development/code/web-js-oo-task-list-web-0616/tmpTestSupport/jasmine.js:306:28
file:///Users/emanuelaharonoff/Development/code/web-js-oo-task-list-web-0616/tmpTestSupport/jasmine.js:1708:44
attemptAsync@file:///Users/emanuelaharonoff/Development/code/web-js-oo-task-list-web-0616/tmpTestSupport/jasmine.js:1520:16
run@file:///Users/emanuelaharonoff/Development/code/web-js-oo-task-list-web-0616/tmpTestSupport/jasmine.js:1496:28
next@file:///Users/emanuelaharonoff/Development/code/web-js-oo-task-list-web-0616/tmpTestSupport/jasmine.js:1517:40
complete@file:///Users/emanuelaharonoff/Development/code/web-js-oo-task-list-web-0616/tmpTestSupport/jasmine.js:333:19
clearStack@file:///Users/emanuelaharonoff/Development/code/web-js-oo-task-list-web-0616/tmpTestSupport/jasmine.js:506:11
run@file:///Users/emanuelaharonoff/Development/code/web-js-oo-task-list-web-0616/tmpTestSupport/jasmine.js:1505:22
execute@file:///Users/emanuelaharonoff/Development/code/web-js-oo-task-list-web-0616/tmpTestSupport/jasmine.js:1485:13
queueRunnerFactory@file:///Users/emanuelaharonoff/Development/code/web-js-oo-task-list-web-0616/tmpTestSupport/jasmine.js:518:42
execute@file:///Users/emanuelaharonoff/Development/code/web-js-oo-task-list-web-0616/tmpTestSupport/jasmine.js:306:28
file:///Users/emanuelaharonoff/Development/code/web-js-oo-task-list-web-0616/tmpTestSupport/jasmine.js:1708:44
attemptAsync@file:///Users/emanuelaharonoff/Development/code/web-js-oo-task-list-web-0616/tmpTestSupport/jasmine.js:1520:16
run@file:///Users/emanuelaharonoff/Development/code/web-js-oo-task-list-web-0616/tmpTestSupport/jasmine.js:1496:28
next@file:///Users/emanuelaharonoff/Development/code/web-js-oo-task-list-web-0616/tmpTestSupport/jasmine.js:1517:40
complete@file:///Users/emanuelaharonoff/Development/code/web-js-oo-task-list-web-0616/tmpTestSupport/jasmine.js:333:19
clearStack@file:///Users/emanuelaharonoff/Development/code/web-js-oo-task-list-web-0616/tmpTestSupport/jasmine.js:506:11
run@file:///Users/emanuelaharonoff/Development/code/web-js-oo-task-list-web-0616/tmpTestSupport/jasmine.js:1505:22
execute@file:///Users/emanuelaharonoff/Development/code/web-js-oo-task-list-web-0616/tmpTestSupport/jasmine.js:1485:13
queueRunnerFactory@file:///Users/emanuelaharonoff/Development/code/web-js-oo-task-list-web-0616/tmpTestSupport/jasmine.js:518:42
execute@file:///Users/emanuelaharonoff/Development/code/web-js-oo-task-list-web-0616/tmpTestSupport/jasmine.js:306:28
file:///Users/emanuelaharonoff/Development/code/web-js-oo-task-list-web-0616/tmpTestSupport/jasmine.js:1708:44
attemptAsync@file:///Users/emanuelaharonoff/Development/code/web-js-oo-task-list-web-0616/tmpTestSupport/jasmine.js:1520:16
run@file:///Users/emanuelaharonoff/Development/code/web-js-oo-task-list-web-0616/tmpTestSupport/jasmine.js:1496:28
next@file:///Users/emanuelaharonoff/Development/code/web-js-oo-task-list-web-0616/tmpTestSupport/jasmine.js:1517:40
complete@file:///Users/emanuelaharonoff/Development/code/web-js-oo-task-list-web-0616/tmpTestSupport/jasmine.js:333:19
clearStack@file:///Users/emanuelaharonoff/Development/code/web-js-oo-task-list-web-0616/tmpTestSupport/jasmine.js:506:11
run@file:///Users/emanuelaharonoff/Development/code/web-js-oo-task-list-web-0616/tmpTestSupport/jasmine.js:1505:22
execute@file:///Users/emanuelaharonoff/Development/code/web-js-oo-task-list-web-0616/tmpTestSupport/jasmine.js:1485:13
queueRunnerFactory@file:///Users/emanuelaharonoff/Development/code/web-js-oo-task-list-web-0616/tmpTestSupport/jasmine.js:518:42
execute@file:///Users/emanuelaharonoff/Development/code/web-js-oo-task-list-web-0616/tmpTestSupport/jasmine.js:306:28
file:///Users/emanuelaharonoff/Development/code/web-js-oo-task-list-web-0616/tmpTestSupport/jasmine.js:1708:44
attemptAsync@file:///Users/emanuelaharonoff/Development/code/web-js-oo-task-list-web-0616/tmpTestSupport/jasmine.js:1520:16
run@file:///Users/emanuelaharonoff/Development/code/web-js-oo-task-list-web-0616/tmpTestSupport/jasmine.js:1496:28
execute@file:///Users/emanuelaharonoff/Development/code/web-js-oo-task-list-web-0616/tmpTestSupport/jasmine.js:1485:13
queueRunnerFactory@file:///Users/emanuelaharonoff/Development/code/web-js-oo-task-list-web-0616/tmpTestSupport/jasmine.js:518:42
execute@file:///Users/emanuelaharonoff/Development/code/web-js-oo-task-list-web-0616/tmpTestSupport/jasmine.js:1694:21
file:///Users/emanuelaharonoff/Development/code/web-js-oo-task-list-web-0616/tmpTestSupport/jasmine.js:1708:44
attemptAsync@file:///Users/emanuelaharonoff/Development/code/web-js-oo-task-list-web-0616/tmpTestSupport/jasmine.js:1520:16
run@file:///Users/emanuelaharonoff/Development/code/web-js-oo-task-list-web-0616/tmpTestSupport/jasmine.js:1496:28
execute@file:///Users/emanuelaharonoff/Development/code/web-js-oo-task-list-web-0616/tmpTestSupport/jasmine.js:1485:13
queueRunnerFactory@file:///Users/emanuelaharonoff/Development/code/web-js-oo-task-list-web-0616/tmpTestSupport/jasmine.js:518:42
execute@file:///Users/emanuelaharonoff/Development/code/web-js-oo-task-list-web-0616/tmpTestSupport/jasmine.js:1694:21
file:///Users/emanuelaharonoff/Development/code/web-js-oo-task-list-web-0616/tmpTestSupport/jasmine.js:1708:44
attemptAsync@file:///Users/emanuelaharonoff/Development/code/web-js-oo-task-list-web-0616/tmpTestSupport/jasmine.js:1520:16
run@file:///Users/emanuelaharonoff/Development/code/web-js-oo-task-list-web-0616/tmpTestSupport/jasmine.js:1496:28
execute@file:///Users/emanuelaharonoff/Development/code/web-js-oo-task-list-web-0616/tmpTestSupport/jasmine.js:1485:13
queueRunnerFactory@file:///Users/emanuelaharonoff/Development/code/web-js-oo-task-list-web-0616/tmpTestSupport/jasmine.js:518:42
execute@file:///Users/emanuelaharonoff/Development/code/web-js-oo-task-list-web-0616/tmpTestSupport/jasmine.js:1694:21
file:///Users/emanuelaharonoff/Development/code/web-js-oo-task-list-web-0616/tmpTestSupport/jasmine.js:1708:44
attemptAsync@file:///Users/emanuelaharonoff/Development/code/web-js-oo-task-list-web-0616/tmpTestSupport/jasmine.js:1520:16
run@file:///Users/emanuelaharonoff/Development/code/web-js-oo-task-list-web-0616/tmpTestSupport/jasmine.js:1496:28
execute@file:///Users/emanuelaharonoff/Development/code/web-js-oo-task-list-web-0616/tmpTestSupport/jasmine.js:1485:13
queueRunnerFactory@file:///Users/emanuelaharonoff/Development/code/web-js-oo-task-list-web-0616/tmpTestSupport/jasmine.js:518:42
execute@file:///Users/emanuelaharonoff/Development/code/web-js-oo-task-list-web-0616/tmpTestSupport/jasmine.js:1694:21
file:///Users/emanuelaharonoff/Development/code/web-js-oo-task-list-web-0616/tmpTestSupport/jasmine.js:541:83
attemptAsync@file:///Users/emanuelaharonoff/Development/code/web-js-oo-task-list-web-0616/tmpTestSupport/jasmine.js:1520:16
run@file:///Users/emanuelaharonoff/Development/code/web-js-oo-task-list-web-0616/tmpTestSupport/jasmine.js:1496:28
execute@file:///Users/emanuelaharonoff/Development/code/web-js-oo-task-list-web-0616/tmpTestSupport/jasmine.js:1485:13
queueRunnerFactory@file:///Users/emanuelaharonoff/Development/code/web-js-oo-task-list-web-0616/tmpTestSupport/jasmine.js:518:42
execute@file:///Users/emanuelaharonoff/Development/code/web-js-oo-task-list-web-0616/tmpTestSupport/jasmine.js:548:25
onload@file:///Users/emanuelaharonoff/Development/code/web-js-oo-task-list-web-0616/tmpTestSupport/boot.js:172:16			</failure>
			<failure type="" message="ReferenceError: Can&amp;apos;t find variable: Task in file:///Users/emanuelaharonoff/Development/code/web-js-oo-task-list-web-0616/spec/task.spec.js (line 39)">
file:///Users/emanuelaharonoff/Development/code/web-js-oo-task-list-web-0616/spec/task.spec.js:39:35
attemptSync@file:///Users/emanuelaharonoff/Development/code/web-js-oo-task-list-web-0616/tmpTestSupport/jasmine.js:1510:16
run@file:///Users/emanuelaharonoff/Development/code/web-js-oo-task-list-web-0616/tmpTestSupport/jasmine.js:1498:20
execute@file:///Users/emanuelaharonoff/Development/code/web-js-oo-task-list-web-0616/tmpTestSupport/jasmine.js:1485:13
queueRunnerFactory@file:///Users/emanuelaharonoff/Development/code/web-js-oo-task-list-web-0616/tmpTestSupport/jasmine.js:518:42
execute@file:///Users/emanuelaharonoff/Development/code/web-js-oo-task-list-web-0616/tmpTestSupport/jasmine.js:306:28
file:///Users/emanuelaharonoff/Development/code/web-js-oo-task-list-web-0616/tmpTestSupport/jasmine.js:1708:44
attemptAsync@file:///Users/emanuelaharonoff/Development/code/web-js-oo-task-list-web-0616/tmpTestSupport/jasmine.js:1520:16
run@file:///Users/emanuelaharonoff/Development/code/web-js-oo-task-list-web-0616/tmpTestSupport/jasmine.js:1496:28
execute@file:///Users/emanuelaharonoff/Development/code/web-js-oo-task-list-web-0616/tmpTestSupport/jasmine.js:1485:13
queueRunnerFactory@file:///Users/emanuelaharonoff/Development/code/web-js-oo-task-list-web-0616/tmpTestSupport/jasmine.js:518:42
execute@file:///Users/emanuelaharonoff/Development/code/web-js-oo-task-list-web-0616/tmpTestSupport/jasmine.js:1694:21
file:///Users/emanuelaharonoff/Development/code/web-js-oo-task-list-web-0616/tmpTestSupport/jasmine.js:1708:44
attemptAsync@file:///Users/emanuelaharonoff/Development/code/web-js-oo-task-list-web-0616/tmpTestSupport/jasmine.js:1520:16
run@file:///Users/emanuelaharonoff/Development/code/web-js-oo-task-list-web-0616/tmpTestSupport/jasmine.js:1496:28
next@file:///Users/emanuelaharonoff/Development/code/web-js-oo-task-list-web-0616/tmpTestSupport/jasmine.js:1517:40
complete@file:///Users/emanuelaharonoff/Development/code/web-js-oo-task-list-web-0616/tmpTestSupport/jasmine.js:1703:19
clearStack@file:///Users/emanuelaharonoff/Development/code/web-js-oo-task-list-web-0616/tmpTestSupport/jasmine.js:506:11
run@file:///Users/emanuelaharonoff/Development/code/web-js-oo-task-list-web-0616/tmpTestSupport/jasmine.js:1505:22
next@file:///Users/emanuelaharonoff/Development/code/web-js-oo-task-list-web-0616/tmpTestSupport/jasmine.js:1517:40
complete@file:///Users/emanuelaharonoff/Development/code/web-js-oo-task-list-web-0616/tmpTestSupport/jasmine.js:333:19
clearStack@file:///Users/emanuelaharonoff/Development/code/web-js-oo-task-list-web-0616/tmpTestSupport/jasmine.js:506:11
run@file:///Users/emanuelaharonoff/Development/code/web-js-oo-task-list-web-0616/tmpTestSupport/jasmine.js:1505:22
execute@file:///Users/emanuelaharonoff/Development/code/web-js-oo-task-list-web-0616/tmpTestSupport/jasmine.js:1485:13
queueRunnerFactory@file:///Users/emanuelaharonoff/Development/code/web-js-oo-task-list-web-0616/tmpTestSupport/jasmine.js:518:42
execute@file:///Users/emanuelaharonoff/Development/code/web-js-oo-task-list-web-0616/tmpTestSupport/jasmine.js:306:28
file:///Users/emanuelaharonoff/Development/code/web-js-oo-task-list-web-0616/tmpTestSupport/jasmine.js:1708:44
attemptAsync@file:///Users/emanuelaharonoff/Development/code/web-js-oo-task-list-web-0616/tmpTestSupport/jasmine.js:1520:16
run@file:///Users/emanuelaharonoff/Development/code/web-js-oo-task-list-web-0616/tmpTestSupport/jasmine.js:1496:28
next@file:///Users/emanuelaharonoff/Development/code/web-js-oo-task-list-web-0616/tmpTestSupport/jasmine.js:1517:40
complete@file:///Users/emanuelaharonoff/Development/code/web-js-oo-task-list-web-0616/tmpTestSupport/jasmine.js:333:19
clearStack@file:///Users/emanuelaharonoff/Development/code/web-js-oo-task-list-web-0616/tmpTestSupport/jasmine.js:506:11
run@file:///Users/emanuelaharonoff/Development/code/web-js-oo-task-list-web-0616/tmpTestSupport/jasmine.js:1505:22
execute@file:///Users/emanuelaharonoff/Development/code/web-js-oo-task-list-web-0616/tmpTestSupport/jasmine.js:1485:13
queueRunnerFactory@file:///Users/emanuelaharonoff/Development/code/web-js-oo-task-list-web-0616/tmpTestSupport/jasmine.js:518:42
execute@file:///Users/emanuelaharonoff/Development/code/web-js-oo-task-list-web-0616/tmpTestSupport/jasmine.js:306:28
file:///Users/emanuelaharonoff/Development/code/web-js-oo-task-list-web-0616/tmpTestSupport/jasmine.js:1708:44
attemptAsync@file:///Users/emanuelaharonoff/Development/code/web-js-oo-task-list-web-0616/tmpTestSupport/jasmine.js:1520:16
run@file:///Users/emanuelaharonoff/Development/code/web-js-oo-task-list-web-0616/tmpTestSupport/jasmine.js:1496:28
next@file:///Users/emanuelaharonoff/Development/code/web-js-oo-task-list-web-0616/tmpTestSupport/jasmine.js:1517:40
complete@file:///Users/emanuelaharonoff/Development/code/web-js-oo-task-list-web-0616/tmpTestSupport/jasmine.js:333:19
clearStack@file:///Users/emanuelaharonoff/Development/code/web-js-oo-task-list-web-0616/tmpTestSupport/jasmine.js:506:11
run@file:///Users/emanuelaharonoff/Development/code/web-js-oo-task-list-web-0616/tmpTestSupport/jasmine.js:1505:22
execute@file:///Users/emanuelaharonoff/Development/code/web-js-oo-task-list-web-0616/tmpTestSupport/jasmine.js:1485:13
queueRunnerFactory@file:///Users/emanuelaharonoff/Development/code/web-js-oo-task-list-web-0616/tmpTestSupport/jasmine.js:518:42
execute@file:///Users/emanuelaharonoff/Development/code/web-js-oo-task-list-web-0616/tmpTestSupport/jasmine.js:306:28
file:///Users/emanuelaharonoff/Development/code/web-js-oo-task-list-web-0616/tmpTestSupport/jasmine.js:1708:44
attemptAsync@file:///Users/emanuelaharonoff/Development/code/web-js-oo-task-list-web-0616/tmpTestSupport/jasmine.js:1520:16
run@file:///Users/emanuelaharonoff/Development/code/web-js-oo-task-list-web-0616/tmpTestSupport/jasmine.js:1496:28
next@file:///Users/emanuelaharonoff/Development/code/web-js-oo-task-list-web-0616/tmpTestSupport/jasmine.js:1517:40
complete@file:///Users/emanuelaharonoff/Development/code/web-js-oo-task-list-web-0616/tmpTestSupport/jasmine.js:333:19
clearStack@file:///Users/emanuelaharonoff/Development/code/web-js-oo-task-list-web-0616/tmpTestSupport/jasmine.js:506:11
run@file:///Users/emanuelaharonoff/Development/code/web-js-oo-task-list-web-0616/tmpTestSupport/jasmine.js:1505:22
execute@file:///Users/emanuelaharonoff/Development/code/web-js-oo-task-list-web-0616/tmpTestSupport/jasmine.js:1485:13
queueRunnerFactory@file:///Users/emanuelaharonoff/Development/code/web-js-oo-task-list-web-0616/tmpTestSupport/jasmine.js:518:42
execute@file:///Users/emanuelaharonoff/Development/code/web-js-oo-task-list-web-0616/tmpTestSupport/jasmine.js:306:28
file:///Users/emanuelaharonoff/Development/code/web-js-oo-task-list-web-0616/tmpTestSupport/jasmine.js:1708:44
attemptAsync@file:///Users/emanuelaharonoff/Development/code/web-js-oo-task-list-web-0616/tmpTestSupport/jasmine.js:1520:16
run@file:///Users/emanuelaharonoff/Development/code/web-js-oo-task-list-web-0616/tmpTestSupport/jasmine.js:1496:28
next@file:///Users/emanuelaharonoff/Development/code/web-js-oo-task-list-web-0616/tmpTestSupport/jasmine.js:1517:40
complete@file:///Users/emanuelaharonoff/Development/code/web-js-oo-task-list-web-0616/tmpTestSupport/jasmine.js:333:19
clearStack@file:///Users/emanuelaharonoff/Development/code/web-js-oo-task-list-web-0616/tmpTestSupport/jasmine.js:506:11
run@file:///Users/emanuelaharonoff/Development/code/web-js-oo-task-list-web-0616/tmpTestSupport/jasmine.js:1505:22
execute@file:///Users/emanuelaharonoff/Development/code/web-js-oo-task-list-web-0616/tmpTestSupport/jasmine.js:1485:13
queueRunnerFactory@file:///Users/emanuelaharonoff/Development/code/web-js-oo-task-list-web-0616/tmpTestSupport/jasmine.js:518:42
execute@file:///Users/emanuelaharonoff/Development/code/web-js-oo-task-list-web-0616/tmpTestSupport/jasmine.js:306:28
file:///Users/emanuelaharonoff/Development/code/web-js-oo-task-list-web-0616/tmpTestSupport/jasmine.js:1708:44
attemptAsync@file:///Users/emanuelaharonoff/Development/code/web-js-oo-task-list-web-0616/tmpTestSupport/jasmine.js:1520:16
run@file:///Users/emanuelaharonoff/Development/code/web-js-oo-task-list-web-0616/tmpTestSupport/jasmine.js:1496:28
execute@file:///Users/emanuelaharonoff/Development/code/web-js-oo-task-list-web-0616/tmpTestSupport/jasmine.js:1485:13
queueRunnerFactory@file:///Users/emanuelaharonoff/Development/code/web-js-oo-task-list-web-0616/tmpTestSupport/jasmine.js:518:42
execute@file:///Users/emanuelaharonoff/Development/code/web-js-oo-task-list-web-0616/tmpTestSupport/jasmine.js:1694:21
file:///Users/emanuelaharonoff/Development/code/web-js-oo-task-list-web-0616/tmpTestSupport/jasmine.js:1708:44
attemptAsync@file:///Users/emanuelaharonoff/Development/code/web-js-oo-task-list-web-0616/tmpTestSupport/jasmine.js:1520:16
run@file:///Users/emanuelaharonoff/Development/code/web-js-oo-task-list-web-0616/tmpTestSupport/jasmine.js:1496:28
execute@file:///Users/emanuelaharonoff/Development/code/web-js-oo-task-list-web-0616/tmpTestSupport/jasmine.js:1485:13
queueRunnerFactory@file:///Users/emanuelaharonoff/Development/code/web-js-oo-task-list-web-0616/tmpTestSupport/jasmine.js:518:42
execute@file:///Users/emanuelaharonoff/Development/code/web-js-oo-task-list-web-0616/tmpTestSupport/jasmine.js:1694:21
file:///Users/emanuelaharonoff/Development/code/web-js-oo-task-list-web-0616/tmpTestSupport/jasmine.js:1708:44
attemptAsync@file:///Users/emanuelaharonoff/Development/code/web-js-oo-task-list-web-0616/tmpTestSupport/jasmine.js:1520:16
run@file:///Users/emanuelaharonoff/Development/code/web-js-oo-task-list-web-0616/tmpTestSupport/jasmine.js:1496:28
execute@file:///Users/emanuelaharonoff/Development/code/web-js-oo-task-list-web-0616/tmpTestSupport/jasmine.js:1485:13
queueRunnerFactory@file:///Users/emanuelaharonoff/Development/code/web-js-oo-task-list-web-0616/tmpTestSupport/jasmine.js:518:42
execute@file:///Users/emanuelaharonoff/Development/code/web-js-oo-task-list-web-0616/tmpTestSupport/jasmine.js:1694:21
file:///Users/emanuelaharonoff/Development/code/web-js-oo-task-list-web-0616/tmpTestSupport/jasmine.js:1708:44
attemptAsync@file:///Users/emanuelaharonoff/Development/code/web-js-oo-task-list-web-0616/tmpTestSupport/jasmine.js:1520:16
run@file:///Users/emanuelaharonoff/Development/code/web-js-oo-task-list-web-0616/tmpTestSupport/jasmine.js:1496:28
execute@file:///Users/emanuelaharonoff/Development/code/web-js-oo-task-list-web-0616/tmpTestSupport/jasmine.js:1485:13
queueRunnerFactory@file:///Users/emanuelaharonoff/Development/code/web-js-oo-task-list-web-0616/tmpTestSupport/jasmine.js:518:42
execute@file:///Users/emanuelaharonoff/Development/code/web-js-oo-task-list-web-0616/tmpTestSupport/jasmine.js:1694:21
file:///Users/emanuelaharonoff/Development/code/web-js-oo-task-list-web-0616/tmpTestSupport/jasmine.js:541:83
attemptAsync@file:///Users/emanuelaharonoff/Development/code/web-js-oo-task-list-web-0616/tmpTestSupport/jasmine.js:1520:16
run@file:///Users/emanuelaharonoff/Development/code/web-js-oo-task-list-web-0616/tmpTestSupport/jasmine.js:1496:28
execute@file:///Users/emanuelaharonoff/Development/code/web-js-oo-task-list-web-0616/tmpTestSupport/jasmine.js:1485:13
queueRunnerFactory@file:///Users/emanuelaharonoff/Development/code/web-js-oo-task-list-web-0616/tmpTestSupport/jasmine.js:518:42
execute@file:///Users/emanuelaharonoff/Development/code/web-js-oo-task-list-web-0616/tmpTestSupport/jasmine.js:548:25
onload@file:///Users/emanuelaharonoff/Development/code/web-js-oo-task-list-web-0616/tmpTestSupport/boot.js:172:16			</failure>
		</testcase>
		<testcase classname="Task Model" name="Instance Properties creating new task elements the build method should append the el string the tasks corresponding list" time="0.002">
			<failure type="" message="ReferenceError: Can&amp;apos;t find variable: List in file:///Users/emanuelaharonoff/Development/code/web-js-oo-task-list-web-0616/spec/task.spec.js (line 8)">
file:///Users/emanuelaharonoff/Development/code/web-js-oo-task-list-web-0616/spec/task.spec.js:8:20
attemptSync@file:///Users/emanuelaharonoff/Development/code/web-js-oo-task-list-web-0616/tmpTestSupport/jasmine.js:1510:16
run@file:///Users/emanuelaharonoff/Development/code/web-js-oo-task-list-web-0616/tmpTestSupport/jasmine.js:1498:20
execute@file:///Users/emanuelaharonoff/Development/code/web-js-oo-task-list-web-0616/tmpTestSupport/jasmine.js:1485:13
queueRunnerFactory@file:///Users/emanuelaharonoff/Development/code/web-js-oo-task-list-web-0616/tmpTestSupport/jasmine.js:518:42
execute@file:///Users/emanuelaharonoff/Development/code/web-js-oo-task-list-web-0616/tmpTestSupport/jasmine.js:306:28
file:///Users/emanuelaharonoff/Development/code/web-js-oo-task-list-web-0616/tmpTestSupport/jasmine.js:1708:44
attemptAsync@file:///Users/emanuelaharonoff/Development/code/web-js-oo-task-list-web-0616/tmpTestSupport/jasmine.js:1520:16
run@file:///Users/emanuelaharonoff/Development/code/web-js-oo-task-list-web-0616/tmpTestSupport/jasmine.js:1496:28
next@file:///Users/emanuelaharonoff/Development/code/web-js-oo-task-list-web-0616/tmpTestSupport/jasmine.js:1517:40
complete@file:///Users/emanuelaharonoff/Development/code/web-js-oo-task-list-web-0616/tmpTestSupport/jasmine.js:333:19
clearStack@file:///Users/emanuelaharonoff/Development/code/web-js-oo-task-list-web-0616/tmpTestSupport/jasmine.js:506:11
run@file:///Users/emanuelaharonoff/Development/code/web-js-oo-task-list-web-0616/tmpTestSupport/jasmine.js:1505:22
execute@file:///Users/emanuelaharonoff/Development/code/web-js-oo-task-list-web-0616/tmpTestSupport/jasmine.js:1485:13
queueRunnerFactory@file:///Users/emanuelaharonoff/Development/code/web-js-oo-task-list-web-0616/tmpTestSupport/jasmine.js:518:42
execute@file:///Users/emanuelaharonoff/Development/code/web-js-oo-task-list-web-0616/tmpTestSupport/jasmine.js:306:28
file:///Users/emanuelaharonoff/Development/code/web-js-oo-task-list-web-0616/tmpTestSupport/jasmine.js:1708:44
attemptAsync@file:///Users/emanuelaharonoff/Development/code/web-js-oo-task-list-web-0616/tmpTestSupport/jasmine.js:1520:16
run@file:///Users/emanuelaharonoff/Development/code/web-js-oo-task-list-web-0616/tmpTestSupport/jasmine.js:1496:28
execute@file:///Users/emanuelaharonoff/Development/code/web-js-oo-task-list-web-0616/tmpTestSupport/jasmine.js:1485:13
queueRunnerFactory@file:///Users/emanuelaharonoff/Development/code/web-js-oo-task-list-web-0616/tmpTestSupport/jasmine.js:518:42
execute@file:///Users/emanuelaharonoff/Development/code/web-js-oo-task-list-web-0616/tmpTestSupport/jasmine.js:1694:21
file:///Users/emanuelaharonoff/Development/code/web-js-oo-task-list-web-0616/tmpTestSupport/jasmine.js:1708:44
attemptAsync@file:///Users/emanuelaharonoff/Development/code/web-js-oo-task-list-web-0616/tmpTestSupport/jasmine.js:1520:16
run@file:///Users/emanuelaharonoff/Development/code/web-js-oo-task-list-web-0616/tmpTestSupport/jasmine.js:1496:28
next@file:///Users/emanuelaharonoff/Development/code/web-js-oo-task-list-web-0616/tmpTestSupport/jasmine.js:1517:40
complete@file:///Users/emanuelaharonoff/Development/code/web-js-oo-task-list-web-0616/tmpTestSupport/jasmine.js:1703:19
clearStack@file:///Users/emanuelaharonoff/Development/code/web-js-oo-task-list-web-0616/tmpTestSupport/jasmine.js:506:11
run@file:///Users/emanuelaharonoff/Development/code/web-js-oo-task-list-web-0616/tmpTestSupport/jasmine.js:1505:22
next@file:///Users/emanuelaharonoff/Development/code/web-js-oo-task-list-web-0616/tmpTestSupport/jasmine.js:1517:40
complete@file:///Users/emanuelaharonoff/Development/code/web-js-oo-task-list-web-0616/tmpTestSupport/jasmine.js:333:19
clearStack@file:///Users/emanuelaharonoff/Development/code/web-js-oo-task-list-web-0616/tmpTestSupport/jasmine.js:506:11
run@file:///Users/emanuelaharonoff/Development/code/web-js-oo-task-list-web-0616/tmpTestSupport/jasmine.js:1505:22
execute@file:///Users/emanuelaharonoff/Development/code/web-js-oo-task-list-web-0616/tmpTestSupport/jasmine.js:1485:13
queueRunnerFactory@file:///Users/emanuelaharonoff/Development/code/web-js-oo-task-list-web-0616/tmpTestSupport/jasmine.js:518:42
execute@file:///Users/emanuelaharonoff/Development/code/web-js-oo-task-list-web-0616/tmpTestSupport/jasmine.js:306:28
file:///Users/emanuelaharonoff/Development/code/web-js-oo-task-list-web-0616/tmpTestSupport/jasmine.js:1708:44
attemptAsync@file:///Users/emanuelaharonoff/Development/code/web-js-oo-task-list-web-0616/tmpTestSupport/jasmine.js:1520:16
run@file:///Users/emanuelaharonoff/Development/code/web-js-oo-task-list-web-0616/tmpTestSupport/jasmine.js:1496:28
next@file:///Users/emanuelaharonoff/Development/code/web-js-oo-task-list-web-0616/tmpTestSupport/jasmine.js:1517:40
complete@file:///Users/emanuelaharonoff/Development/code/web-js-oo-task-list-web-0616/tmpTestSupport/jasmine.js:333:19
clearStack@file:///Users/emanuelaharonoff/Development/code/web-js-oo-task-list-web-0616/tmpTestSupport/jasmine.js:506:11
run@file:///Users/emanuelaharonoff/Development/code/web-js-oo-task-list-web-0616/tmpTestSupport/jasmine.js:1505:22
execute@file:///Users/emanuelaharonoff/Development/code/web-js-oo-task-list-web-0616/tmpTestSupport/jasmine.js:1485:13
queueRunnerFactory@file:///Users/emanuelaharonoff/Development/code/web-js-oo-task-list-web-0616/tmpTestSupport/jasmine.js:518:42
execute@file:///Users/emanuelaharonoff/Development/code/web-js-oo-task-list-web-0616/tmpTestSupport/jasmine.js:306:28
file:///Users/emanuelaharonoff/Development/code/web-js-oo-task-list-web-0616/tmpTestSupport/jasmine.js:1708:44
attemptAsync@file:///Users/emanuelaharonoff/Development/code/web-js-oo-task-list-web-0616/tmpTestSupport/jasmine.js:1520:16
run@file:///Users/emanuelaharonoff/Development/code/web-js-oo-task-list-web-0616/tmpTestSupport/jasmine.js:1496:28
next@file:///Users/emanuelaharonoff/Development/code/web-js-oo-task-list-web-0616/tmpTestSupport/jasmine.js:1517:40
complete@file:///Users/emanuelaharonoff/Development/code/web-js-oo-task-list-web-0616/tmpTestSupport/jasmine.js:333:19
clearStack@file:///Users/emanuelaharonoff/Development/code/web-js-oo-task-list-web-0616/tmpTestSupport/jasmine.js:506:11
run@file:///Users/emanuelaharonoff/Development/code/web-js-oo-task-list-web-0616/tmpTestSupport/jasmine.js:1505:22
execute@file:///Users/emanuelaharonoff/Development/code/web-js-oo-task-list-web-0616/tmpTestSupport/jasmine.js:1485:13
queueRunnerFactory@file:///Users/emanuelaharonoff/Development/code/web-js-oo-task-list-web-0616/tmpTestSupport/jasmine.js:518:42
execute@file:///Users/emanuelaharonoff/Development/code/web-js-oo-task-list-web-0616/tmpTestSupport/jasmine.js:306:28
file:///Users/emanuelaharonoff/Development/code/web-js-oo-task-list-web-0616/tmpTestSupport/jasmine.js:1708:44
attemptAsync@file:///Users/emanuelaharonoff/Development/code/web-js-oo-task-list-web-0616/tmpTestSupport/jasmine.js:1520:16
run@file:///Users/emanuelaharonoff/Development/code/web-js-oo-task-list-web-0616/tmpTestSupport/jasmine.js:1496:28
next@file:///Users/emanuelaharonoff/Development/code/web-js-oo-task-list-web-0616/tmpTestSupport/jasmine.js:1517:40
complete@file:///Users/emanuelaharonoff/Development/code/web-js-oo-task-list-web-0616/tmpTestSupport/jasmine.js:333:19
clearStack@file:///Users/emanuelaharonoff/Development/code/web-js-oo-task-list-web-0616/tmpTestSupport/jasmine.js:506:11
run@file:///Users/emanuelaharonoff/Development/code/web-js-oo-task-list-web-0616/tmpTestSupport/jasmine.js:1505:22
execute@file:///Users/emanuelaharonoff/Development/code/web-js-oo-task-list-web-0616/tmpTestSupport/jasmine.js:1485:13
queueRunnerFactory@file:///Users/emanuelaharonoff/Development/code/web-js-oo-task-list-web-0616/tmpTestSupport/jasmine.js:518:42
execute@file:///Users/emanuelaharonoff/Development/code/web-js-oo-task-list-web-0616/tmpTestSupport/jasmine.js:306:28
file:///Users/emanuelaharonoff/Development/code/web-js-oo-task-list-web-0616/tmpTestSupport/jasmine.js:1708:44
attemptAsync@file:///Users/emanuelaharonoff/Development/code/web-js-oo-task-list-web-0616/tmpTestSupport/jasmine.js:1520:16
run@file:///Users/emanuelaharonoff/Development/code/web-js-oo-task-list-web-0616/tmpTestSupport/jasmine.js:1496:28
next@file:///Users/emanuelaharonoff/Development/code/web-js-oo-task-list-web-0616/tmpTestSupport/jasmine.js:1517:40
complete@file:///Users/emanuelaharonoff/Development/code/web-js-oo-task-list-web-0616/tmpTestSupport/jasmine.js:333:19
clearStack@file:///Users/emanuelaharonoff/Development/code/web-js-oo-task-list-web-0616/tmpTestSupport/jasmine.js:506:11
run@file:///Users/emanuelaharonoff/Development/code/web-js-oo-task-list-web-0616/tmpTestSupport/jasmine.js:1505:22
execute@file:///Users/emanuelaharonoff/Development/code/web-js-oo-task-list-web-0616/tmpTestSupport/jasmine.js:1485:13
queueRunnerFactory@file:///Users/emanuelaharonoff/Development/code/web-js-oo-task-list-web-0616/tmpTestSupport/jasmine.js:518:42
execute@file:///Users/emanuelaharonoff/Development/code/web-js-oo-task-list-web-0616/tmpTestSupport/jasmine.js:306:28
file:///Users/emanuelaharonoff/Development/code/web-js-oo-task-list-web-0616/tmpTestSupport/jasmine.js:1708:44
attemptAsync@file:///Users/emanuelaharonoff/Development/code/web-js-oo-task-list-web-0616/tmpTestSupport/jasmine.js:1520:16
run@file:///Users/emanuelaharonoff/Development/code/web-js-oo-task-list-web-0616/tmpTestSupport/jasmine.js:1496:28
execute@file:///Users/emanuelaharonoff/Development/code/web-js-oo-task-list-web-0616/tmpTestSupport/jasmine.js:1485:13
queueRunnerFactory@file:///Users/emanuelaharonoff/Development/code/web-js-oo-task-list-web-0616/tmpTestSupport/jasmine.js:518:42
execute@file:///Users/emanuelaharonoff/Development/code/web-js-oo-task-list-web-0616/tmpTestSupport/jasmine.js:1694:21
file:///Users/emanuelaharonoff/Development/code/web-js-oo-task-list-web-0616/tmpTestSupport/jasmine.js:1708:44
attemptAsync@file:///Users/emanuelaharonoff/Development/code/web-js-oo-task-list-web-0616/tmpTestSupport/jasmine.js:1520:16
run@file:///Users/emanuelaharonoff/Development/code/web-js-oo-task-list-web-0616/tmpTestSupport/jasmine.js:1496:28
execute@file:///Users/emanuelaharonoff/Development/code/web-js-oo-task-list-web-0616/tmpTestSupport/jasmine.js:1485:13
queueRunnerFactory@file:///Users/emanuelaharonoff/Development/code/web-js-oo-task-list-web-0616/tmpTestSupport/jasmine.js:518:42
execute@file:///Users/emanuelaharonoff/Development/code/web-js-oo-task-list-web-0616/tmpTestSupport/jasmine.js:1694:21
file:///Users/emanuelaharonoff/Development/code/web-js-oo-task-list-web-0616/tmpTestSupport/jasmine.js:1708:44
attemptAsync@file:///Users/emanuelaharonoff/Development/code/web-js-oo-task-list-web-0616/tmpTestSupport/jasmine.js:1520:16
run@file:///Users/emanuelaharonoff/Development/code/web-js-oo-task-list-web-0616/tmpTestSupport/jasmine.js:1496:28
execute@file:///Users/emanuelaharonoff/Development/code/web-js-oo-task-list-web-0616/tmpTestSupport/jasmine.js:1485:13
queueRunnerFactory@file:///Users/emanuelaharonoff/Development/code/web-js-oo-task-list-web-0616/tmpTestSupport/jasmine.js:518:42
execute@file:///Users/emanuelaharonoff/Development/code/web-js-oo-task-list-web-0616/tmpTestSupport/jasmine.js:1694:21
file:///Users/emanuelaharonoff/Development/code/web-js-oo-task-list-web-0616/tmpTestSupport/jasmine.js:1708:44
attemptAsync@file:///Users/emanuelaharonoff/Development/code/web-js-oo-task-list-web-0616/tmpTestSupport/jasmine.js:1520:16
run@file:///Users/emanuelaharonoff/Development/code/web-js-oo-task-list-web-0616/tmpTestSupport/jasmine.js:1496:28
execute@file:///Users/emanuelaharonoff/Development/code/web-js-oo-task-list-web-0616/tmpTestSupport/jasmine.js:1485:13
queueRunnerFactory@file:///Users/emanuelaharonoff/Development/code/web-js-oo-task-list-web-0616/tmpTestSupport/jasmine.js:518:42
execute@file:///Users/emanuelaharonoff/Development/code/web-js-oo-task-list-web-0616/tmpTestSupport/jasmine.js:1694:21
file:///Users/emanuelaharonoff/Development/code/web-js-oo-task-list-web-0616/tmpTestSupport/jasmine.js:541:83
attemptAsync@file:///Users/emanuelaharonoff/Development/code/web-js-oo-task-list-web-0616/tmpTestSupport/jasmine.js:1520:16
run@file:///Users/emanuelaharonoff/Development/code/web-js-oo-task-list-web-0616/tmpTestSupport/jasmine.js:1496:28
execute@file:///Users/emanuelaharonoff/Development/code/web-js-oo-task-list-web-0616/tmpTestSupport/jasmine.js:1485:13
queueRunnerFactory@file:///Users/emanuelaharonoff/Development/code/web-js-oo-task-list-web-0616/tmpTestSupport/jasmine.js:518:42
execute@file:///Users/emanuelaharonoff/Development/code/web-js-oo-task-list-web-0616/tmpTestSupport/jasmine.js:548:25
onload@file:///Users/emanuelaharonoff/Development/code/web-js-oo-task-list-web-0616/tmpTestSupport/boot.js:172:16			</failure>
			<failure type="" message="TypeError: undefined is not an object (evaluating &amp;apos;task.build&amp;apos;) in file:///Users/emanuelaharonoff/Development/code/web-js-oo-task-list-web-0616/spec/task.spec.js (line 48)">
file:///Users/emanuelaharonoff/Development/code/web-js-oo-task-list-web-0616/spec/task.spec.js:48:13
attemptSync@file:///Users/emanuelaharonoff/Development/code/web-js-oo-task-list-web-0616/tmpTestSupport/jasmine.js:1510:16
run@file:///Users/emanuelaharonoff/Development/code/web-js-oo-task-list-web-0616/tmpTestSupport/jasmine.js:1498:20
execute@file:///Users/emanuelaharonoff/Development/code/web-js-oo-task-list-web-0616/tmpTestSupport/jasmine.js:1485:13
queueRunnerFactory@file:///Users/emanuelaharonoff/Development/code/web-js-oo-task-list-web-0616/tmpTestSupport/jasmine.js:518:42
execute@file:///Users/emanuelaharonoff/Development/code/web-js-oo-task-list-web-0616/tmpTestSupport/jasmine.js:306:28
file:///Users/emanuelaharonoff/Development/code/web-js-oo-task-list-web-0616/tmpTestSupport/jasmine.js:1708:44
attemptAsync@file:///Users/emanuelaharonoff/Development/code/web-js-oo-task-list-web-0616/tmpTestSupport/jasmine.js:1520:16
run@file:///Users/emanuelaharonoff/Development/code/web-js-oo-task-list-web-0616/tmpTestSupport/jasmine.js:1496:28
next@file:///Users/emanuelaharonoff/Development/code/web-js-oo-task-list-web-0616/tmpTestSupport/jasmine.js:1517:40
complete@file:///Users/emanuelaharonoff/Development/code/web-js-oo-task-list-web-0616/tmpTestSupport/jasmine.js:333:19
clearStack@file:///Users/emanuelaharonoff/Development/code/web-js-oo-task-list-web-0616/tmpTestSupport/jasmine.js:506:11
run@file:///Users/emanuelaharonoff/Development/code/web-js-oo-task-list-web-0616/tmpTestSupport/jasmine.js:1505:22
execute@file:///Users/emanuelaharonoff/Development/code/web-js-oo-task-list-web-0616/tmpTestSupport/jasmine.js:1485:13
queueRunnerFactory@file:///Users/emanuelaharonoff/Development/code/web-js-oo-task-list-web-0616/tmpTestSupport/jasmine.js:518:42
execute@file:///Users/emanuelaharonoff/Development/code/web-js-oo-task-list-web-0616/tmpTestSupport/jasmine.js:306:28
file:///Users/emanuelaharonoff/Development/code/web-js-oo-task-list-web-0616/tmpTestSupport/jasmine.js:1708:44
attemptAsync@file:///Users/emanuelaharonoff/Development/code/web-js-oo-task-list-web-0616/tmpTestSupport/jasmine.js:1520:16
run@file:///Users/emanuelaharonoff/Development/code/web-js-oo-task-list-web-0616/tmpTestSupport/jasmine.js:1496:28
execute@file:///Users/emanuelaharonoff/Development/code/web-js-oo-task-list-web-0616/tmpTestSupport/jasmine.js:1485:13
queueRunnerFactory@file:///Users/emanuelaharonoff/Development/code/web-js-oo-task-list-web-0616/tmpTestSupport/jasmine.js:518:42
execute@file:///Users/emanuelaharonoff/Development/code/web-js-oo-task-list-web-0616/tmpTestSupport/jasmine.js:1694:21
file:///Users/emanuelaharonoff/Development/code/web-js-oo-task-list-web-0616/tmpTestSupport/jasmine.js:1708:44
attemptAsync@file:///Users/emanuelaharonoff/Development/code/web-js-oo-task-list-web-0616/tmpTestSupport/jasmine.js:1520:16
run@file:///Users/emanuelaharonoff/Development/code/web-js-oo-task-list-web-0616/tmpTestSupport/jasmine.js:1496:28
next@file:///Users/emanuelaharonoff/Development/code/web-js-oo-task-list-web-0616/tmpTestSupport/jasmine.js:1517:40
complete@file:///Users/emanuelaharonoff/Development/code/web-js-oo-task-list-web-0616/tmpTestSupport/jasmine.js:1703:19
clearStack@file:///Users/emanuelaharonoff/Development/code/web-js-oo-task-list-web-0616/tmpTestSupport/jasmine.js:506:11
run@file:///Users/emanuelaharonoff/Development/code/web-js-oo-task-list-web-0616/tmpTestSupport/jasmine.js:1505:22
next@file:///Users/emanuelaharonoff/Development/code/web-js-oo-task-list-web-0616/tmpTestSupport/jasmine.js:1517:40
complete@file:///Users/emanuelaharonoff/Development/code/web-js-oo-task-list-web-0616/tmpTestSupport/jasmine.js:333:19
clearStack@file:///Users/emanuelaharonoff/Development/code/web-js-oo-task-list-web-0616/tmpTestSupport/jasmine.js:506:11
run@file:///Users/emanuelaharonoff/Development/code/web-js-oo-task-list-web-0616/tmpTestSupport/jasmine.js:1505:22
execute@file:///Users/emanuelaharonoff/Development/code/web-js-oo-task-list-web-0616/tmpTestSupport/jasmine.js:1485:13
queueRunnerFactory@file:///Users/emanuelaharonoff/Development/code/web-js-oo-task-list-web-0616/tmpTestSupport/jasmine.js:518:42
execute@file:///Users/emanuelaharonoff/Development/code/web-js-oo-task-list-web-0616/tmpTestSupport/jasmine.js:306:28
file:///Users/emanuelaharonoff/Development/code/web-js-oo-task-list-web-0616/tmpTestSupport/jasmine.js:1708:44
attemptAsync@file:///Users/emanuelaharonoff/Development/code/web-js-oo-task-list-web-0616/tmpTestSupport/jasmine.js:1520:16
run@file:///Users/emanuelaharonoff/Development/code/web-js-oo-task-list-web-0616/tmpTestSupport/jasmine.js:1496:28
next@file:///Users/emanuelaharonoff/Development/code/web-js-oo-task-list-web-0616/tmpTestSupport/jasmine.js:1517:40
complete@file:///Users/emanuelaharonoff/Development/code/web-js-oo-task-list-web-0616/tmpTestSupport/jasmine.js:333:19
clearStack@file:///Users/emanuelaharonoff/Development/code/web-js-oo-task-list-web-0616/tmpTestSupport/jasmine.js:506:11
run@file:///Users/emanuelaharonoff/Development/code/web-js-oo-task-list-web-0616/tmpTestSupport/jasmine.js:1505:22
execute@file:///Users/emanuelaharonoff/Development/code/web-js-oo-task-list-web-0616/tmpTestSupport/jasmine.js:1485:13
queueRunnerFactory@file:///Users/emanuelaharonoff/Development/code/web-js-oo-task-list-web-0616/tmpTestSupport/jasmine.js:518:42
execute@file:///Users/emanuelaharonoff/Development/code/web-js-oo-task-list-web-0616/tmpTestSupport/jasmine.js:306:28
file:///Users/emanuelaharonoff/Development/code/web-js-oo-task-list-web-0616/tmpTestSupport/jasmine.js:1708:44
attemptAsync@file:///Users/emanuelaharonoff/Development/code/web-js-oo-task-list-web-0616/tmpTestSupport/jasmine.js:1520:16
run@file:///Users/emanuelaharonoff/Development/code/web-js-oo-task-list-web-0616/tmpTestSupport/jasmine.js:1496:28
next@file:///Users/emanuelaharonoff/Development/code/web-js-oo-task-list-web-0616/tmpTestSupport/jasmine.js:1517:40
complete@file:///Users/emanuelaharonoff/Development/code/web-js-oo-task-list-web-0616/tmpTestSupport/jasmine.js:333:19
clearStack@file:///Users/emanuelaharonoff/Development/code/web-js-oo-task-list-web-0616/tmpTestSupport/jasmine.js:506:11
run@file:///Users/emanuelaharonoff/Development/code/web-js-oo-task-list-web-0616/tmpTestSupport/jasmine.js:1505:22
execute@file:///Users/emanuelaharonoff/Development/code/web-js-oo-task-list-web-0616/tmpTestSupport/jasmine.js:1485:13
queueRunnerFactory@file:///Users/emanuelaharonoff/Development/code/web-js-oo-task-list-web-0616/tmpTestSupport/jasmine.js:518:42
execute@file:///Users/emanuelaharonoff/Development/code/web-js-oo-task-list-web-0616/tmpTestSupport/jasmine.js:306:28
file:///Users/emanuelaharonoff/Development/code/web-js-oo-task-list-web-0616/tmpTestSupport/jasmine.js:1708:44
attemptAsync@file:///Users/emanuelaharonoff/Development/code/web-js-oo-task-list-web-0616/tmpTestSupport/jasmine.js:1520:16
run@file:///Users/emanuelaharonoff/Development/code/web-js-oo-task-list-web-0616/tmpTestSupport/jasmine.js:1496:28
next@file:///Users/emanuelaharonoff/Development/code/web-js-oo-task-list-web-0616/tmpTestSupport/jasmine.js:1517:40
complete@file:///Users/emanuelaharonoff/Development/code/web-js-oo-task-list-web-0616/tmpTestSupport/jasmine.js:333:19
clearStack@file:///Users/emanuelaharonoff/Development/code/web-js-oo-task-list-web-0616/tmpTestSupport/jasmine.js:506:11
run@file:///Users/emanuelaharonoff/Development/code/web-js-oo-task-list-web-0616/tmpTestSupport/jasmine.js:1505:22
execute@file:///Users/emanuelaharonoff/Development/code/web-js-oo-task-list-web-0616/tmpTestSupport/jasmine.js:1485:13
queueRunnerFactory@file:///Users/emanuelaharonoff/Development/code/web-js-oo-task-list-web-0616/tmpTestSupport/jasmine.js:518:42
execute@file:///Users/emanuelaharonoff/Development/code/web-js-oo-task-list-web-0616/tmpTestSupport/jasmine.js:306:28
file:///Users/emanuelaharonoff/Development/code/web-js-oo-task-list-web-0616/tmpTestSupport/jasmine.js:1708:44
attemptAsync@file:///Users/emanuelaharonoff/Development/code/web-js-oo-task-list-web-0616/tmpTestSupport/jasmine.js:1520:16
run@file:///Users/emanuelaharonoff/Development/code/web-js-oo-task-list-web-0616/tmpTestSupport/jasmine.js:1496:28
next@file:///Users/emanuelaharonoff/Development/code/web-js-oo-task-list-web-0616/tmpTestSupport/jasmine.js:1517:40
complete@file:///Users/emanuelaharonoff/Development/code/web-js-oo-task-list-web-0616/tmpTestSupport/jasmine.js:333:19
clearStack@file:///Users/emanuelaharonoff/Development/code/web-js-oo-task-list-web-0616/tmpTestSupport/jasmine.js:506:11
run@file:///Users/emanuelaharonoff/Development/code/web-js-oo-task-list-web-0616/tmpTestSupport/jasmine.js:1505:22
execute@file:///Users/emanuelaharonoff/Development/code/web-js-oo-task-list-web-0616/tmpTestSupport/jasmine.js:1485:13
queueRunnerFactory@file:///Users/emanuelaharonoff/Development/code/web-js-oo-task-list-web-0616/tmpTestSupport/jasmine.js:518:42
execute@file:///Users/emanuelaharonoff/Development/code/web-js-oo-task-list-web-0616/tmpTestSupport/jasmine.js:306:28
file:///Users/emanuelaharonoff/Development/code/web-js-oo-task-list-web-0616/tmpTestSupport/jasmine.js:1708:44
attemptAsync@file:///Users/emanuelaharonoff/Development/code/web-js-oo-task-list-web-0616/tmpTestSupport/jasmine.js:1520:16
run@file:///Users/emanuelaharonoff/Development/code/web-js-oo-task-list-web-0616/tmpTestSupport/jasmine.js:1496:28
execute@file:///Users/emanuelaharonoff/Development/code/web-js-oo-task-list-web-0616/tmpTestSupport/jasmine.js:1485:13
queueRunnerFactory@file:///Users/emanuelaharonoff/Development/code/web-js-oo-task-list-web-0616/tmpTestSupport/jasmine.js:518:42
execute@file:///Users/emanuelaharonoff/Development/code/web-js-oo-task-list-web-0616/tmpTestSupport/jasmine.js:1694:21
file:///Users/emanuelaharonoff/Development/code/web-js-oo-task-list-web-0616/tmpTestSupport/jasmine.js:1708:44
attemptAsync@file:///Users/emanuelaharonoff/Development/code/web-js-oo-task-list-web-0616/tmpTestSupport/jasmine.js:1520:16
run@file:///Users/emanuelaharonoff/Development/code/web-js-oo-task-list-web-0616/tmpTestSupport/jasmine.js:1496:28
execute@file:///Users/emanuelaharonoff/Development/code/web-js-oo-task-list-web-0616/tmpTestSupport/jasmine.js:1485:13
queueRunnerFactory@file:///Users/emanuelaharonoff/Development/code/web-js-oo-task-list-web-0616/tmpTestSupport/jasmine.js:518:42
execute@file:///Users/emanuelaharonoff/Development/code/web-js-oo-task-list-web-0616/tmpTestSupport/jasmine.js:1694:21
file:///Users/emanuelaharonoff/Development/code/web-js-oo-task-list-web-0616/tmpTestSupport/jasmine.js:1708:44
attemptAsync@file:///Users/emanuelaharonoff/Development/code/web-js-oo-task-list-web-0616/tmpTestSupport/jasmine.js:1520:16
run@file:///Users/emanuelaharonoff/Development/code/web-js-oo-task-list-web-0616/tmpTestSupport/jasmine.js:1496:28
execute@file:///Users/emanuelaharonoff/Development/code/web-js-oo-task-list-web-0616/tmpTestSupport/jasmine.js:1485:13
queueRunnerFactory@file:///Users/emanuelaharonoff/Development/code/web-js-oo-task-list-web-0616/tmpTestSupport/jasmine.js:518:42
execute@file:///Users/emanuelaharonoff/Development/code/web-js-oo-task-list-web-0616/tmpTestSupport/jasmine.js:1694:21
file:///Users/emanuelaharonoff/Development/code/web-js-oo-task-list-web-0616/tmpTestSupport/jasmine.js:1708:44
attemptAsync@file:///Users/emanuelaharonoff/Development/code/web-js-oo-task-list-web-0616/tmpTestSupport/jasmine.js:1520:16
run@file:///Users/emanuelaharonoff/Development/code/web-js-oo-task-list-web-0616/tmpTestSupport/jasmine.js:1496:28
execute@file:///Users/emanuelaharonoff/Development/code/web-js-oo-task-list-web-0616/tmpTestSupport/jasmine.js:1485:13
queueRunnerFactory@file:///Users/emanuelaharonoff/Development/code/web-js-oo-task-list-web-0616/tmpTestSupport/jasmine.js:518:42
execute@file:///Users/emanuelaharonoff/Development/code/web-js-oo-task-list-web-0616/tmpTestSupport/jasmine.js:1694:21
file:///Users/emanuelaharonoff/Development/code/web-js-oo-task-list-web-0616/tmpTestSupport/jasmine.js:541:83
attemptAsync@file:///Users/emanuelaharonoff/Development/code/web-js-oo-task-list-web-0616/tmpTestSupport/jasmine.js:1520:16
run@file:///Users/emanuelaharonoff/Development/code/web-js-oo-task-list-web-0616/tmpTestSupport/jasmine.js:1496:28
execute@file:///Users/emanuelaharonoff/Development/code/web-js-oo-task-list-web-0616/tmpTestSupport/jasmine.js:1485:13
queueRunnerFactory@file:///Users/emanuelaharonoff/Development/code/web-js-oo-task-list-web-0616/tmpTestSupport/jasmine.js:518:42
execute@file:///Users/emanuelaharonoff/Development/code/web-js-oo-task-list-web-0616/tmpTestSupport/jasmine.js:548:25
onload@file:///Users/emanuelaharonoff/Development/code/web-js-oo-task-list-web-0616/tmpTestSupport/boot.js:172:16			</failure>
		</testcase>
	</testsuite>
</testsuites>

