<?xml version="1.0" encoding="UTF-8"?>
<testsuites>
	<testsuite tests="9" errors="0" failures="9" time="0.04" timestamp="2016-07-28T10:39:14">
		<testcase classname="Tasks Controller" name="creating a new TasksController should have a $addTaskForm property that holds a selected element with the id &amp;apos;#add_task&amp;apos;" time="0.002">
			<failure type="" message="ReferenceError: Can&amp;apos;t find variable: TasksController in file:///Users/emanuelaharonoff/Development/code/web-js-oo-task-list-web-0616/spec/tasks.controller.spec.js (line 7)">
file:///Users/emanuelaharonoff/Development/code/web-js-oo-task-list-web-0616/spec/tasks.controller.spec.js:7:42
attemptSync@file:///Users/emanuelaharonoff/Development/code/web-js-oo-task-list-web-0616/tmpTestSupport/jasmine.js:1510:16
run@file:///Users/emanuelaharonoff/Development/code/web-js-oo-task-list-web-0616/tmpTestSupport/jasmine.js:1498:20
execute@file:///Users/emanuelaharonoff/Development/code/web-js-oo-task-list-web-0616/tmpTestSupport/jasmine.js:1485:13
queueRunnerFactory@file:///Users/emanuelaharonoff/Development/code/web-js-oo-task-list-web-0616/tmpTestSupport/jasmine.js:518:42
execute@file:///Users/emanuelaharonoff/Development/code/web-js-oo-task-list-web-0616/tmpTestSupport/jasmine.js:306:28
file:///Users/emanuelaharonoff/Development/code/web-js-oo-task-list-web-0616/tmpTestSupport/jasmine.js:1708:44
attemptAsync@file:///Users/emanuelaharonoff/Development/code/web-js-oo-task-list-web-0616/tmpTestSupport/jasmine.js:1520:16
run@file:///Users/emanuelaharonoff/Development/code/web-js-oo-task-list-web-0616/tmpTestSupport/jasmine.js:1496:28
execute@file:///Users/emanuelaharonoff/Development/code/web-js-oo-task-list-web-0616/tmpTestSupport/jasmine.js:1485:13
queueRunnerFactory@file:///Users/emanuelaharonoff/Development/code/web-js-oo-task-list-web-0616/tmpTestSupport/jasmine.js:518:42
execute@file:///Users/emanuelaharonoff/Development/code/web-js-oo-task-list-web-0616/tmpTestSupport/jasmine.js:1694:21
file:///Users/emanuelaharonoff/Development/code/web-js-oo-task-list-web-0616/tmpTestSupport/jasmine.js:1708:44
attemptAsync@file:///Users/emanuelaharonoff/Development/code/web-js-oo-task-list-web-0616/tmpTestSupport/jasmine.js:1520:16
run@file:///Users/emanuelaharonoff/Development/code/web-js-oo-task-list-web-0616/tmpTestSupport/jasmine.js:1496:28
execute@file:///Users/emanuelaharonoff/Development/code/web-js-oo-task-list-web-0616/tmpTestSupport/jasmine.js:1485:13
queueRunnerFactory@file:///Users/emanuelaharonoff/Development/code/web-js-oo-task-list-web-0616/tmpTestSupport/jasmine.js:518:42
execute@file:///Users/emanuelaharonoff/Development/code/web-js-oo-task-list-web-0616/tmpTestSupport/jasmine.js:1694:21
file:///Users/emanuelaharonoff/Development/code/web-js-oo-task-list-web-0616/tmpTestSupport/jasmine.js:1708:44
attemptAsync@file:///Users/emanuelaharonoff/Development/code/web-js-oo-task-list-web-0616/tmpTestSupport/jasmine.js:1520:16
run@file:///Users/emanuelaharonoff/Development/code/web-js-oo-task-list-web-0616/tmpTestSupport/jasmine.js:1496:28
next@file:///Users/emanuelaharonoff/Development/code/web-js-oo-task-list-web-0616/tmpTestSupport/jasmine.js:1517:40
complete@file:///Users/emanuelaharonoff/Development/code/web-js-oo-task-list-web-0616/tmpTestSupport/jasmine.js:1703:19
clearStack@file:///Users/emanuelaharonoff/Development/code/web-js-oo-task-list-web-0616/tmpTestSupport/jasmine.js:506:11
run@file:///Users/emanuelaharonoff/Development/code/web-js-oo-task-list-web-0616/tmpTestSupport/jasmine.js:1505:22
next@file:///Users/emanuelaharonoff/Development/code/web-js-oo-task-list-web-0616/tmpTestSupport/jasmine.js:1517:40
complete@file:///Users/emanuelaharonoff/Development/code/web-js-oo-task-list-web-0616/tmpTestSupport/jasmine.js:1703:19
clearStack@file:///Users/emanuelaharonoff/Development/code/web-js-oo-task-list-web-0616/tmpTestSupport/jasmine.js:506:11
run@file:///Users/emanuelaharonoff/Development/code/web-js-oo-task-list-web-0616/tmpTestSupport/jasmine.js:1505:22
next@file:///Users/emanuelaharonoff/Development/code/web-js-oo-task-list-web-0616/tmpTestSupport/jasmine.js:1517:40
complete@file:///Users/emanuelaharonoff/Development/code/web-js-oo-task-list-web-0616/tmpTestSupport/jasmine.js:333:19
clearStack@file:///Users/emanuelaharonoff/Development/code/web-js-oo-task-list-web-0616/tmpTestSupport/jasmine.js:506:11
run@file:///Users/emanuelaharonoff/Development/code/web-js-oo-task-list-web-0616/tmpTestSupport/jasmine.js:1505:22
execute@file:///Users/emanuelaharonoff/Development/code/web-js-oo-task-list-web-0616/tmpTestSupport/jasmine.js:1485:13
queueRunnerFactory@file:///Users/emanuelaharonoff/Development/code/web-js-oo-task-list-web-0616/tmpTestSupport/jasmine.js:518:42
execute@file:///Users/emanuelaharonoff/Development/code/web-js-oo-task-list-web-0616/tmpTestSupport/jasmine.js:306:28
file:///Users/emanuelaharonoff/Development/code/web-js-oo-task-list-web-0616/tmpTestSupport/jasmine.js:1708:44
attemptAsync@file:///Users/emanuelaharonoff/Development/code/web-js-oo-task-list-web-0616/tmpTestSupport/jasmine.js:1520:16
run@file:///Users/emanuelaharonoff/Development/code/web-js-oo-task-list-web-0616/tmpTestSupport/jasmine.js:1496:28
next@file:///Users/emanuelaharonoff/Development/code/web-js-oo-task-list-web-0616/tmpTestSupport/jasmine.js:1517:40
complete@file:///Users/emanuelaharonoff/Development/code/web-js-oo-task-list-web-0616/tmpTestSupport/jasmine.js:333:19
clearStack@file:///Users/emanuelaharonoff/Development/code/web-js-oo-task-list-web-0616/tmpTestSupport/jasmine.js:506:11
run@file:///Users/emanuelaharonoff/Development/code/web-js-oo-task-list-web-0616/tmpTestSupport/jasmine.js:1505:22
execute@file:///Users/emanuelaharonoff/Development/code/web-js-oo-task-list-web-0616/tmpTestSupport/jasmine.js:1485:13
queueRunnerFactory@file:///Users/emanuelaharonoff/Development/code/web-js-oo-task-list-web-0616/tmpTestSupport/jasmine.js:518:42
execute@file:///Users/emanuelaharonoff/Development/code/web-js-oo-task-list-web-0616/tmpTestSupport/jasmine.js:306:28
file:///Users/emanuelaharonoff/Development/code/web-js-oo-task-list-web-0616/tmpTestSupport/jasmine.js:1708:44
attemptAsync@file:///Users/emanuelaharonoff/Development/code/web-js-oo-task-list-web-0616/tmpTestSupport/jasmine.js:1520:16
run@file:///Users/emanuelaharonoff/Development/code/web-js-oo-task-list-web-0616/tmpTestSupport/jasmine.js:1496:28
next@file:///Users/emanuelaharonoff/Development/code/web-js-oo-task-list-web-0616/tmpTestSupport/jasmine.js:1517:40
complete@file:///Users/emanuelaharonoff/Development/code/web-js-oo-task-list-web-0616/tmpTestSupport/jasmine.js:333:19
clearStack@file:///Users/emanuelaharonoff/Development/code/web-js-oo-task-list-web-0616/tmpTestSupport/jasmine.js:506:11
run@file:///Users/emanuelaharonoff/Development/code/web-js-oo-task-list-web-0616/tmpTestSupport/jasmine.js:1505:22
execute@file:///Users/emanuelaharonoff/Development/code/web-js-oo-task-list-web-0616/tmpTestSupport/jasmine.js:1485:13
queueRunnerFactory@file:///Users/emanuelaharonoff/Development/code/web-js-oo-task-list-web-0616/tmpTestSupport/jasmine.js:518:42
execute@file:///Users/emanuelaharonoff/Development/code/web-js-oo-task-list-web-0616/tmpTestSupport/jasmine.js:306:28
file:///Users/emanuelaharonoff/Development/code/web-js-oo-task-list-web-0616/tmpTestSupport/jasmine.js:1708:44
attemptAsync@file:///Users/emanuelaharonoff/Development/code/web-js-oo-task-list-web-0616/tmpTestSupport/jasmine.js:1520:16
run@file:///Users/emanuelaharonoff/Development/code/web-js-oo-task-list-web-0616/tmpTestSupport/jasmine.js:1496:28
next@file:///Users/emanuelaharonoff/Development/code/web-js-oo-task-list-web-0616/tmpTestSupport/jasmine.js:1517:40
complete@file:///Users/emanuelaharonoff/Development/code/web-js-oo-task-list-web-0616/tmpTestSupport/jasmine.js:333:19
clearStack@file:///Users/emanuelaharonoff/Development/code/web-js-oo-task-list-web-0616/tmpTestSupport/jasmine.js:506:11
run@file:///Users/emanuelaharonoff/Development/code/web-js-oo-task-list-web-0616/tmpTestSupport/jasmine.js:1505:22
execute@file:///Users/emanuelaharonoff/Development/code/web-js-oo-task-list-web-0616/tmpTestSupport/jasmine.js:1485:13
queueRunnerFactory@file:///Users/emanuelaharonoff/Development/code/web-js-oo-task-list-web-0616/tmpTestSupport/jasmine.js:518:42
execute@file:///Users/emanuelaharonoff/Development/code/web-js-oo-task-list-web-0616/tmpTestSupport/jasmine.js:306:28
file:///Users/emanuelaharonoff/Development/code/web-js-oo-task-list-web-0616/tmpTestSupport/jasmine.js:1708:44
attemptAsync@file:///Users/emanuelaharonoff/Development/code/web-js-oo-task-list-web-0616/tmpTestSupport/jasmine.js:1520:16
run@file:///Users/emanuelaharonoff/Development/code/web-js-oo-task-list-web-0616/tmpTestSupport/jasmine.js:1496:28
execute@file:///Users/emanuelaharonoff/Development/code/web-js-oo-task-list-web-0616/tmpTestSupport/jasmine.js:1485:13
queueRunnerFactory@file:///Users/emanuelaharonoff/Development/code/web-js-oo-task-list-web-0616/tmpTestSupport/jasmine.js:518:42
execute@file:///Users/emanuelaharonoff/Development/code/web-js-oo-task-list-web-0616/tmpTestSupport/jasmine.js:1694:21
file:///Users/emanuelaharonoff/Development/code/web-js-oo-task-list-web-0616/tmpTestSupport/jasmine.js:1708:44
attemptAsync@file:///Users/emanuelaharonoff/Development/code/web-js-oo-task-list-web-0616/tmpTestSupport/jasmine.js:1520:16
run@file:///Users/emanuelaharonoff/Development/code/web-js-oo-task-list-web-0616/tmpTestSupport/jasmine.js:1496:28
next@file:///Users/emanuelaharonoff/Development/code/web-js-oo-task-list-web-0616/tmpTestSupport/jasmine.js:1517:40
complete@file:///Users/emanuelaharonoff/Development/code/web-js-oo-task-list-web-0616/tmpTestSupport/jasmine.js:1703:19
clearStack@file:///Users/emanuelaharonoff/Development/code/web-js-oo-task-list-web-0616/tmpTestSupport/jasmine.js:506:11
run@file:///Users/emanuelaharonoff/Development/code/web-js-oo-task-list-web-0616/tmpTestSupport/jasmine.js:1505:22
next@file:///Users/emanuelaharonoff/Development/code/web-js-oo-task-list-web-0616/tmpTestSupport/jasmine.js:1517:40
complete@file:///Users/emanuelaharonoff/Development/code/web-js-oo-task-list-web-0616/tmpTestSupport/jasmine.js:333:19
clearStack@file:///Users/emanuelaharonoff/Development/code/web-js-oo-task-list-web-0616/tmpTestSupport/jasmine.js:506:11
run@file:///Users/emanuelaharonoff/Development/code/web-js-oo-task-list-web-0616/tmpTestSupport/jasmine.js:1505:22
execute@file:///Users/emanuelaharonoff/Development/code/web-js-oo-task-list-web-0616/tmpTestSupport/jasmine.js:1485:13
queueRunnerFactory@file:///Users/emanuelaharonoff/Development/code/web-js-oo-task-list-web-0616/tmpTestSupport/jasmine.js:518:42
execute@file:///Users/emanuelaharonoff/Development/code/web-js-oo-task-list-web-0616/tmpTestSupport/jasmine.js:306:28
file:///Users/emanuelaharonoff/Development/code/web-js-oo-task-list-web-0616/tmpTestSupport/jasmine.js:1708:44
attemptAsync@file:///Users/emanuelaharonoff/Development/code/web-js-oo-task-list-web-0616/tmpTestSupport/jasmine.js:1520:16
run@file:///Users/emanuelaharonoff/Development/code/web-js-oo-task-list-web-0616/tmpTestSupport/jasmine.js:1496:28
next@file:///Users/emanuelaharonoff/Development/code/web-js-oo-task-list-web-0616/tmpTestSupport/jasmine.js:1517:40
complete@file:///Users/emanuelaharonoff/Development/code/web-js-oo-task-list-web-0616/tmpTestSupport/jasmine.js:333:19
clearStack@file:///Users/emanuelaharonoff/Development/code/web-js-oo-task-list-web-0616/tmpTestSupport/jasmine.js:506:11
run@file:///Users/emanuelaharonoff/Development/code/web-js-oo-task-list-web-0616/tmpTestSupport/jasmine.js:1505:22
execute@file:///Users/emanuelaharonoff/Development/code/web-js-oo-task-list-web-0616/tmpTestSupport/jasmine.js:1485:13
queueRunnerFactory@file:///Users/emanuelaharonoff/Development/code/web-js-oo-task-list-web-0616/tmpTestSupport/jasmine.js:518:42
execute@file:///Users/emanuelaharonoff/Development/code/web-js-oo-task-list-web-0616/tmpTestSupport/jasmine.js:306:28
file:///Users/emanuelaharonoff/Development/code/web-js-oo-task-list-web-0616/tmpTestSupport/jasmine.js:1708:44
attemptAsync@file:///Users/emanuelaharonoff/Development/code/web-js-oo-task-list-web-0616/tmpTestSupport/jasmine.js:1520:16
run@file:///Users/emanuelaharonoff/Development/code/web-js-oo-task-list-web-0616/tmpTestSupport/jasmine.js:1496:28
next@file:///Users/emanuelaharonoff/Development/code/web-js-oo-task-list-web-0616/tmpTestSupport/jasmine.js:1517:40
complete@file:///Users/emanuelaharonoff/Development/code/web-js-oo-task-list-web-0616/tmpTestSupport/jasmine.js:333:19
clearStack@file:///Users/emanuelaharonoff/Development/code/web-js-oo-task-list-web-0616/tmpTestSupport/jasmine.js:506:11
run@file:///Users/emanuelaharonoff/Development/code/web-js-oo-task-list-web-0616/tmpTestSupport/jasmine.js:1505:22
execute@file:///Users/emanuelaharonoff/Development/code/web-js-oo-task-list-web-0616/tmpTestSupport/jasmine.js:1485:13
queueRunnerFactory@file:///Users/emanuelaharonoff/Development/code/web-js-oo-task-list-web-0616/tmpTestSupport/jasmine.js:518:42
execute@file:///Users/emanuelaharonoff/Development/code/web-js-oo-task-list-web-0616/tmpTestSupport/jasmine.js:306:28
file:///Users/emanuelaharonoff/Development/code/web-js-oo-task-list-web-0616/tmpTestSupport/jasmine.js:1708:44
attemptAsync@file:///Users/emanuelaharonoff/Development/code/web-js-oo-task-list-web-0616/tmpTestSupport/jasmine.js:1520:16
run@file:///Users/emanuelaharonoff/Development/code/web-js-oo-task-list-web-0616/tmpTestSupport/jasmine.js:1496:28
next@file:///Users/emanuelaharonoff/Development/code/web-js-oo-task-list-web-0616/tmpTestSupport/jasmine.js:1517:40
complete@file:///Users/emanuelaharonoff/Development/code/web-js-oo-task-list-web-0616/tmpTestSupport/jasmine.js:333:19
clearStack@file:///Users/emanuelaharonoff/Development/code/web-js-oo-task-list-web-0616/tmpTestSupport/jasmine.js:506:11
run@file:///Users/emanuelaharonoff/Development/code/web-js-oo-task-list-web-0616/tmpTestSupport/jasmine.js:1505:22
execute@file:///Users/emanuelaharonoff/Development/code/web-js-oo-task-list-web-0616/tmpTestSupport/jasmine.js:1485:13
queueRunnerFactory@file:///Users/emanuelaharonoff/Development/code/web-js-oo-task-list-web-0616/tmpTestSupport/jasmine.js:518:42
execute@file:///Users/emanuelaharonoff/Development/code/web-js-oo-task-list-web-0616/tmpTestSupport/jasmine.js:306:28
file:///Users/emanuelaharonoff/Development/code/web-js-oo-task-list-web-0616/tmpTestSupport/jasmine.js:1708:44
attemptAsync@file:///Users/emanuelaharonoff/Development/code/web-js-oo-task-list-web-0616/tmpTestSupport/jasmine.js:1520:16
run@file:///Users/emanuelaharonoff/Development/code/web-js-oo-task-list-web-0616/tmpTestSupport/jasmine.js:1496:28
next@file:///Users/emanuelaharonoff/Development/code/web-js-oo-task-list-web-0616/tmpTestSupport/jasmine.js:1517:40
complete@file:///Users/emanuelaharonoff/Development/code/web-js-oo-task-list-web-0616/tmpTestSupport/jasmine.js:333:19
clearStack@file:///Users/emanuelaharonoff/Development/code/web-js-oo-task-list-web-0616/tmpTestSupport/jasmine.js:506:11
run@file:///Users/emanuelaharonoff/Development/code/web-js-oo-task-list-web-0616/tmpTestSupport/jasmine.js:1505:22
execute@file:///Users/emanuelaharonoff/Development/code/web-js-oo-task-list-web-0616/tmpTestSupport/jasmine.js:1485:13
queueRunnerFactory@file:///Users/emanuelaharonoff/Development/code/web-js-oo-task-list-web-0616/tmpTestSupport/jasmine.js:518:42
execute@file:///Users/emanuelaharonoff/Development/code/web-js-oo-task-list-web-0616/tmpTestSupport/jasmine.js:306:28
file:///Users/emanuelaharonoff/Development/code/web-js-oo-task-list-web-0616/tmpTestSupport/jasmine.js:1708:44
attemptAsync@file:///Users/emanuelaharonoff/Development/code/web-js-oo-task-list-web-0616/tmpTestSupport/jasmine.js:1520:16
run@file:///Users/emanuelaharonoff/Development/code/web-js-oo-task-list-web-0616/tmpTestSupport/jasmine.js:1496:28
execute@file:///Users/emanuelaharonoff/Development/code/web-js-oo-task-list-web-0616/tmpTestSupport/jasmine.js:1485:13
queueRunnerFactory@file:///Users/emanuelaharonoff/Development/code/web-js-oo-task-list-web-0616/tmpTestSupport/jasmine.js:518:42
execute@file:///Users/emanuelaharonoff/Development/code/web-js-oo-task-list-web-0616/tmpTestSupport/jasmine.js:1694:21
file:///Users/emanuelaharonoff/Development/code/web-js-oo-task-list-web-0616/tmpTestSupport/jasmine.js:1708:44
attemptAsync@file:///Users/emanuelaharonoff/Development/code/web-js-oo-task-list-web-0616/tmpTestSupport/jasmine.js:1520:16
run@file:///Users/emanuelaharonoff/Development/code/web-js-oo-task-list-web-0616/tmpTestSupport/jasmine.js:1496:28
execute@file:///Users/emanuelaharonoff/Development/code/web-js-oo-task-list-web-0616/tmpTestSupport/jasmine.js:1485:13
queueRunnerFactory@file:///Users/emanuelaharonoff/Development/code/web-js-oo-task-list-web-0616/tmpTestSupport/jasmine.js:518:42
execute@file:///Users/emanuelaharonoff/Development/code/web-js-oo-task-list-web-0616/tmpTestSupport/jasmine.js:1694:21
file:///Users/emanuelaharonoff/Development/code/web-js-oo-task-list-web-0616/tmpTestSupport/jasmine.js:1708:44
attemptAsync@file:///Users/emanuelaharonoff/Development/code/web-js-oo-task-list-web-0616/tmpTestSupport/jasmine.js:1520:16
run@file:///Users/emanuelaharonoff/Development/code/web-js-oo-task-list-web-0616/tmpTestSupport/jasmine.js:1496:28
next@file:///Users/emanuelaharonoff/Development/code/web-js-oo-task-list-web-0616/tmpTestSupport/jasmine.js:1517:40
complete@file:///Users/emanuelaharonoff/Development/code/web-js-oo-task-list-web-0616/tmpTestSupport/jasmine.js:1703:19
clearStack@file:///Users/emanuelaharonoff/Development/code/web-js-oo-task-list-web-0616/tmpTestSupport/jasmine.js:506:11
run@file:///Users/emanuelaharonoff/Development/code/web-js-oo-task-list-web-0616/tmpTestSupport/jasmine.js:1505:22
next@file:///Users/emanuelaharonoff/Development/code/web-js-oo-task-list-web-0616/tmpTestSupport/jasmine.js:1517:40
complete@file:///Users/emanuelaharonoff/Development/code/web-js-oo-task-list-web-0616/tmpTestSupport/jasmine.js:1703:19
clearStack@file:///Users/emanuelaharonoff/Development/code/web-js-oo-task-list-web-0616/tmpTestSupport/jasmine.js:506:11
run@file:///Users/emanuelaharonoff/Development/code/web-js-oo-task-list-web-0616/tmpTestSupport/jasmine.js:1505:22
next@file:///Users/emanuelaharonoff/Development/code/web-js-oo-task-list-web-0616/tmpTestSupport/jasmine.js:1517:40
complete@file:///Users/emanuelaharonoff/Development/code/web-js-oo-task-list-web-0616/tmpTestSupport/jasmine.js:333:19
clearStack@file:///Users/emanuelaharonoff/Development/code/web-js-oo-task-list-web-0616/tmpTestSupport/jasmine.js:506:11
run@file:///Users/emanuelaharonoff/Development/code/web-js-oo-task-list-web-0616/tmpTestSupport/jasmine.js:1505:22
execute@file:///Users/emanuelaharonoff/Development/code/web-js-oo-task-list-web-0616/tmpTestSupport/jasmine.js:1485:13
queueRunnerFactory@file:///Users/emanuelaharonoff/Development/code/web-js-oo-task-list-web-0616/tmpTestSupport/jasmine.js:518:42
execute@file:///Users/emanuelaharonoff/Development/code/web-js-oo-task-list-web-0616/tmpTestSupport/jasmine.js:306:28
file:///Users/emanuelaharonoff/Development/code/web-js-oo-task-list-web-0616/tmpTestSupport/jasmine.js:1708:44
attemptAsync@file:///Users/emanuelaharonoff/Development/code/web-js-oo-task-list-web-0616/tmpTestSupport/jasmine.js:1520:16
run@file:///Users/emanuelaharonoff/Development/code/web-js-oo-task-list-web-0616/tmpTestSupport/jasmine.js:1496:28
next@file:///Users/emanuelaharonoff/Development/code/web-js-oo-task-list-web-0616/tmpTestSupport/jasmine.js:1517:40
complete@file:///Users/emanuelaharonoff/Development/code/web-js-oo-task-list-web-0616/tmpTestSupport/jasmine.js:333:19
clearStack@file:///Users/emanuelaharonoff/Development/code/web-js-oo-task-list-web-0616/tmpTestSupport/jasmine.js:506:11
run@file:///Users/emanuelaharonoff/Development/code/web-js-oo-task-list-web-0616/tmpTestSupport/jasmine.js:1505:22
execute@file:///Users/emanuelaharonoff/Development/code/web-js-oo-task-list-web-0616/tmpTestSupport/jasmine.js:1485:13
queueRunnerFactory@file:///Users/emanuelaharonoff/Development/code/web-js-oo-task-list-web-0616/tmpTestSupport/jasmine.js:518:42
execute@file:///Users/emanuelaharonoff/Development/code/web-js-oo-task-list-web-0616/tmpTestSupport/jasmine.js:306:28
file:///Users/emanuelaharonoff/Development/code/web-js-oo-task-list-web-0616/tmpTestSupport/jasmine.js:1708:44
attemptAsync@file:///Users/emanuelaharonoff/Development/code/web-js-oo-task-list-web-0616/tmpTestSupport/jasmine.js:1520:16
run@file:///Users/emanuelaharonoff/Development/code/web-js-oo-task-list-web-0616/tmpTestSupport/jasmine.js:1496:28
execute@file:///Users/emanuelaharonoff/Development/code/web-js-oo-task-list-web-0616/tmpTestSupport/jasmine.js:1485:13
queueRunnerFactory@file:///Users/emanuelaharonoff/Development/code/web-js-oo-task-list-web-0616/tmpTestSupport/jasmine.js:518:42
execute@file:///Users/emanuelaharonoff/Development/code/web-js-oo-task-list-web-0616/tmpTestSupport/jasmine.js:1694:21
file:///Users/emanuelaharonoff/Development/code/web-js-oo-task-list-web-0616/tmpTestSupport/jasmine.js:1708:44
attemptAsync@file:///Users/emanuelaharonoff/Development/code/web-js-oo-task-list-web-0616/tmpTestSupport/jasmine.js:1520:16
run@file:///Users/emanuelaharonoff/Development/code/web-js-oo-task-list-web-0616/tmpTestSupport/jasmine.js:1496:28
next@file:///Users/emanuelaharonoff/Development/code/web-js-oo-task-list-web-0616/tmpTestSupport/jasmine.js:1517:40
complete@file:///Users/emanuelaharonoff/Development/code/web-js-oo-task-list-web-0616/tmpTestSupport/jasmine.js:1703:19			</failure>
			<failure type="" message="TypeError: undefined is not an object (evaluating &amp;apos;tasksController.$addTaskForm&amp;apos;) in file:///Users/emanuelaharonoff/Development/code/web-js-oo-task-list-web-0616/spec/tasks.controller.spec.js (line 14)">
file:///Users/emanuelaharonoff/Development/code/web-js-oo-task-list-web-0616/spec/tasks.controller.spec.js:14:29
attemptSync@file:///Users/emanuelaharonoff/Development/code/web-js-oo-task-list-web-0616/tmpTestSupport/jasmine.js:1510:16
run@file:///Users/emanuelaharonoff/Development/code/web-js-oo-task-list-web-0616/tmpTestSupport/jasmine.js:1498:20
execute@file:///Users/emanuelaharonoff/Development/code/web-js-oo-task-list-web-0616/tmpTestSupport/jasmine.js:1485:13
queueRunnerFactory@file:///Users/emanuelaharonoff/Development/code/web-js-oo-task-list-web-0616/tmpTestSupport/jasmine.js:518:42
execute@file:///Users/emanuelaharonoff/Development/code/web-js-oo-task-list-web-0616/tmpTestSupport/jasmine.js:306:28
file:///Users/emanuelaharonoff/Development/code/web-js-oo-task-list-web-0616/tmpTestSupport/jasmine.js:1708:44
attemptAsync@file:///Users/emanuelaharonoff/Development/code/web-js-oo-task-list-web-0616/tmpTestSupport/jasmine.js:1520:16
run@file:///Users/emanuelaharonoff/Development/code/web-js-oo-task-list-web-0616/tmpTestSupport/jasmine.js:1496:28
execute@file:///Users/emanuelaharonoff/Development/code/web-js-oo-task-list-web-0616/tmpTestSupport/jasmine.js:1485:13
queueRunnerFactory@file:///Users/emanuelaharonoff/Development/code/web-js-oo-task-list-web-0616/tmpTestSupport/jasmine.js:518:42
execute@file:///Users/emanuelaharonoff/Development/code/web-js-oo-task-list-web-0616/tmpTestSupport/jasmine.js:1694:21
file:///Users/emanuelaharonoff/Development/code/web-js-oo-task-list-web-0616/tmpTestSupport/jasmine.js:1708:44
attemptAsync@file:///Users/emanuelaharonoff/Development/code/web-js-oo-task-list-web-0616/tmpTestSupport/jasmine.js:1520:16
run@file:///Users/emanuelaharonoff/Development/code/web-js-oo-task-list-web-0616/tmpTestSupport/jasmine.js:1496:28
execute@file:///Users/emanuelaharonoff/Development/code/web-js-oo-task-list-web-0616/tmpTestSupport/jasmine.js:1485:13
queueRunnerFactory@file:///Users/emanuelaharonoff/Development/code/web-js-oo-task-list-web-0616/tmpTestSupport/jasmine.js:518:42
execute@file:///Users/emanuelaharonoff/Development/code/web-js-oo-task-list-web-0616/tmpTestSupport/jasmine.js:1694:21
file:///Users/emanuelaharonoff/Development/code/web-js-oo-task-list-web-0616/tmpTestSupport/jasmine.js:1708:44
attemptAsync@file:///Users/emanuelaharonoff/Development/code/web-js-oo-task-list-web-0616/tmpTestSupport/jasmine.js:1520:16
run@file:///Users/emanuelaharonoff/Development/code/web-js-oo-task-list-web-0616/tmpTestSupport/jasmine.js:1496:28
next@file:///Users/emanuelaharonoff/Development/code/web-js-oo-task-list-web-0616/tmpTestSupport/jasmine.js:1517:40
complete@file:///Users/emanuelaharonoff/Development/code/web-js-oo-task-list-web-0616/tmpTestSupport/jasmine.js:1703:19
clearStack@file:///Users/emanuelaharonoff/Development/code/web-js-oo-task-list-web-0616/tmpTestSupport/jasmine.js:506:11
run@file:///Users/emanuelaharonoff/Development/code/web-js-oo-task-list-web-0616/tmpTestSupport/jasmine.js:1505:22
next@file:///Users/emanuelaharonoff/Development/code/web-js-oo-task-list-web-0616/tmpTestSupport/jasmine.js:1517:40
complete@file:///Users/emanuelaharonoff/Development/code/web-js-oo-task-list-web-0616/tmpTestSupport/jasmine.js:1703:19
clearStack@file:///Users/emanuelaharonoff/Development/code/web-js-oo-task-list-web-0616/tmpTestSupport/jasmine.js:506:11
run@file:///Users/emanuelaharonoff/Development/code/web-js-oo-task-list-web-0616/tmpTestSupport/jasmine.js:1505:22
next@file:///Users/emanuelaharonoff/Development/code/web-js-oo-task-list-web-0616/tmpTestSupport/jasmine.js:1517:40
complete@file:///Users/emanuelaharonoff/Development/code/web-js-oo-task-list-web-0616/tmpTestSupport/jasmine.js:333:19
clearStack@file:///Users/emanuelaharonoff/Development/code/web-js-oo-task-list-web-0616/tmpTestSupport/jasmine.js:506:11
run@file:///Users/emanuelaharonoff/Development/code/web-js-oo-task-list-web-0616/tmpTestSupport/jasmine.js:1505:22
execute@file:///Users/emanuelaharonoff/Development/code/web-js-oo-task-list-web-0616/tmpTestSupport/jasmine.js:1485:13
queueRunnerFactory@file:///Users/emanuelaharonoff/Development/code/web-js-oo-task-list-web-0616/tmpTestSupport/jasmine.js:518:42
execute@file:///Users/emanuelaharonoff/Development/code/web-js-oo-task-list-web-0616/tmpTestSupport/jasmine.js:306:28
file:///Users/emanuelaharonoff/Development/code/web-js-oo-task-list-web-0616/tmpTestSupport/jasmine.js:1708:44
attemptAsync@file:///Users/emanuelaharonoff/Development/code/web-js-oo-task-list-web-0616/tmpTestSupport/jasmine.js:1520:16
run@file:///Users/emanuelaharonoff/Development/code/web-js-oo-task-list-web-0616/tmpTestSupport/jasmine.js:1496:28
next@file:///Users/emanuelaharonoff/Development/code/web-js-oo-task-list-web-0616/tmpTestSupport/jasmine.js:1517:40
complete@file:///Users/emanuelaharonoff/Development/code/web-js-oo-task-list-web-0616/tmpTestSupport/jasmine.js:333:19
clearStack@file:///Users/emanuelaharonoff/Development/code/web-js-oo-task-list-web-0616/tmpTestSupport/jasmine.js:506:11
run@file:///Users/emanuelaharonoff/Development/code/web-js-oo-task-list-web-0616/tmpTestSupport/jasmine.js:1505:22
execute@file:///Users/emanuelaharonoff/Development/code/web-js-oo-task-list-web-0616/tmpTestSupport/jasmine.js:1485:13
queueRunnerFactory@file:///Users/emanuelaharonoff/Development/code/web-js-oo-task-list-web-0616/tmpTestSupport/jasmine.js:518:42
execute@file:///Users/emanuelaharonoff/Development/code/web-js-oo-task-list-web-0616/tmpTestSupport/jasmine.js:306:28
file:///Users/emanuelaharonoff/Development/code/web-js-oo-task-list-web-0616/tmpTestSupport/jasmine.js:1708:44
attemptAsync@file:///Users/emanuelaharonoff/Development/code/web-js-oo-task-list-web-0616/tmpTestSupport/jasmine.js:1520:16
run@file:///Users/emanuelaharonoff/Development/code/web-js-oo-task-list-web-0616/tmpTestSupport/jasmine.js:1496:28
next@file:///Users/emanuelaharonoff/Development/code/web-js-oo-task-list-web-0616/tmpTestSupport/jasmine.js:1517:40
complete@file:///Users/emanuelaharonoff/Development/code/web-js-oo-task-list-web-0616/tmpTestSupport/jasmine.js:333:19
clearStack@file:///Users/emanuelaharonoff/Development/code/web-js-oo-task-list-web-0616/tmpTestSupport/jasmine.js:506:11
run@file:///Users/emanuelaharonoff/Development/code/web-js-oo-task-list-web-0616/tmpTestSupport/jasmine.js:1505:22
execute@file:///Users/emanuelaharonoff/Development/code/web-js-oo-task-list-web-0616/tmpTestSupport/jasmine.js:1485:13
queueRunnerFactory@file:///Users/emanuelaharonoff/Development/code/web-js-oo-task-list-web-0616/tmpTestSupport/jasmine.js:518:42
execute@file:///Users/emanuelaharonoff/Development/code/web-js-oo-task-list-web-0616/tmpTestSupport/jasmine.js:306:28
file:///Users/emanuelaharonoff/Development/code/web-js-oo-task-list-web-0616/tmpTestSupport/jasmine.js:1708:44
attemptAsync@file:///Users/emanuelaharonoff/Development/code/web-js-oo-task-list-web-0616/tmpTestSupport/jasmine.js:1520:16
run@file:///Users/emanuelaharonoff/Development/code/web-js-oo-task-list-web-0616/tmpTestSupport/jasmine.js:1496:28
next@file:///Users/emanuelaharonoff/Development/code/web-js-oo-task-list-web-0616/tmpTestSupport/jasmine.js:1517:40
complete@file:///Users/emanuelaharonoff/Development/code/web-js-oo-task-list-web-0616/tmpTestSupport/jasmine.js:333:19
clearStack@file:///Users/emanuelaharonoff/Development/code/web-js-oo-task-list-web-0616/tmpTestSupport/jasmine.js:506:11
run@file:///Users/emanuelaharonoff/Development/code/web-js-oo-task-list-web-0616/tmpTestSupport/jasmine.js:1505:22
execute@file:///Users/emanuelaharonoff/Development/code/web-js-oo-task-list-web-0616/tmpTestSupport/jasmine.js:1485:13
queueRunnerFactory@file:///Users/emanuelaharonoff/Development/code/web-js-oo-task-list-web-0616/tmpTestSupport/jasmine.js:518:42
execute@file:///Users/emanuelaharonoff/Development/code/web-js-oo-task-list-web-0616/tmpTestSupport/jasmine.js:306:28
file:///Users/emanuelaharonoff/Development/code/web-js-oo-task-list-web-0616/tmpTestSupport/jasmine.js:1708:44
attemptAsync@file:///Users/emanuelaharonoff/Development/code/web-js-oo-task-list-web-0616/tmpTestSupport/jasmine.js:1520:16
run@file:///Users/emanuelaharonoff/Development/code/web-js-oo-task-list-web-0616/tmpTestSupport/jasmine.js:1496:28
execute@file:///Users/emanuelaharonoff/Development/code/web-js-oo-task-list-web-0616/tmpTestSupport/jasmine.js:1485:13
queueRunnerFactory@file:///Users/emanuelaharonoff/Development/code/web-js-oo-task-list-web-0616/tmpTestSupport/jasmine.js:518:42
execute@file:///Users/emanuelaharonoff/Development/code/web-js-oo-task-list-web-0616/tmpTestSupport/jasmine.js:1694:21
file:///Users/emanuelaharonoff/Development/code/web-js-oo-task-list-web-0616/tmpTestSupport/jasmine.js:1708:44
attemptAsync@file:///Users/emanuelaharonoff/Development/code/web-js-oo-task-list-web-0616/tmpTestSupport/jasmine.js:1520:16
run@file:///Users/emanuelaharonoff/Development/code/web-js-oo-task-list-web-0616/tmpTestSupport/jasmine.js:1496:28
next@file:///Users/emanuelaharonoff/Development/code/web-js-oo-task-list-web-0616/tmpTestSupport/jasmine.js:1517:40
complete@file:///Users/emanuelaharonoff/Development/code/web-js-oo-task-list-web-0616/tmpTestSupport/jasmine.js:1703:19
clearStack@file:///Users/emanuelaharonoff/Development/code/web-js-oo-task-list-web-0616/tmpTestSupport/jasmine.js:506:11
run@file:///Users/emanuelaharonoff/Development/code/web-js-oo-task-list-web-0616/tmpTestSupport/jasmine.js:1505:22
next@file:///Users/emanuelaharonoff/Development/code/web-js-oo-task-list-web-0616/tmpTestSupport/jasmine.js:1517:40
complete@file:///Users/emanuelaharonoff/Development/code/web-js-oo-task-list-web-0616/tmpTestSupport/jasmine.js:333:19
clearStack@file:///Users/emanuelaharonoff/Development/code/web-js-oo-task-list-web-0616/tmpTestSupport/jasmine.js:506:11
run@file:///Users/emanuelaharonoff/Development/code/web-js-oo-task-list-web-0616/tmpTestSupport/jasmine.js:1505:22
execute@file:///Users/emanuelaharonoff/Development/code/web-js-oo-task-list-web-0616/tmpTestSupport/jasmine.js:1485:13
queueRunnerFactory@file:///Users/emanuelaharonoff/Development/code/web-js-oo-task-list-web-0616/tmpTestSupport/jasmine.js:518:42
execute@file:///Users/emanuelaharonoff/Development/code/web-js-oo-task-list-web-0616/tmpTestSupport/jasmine.js:306:28
file:///Users/emanuelaharonoff/Development/code/web-js-oo-task-list-web-0616/tmpTestSupport/jasmine.js:1708:44
attemptAsync@file:///Users/emanuelaharonoff/Development/code/web-js-oo-task-list-web-0616/tmpTestSupport/jasmine.js:1520:16
run@file:///Users/emanuelaharonoff/Development/code/web-js-oo-task-list-web-0616/tmpTestSupport/jasmine.js:1496:28
next@file:///Users/emanuelaharonoff/Development/code/web-js-oo-task-list-web-0616/tmpTestSupport/jasmine.js:1517:40
complete@file:///Users/emanuelaharonoff/Development/code/web-js-oo-task-list-web-0616/tmpTestSupport/jasmine.js:333:19
clearStack@file:///Users/emanuelaharonoff/Development/code/web-js-oo-task-list-web-0616/tmpTestSupport/jasmine.js:506:11
run@file:///Users/emanuelaharonoff/Development/code/web-js-oo-task-list-web-0616/tmpTestSupport/jasmine.js:1505:22
execute@file:///Users/emanuelaharonoff/Development/code/web-js-oo-task-list-web-0616/tmpTestSupport/jasmine.js:1485:13
queueRunnerFactory@file:///Users/emanuelaharonoff/Development/code/web-js-oo-task-list-web-0616/tmpTestSupport/jasmine.js:518:42
execute@file:///Users/emanuelaharonoff/Development/code/web-js-oo-task-list-web-0616/tmpTestSupport/jasmine.js:306:28
file:///Users/emanuelaharonoff/Development/code/web-js-oo-task-list-web-0616/tmpTestSupport/jasmine.js:1708:44
attemptAsync@file:///Users/emanuelaharonoff/Development/code/web-js-oo-task-list-web-0616/tmpTestSupport/jasmine.js:1520:16
run@file:///Users/emanuelaharonoff/Development/code/web-js-oo-task-list-web-0616/tmpTestSupport/jasmine.js:1496:28
next@file:///Users/emanuelaharonoff/Development/code/web-js-oo-task-list-web-0616/tmpTestSupport/jasmine.js:1517:40
complete@file:///Users/emanuelaharonoff/Development/code/web-js-oo-task-list-web-0616/tmpTestSupport/jasmine.js:333:19
clearStack@file:///Users/emanuelaharonoff/Development/code/web-js-oo-task-list-web-0616/tmpTestSupport/jasmine.js:506:11
run@file:///Users/emanuelaharonoff/Development/code/web-js-oo-task-list-web-0616/tmpTestSupport/jasmine.js:1505:22
execute@file:///Users/emanuelaharonoff/Development/code/web-js-oo-task-list-web-0616/tmpTestSupport/jasmine.js:1485:13
queueRunnerFactory@file:///Users/emanuelaharonoff/Development/code/web-js-oo-task-list-web-0616/tmpTestSupport/jasmine.js:518:42
execute@file:///Users/emanuelaharonoff/Development/code/web-js-oo-task-list-web-0616/tmpTestSupport/jasmine.js:306:28
file:///Users/emanuelaharonoff/Development/code/web-js-oo-task-list-web-0616/tmpTestSupport/jasmine.js:1708:44
attemptAsync@file:///Users/emanuelaharonoff/Development/code/web-js-oo-task-list-web-0616/tmpTestSupport/jasmine.js:1520:16
run@file:///Users/emanuelaharonoff/Development/code/web-js-oo-task-list-web-0616/tmpTestSupport/jasmine.js:1496:28
next@file:///Users/emanuelaharonoff/Development/code/web-js-oo-task-list-web-0616/tmpTestSupport/jasmine.js:1517:40
complete@file:///Users/emanuelaharonoff/Development/code/web-js-oo-task-list-web-0616/tmpTestSupport/jasmine.js:333:19
clearStack@file:///Users/emanuelaharonoff/Development/code/web-js-oo-task-list-web-0616/tmpTestSupport/jasmine.js:506:11
run@file:///Users/emanuelaharonoff/Development/code/web-js-oo-task-list-web-0616/tmpTestSupport/jasmine.js:1505:22
execute@file:///Users/emanuelaharonoff/Development/code/web-js-oo-task-list-web-0616/tmpTestSupport/jasmine.js:1485:13
queueRunnerFactory@file:///Users/emanuelaharonoff/Development/code/web-js-oo-task-list-web-0616/tmpTestSupport/jasmine.js:518:42
execute@file:///Users/emanuelaharonoff/Development/code/web-js-oo-task-list-web-0616/tmpTestSupport/jasmine.js:306:28
file:///Users/emanuelaharonoff/Development/code/web-js-oo-task-list-web-0616/tmpTestSupport/jasmine.js:1708:44
attemptAsync@file:///Users/emanuelaharonoff/Development/code/web-js-oo-task-list-web-0616/tmpTestSupport/jasmine.js:1520:16
run@file:///Users/emanuelaharonoff/Development/code/web-js-oo-task-list-web-0616/tmpTestSupport/jasmine.js:1496:28
next@file:///Users/emanuelaharonoff/Development/code/web-js-oo-task-list-web-0616/tmpTestSupport/jasmine.js:1517:40
complete@file:///Users/emanuelaharonoff/Development/code/web-js-oo-task-list-web-0616/tmpTestSupport/jasmine.js:333:19
clearStack@file:///Users/emanuelaharonoff/Development/code/web-js-oo-task-list-web-0616/tmpTestSupport/jasmine.js:506:11
run@file:///Users/emanuelaharonoff/Development/code/web-js-oo-task-list-web-0616/tmpTestSupport/jasmine.js:1505:22
execute@file:///Users/emanuelaharonoff/Development/code/web-js-oo-task-list-web-0616/tmpTestSupport/jasmine.js:1485:13
queueRunnerFactory@file:///Users/emanuelaharonoff/Development/code/web-js-oo-task-list-web-0616/tmpTestSupport/jasmine.js:518:42
execute@file:///Users/emanuelaharonoff/Development/code/web-js-oo-task-list-web-0616/tmpTestSupport/jasmine.js:306:28
file:///Users/emanuelaharonoff/Development/code/web-js-oo-task-list-web-0616/tmpTestSupport/jasmine.js:1708:44
attemptAsync@file:///Users/emanuelaharonoff/Development/code/web-js-oo-task-list-web-0616/tmpTestSupport/jasmine.js:1520:16
run@file:///Users/emanuelaharonoff/Development/code/web-js-oo-task-list-web-0616/tmpTestSupport/jasmine.js:1496:28
execute@file:///Users/emanuelaharonoff/Development/code/web-js-oo-task-list-web-0616/tmpTestSupport/jasmine.js:1485:13
queueRunnerFactory@file:///Users/emanuelaharonoff/Development/code/web-js-oo-task-list-web-0616/tmpTestSupport/jasmine.js:518:42
execute@file:///Users/emanuelaharonoff/Development/code/web-js-oo-task-list-web-0616/tmpTestSupport/jasmine.js:1694:21
file:///Users/emanuelaharonoff/Development/code/web-js-oo-task-list-web-0616/tmpTestSupport/jasmine.js:1708:44
attemptAsync@file:///Users/emanuelaharonoff/Development/code/web-js-oo-task-list-web-0616/tmpTestSupport/jasmine.js:1520:16
run@file:///Users/emanuelaharonoff/Development/code/web-js-oo-task-list-web-0616/tmpTestSupport/jasmine.js:1496:28
execute@file:///Users/emanuelaharonoff/Development/code/web-js-oo-task-list-web-0616/tmpTestSupport/jasmine.js:1485:13
queueRunnerFactory@file:///Users/emanuelaharonoff/Development/code/web-js-oo-task-list-web-0616/tmpTestSupport/jasmine.js:518:42
execute@file:///Users/emanuelaharonoff/Development/code/web-js-oo-task-list-web-0616/tmpTestSupport/jasmine.js:1694:21
file:///Users/emanuelaharonoff/Development/code/web-js-oo-task-list-web-0616/tmpTestSupport/jasmine.js:1708:44
attemptAsync@file:///Users/emanuelaharonoff/Development/code/web-js-oo-task-list-web-0616/tmpTestSupport/jasmine.js:1520:16
run@file:///Users/emanuelaharonoff/Development/code/web-js-oo-task-list-web-0616/tmpTestSupport/jasmine.js:1496:28
next@file:///Users/emanuelaharonoff/Development/code/web-js-oo-task-list-web-0616/tmpTestSupport/jasmine.js:1517:40
complete@file:///Users/emanuelaharonoff/Development/code/web-js-oo-task-list-web-0616/tmpTestSupport/jasmine.js:1703:19
clearStack@file:///Users/emanuelaharonoff/Development/code/web-js-oo-task-list-web-0616/tmpTestSupport/jasmine.js:506:11
run@file:///Users/emanuelaharonoff/Development/code/web-js-oo-task-list-web-0616/tmpTestSupport/jasmine.js:1505:22
next@file:///Users/emanuelaharonoff/Development/code/web-js-oo-task-list-web-0616/tmpTestSupport/jasmine.js:1517:40
complete@file:///Users/emanuelaharonoff/Development/code/web-js-oo-task-list-web-0616/tmpTestSupport/jasmine.js:1703:19
clearStack@file:///Users/emanuelaharonoff/Development/code/web-js-oo-task-list-web-0616/tmpTestSupport/jasmine.js:506:11
run@file:///Users/emanuelaharonoff/Development/code/web-js-oo-task-list-web-0616/tmpTestSupport/jasmine.js:1505:22
next@file:///Users/emanuelaharonoff/Development/code/web-js-oo-task-list-web-0616/tmpTestSupport/jasmine.js:1517:40
complete@file:///Users/emanuelaharonoff/Development/code/web-js-oo-task-list-web-0616/tmpTestSupport/jasmine.js:333:19
clearStack@file:///Users/emanuelaharonoff/Development/code/web-js-oo-task-list-web-0616/tmpTestSupport/jasmine.js:506:11
run@file:///Users/emanuelaharonoff/Development/code/web-js-oo-task-list-web-0616/tmpTestSupport/jasmine.js:1505:22
execute@file:///Users/emanuelaharonoff/Development/code/web-js-oo-task-list-web-0616/tmpTestSupport/jasmine.js:1485:13
queueRunnerFactory@file:///Users/emanuelaharonoff/Development/code/web-js-oo-task-list-web-0616/tmpTestSupport/jasmine.js:518:42
execute@file:///Users/emanuelaharonoff/Development/code/web-js-oo-task-list-web-0616/tmpTestSupport/jasmine.js:306:28
file:///Users/emanuelaharonoff/Development/code/web-js-oo-task-list-web-0616/tmpTestSupport/jasmine.js:1708:44
attemptAsync@file:///Users/emanuelaharonoff/Development/code/web-js-oo-task-list-web-0616/tmpTestSupport/jasmine.js:1520:16
run@file:///Users/emanuelaharonoff/Development/code/web-js-oo-task-list-web-0616/tmpTestSupport/jasmine.js:1496:28
next@file:///Users/emanuelaharonoff/Development/code/web-js-oo-task-list-web-0616/tmpTestSupport/jasmine.js:1517:40
complete@file:///Users/emanuelaharonoff/Development/code/web-js-oo-task-list-web-0616/tmpTestSupport/jasmine.js:333:19
clearStack@file:///Users/emanuelaharonoff/Development/code/web-js-oo-task-list-web-0616/tmpTestSupport/jasmine.js:506:11
run@file:///Users/emanuelaharonoff/Development/code/web-js-oo-task-list-web-0616/tmpTestSupport/jasmine.js:1505:22
execute@file:///Users/emanuelaharonoff/Development/code/web-js-oo-task-list-web-0616/tmpTestSupport/jasmine.js:1485:13
queueRunnerFactory@file:///Users/emanuelaharonoff/Development/code/web-js-oo-task-list-web-0616/tmpTestSupport/jasmine.js:518:42
execute@file:///Users/emanuelaharonoff/Development/code/web-js-oo-task-list-web-0616/tmpTestSupport/jasmine.js:306:28
file:///Users/emanuelaharonoff/Development/code/web-js-oo-task-list-web-0616/tmpTestSupport/jasmine.js:1708:44
attemptAsync@file:///Users/emanuelaharonoff/Development/code/web-js-oo-task-list-web-0616/tmpTestSupport/jasmine.js:1520:16
run@file:///Users/emanuelaharonoff/Development/code/web-js-oo-task-list-web-0616/tmpTestSupport/jasmine.js:1496:28
execute@file:///Users/emanuelaharonoff/Development/code/web-js-oo-task-list-web-0616/tmpTestSupport/jasmine.js:1485:13
queueRunnerFactory@file:///Users/emanuelaharonoff/Development/code/web-js-oo-task-list-web-0616/tmpTestSupport/jasmine.js:518:42
execute@file:///Users/emanuelaharonoff/Development/code/web-js-oo-task-list-web-0616/tmpTestSupport/jasmine.js:1694:21
file:///Users/emanuelaharonoff/Development/code/web-js-oo-task-list-web-0616/tmpTestSupport/jasmine.js:1708:44
attemptAsync@file:///Users/emanuelaharonoff/Development/code/web-js-oo-task-list-web-0616/tmpTestSupport/jasmine.js:1520:16
run@file:///Users/emanuelaharonoff/Development/code/web-js-oo-task-list-web-0616/tmpTestSupport/jasmine.js:1496:28
next@file:///Users/emanuelaharonoff/Development/code/web-js-oo-task-list-web-0616/tmpTestSupport/jasmine.js:1517:40
complete@file:///Users/emanuelaharonoff/Development/code/web-js-oo-task-list-web-0616/tmpTestSupport/jasmine.js:1703:19			</failure>
		</testcase>
		<testcase classname="Tasks Controller" name="creating a new TasksController should have a $taskDescriptionInput property that holds a selected element with the id &amp;apos;#task_description&amp;apos;" time="0.002">
			<failure type="" message="ReferenceError: Can&amp;apos;t find variable: TasksController in file:///Users/emanuelaharonoff/Development/code/web-js-oo-task-list-web-0616/spec/tasks.controller.spec.js (line 7)">
file:///Users/emanuelaharonoff/Development/code/web-js-oo-task-list-web-0616/spec/tasks.controller.spec.js:7:42
attemptSync@file:///Users/emanuelaharonoff/Development/code/web-js-oo-task-list-web-0616/tmpTestSupport/jasmine.js:1510:16
run@file:///Users/emanuelaharonoff/Development/code/web-js-oo-task-list-web-0616/tmpTestSupport/jasmine.js:1498:20
execute@file:///Users/emanuelaharonoff/Development/code/web-js-oo-task-list-web-0616/tmpTestSupport/jasmine.js:1485:13
queueRunnerFactory@file:///Users/emanuelaharonoff/Development/code/web-js-oo-task-list-web-0616/tmpTestSupport/jasmine.js:518:42
execute@file:///Users/emanuelaharonoff/Development/code/web-js-oo-task-list-web-0616/tmpTestSupport/jasmine.js:306:28
file:///Users/emanuelaharonoff/Development/code/web-js-oo-task-list-web-0616/tmpTestSupport/jasmine.js:1708:44
attemptAsync@file:///Users/emanuelaharonoff/Development/code/web-js-oo-task-list-web-0616/tmpTestSupport/jasmine.js:1520:16
run@file:///Users/emanuelaharonoff/Development/code/web-js-oo-task-list-web-0616/tmpTestSupport/jasmine.js:1496:28
next@file:///Users/emanuelaharonoff/Development/code/web-js-oo-task-list-web-0616/tmpTestSupport/jasmine.js:1517:40
complete@file:///Users/emanuelaharonoff/Development/code/web-js-oo-task-list-web-0616/tmpTestSupport/jasmine.js:333:19
clearStack@file:///Users/emanuelaharonoff/Development/code/web-js-oo-task-list-web-0616/tmpTestSupport/jasmine.js:506:11
run@file:///Users/emanuelaharonoff/Development/code/web-js-oo-task-list-web-0616/tmpTestSupport/jasmine.js:1505:22
execute@file:///Users/emanuelaharonoff/Development/code/web-js-oo-task-list-web-0616/tmpTestSupport/jasmine.js:1485:13
queueRunnerFactory@file:///Users/emanuelaharonoff/Development/code/web-js-oo-task-list-web-0616/tmpTestSupport/jasmine.js:518:42
execute@file:///Users/emanuelaharonoff/Development/code/web-js-oo-task-list-web-0616/tmpTestSupport/jasmine.js:306:28
file:///Users/emanuelaharonoff/Development/code/web-js-oo-task-list-web-0616/tmpTestSupport/jasmine.js:1708:44
attemptAsync@file:///Users/emanuelaharonoff/Development/code/web-js-oo-task-list-web-0616/tmpTestSupport/jasmine.js:1520:16
run@file:///Users/emanuelaharonoff/Development/code/web-js-oo-task-list-web-0616/tmpTestSupport/jasmine.js:1496:28
execute@file:///Users/emanuelaharonoff/Development/code/web-js-oo-task-list-web-0616/tmpTestSupport/jasmine.js:1485:13
queueRunnerFactory@file:///Users/emanuelaharonoff/Development/code/web-js-oo-task-list-web-0616/tmpTestSupport/jasmine.js:518:42
execute@file:///Users/emanuelaharonoff/Development/code/web-js-oo-task-list-web-0616/tmpTestSupport/jasmine.js:1694:21
file:///Users/emanuelaharonoff/Development/code/web-js-oo-task-list-web-0616/tmpTestSupport/jasmine.js:1708:44
attemptAsync@file:///Users/emanuelaharonoff/Development/code/web-js-oo-task-list-web-0616/tmpTestSupport/jasmine.js:1520:16
run@file:///Users/emanuelaharonoff/Development/code/web-js-oo-task-list-web-0616/tmpTestSupport/jasmine.js:1496:28
execute@file:///Users/emanuelaharonoff/Development/code/web-js-oo-task-list-web-0616/tmpTestSupport/jasmine.js:1485:13
queueRunnerFactory@file:///Users/emanuelaharonoff/Development/code/web-js-oo-task-list-web-0616/tmpTestSupport/jasmine.js:518:42
execute@file:///Users/emanuelaharonoff/Development/code/web-js-oo-task-list-web-0616/tmpTestSupport/jasmine.js:1694:21
file:///Users/emanuelaharonoff/Development/code/web-js-oo-task-list-web-0616/tmpTestSupport/jasmine.js:1708:44
attemptAsync@file:///Users/emanuelaharonoff/Development/code/web-js-oo-task-list-web-0616/tmpTestSupport/jasmine.js:1520:16
run@file:///Users/emanuelaharonoff/Development/code/web-js-oo-task-list-web-0616/tmpTestSupport/jasmine.js:1496:28
next@file:///Users/emanuelaharonoff/Development/code/web-js-oo-task-list-web-0616/tmpTestSupport/jasmine.js:1517:40
complete@file:///Users/emanuelaharonoff/Development/code/web-js-oo-task-list-web-0616/tmpTestSupport/jasmine.js:1703:19
clearStack@file:///Users/emanuelaharonoff/Development/code/web-js-oo-task-list-web-0616/tmpTestSupport/jasmine.js:506:11
run@file:///Users/emanuelaharonoff/Development/code/web-js-oo-task-list-web-0616/tmpTestSupport/jasmine.js:1505:22
next@file:///Users/emanuelaharonoff/Development/code/web-js-oo-task-list-web-0616/tmpTestSupport/jasmine.js:1517:40
complete@file:///Users/emanuelaharonoff/Development/code/web-js-oo-task-list-web-0616/tmpTestSupport/jasmine.js:1703:19
clearStack@file:///Users/emanuelaharonoff/Development/code/web-js-oo-task-list-web-0616/tmpTestSupport/jasmine.js:506:11
run@file:///Users/emanuelaharonoff/Development/code/web-js-oo-task-list-web-0616/tmpTestSupport/jasmine.js:1505:22
next@file:///Users/emanuelaharonoff/Development/code/web-js-oo-task-list-web-0616/tmpTestSupport/jasmine.js:1517:40
complete@file:///Users/emanuelaharonoff/Development/code/web-js-oo-task-list-web-0616/tmpTestSupport/jasmine.js:333:19
clearStack@file:///Users/emanuelaharonoff/Development/code/web-js-oo-task-list-web-0616/tmpTestSupport/jasmine.js:506:11
run@file:///Users/emanuelaharonoff/Development/code/web-js-oo-task-list-web-0616/tmpTestSupport/jasmine.js:1505:22
execute@file:///Users/emanuelaharonoff/Development/code/web-js-oo-task-list-web-0616/tmpTestSupport/jasmine.js:1485:13
queueRunnerFactory@file:///Users/emanuelaharonoff/Development/code/web-js-oo-task-list-web-0616/tmpTestSupport/jasmine.js:518:42
execute@file:///Users/emanuelaharonoff/Development/code/web-js-oo-task-list-web-0616/tmpTestSupport/jasmine.js:306:28
file:///Users/emanuelaharonoff/Development/code/web-js-oo-task-list-web-0616/tmpTestSupport/jasmine.js:1708:44
attemptAsync@file:///Users/emanuelaharonoff/Development/code/web-js-oo-task-list-web-0616/tmpTestSupport/jasmine.js:1520:16
run@file:///Users/emanuelaharonoff/Development/code/web-js-oo-task-list-web-0616/tmpTestSupport/jasmine.js:1496:28
next@file:///Users/emanuelaharonoff/Development/code/web-js-oo-task-list-web-0616/tmpTestSupport/jasmine.js:1517:40
complete@file:///Users/emanuelaharonoff/Development/code/web-js-oo-task-list-web-0616/tmpTestSupport/jasmine.js:333:19
clearStack@file:///Users/emanuelaharonoff/Development/code/web-js-oo-task-list-web-0616/tmpTestSupport/jasmine.js:506:11
run@file:///Users/emanuelaharonoff/Development/code/web-js-oo-task-list-web-0616/tmpTestSupport/jasmine.js:1505:22
execute@file:///Users/emanuelaharonoff/Development/code/web-js-oo-task-list-web-0616/tmpTestSupport/jasmine.js:1485:13
queueRunnerFactory@file:///Users/emanuelaharonoff/Development/code/web-js-oo-task-list-web-0616/tmpTestSupport/jasmine.js:518:42
execute@file:///Users/emanuelaharonoff/Development/code/web-js-oo-task-list-web-0616/tmpTestSupport/jasmine.js:306:28
file:///Users/emanuelaharonoff/Development/code/web-js-oo-task-list-web-0616/tmpTestSupport/jasmine.js:1708:44
attemptAsync@file:///Users/emanuelaharonoff/Development/code/web-js-oo-task-list-web-0616/tmpTestSupport/jasmine.js:1520:16
run@file:///Users/emanuelaharonoff/Development/code/web-js-oo-task-list-web-0616/tmpTestSupport/jasmine.js:1496:28
next@file:///Users/emanuelaharonoff/Development/code/web-js-oo-task-list-web-0616/tmpTestSupport/jasmine.js:1517:40
complete@file:///Users/emanuelaharonoff/Development/code/web-js-oo-task-list-web-0616/tmpTestSupport/jasmine.js:333:19
clearStack@file:///Users/emanuelaharonoff/Development/code/web-js-oo-task-list-web-0616/tmpTestSupport/jasmine.js:506:11
run@file:///Users/emanuelaharonoff/Development/code/web-js-oo-task-list-web-0616/tmpTestSupport/jasmine.js:1505:22
execute@file:///Users/emanuelaharonoff/Development/code/web-js-oo-task-list-web-0616/tmpTestSupport/jasmine.js:1485:13
queueRunnerFactory@file:///Users/emanuelaharonoff/Development/code/web-js-oo-task-list-web-0616/tmpTestSupport/jasmine.js:518:42
execute@file:///Users/emanuelaharonoff/Development/code/web-js-oo-task-list-web-0616/tmpTestSupport/jasmine.js:306:28
file:///Users/emanuelaharonoff/Development/code/web-js-oo-task-list-web-0616/tmpTestSupport/jasmine.js:1708:44
attemptAsync@file:///Users/emanuelaharonoff/Development/code/web-js-oo-task-list-web-0616/tmpTestSupport/jasmine.js:1520:16
run@file:///Users/emanuelaharonoff/Development/code/web-js-oo-task-list-web-0616/tmpTestSupport/jasmine.js:1496:28
next@file:///Users/emanuelaharonoff/Development/code/web-js-oo-task-list-web-0616/tmpTestSupport/jasmine.js:1517:40
complete@file:///Users/emanuelaharonoff/Development/code/web-js-oo-task-list-web-0616/tmpTestSupport/jasmine.js:333:19
clearStack@file:///Users/emanuelaharonoff/Development/code/web-js-oo-task-list-web-0616/tmpTestSupport/jasmine.js:506:11
run@file:///Users/emanuelaharonoff/Development/code/web-js-oo-task-list-web-0616/tmpTestSupport/jasmine.js:1505:22
execute@file:///Users/emanuelaharonoff/Development/code/web-js-oo-task-list-web-0616/tmpTestSupport/jasmine.js:1485:13
queueRunnerFactory@file:///Users/emanuelaharonoff/Development/code/web-js-oo-task-list-web-0616/tmpTestSupport/jasmine.js:518:42
execute@file:///Users/emanuelaharonoff/Development/code/web-js-oo-task-list-web-0616/tmpTestSupport/jasmine.js:306:28
file:///Users/emanuelaharonoff/Development/code/web-js-oo-task-list-web-0616/tmpTestSupport/jasmine.js:1708:44
attemptAsync@file:///Users/emanuelaharonoff/Development/code/web-js-oo-task-list-web-0616/tmpTestSupport/jasmine.js:1520:16
run@file:///Users/emanuelaharonoff/Development/code/web-js-oo-task-list-web-0616/tmpTestSupport/jasmine.js:1496:28
execute@file:///Users/emanuelaharonoff/Development/code/web-js-oo-task-list-web-0616/tmpTestSupport/jasmine.js:1485:13
queueRunnerFactory@file:///Users/emanuelaharonoff/Development/code/web-js-oo-task-list-web-0616/tmpTestSupport/jasmine.js:518:42
execute@file:///Users/emanuelaharonoff/Development/code/web-js-oo-task-list-web-0616/tmpTestSupport/jasmine.js:1694:21
file:///Users/emanuelaharonoff/Development/code/web-js-oo-task-list-web-0616/tmpTestSupport/jasmine.js:1708:44
attemptAsync@file:///Users/emanuelaharonoff/Development/code/web-js-oo-task-list-web-0616/tmpTestSupport/jasmine.js:1520:16
run@file:///Users/emanuelaharonoff/Development/code/web-js-oo-task-list-web-0616/tmpTestSupport/jasmine.js:1496:28
next@file:///Users/emanuelaharonoff/Development/code/web-js-oo-task-list-web-0616/tmpTestSupport/jasmine.js:1517:40
complete@file:///Users/emanuelaharonoff/Development/code/web-js-oo-task-list-web-0616/tmpTestSupport/jasmine.js:1703:19
clearStack@file:///Users/emanuelaharonoff/Development/code/web-js-oo-task-list-web-0616/tmpTestSupport/jasmine.js:506:11
run@file:///Users/emanuelaharonoff/Development/code/web-js-oo-task-list-web-0616/tmpTestSupport/jasmine.js:1505:22
next@file:///Users/emanuelaharonoff/Development/code/web-js-oo-task-list-web-0616/tmpTestSupport/jasmine.js:1517:40
complete@file:///Users/emanuelaharonoff/Development/code/web-js-oo-task-list-web-0616/tmpTestSupport/jasmine.js:333:19
clearStack@file:///Users/emanuelaharonoff/Development/code/web-js-oo-task-list-web-0616/tmpTestSupport/jasmine.js:506:11
run@file:///Users/emanuelaharonoff/Development/code/web-js-oo-task-list-web-0616/tmpTestSupport/jasmine.js:1505:22
execute@file:///Users/emanuelaharonoff/Development/code/web-js-oo-task-list-web-0616/tmpTestSupport/jasmine.js:1485:13
queueRunnerFactory@file:///Users/emanuelaharonoff/Development/code/web-js-oo-task-list-web-0616/tmpTestSupport/jasmine.js:518:42
execute@file:///Users/emanuelaharonoff/Development/code/web-js-oo-task-list-web-0616/tmpTestSupport/jasmine.js:306:28
file:///Users/emanuelaharonoff/Development/code/web-js-oo-task-list-web-0616/tmpTestSupport/jasmine.js:1708:44
attemptAsync@file:///Users/emanuelaharonoff/Development/code/web-js-oo-task-list-web-0616/tmpTestSupport/jasmine.js:1520:16
run@file:///Users/emanuelaharonoff/Development/code/web-js-oo-task-list-web-0616/tmpTestSupport/jasmine.js:1496:28
next@file:///Users/emanuelaharonoff/Development/code/web-js-oo-task-list-web-0616/tmpTestSupport/jasmine.js:1517:40
complete@file:///Users/emanuelaharonoff/Development/code/web-js-oo-task-list-web-0616/tmpTestSupport/jasmine.js:333:19
clearStack@file:///Users/emanuelaharonoff/Development/code/web-js-oo-task-list-web-0616/tmpTestSupport/jasmine.js:506:11
run@file:///Users/emanuelaharonoff/Development/code/web-js-oo-task-list-web-0616/tmpTestSupport/jasmine.js:1505:22
execute@file:///Users/emanuelaharonoff/Development/code/web-js-oo-task-list-web-0616/tmpTestSupport/jasmine.js:1485:13
queueRunnerFactory@file:///Users/emanuelaharonoff/Development/code/web-js-oo-task-list-web-0616/tmpTestSupport/jasmine.js:518:42
execute@file:///Users/emanuelaharonoff/Development/code/web-js-oo-task-list-web-0616/tmpTestSupport/jasmine.js:306:28
file:///Users/emanuelaharonoff/Development/code/web-js-oo-task-list-web-0616/tmpTestSupport/jasmine.js:1708:44
attemptAsync@file:///Users/emanuelaharonoff/Development/code/web-js-oo-task-list-web-0616/tmpTestSupport/jasmine.js:1520:16
run@file:///Users/emanuelaharonoff/Development/code/web-js-oo-task-list-web-0616/tmpTestSupport/jasmine.js:1496:28
next@file:///Users/emanuelaharonoff/Development/code/web-js-oo-task-list-web-0616/tmpTestSupport/jasmine.js:1517:40
complete@file:///Users/emanuelaharonoff/Development/code/web-js-oo-task-list-web-0616/tmpTestSupport/jasmine.js:333:19
clearStack@file:///Users/emanuelaharonoff/Development/code/web-js-oo-task-list-web-0616/tmpTestSupport/jasmine.js:506:11
run@file:///Users/emanuelaharonoff/Development/code/web-js-oo-task-list-web-0616/tmpTestSupport/jasmine.js:1505:22
execute@file:///Users/emanuelaharonoff/Development/code/web-js-oo-task-list-web-0616/tmpTestSupport/jasmine.js:1485:13
queueRunnerFactory@file:///Users/emanuelaharonoff/Development/code/web-js-oo-task-list-web-0616/tmpTestSupport/jasmine.js:518:42
execute@file:///Users/emanuelaharonoff/Development/code/web-js-oo-task-list-web-0616/tmpTestSupport/jasmine.js:306:28
file:///Users/emanuelaharonoff/Development/code/web-js-oo-task-list-web-0616/tmpTestSupport/jasmine.js:1708:44
attemptAsync@file:///Users/emanuelaharonoff/Development/code/web-js-oo-task-list-web-0616/tmpTestSupport/jasmine.js:1520:16
run@file:///Users/emanuelaharonoff/Development/code/web-js-oo-task-list-web-0616/tmpTestSupport/jasmine.js:1496:28
next@file:///Users/emanuelaharonoff/Development/code/web-js-oo-task-list-web-0616/tmpTestSupport/jasmine.js:1517:40
complete@file:///Users/emanuelaharonoff/Development/code/web-js-oo-task-list-web-0616/tmpTestSupport/jasmine.js:333:19
clearStack@file:///Users/emanuelaharonoff/Development/code/web-js-oo-task-list-web-0616/tmpTestSupport/jasmine.js:506:11
run@file:///Users/emanuelaharonoff/Development/code/web-js-oo-task-list-web-0616/tmpTestSupport/jasmine.js:1505:22
execute@file:///Users/emanuelaharonoff/Development/code/web-js-oo-task-list-web-0616/tmpTestSupport/jasmine.js:1485:13
queueRunnerFactory@file:///Users/emanuelaharonoff/Development/code/web-js-oo-task-list-web-0616/tmpTestSupport/jasmine.js:518:42
execute@file:///Users/emanuelaharonoff/Development/code/web-js-oo-task-list-web-0616/tmpTestSupport/jasmine.js:306:28
file:///Users/emanuelaharonoff/Development/code/web-js-oo-task-list-web-0616/tmpTestSupport/jasmine.js:1708:44
attemptAsync@file:///Users/emanuelaharonoff/Development/code/web-js-oo-task-list-web-0616/tmpTestSupport/jasmine.js:1520:16
run@file:///Users/emanuelaharonoff/Development/code/web-js-oo-task-list-web-0616/tmpTestSupport/jasmine.js:1496:28
next@file:///Users/emanuelaharonoff/Development/code/web-js-oo-task-list-web-0616/tmpTestSupport/jasmine.js:1517:40
complete@file:///Users/emanuelaharonoff/Development/code/web-js-oo-task-list-web-0616/tmpTestSupport/jasmine.js:333:19
clearStack@file:///Users/emanuelaharonoff/Development/code/web-js-oo-task-list-web-0616/tmpTestSupport/jasmine.js:506:11
run@file:///Users/emanuelaharonoff/Development/code/web-js-oo-task-list-web-0616/tmpTestSupport/jasmine.js:1505:22
execute@file:///Users/emanuelaharonoff/Development/code/web-js-oo-task-list-web-0616/tmpTestSupport/jasmine.js:1485:13
queueRunnerFactory@file:///Users/emanuelaharonoff/Development/code/web-js-oo-task-list-web-0616/tmpTestSupport/jasmine.js:518:42
execute@file:///Users/emanuelaharonoff/Development/code/web-js-oo-task-list-web-0616/tmpTestSupport/jasmine.js:306:28
file:///Users/emanuelaharonoff/Development/code/web-js-oo-task-list-web-0616/tmpTestSupport/jasmine.js:1708:44
attemptAsync@file:///Users/emanuelaharonoff/Development/code/web-js-oo-task-list-web-0616/tmpTestSupport/jasmine.js:1520:16
run@file:///Users/emanuelaharonoff/Development/code/web-js-oo-task-list-web-0616/tmpTestSupport/jasmine.js:1496:28
execute@file:///Users/emanuelaharonoff/Development/code/web-js-oo-task-list-web-0616/tmpTestSupport/jasmine.js:1485:13
queueRunnerFactory@file:///Users/emanuelaharonoff/Development/code/web-js-oo-task-list-web-0616/tmpTestSupport/jasmine.js:518:42
execute@file:///Users/emanuelaharonoff/Development/code/web-js-oo-task-list-web-0616/tmpTestSupport/jasmine.js:1694:21
file:///Users/emanuelaharonoff/Development/code/web-js-oo-task-list-web-0616/tmpTestSupport/jasmine.js:1708:44
attemptAsync@file:///Users/emanuelaharonoff/Development/code/web-js-oo-task-list-web-0616/tmpTestSupport/jasmine.js:1520:16
run@file:///Users/emanuelaharonoff/Development/code/web-js-oo-task-list-web-0616/tmpTestSupport/jasmine.js:1496:28
execute@file:///Users/emanuelaharonoff/Development/code/web-js-oo-task-list-web-0616/tmpTestSupport/jasmine.js:1485:13
queueRunnerFactory@file:///Users/emanuelaharonoff/Development/code/web-js-oo-task-list-web-0616/tmpTestSupport/jasmine.js:518:42
execute@file:///Users/emanuelaharonoff/Development/code/web-js-oo-task-list-web-0616/tmpTestSupport/jasmine.js:1694:21
file:///Users/emanuelaharonoff/Development/code/web-js-oo-task-list-web-0616/tmpTestSupport/jasmine.js:1708:44
attemptAsync@file:///Users/emanuelaharonoff/Development/code/web-js-oo-task-list-web-0616/tmpTestSupport/jasmine.js:1520:16
run@file:///Users/emanuelaharonoff/Development/code/web-js-oo-task-list-web-0616/tmpTestSupport/jasmine.js:1496:28
next@file:///Users/emanuelaharonoff/Development/code/web-js-oo-task-list-web-0616/tmpTestSupport/jasmine.js:1517:40
complete@file:///Users/emanuelaharonoff/Development/code/web-js-oo-task-list-web-0616/tmpTestSupport/jasmine.js:1703:19
clearStack@file:///Users/emanuelaharonoff/Development/code/web-js-oo-task-list-web-0616/tmpTestSupport/jasmine.js:506:11
run@file:///Users/emanuelaharonoff/Development/code/web-js-oo-task-list-web-0616/tmpTestSupport/jasmine.js:1505:22
next@file:///Users/emanuelaharonoff/Development/code/web-js-oo-task-list-web-0616/tmpTestSupport/jasmine.js:1517:40
complete@file:///Users/emanuelaharonoff/Development/code/web-js-oo-task-list-web-0616/tmpTestSupport/jasmine.js:1703:19
clearStack@file:///Users/emanuelaharonoff/Development/code/web-js-oo-task-list-web-0616/tmpTestSupport/jasmine.js:506:11
run@file:///Users/emanuelaharonoff/Development/code/web-js-oo-task-list-web-0616/tmpTestSupport/jasmine.js:1505:22
next@file:///Users/emanuelaharonoff/Development/code/web-js-oo-task-list-web-0616/tmpTestSupport/jasmine.js:1517:40
complete@file:///Users/emanuelaharonoff/Development/code/web-js-oo-task-list-web-0616/tmpTestSupport/jasmine.js:333:19
clearStack@file:///Users/emanuelaharonoff/Development/code/web-js-oo-task-list-web-0616/tmpTestSupport/jasmine.js:506:11
run@file:///Users/emanuelaharonoff/Development/code/web-js-oo-task-list-web-0616/tmpTestSupport/jasmine.js:1505:22
execute@file:///Users/emanuelaharonoff/Development/code/web-js-oo-task-list-web-0616/tmpTestSupport/jasmine.js:1485:13
queueRunnerFactory@file:///Users/emanuelaharonoff/Development/code/web-js-oo-task-list-web-0616/tmpTestSupport/jasmine.js:518:42
execute@file:///Users/emanuelaharonoff/Development/code/web-js-oo-task-list-web-0616/tmpTestSupport/jasmine.js:306:28
file:///Users/emanuelaharonoff/Development/code/web-js-oo-task-list-web-0616/tmpTestSupport/jasmine.js:1708:44
attemptAsync@file:///Users/emanuelaharonoff/Development/code/web-js-oo-task-list-web-0616/tmpTestSupport/jasmine.js:1520:16
run@file:///Users/emanuelaharonoff/Development/code/web-js-oo-task-list-web-0616/tmpTestSupport/jasmine.js:1496:28
next@file:///Users/emanuelaharonoff/Development/code/web-js-oo-task-list-web-0616/tmpTestSupport/jasmine.js:1517:40
complete@file:///Users/emanuelaharonoff/Development/code/web-js-oo-task-list-web-0616/tmpTestSupport/jasmine.js:333:19
clearStack@file:///Users/emanuelaharonoff/Development/code/web-js-oo-task-list-web-0616/tmpTestSupport/jasmine.js:506:11
run@file:///Users/emanuelaharonoff/Development/code/web-js-oo-task-list-web-0616/tmpTestSupport/jasmine.js:1505:22
execute@file:///Users/emanuelaharonoff/Development/code/web-js-oo-task-list-web-0616/tmpTestSupport/jasmine.js:1485:13
queueRunnerFactory@file:///Users/emanuelaharonoff/Development/code/web-js-oo-task-list-web-0616/tmpTestSupport/jasmine.js:518:42
execute@file:///Users/emanuelaharonoff/Development/code/web-js-oo-task-list-web-0616/tmpTestSupport/jasmine.js:306:28
file:///Users/emanuelaharonoff/Development/code/web-js-oo-task-list-web-0616/tmpTestSupport/jasmine.js:1708:44
attemptAsync@file:///Users/emanuelaharonoff/Development/code/web-js-oo-task-list-web-0616/tmpTestSupport/jasmine.js:1520:16
run@file:///Users/emanuelaharonoff/Development/code/web-js-oo-task-list-web-0616/tmpTestSupport/jasmine.js:1496:28
execute@file:///Users/emanuelaharonoff/Development/code/web-js-oo-task-list-web-0616/tmpTestSupport/jasmine.js:1485:13
queueRunnerFactory@file:///Users/emanuelaharonoff/Development/code/web-js-oo-task-list-web-0616/tmpTestSupport/jasmine.js:518:42
execute@file:///Users/emanuelaharonoff/Development/code/web-js-oo-task-list-web-0616/tmpTestSupport/jasmine.js:1694:21
file:///Users/emanuelaharonoff/Development/code/web-js-oo-task-list-web-0616/tmpTestSupport/jasmine.js:1708:44
attemptAsync@file:///Users/emanuelaharonoff/Development/code/web-js-oo-task-list-web-0616/tmpTestSupport/jasmine.js:1520:16
run@file:///Users/emanuelaharonoff/Development/code/web-js-oo-task-list-web-0616/tmpTestSupport/jasmine.js:1496:28
next@file:///Users/emanuelaharonoff/Development/code/web-js-oo-task-list-web-0616/tmpTestSupport/jasmine.js:1517:40
complete@file:///Users/emanuelaharonoff/Development/code/web-js-oo-task-list-web-0616/tmpTestSupport/jasmine.js:1703:19			</failure>
			<failure type="" message="TypeError: undefined is not an object (evaluating &amp;apos;tasksController.$taskDescriptionInput&amp;apos;) in file:///Users/emanuelaharonoff/Development/code/web-js-oo-task-list-web-0616/spec/tasks.controller.spec.js (line 17)">
file:///Users/emanuelaharonoff/Development/code/web-js-oo-task-list-web-0616/spec/tasks.controller.spec.js:17:29
attemptSync@file:///Users/emanuelaharonoff/Development/code/web-js-oo-task-list-web-0616/tmpTestSupport/jasmine.js:1510:16
run@file:///Users/emanuelaharonoff/Development/code/web-js-oo-task-list-web-0616/tmpTestSupport/jasmine.js:1498:20
execute@file:///Users/emanuelaharonoff/Development/code/web-js-oo-task-list-web-0616/tmpTestSupport/jasmine.js:1485:13
queueRunnerFactory@file:///Users/emanuelaharonoff/Development/code/web-js-oo-task-list-web-0616/tmpTestSupport/jasmine.js:518:42
execute@file:///Users/emanuelaharonoff/Development/code/web-js-oo-task-list-web-0616/tmpTestSupport/jasmine.js:306:28
file:///Users/emanuelaharonoff/Development/code/web-js-oo-task-list-web-0616/tmpTestSupport/jasmine.js:1708:44
attemptAsync@file:///Users/emanuelaharonoff/Development/code/web-js-oo-task-list-web-0616/tmpTestSupport/jasmine.js:1520:16
run@file:///Users/emanuelaharonoff/Development/code/web-js-oo-task-list-web-0616/tmpTestSupport/jasmine.js:1496:28
next@file:///Users/emanuelaharonoff/Development/code/web-js-oo-task-list-web-0616/tmpTestSupport/jasmine.js:1517:40
complete@file:///Users/emanuelaharonoff/Development/code/web-js-oo-task-list-web-0616/tmpTestSupport/jasmine.js:333:19
clearStack@file:///Users/emanuelaharonoff/Development/code/web-js-oo-task-list-web-0616/tmpTestSupport/jasmine.js:506:11
run@file:///Users/emanuelaharonoff/Development/code/web-js-oo-task-list-web-0616/tmpTestSupport/jasmine.js:1505:22
execute@file:///Users/emanuelaharonoff/Development/code/web-js-oo-task-list-web-0616/tmpTestSupport/jasmine.js:1485:13
queueRunnerFactory@file:///Users/emanuelaharonoff/Development/code/web-js-oo-task-list-web-0616/tmpTestSupport/jasmine.js:518:42
execute@file:///Users/emanuelaharonoff/Development/code/web-js-oo-task-list-web-0616/tmpTestSupport/jasmine.js:306:28
file:///Users/emanuelaharonoff/Development/code/web-js-oo-task-list-web-0616/tmpTestSupport/jasmine.js:1708:44
attemptAsync@file:///Users/emanuelaharonoff/Development/code/web-js-oo-task-list-web-0616/tmpTestSupport/jasmine.js:1520:16
run@file:///Users/emanuelaharonoff/Development/code/web-js-oo-task-list-web-0616/tmpTestSupport/jasmine.js:1496:28
execute@file:///Users/emanuelaharonoff/Development/code/web-js-oo-task-list-web-0616/tmpTestSupport/jasmine.js:1485:13
queueRunnerFactory@file:///Users/emanuelaharonoff/Development/code/web-js-oo-task-list-web-0616/tmpTestSupport/jasmine.js:518:42
execute@file:///Users/emanuelaharonoff/Development/code/web-js-oo-task-list-web-0616/tmpTestSupport/jasmine.js:1694:21
file:///Users/emanuelaharonoff/Development/code/web-js-oo-task-list-web-0616/tmpTestSupport/jasmine.js:1708:44
attemptAsync@file:///Users/emanuelaharonoff/Development/code/web-js-oo-task-list-web-0616/tmpTestSupport/jasmine.js:1520:16
run@file:///Users/emanuelaharonoff/Development/code/web-js-oo-task-list-web-0616/tmpTestSupport/jasmine.js:1496:28
execute@file:///Users/emanuelaharonoff/Development/code/web-js-oo-task-list-web-0616/tmpTestSupport/jasmine.js:1485:13
queueRunnerFactory@file:///Users/emanuelaharonoff/Development/code/web-js-oo-task-list-web-0616/tmpTestSupport/jasmine.js:518:42
execute@file:///Users/emanuelaharonoff/Development/code/web-js-oo-task-list-web-0616/tmpTestSupport/jasmine.js:1694:21
file:///Users/emanuelaharonoff/Development/code/web-js-oo-task-list-web-0616/tmpTestSupport/jasmine.js:1708:44
attemptAsync@file:///Users/emanuelaharonoff/Development/code/web-js-oo-task-list-web-0616/tmpTestSupport/jasmine.js:1520:16
run@file:///Users/emanuelaharonoff/Development/code/web-js-oo-task-list-web-0616/tmpTestSupport/jasmine.js:1496:28
next@file:///Users/emanuelaharonoff/Development/code/web-js-oo-task-list-web-0616/tmpTestSupport/jasmine.js:1517:40
complete@file:///Users/emanuelaharonoff/Development/code/web-js-oo-task-list-web-0616/tmpTestSupport/jasmine.js:1703:19
clearStack@file:///Users/emanuelaharonoff/Development/code/web-js-oo-task-list-web-0616/tmpTestSupport/jasmine.js:506:11
run@file:///Users/emanuelaharonoff/Development/code/web-js-oo-task-list-web-0616/tmpTestSupport/jasmine.js:1505:22
next@file:///Users/emanuelaharonoff/Development/code/web-js-oo-task-list-web-0616/tmpTestSupport/jasmine.js:1517:40
complete@file:///Users/emanuelaharonoff/Development/code/web-js-oo-task-list-web-0616/tmpTestSupport/jasmine.js:1703:19
clearStack@file:///Users/emanuelaharonoff/Development/code/web-js-oo-task-list-web-0616/tmpTestSupport/jasmine.js:506:11
run@file:///Users/emanuelaharonoff/Development/code/web-js-oo-task-list-web-0616/tmpTestSupport/jasmine.js:1505:22
next@file:///Users/emanuelaharonoff/Development/code/web-js-oo-task-list-web-0616/tmpTestSupport/jasmine.js:1517:40
complete@file:///Users/emanuelaharonoff/Development/code/web-js-oo-task-list-web-0616/tmpTestSupport/jasmine.js:333:19
clearStack@file:///Users/emanuelaharonoff/Development/code/web-js-oo-task-list-web-0616/tmpTestSupport/jasmine.js:506:11
run@file:///Users/emanuelaharonoff/Development/code/web-js-oo-task-list-web-0616/tmpTestSupport/jasmine.js:1505:22
execute@file:///Users/emanuelaharonoff/Development/code/web-js-oo-task-list-web-0616/tmpTestSupport/jasmine.js:1485:13
queueRunnerFactory@file:///Users/emanuelaharonoff/Development/code/web-js-oo-task-list-web-0616/tmpTestSupport/jasmine.js:518:42
execute@file:///Users/emanuelaharonoff/Development/code/web-js-oo-task-list-web-0616/tmpTestSupport/jasmine.js:306:28
file:///Users/emanuelaharonoff/Development/code/web-js-oo-task-list-web-0616/tmpTestSupport/jasmine.js:1708:44
attemptAsync@file:///Users/emanuelaharonoff/Development/code/web-js-oo-task-list-web-0616/tmpTestSupport/jasmine.js:1520:16
run@file:///Users/emanuelaharonoff/Development/code/web-js-oo-task-list-web-0616/tmpTestSupport/jasmine.js:1496:28
next@file:///Users/emanuelaharonoff/Development/code/web-js-oo-task-list-web-0616/tmpTestSupport/jasmine.js:1517:40
complete@file:///Users/emanuelaharonoff/Development/code/web-js-oo-task-list-web-0616/tmpTestSupport/jasmine.js:333:19
clearStack@file:///Users/emanuelaharonoff/Development/code/web-js-oo-task-list-web-0616/tmpTestSupport/jasmine.js:506:11
run@file:///Users/emanuelaharonoff/Development/code/web-js-oo-task-list-web-0616/tmpTestSupport/jasmine.js:1505:22
execute@file:///Users/emanuelaharonoff/Development/code/web-js-oo-task-list-web-0616/tmpTestSupport/jasmine.js:1485:13
queueRunnerFactory@file:///Users/emanuelaharonoff/Development/code/web-js-oo-task-list-web-0616/tmpTestSupport/jasmine.js:518:42
execute@file:///Users/emanuelaharonoff/Development/code/web-js-oo-task-list-web-0616/tmpTestSupport/jasmine.js:306:28
file:///Users/emanuelaharonoff/Development/code/web-js-oo-task-list-web-0616/tmpTestSupport/jasmine.js:1708:44
attemptAsync@file:///Users/emanuelaharonoff/Development/code/web-js-oo-task-list-web-0616/tmpTestSupport/jasmine.js:1520:16
run@file:///Users/emanuelaharonoff/Development/code/web-js-oo-task-list-web-0616/tmpTestSupport/jasmine.js:1496:28
next@file:///Users/emanuelaharonoff/Development/code/web-js-oo-task-list-web-0616/tmpTestSupport/jasmine.js:1517:40
complete@file:///Users/emanuelaharonoff/Development/code/web-js-oo-task-list-web-0616/tmpTestSupport/jasmine.js:333:19
clearStack@file:///Users/emanuelaharonoff/Development/code/web-js-oo-task-list-web-0616/tmpTestSupport/jasmine.js:506:11
run@file:///Users/emanuelaharonoff/Development/code/web-js-oo-task-list-web-0616/tmpTestSupport/jasmine.js:1505:22
execute@file:///Users/emanuelaharonoff/Development/code/web-js-oo-task-list-web-0616/tmpTestSupport/jasmine.js:1485:13
queueRunnerFactory@file:///Users/emanuelaharonoff/Development/code/web-js-oo-task-list-web-0616/tmpTestSupport/jasmine.js:518:42
execute@file:///Users/emanuelaharonoff/Development/code/web-js-oo-task-list-web-0616/tmpTestSupport/jasmine.js:306:28
file:///Users/emanuelaharonoff/Development/code/web-js-oo-task-list-web-0616/tmpTestSupport/jasmine.js:1708:44
attemptAsync@file:///Users/emanuelaharonoff/Development/code/web-js-oo-task-list-web-0616/tmpTestSupport/jasmine.js:1520:16
run@file:///Users/emanuelaharonoff/Development/code/web-js-oo-task-list-web-0616/tmpTestSupport/jasmine.js:1496:28
next@file:///Users/emanuelaharonoff/Development/code/web-js-oo-task-list-web-0616/tmpTestSupport/jasmine.js:1517:40
complete@file:///Users/emanuelaharonoff/Development/code/web-js-oo-task-list-web-0616/tmpTestSupport/jasmine.js:333:19
clearStack@file:///Users/emanuelaharonoff/Development/code/web-js-oo-task-list-web-0616/tmpTestSupport/jasmine.js:506:11
run@file:///Users/emanuelaharonoff/Development/code/web-js-oo-task-list-web-0616/tmpTestSupport/jasmine.js:1505:22
execute@file:///Users/emanuelaharonoff/Development/code/web-js-oo-task-list-web-0616/tmpTestSupport/jasmine.js:1485:13
queueRunnerFactory@file:///Users/emanuelaharonoff/Development/code/web-js-oo-task-list-web-0616/tmpTestSupport/jasmine.js:518:42
execute@file:///Users/emanuelaharonoff/Development/code/web-js-oo-task-list-web-0616/tmpTestSupport/jasmine.js:306:28
file:///Users/emanuelaharonoff/Development/code/web-js-oo-task-list-web-0616/tmpTestSupport/jasmine.js:1708:44
attemptAsync@file:///Users/emanuelaharonoff/Development/code/web-js-oo-task-list-web-0616/tmpTestSupport/jasmine.js:1520:16
run@file:///Users/emanuelaharonoff/Development/code/web-js-oo-task-list-web-0616/tmpTestSupport/jasmine.js:1496:28
execute@file:///Users/emanuelaharonoff/Development/code/web-js-oo-task-list-web-0616/tmpTestSupport/jasmine.js:1485:13
queueRunnerFactory@file:///Users/emanuelaharonoff/Development/code/web-js-oo-task-list-web-0616/tmpTestSupport/jasmine.js:518:42
execute@file:///Users/emanuelaharonoff/Development/code/web-js-oo-task-list-web-0616/tmpTestSupport/jasmine.js:1694:21
file:///Users/emanuelaharonoff/Development/code/web-js-oo-task-list-web-0616/tmpTestSupport/jasmine.js:1708:44
attemptAsync@file:///Users/emanuelaharonoff/Development/code/web-js-oo-task-list-web-0616/tmpTestSupport/jasmine.js:1520:16
run@file:///Users/emanuelaharonoff/Development/code/web-js-oo-task-list-web-0616/tmpTestSupport/jasmine.js:1496:28
next@file:///Users/emanuelaharonoff/Development/code/web-js-oo-task-list-web-0616/tmpTestSupport/jasmine.js:1517:40
complete@file:///Users/emanuelaharonoff/Development/code/web-js-oo-task-list-web-0616/tmpTestSupport/jasmine.js:1703:19
clearStack@file:///Users/emanuelaharonoff/Development/code/web-js-oo-task-list-web-0616/tmpTestSupport/jasmine.js:506:11
run@file:///Users/emanuelaharonoff/Development/code/web-js-oo-task-list-web-0616/tmpTestSupport/jasmine.js:1505:22
next@file:///Users/emanuelaharonoff/Development/code/web-js-oo-task-list-web-0616/tmpTestSupport/jasmine.js:1517:40
complete@file:///Users/emanuelaharonoff/Development/code/web-js-oo-task-list-web-0616/tmpTestSupport/jasmine.js:333:19
clearStack@file:///Users/emanuelaharonoff/Development/code/web-js-oo-task-list-web-0616/tmpTestSupport/jasmine.js:506:11
run@file:///Users/emanuelaharonoff/Development/code/web-js-oo-task-list-web-0616/tmpTestSupport/jasmine.js:1505:22
execute@file:///Users/emanuelaharonoff/Development/code/web-js-oo-task-list-web-0616/tmpTestSupport/jasmine.js:1485:13
queueRunnerFactory@file:///Users/emanuelaharonoff/Development/code/web-js-oo-task-list-web-0616/tmpTestSupport/jasmine.js:518:42
execute@file:///Users/emanuelaharonoff/Development/code/web-js-oo-task-list-web-0616/tmpTestSupport/jasmine.js:306:28
file:///Users/emanuelaharonoff/Development/code/web-js-oo-task-list-web-0616/tmpTestSupport/jasmine.js:1708:44
attemptAsync@file:///Users/emanuelaharonoff/Development/code/web-js-oo-task-list-web-0616/tmpTestSupport/jasmine.js:1520:16
run@file:///Users/emanuelaharonoff/Development/code/web-js-oo-task-list-web-0616/tmpTestSupport/jasmine.js:1496:28
next@file:///Users/emanuelaharonoff/Development/code/web-js-oo-task-list-web-0616/tmpTestSupport/jasmine.js:1517:40
complete@file:///Users/emanuelaharonoff/Development/code/web-js-oo-task-list-web-0616/tmpTestSupport/jasmine.js:333:19
clearStack@file:///Users/emanuelaharonoff/Development/code/web-js-oo-task-list-web-0616/tmpTestSupport/jasmine.js:506:11
run@file:///Users/emanuelaharonoff/Development/code/web-js-oo-task-list-web-0616/tmpTestSupport/jasmine.js:1505:22
execute@file:///Users/emanuelaharonoff/Development/code/web-js-oo-task-list-web-0616/tmpTestSupport/jasmine.js:1485:13
queueRunnerFactory@file:///Users/emanuelaharonoff/Development/code/web-js-oo-task-list-web-0616/tmpTestSupport/jasmine.js:518:42
execute@file:///Users/emanuelaharonoff/Development/code/web-js-oo-task-list-web-0616/tmpTestSupport/jasmine.js:306:28
file:///Users/emanuelaharonoff/Development/code/web-js-oo-task-list-web-0616/tmpTestSupport/jasmine.js:1708:44
attemptAsync@file:///Users/emanuelaharonoff/Development/code/web-js-oo-task-list-web-0616/tmpTestSupport/jasmine.js:1520:16
run@file:///Users/emanuelaharonoff/Development/code/web-js-oo-task-list-web-0616/tmpTestSupport/jasmine.js:1496:28
next@file:///Users/emanuelaharonoff/Development/code/web-js-oo-task-list-web-0616/tmpTestSupport/jasmine.js:1517:40
complete@file:///Users/emanuelaharonoff/Development/code/web-js-oo-task-list-web-0616/tmpTestSupport/jasmine.js:333:19
clearStack@file:///Users/emanuelaharonoff/Development/code/web-js-oo-task-list-web-0616/tmpTestSupport/jasmine.js:506:11
run@file:///Users/emanuelaharonoff/Development/code/web-js-oo-task-list-web-0616/tmpTestSupport/jasmine.js:1505:22
execute@file:///Users/emanuelaharonoff/Development/code/web-js-oo-task-list-web-0616/tmpTestSupport/jasmine.js:1485:13
queueRunnerFactory@file:///Users/emanuelaharonoff/Development/code/web-js-oo-task-list-web-0616/tmpTestSupport/jasmine.js:518:42
execute@file:///Users/emanuelaharonoff/Development/code/web-js-oo-task-list-web-0616/tmpTestSupport/jasmine.js:306:28
file:///Users/emanuelaharonoff/Development/code/web-js-oo-task-list-web-0616/tmpTestSupport/jasmine.js:1708:44
attemptAsync@file:///Users/emanuelaharonoff/Development/code/web-js-oo-task-list-web-0616/tmpTestSupport/jasmine.js:1520:16
run@file:///Users/emanuelaharonoff/Development/code/web-js-oo-task-list-web-0616/tmpTestSupport/jasmine.js:1496:28
next@file:///Users/emanuelaharonoff/Development/code/web-js-oo-task-list-web-0616/tmpTestSupport/jasmine.js:1517:40
complete@file:///Users/emanuelaharonoff/Development/code/web-js-oo-task-list-web-0616/tmpTestSupport/jasmine.js:333:19
clearStack@file:///Users/emanuelaharonoff/Development/code/web-js-oo-task-list-web-0616/tmpTestSupport/jasmine.js:506:11
run@file:///Users/emanuelaharonoff/Development/code/web-js-oo-task-list-web-0616/tmpTestSupport/jasmine.js:1505:22
execute@file:///Users/emanuelaharonoff/Development/code/web-js-oo-task-list-web-0616/tmpTestSupport/jasmine.js:1485:13
queueRunnerFactory@file:///Users/emanuelaharonoff/Development/code/web-js-oo-task-list-web-0616/tmpTestSupport/jasmine.js:518:42
execute@file:///Users/emanuelaharonoff/Development/code/web-js-oo-task-list-web-0616/tmpTestSupport/jasmine.js:306:28
file:///Users/emanuelaharonoff/Development/code/web-js-oo-task-list-web-0616/tmpTestSupport/jasmine.js:1708:44
attemptAsync@file:///Users/emanuelaharonoff/Development/code/web-js-oo-task-list-web-0616/tmpTestSupport/jasmine.js:1520:16
run@file:///Users/emanuelaharonoff/Development/code/web-js-oo-task-list-web-0616/tmpTestSupport/jasmine.js:1496:28
next@file:///Users/emanuelaharonoff/Development/code/web-js-oo-task-list-web-0616/tmpTestSupport/jasmine.js:1517:40
complete@file:///Users/emanuelaharonoff/Development/code/web-js-oo-task-list-web-0616/tmpTestSupport/jasmine.js:333:19
clearStack@file:///Users/emanuelaharonoff/Development/code/web-js-oo-task-list-web-0616/tmpTestSupport/jasmine.js:506:11
run@file:///Users/emanuelaharonoff/Development/code/web-js-oo-task-list-web-0616/tmpTestSupport/jasmine.js:1505:22
execute@file:///Users/emanuelaharonoff/Development/code/web-js-oo-task-list-web-0616/tmpTestSupport/jasmine.js:1485:13
queueRunnerFactory@file:///Users/emanuelaharonoff/Development/code/web-js-oo-task-list-web-0616/tmpTestSupport/jasmine.js:518:42
execute@file:///Users/emanuelaharonoff/Development/code/web-js-oo-task-list-web-0616/tmpTestSupport/jasmine.js:306:28
file:///Users/emanuelaharonoff/Development/code/web-js-oo-task-list-web-0616/tmpTestSupport/jasmine.js:1708:44
attemptAsync@file:///Users/emanuelaharonoff/Development/code/web-js-oo-task-list-web-0616/tmpTestSupport/jasmine.js:1520:16
run@file:///Users/emanuelaharonoff/Development/code/web-js-oo-task-list-web-0616/tmpTestSupport/jasmine.js:1496:28
execute@file:///Users/emanuelaharonoff/Development/code/web-js-oo-task-list-web-0616/tmpTestSupport/jasmine.js:1485:13
queueRunnerFactory@file:///Users/emanuelaharonoff/Development/code/web-js-oo-task-list-web-0616/tmpTestSupport/jasmine.js:518:42
execute@file:///Users/emanuelaharonoff/Development/code/web-js-oo-task-list-web-0616/tmpTestSupport/jasmine.js:1694:21
file:///Users/emanuelaharonoff/Development/code/web-js-oo-task-list-web-0616/tmpTestSupport/jasmine.js:1708:44
attemptAsync@file:///Users/emanuelaharonoff/Development/code/web-js-oo-task-list-web-0616/tmpTestSupport/jasmine.js:1520:16
run@file:///Users/emanuelaharonoff/Development/code/web-js-oo-task-list-web-0616/tmpTestSupport/jasmine.js:1496:28
execute@file:///Users/emanuelaharonoff/Development/code/web-js-oo-task-list-web-0616/tmpTestSupport/jasmine.js:1485:13
queueRunnerFactory@file:///Users/emanuelaharonoff/Development/code/web-js-oo-task-list-web-0616/tmpTestSupport/jasmine.js:518:42
execute@file:///Users/emanuelaharonoff/Development/code/web-js-oo-task-list-web-0616/tmpTestSupport/jasmine.js:1694:21
file:///Users/emanuelaharonoff/Development/code/web-js-oo-task-list-web-0616/tmpTestSupport/jasmine.js:1708:44
attemptAsync@file:///Users/emanuelaharonoff/Development/code/web-js-oo-task-list-web-0616/tmpTestSupport/jasmine.js:1520:16
run@file:///Users/emanuelaharonoff/Development/code/web-js-oo-task-list-web-0616/tmpTestSupport/jasmine.js:1496:28
next@file:///Users/emanuelaharonoff/Development/code/web-js-oo-task-list-web-0616/tmpTestSupport/jasmine.js:1517:40
complete@file:///Users/emanuelaharonoff/Development/code/web-js-oo-task-list-web-0616/tmpTestSupport/jasmine.js:1703:19
clearStack@file:///Users/emanuelaharonoff/Development/code/web-js-oo-task-list-web-0616/tmpTestSupport/jasmine.js:506:11
run@file:///Users/emanuelaharonoff/Development/code/web-js-oo-task-list-web-0616/tmpTestSupport/jasmine.js:1505:22
next@file:///Users/emanuelaharonoff/Development/code/web-js-oo-task-list-web-0616/tmpTestSupport/jasmine.js:1517:40
complete@file:///Users/emanuelaharonoff/Development/code/web-js-oo-task-list-web-0616/tmpTestSupport/jasmine.js:1703:19
clearStack@file:///Users/emanuelaharonoff/Development/code/web-js-oo-task-list-web-0616/tmpTestSupport/jasmine.js:506:11
run@file:///Users/emanuelaharonoff/Development/code/web-js-oo-task-list-web-0616/tmpTestSupport/jasmine.js:1505:22
next@file:///Users/emanuelaharonoff/Development/code/web-js-oo-task-list-web-0616/tmpTestSupport/jasmine.js:1517:40
complete@file:///Users/emanuelaharonoff/Development/code/web-js-oo-task-list-web-0616/tmpTestSupport/jasmine.js:333:19
clearStack@file:///Users/emanuelaharonoff/Development/code/web-js-oo-task-list-web-0616/tmpTestSupport/jasmine.js:506:11
run@file:///Users/emanuelaharonoff/Development/code/web-js-oo-task-list-web-0616/tmpTestSupport/jasmine.js:1505:22
execute@file:///Users/emanuelaharonoff/Development/code/web-js-oo-task-list-web-0616/tmpTestSupport/jasmine.js:1485:13
queueRunnerFactory@file:///Users/emanuelaharonoff/Development/code/web-js-oo-task-list-web-0616/tmpTestSupport/jasmine.js:518:42
execute@file:///Users/emanuelaharonoff/Development/code/web-js-oo-task-list-web-0616/tmpTestSupport/jasmine.js:306:28
file:///Users/emanuelaharonoff/Development/code/web-js-oo-task-list-web-0616/tmpTestSupport/jasmine.js:1708:44
attemptAsync@file:///Users/emanuelaharonoff/Development/code/web-js-oo-task-list-web-0616/tmpTestSupport/jasmine.js:1520:16
run@file:///Users/emanuelaharonoff/Development/code/web-js-oo-task-list-web-0616/tmpTestSupport/jasmine.js:1496:28
next@file:///Users/emanuelaharonoff/Development/code/web-js-oo-task-list-web-0616/tmpTestSupport/jasmine.js:1517:40
complete@file:///Users/emanuelaharonoff/Development/code/web-js-oo-task-list-web-0616/tmpTestSupport/jasmine.js:333:19
clearStack@file:///Users/emanuelaharonoff/Development/code/web-js-oo-task-list-web-0616/tmpTestSupport/jasmine.js:506:11
run@file:///Users/emanuelaharonoff/Development/code/web-js-oo-task-list-web-0616/tmpTestSupport/jasmine.js:1505:22
execute@file:///Users/emanuelaharonoff/Development/code/web-js-oo-task-list-web-0616/tmpTestSupport/jasmine.js:1485:13
queueRunnerFactory@file:///Users/emanuelaharonoff/Development/code/web-js-oo-task-list-web-0616/tmpTestSupport/jasmine.js:518:42
execute@file:///Users/emanuelaharonoff/Development/code/web-js-oo-task-list-web-0616/tmpTestSupport/jasmine.js:306:28
file:///Users/emanuelaharonoff/Development/code/web-js-oo-task-list-web-0616/tmpTestSupport/jasmine.js:1708:44
attemptAsync@file:///Users/emanuelaharonoff/Development/code/web-js-oo-task-list-web-0616/tmpTestSupport/jasmine.js:1520:16
run@file:///Users/emanuelaharonoff/Development/code/web-js-oo-task-list-web-0616/tmpTestSupport/jasmine.js:1496:28
execute@file:///Users/emanuelaharonoff/Development/code/web-js-oo-task-list-web-0616/tmpTestSupport/jasmine.js:1485:13
queueRunnerFactory@file:///Users/emanuelaharonoff/Development/code/web-js-oo-task-list-web-0616/tmpTestSupport/jasmine.js:518:42
execute@file:///Users/emanuelaharonoff/Development/code/web-js-oo-task-list-web-0616/tmpTestSupport/jasmine.js:1694:21
file:///Users/emanuelaharonoff/Development/code/web-js-oo-task-list-web-0616/tmpTestSupport/jasmine.js:1708:44
attemptAsync@file:///Users/emanuelaharonoff/Development/code/web-js-oo-task-list-web-0616/tmpTestSupport/jasmine.js:1520:16
run@file:///Users/emanuelaharonoff/Development/code/web-js-oo-task-list-web-0616/tmpTestSupport/jasmine.js:1496:28
next@file:///Users/emanuelaharonoff/Development/code/web-js-oo-task-list-web-0616/tmpTestSupport/jasmine.js:1517:40
complete@file:///Users/emanuelaharonoff/Development/code/web-js-oo-task-list-web-0616/tmpTestSupport/jasmine.js:1703:19			</failure>
		</testcase>
		<testcase classname="Tasks Controller" name="creating a new TasksController should have a $selectListMenu property that holds a selected element with the id &amp;apos;#select_list&amp;apos;" time="0.002">
			<failure type="" message="ReferenceError: Can&amp;apos;t find variable: TasksController in file:///Users/emanuelaharonoff/Development/code/web-js-oo-task-list-web-0616/spec/tasks.controller.spec.js (line 7)">
file:///Users/emanuelaharonoff/Development/code/web-js-oo-task-list-web-0616/spec/tasks.controller.spec.js:7:42
attemptSync@file:///Users/emanuelaharonoff/Development/code/web-js-oo-task-list-web-0616/tmpTestSupport/jasmine.js:1510:16
run@file:///Users/emanuelaharonoff/Development/code/web-js-oo-task-list-web-0616/tmpTestSupport/jasmine.js:1498:20
execute@file:///Users/emanuelaharonoff/Development/code/web-js-oo-task-list-web-0616/tmpTestSupport/jasmine.js:1485:13
queueRunnerFactory@file:///Users/emanuelaharonoff/Development/code/web-js-oo-task-list-web-0616/tmpTestSupport/jasmine.js:518:42
execute@file:///Users/emanuelaharonoff/Development/code/web-js-oo-task-list-web-0616/tmpTestSupport/jasmine.js:306:28
file:///Users/emanuelaharonoff/Development/code/web-js-oo-task-list-web-0616/tmpTestSupport/jasmine.js:1708:44
attemptAsync@file:///Users/emanuelaharonoff/Development/code/web-js-oo-task-list-web-0616/tmpTestSupport/jasmine.js:1520:16
run@file:///Users/emanuelaharonoff/Development/code/web-js-oo-task-list-web-0616/tmpTestSupport/jasmine.js:1496:28
next@file:///Users/emanuelaharonoff/Development/code/web-js-oo-task-list-web-0616/tmpTestSupport/jasmine.js:1517:40
complete@file:///Users/emanuelaharonoff/Development/code/web-js-oo-task-list-web-0616/tmpTestSupport/jasmine.js:333:19
clearStack@file:///Users/emanuelaharonoff/Development/code/web-js-oo-task-list-web-0616/tmpTestSupport/jasmine.js:506:11
run@file:///Users/emanuelaharonoff/Development/code/web-js-oo-task-list-web-0616/tmpTestSupport/jasmine.js:1505:22
execute@file:///Users/emanuelaharonoff/Development/code/web-js-oo-task-list-web-0616/tmpTestSupport/jasmine.js:1485:13
queueRunnerFactory@file:///Users/emanuelaharonoff/Development/code/web-js-oo-task-list-web-0616/tmpTestSupport/jasmine.js:518:42
execute@file:///Users/emanuelaharonoff/Development/code/web-js-oo-task-list-web-0616/tmpTestSupport/jasmine.js:306:28
file:///Users/emanuelaharonoff/Development/code/web-js-oo-task-list-web-0616/tmpTestSupport/jasmine.js:1708:44
attemptAsync@file:///Users/emanuelaharonoff/Development/code/web-js-oo-task-list-web-0616/tmpTestSupport/jasmine.js:1520:16
run@file:///Users/emanuelaharonoff/Development/code/web-js-oo-task-list-web-0616/tmpTestSupport/jasmine.js:1496:28
next@file:///Users/emanuelaharonoff/Development/code/web-js-oo-task-list-web-0616/tmpTestSupport/jasmine.js:1517:40
complete@file:///Users/emanuelaharonoff/Development/code/web-js-oo-task-list-web-0616/tmpTestSupport/jasmine.js:333:19
clearStack@file:///Users/emanuelaharonoff/Development/code/web-js-oo-task-list-web-0616/tmpTestSupport/jasmine.js:506:11
run@file:///Users/emanuelaharonoff/Development/code/web-js-oo-task-list-web-0616/tmpTestSupport/jasmine.js:1505:22
execute@file:///Users/emanuelaharonoff/Development/code/web-js-oo-task-list-web-0616/tmpTestSupport/jasmine.js:1485:13
queueRunnerFactory@file:///Users/emanuelaharonoff/Development/code/web-js-oo-task-list-web-0616/tmpTestSupport/jasmine.js:518:42
execute@file:///Users/emanuelaharonoff/Development/code/web-js-oo-task-list-web-0616/tmpTestSupport/jasmine.js:306:28
file:///Users/emanuelaharonoff/Development/code/web-js-oo-task-list-web-0616/tmpTestSupport/jasmine.js:1708:44
attemptAsync@file:///Users/emanuelaharonoff/Development/code/web-js-oo-task-list-web-0616/tmpTestSupport/jasmine.js:1520:16
run@file:///Users/emanuelaharonoff/Development/code/web-js-oo-task-list-web-0616/tmpTestSupport/jasmine.js:1496:28
execute@file:///Users/emanuelaharonoff/Development/code/web-js-oo-task-list-web-0616/tmpTestSupport/jasmine.js:1485:13
queueRunnerFactory@file:///Users/emanuelaharonoff/Development/code/web-js-oo-task-list-web-0616/tmpTestSupport/jasmine.js:518:42
execute@file:///Users/emanuelaharonoff/Development/code/web-js-oo-task-list-web-0616/tmpTestSupport/jasmine.js:1694:21
file:///Users/emanuelaharonoff/Development/code/web-js-oo-task-list-web-0616/tmpTestSupport/jasmine.js:1708:44
attemptAsync@file:///Users/emanuelaharonoff/Development/code/web-js-oo-task-list-web-0616/tmpTestSupport/jasmine.js:1520:16
run@file:///Users/emanuelaharonoff/Development/code/web-js-oo-task-list-web-0616/tmpTestSupport/jasmine.js:1496:28
execute@file:///Users/emanuelaharonoff/Development/code/web-js-oo-task-list-web-0616/tmpTestSupport/jasmine.js:1485:13
queueRunnerFactory@file:///Users/emanuelaharonoff/Development/code/web-js-oo-task-list-web-0616/tmpTestSupport/jasmine.js:518:42
execute@file:///Users/emanuelaharonoff/Development/code/web-js-oo-task-list-web-0616/tmpTestSupport/jasmine.js:1694:21
file:///Users/emanuelaharonoff/Development/code/web-js-oo-task-list-web-0616/tmpTestSupport/jasmine.js:1708:44
attemptAsync@file:///Users/emanuelaharonoff/Development/code/web-js-oo-task-list-web-0616/tmpTestSupport/jasmine.js:1520:16
run@file:///Users/emanuelaharonoff/Development/code/web-js-oo-task-list-web-0616/tmpTestSupport/jasmine.js:1496:28
next@file:///Users/emanuelaharonoff/Development/code/web-js-oo-task-list-web-0616/tmpTestSupport/jasmine.js:1517:40
complete@file:///Users/emanuelaharonoff/Development/code/web-js-oo-task-list-web-0616/tmpTestSupport/jasmine.js:1703:19
clearStack@file:///Users/emanuelaharonoff/Development/code/web-js-oo-task-list-web-0616/tmpTestSupport/jasmine.js:506:11
run@file:///Users/emanuelaharonoff/Development/code/web-js-oo-task-list-web-0616/tmpTestSupport/jasmine.js:1505:22
next@file:///Users/emanuelaharonoff/Development/code/web-js-oo-task-list-web-0616/tmpTestSupport/jasmine.js:1517:40
complete@file:///Users/emanuelaharonoff/Development/code/web-js-oo-task-list-web-0616/tmpTestSupport/jasmine.js:1703:19
clearStack@file:///Users/emanuelaharonoff/Development/code/web-js-oo-task-list-web-0616/tmpTestSupport/jasmine.js:506:11
run@file:///Users/emanuelaharonoff/Development/code/web-js-oo-task-list-web-0616/tmpTestSupport/jasmine.js:1505:22
next@file:///Users/emanuelaharonoff/Development/code/web-js-oo-task-list-web-0616/tmpTestSupport/jasmine.js:1517:40
complete@file:///Users/emanuelaharonoff/Development/code/web-js-oo-task-list-web-0616/tmpTestSupport/jasmine.js:333:19
clearStack@file:///Users/emanuelaharonoff/Development/code/web-js-oo-task-list-web-0616/tmpTestSupport/jasmine.js:506:11
run@file:///Users/emanuelaharonoff/Development/code/web-js-oo-task-list-web-0616/tmpTestSupport/jasmine.js:1505:22
execute@file:///Users/emanuelaharonoff/Development/code/web-js-oo-task-list-web-0616/tmpTestSupport/jasmine.js:1485:13
queueRunnerFactory@file:///Users/emanuelaharonoff/Development/code/web-js-oo-task-list-web-0616/tmpTestSupport/jasmine.js:518:42
execute@file:///Users/emanuelaharonoff/Development/code/web-js-oo-task-list-web-0616/tmpTestSupport/jasmine.js:306:28
file:///Users/emanuelaharonoff/Development/code/web-js-oo-task-list-web-0616/tmpTestSupport/jasmine.js:1708:44
attemptAsync@file:///Users/emanuelaharonoff/Development/code/web-js-oo-task-list-web-0616/tmpTestSupport/jasmine.js:1520:16
run@file:///Users/emanuelaharonoff/Development/code/web-js-oo-task-list-web-0616/tmpTestSupport/jasmine.js:1496:28
next@file:///Users/emanuelaharonoff/Development/code/web-js-oo-task-list-web-0616/tmpTestSupport/jasmine.js:1517:40
complete@file:///Users/emanuelaharonoff/Development/code/web-js-oo-task-list-web-0616/tmpTestSupport/jasmine.js:333:19
clearStack@file:///Users/emanuelaharonoff/Development/code/web-js-oo-task-list-web-0616/tmpTestSupport/jasmine.js:506:11
run@file:///Users/emanuelaharonoff/Development/code/web-js-oo-task-list-web-0616/tmpTestSupport/jasmine.js:1505:22
execute@file:///Users/emanuelaharonoff/Development/code/web-js-oo-task-list-web-0616/tmpTestSupport/jasmine.js:1485:13
queueRunnerFactory@file:///Users/emanuelaharonoff/Development/code/web-js-oo-task-list-web-0616/tmpTestSupport/jasmine.js:518:42
execute@file:///Users/emanuelaharonoff/Development/code/web-js-oo-task-list-web-0616/tmpTestSupport/jasmine.js:306:28
file:///Users/emanuelaharonoff/Development/code/web-js-oo-task-list-web-0616/tmpTestSupport/jasmine.js:1708:44
attemptAsync@file:///Users/emanuelaharonoff/Development/code/web-js-oo-task-list-web-0616/tmpTestSupport/jasmine.js:1520:16
run@file:///Users/emanuelaharonoff/Development/code/web-js-oo-task-list-web-0616/tmpTestSupport/jasmine.js:1496:28
next@file:///Users/emanuelaharonoff/Development/code/web-js-oo-task-list-web-0616/tmpTestSupport/jasmine.js:1517:40
complete@file:///Users/emanuelaharonoff/Development/code/web-js-oo-task-list-web-0616/tmpTestSupport/jasmine.js:333:19
clearStack@file:///Users/emanuelaharonoff/Development/code/web-js-oo-task-list-web-0616/tmpTestSupport/jasmine.js:506:11
run@file:///Users/emanuelaharonoff/Development/code/web-js-oo-task-list-web-0616/tmpTestSupport/jasmine.js:1505:22
execute@file:///Users/emanuelaharonoff/Development/code/web-js-oo-task-list-web-0616/tmpTestSupport/jasmine.js:1485:13
queueRunnerFactory@file:///Users/emanuelaharonoff/Development/code/web-js-oo-task-list-web-0616/tmpTestSupport/jasmine.js:518:42
execute@file:///Users/emanuelaharonoff/Development/code/web-js-oo-task-list-web-0616/tmpTestSupport/jasmine.js:306:28
file:///Users/emanuelaharonoff/Development/code/web-js-oo-task-list-web-0616/tmpTestSupport/jasmine.js:1708:44
attemptAsync@file:///Users/emanuelaharonoff/Development/code/web-js-oo-task-list-web-0616/tmpTestSupport/jasmine.js:1520:16
run@file:///Users/emanuelaharonoff/Development/code/web-js-oo-task-list-web-0616/tmpTestSupport/jasmine.js:1496:28
next@file:///Users/emanuelaharonoff/Development/code/web-js-oo-task-list-web-0616/tmpTestSupport/jasmine.js:1517:40
complete@file:///Users/emanuelaharonoff/Development/code/web-js-oo-task-list-web-0616/tmpTestSupport/jasmine.js:333:19
clearStack@file:///Users/emanuelaharonoff/Development/code/web-js-oo-task-list-web-0616/tmpTestSupport/jasmine.js:506:11
run@file:///Users/emanuelaharonoff/Development/code/web-js-oo-task-list-web-0616/tmpTestSupport/jasmine.js:1505:22
execute@file:///Users/emanuelaharonoff/Development/code/web-js-oo-task-list-web-0616/tmpTestSupport/jasmine.js:1485:13
queueRunnerFactory@file:///Users/emanuelaharonoff/Development/code/web-js-oo-task-list-web-0616/tmpTestSupport/jasmine.js:518:42
execute@file:///Users/emanuelaharonoff/Development/code/web-js-oo-task-list-web-0616/tmpTestSupport/jasmine.js:306:28
file:///Users/emanuelaharonoff/Development/code/web-js-oo-task-list-web-0616/tmpTestSupport/jasmine.js:1708:44
attemptAsync@file:///Users/emanuelaharonoff/Development/code/web-js-oo-task-list-web-0616/tmpTestSupport/jasmine.js:1520:16
run@file:///Users/emanuelaharonoff/Development/code/web-js-oo-task-list-web-0616/tmpTestSupport/jasmine.js:1496:28
execute@file:///Users/emanuelaharonoff/Development/code/web-js-oo-task-list-web-0616/tmpTestSupport/jasmine.js:1485:13
queueRunnerFactory@file:///Users/emanuelaharonoff/Development/code/web-js-oo-task-list-web-0616/tmpTestSupport/jasmine.js:518:42
execute@file:///Users/emanuelaharonoff/Development/code/web-js-oo-task-list-web-0616/tmpTestSupport/jasmine.js:1694:21
file:///Users/emanuelaharonoff/Development/code/web-js-oo-task-list-web-0616/tmpTestSupport/jasmine.js:1708:44
attemptAsync@file:///Users/emanuelaharonoff/Development/code/web-js-oo-task-list-web-0616/tmpTestSupport/jasmine.js:1520:16
run@file:///Users/emanuelaharonoff/Development/code/web-js-oo-task-list-web-0616/tmpTestSupport/jasmine.js:1496:28
next@file:///Users/emanuelaharonoff/Development/code/web-js-oo-task-list-web-0616/tmpTestSupport/jasmine.js:1517:40
complete@file:///Users/emanuelaharonoff/Development/code/web-js-oo-task-list-web-0616/tmpTestSupport/jasmine.js:1703:19
clearStack@file:///Users/emanuelaharonoff/Development/code/web-js-oo-task-list-web-0616/tmpTestSupport/jasmine.js:506:11
run@file:///Users/emanuelaharonoff/Development/code/web-js-oo-task-list-web-0616/tmpTestSupport/jasmine.js:1505:22
next@file:///Users/emanuelaharonoff/Development/code/web-js-oo-task-list-web-0616/tmpTestSupport/jasmine.js:1517:40
complete@file:///Users/emanuelaharonoff/Development/code/web-js-oo-task-list-web-0616/tmpTestSupport/jasmine.js:333:19
clearStack@file:///Users/emanuelaharonoff/Development/code/web-js-oo-task-list-web-0616/tmpTestSupport/jasmine.js:506:11
run@file:///Users/emanuelaharonoff/Development/code/web-js-oo-task-list-web-0616/tmpTestSupport/jasmine.js:1505:22
execute@file:///Users/emanuelaharonoff/Development/code/web-js-oo-task-list-web-0616/tmpTestSupport/jasmine.js:1485:13
queueRunnerFactory@file:///Users/emanuelaharonoff/Development/code/web-js-oo-task-list-web-0616/tmpTestSupport/jasmine.js:518:42
execute@file:///Users/emanuelaharonoff/Development/code/web-js-oo-task-list-web-0616/tmpTestSupport/jasmine.js:306:28
file:///Users/emanuelaharonoff/Development/code/web-js-oo-task-list-web-0616/tmpTestSupport/jasmine.js:1708:44
attemptAsync@file:///Users/emanuelaharonoff/Development/code/web-js-oo-task-list-web-0616/tmpTestSupport/jasmine.js:1520:16
run@file:///Users/emanuelaharonoff/Development/code/web-js-oo-task-list-web-0616/tmpTestSupport/jasmine.js:1496:28
next@file:///Users/emanuelaharonoff/Development/code/web-js-oo-task-list-web-0616/tmpTestSupport/jasmine.js:1517:40
complete@file:///Users/emanuelaharonoff/Development/code/web-js-oo-task-list-web-0616/tmpTestSupport/jasmine.js:333:19
clearStack@file:///Users/emanuelaharonoff/Development/code/web-js-oo-task-list-web-0616/tmpTestSupport/jasmine.js:506:11
run@file:///Users/emanuelaharonoff/Development/code/web-js-oo-task-list-web-0616/tmpTestSupport/jasmine.js:1505:22
execute@file:///Users/emanuelaharonoff/Development/code/web-js-oo-task-list-web-0616/tmpTestSupport/jasmine.js:1485:13
queueRunnerFactory@file:///Users/emanuelaharonoff/Development/code/web-js-oo-task-list-web-0616/tmpTestSupport/jasmine.js:518:42
execute@file:///Users/emanuelaharonoff/Development/code/web-js-oo-task-list-web-0616/tmpTestSupport/jasmine.js:306:28
file:///Users/emanuelaharonoff/Development/code/web-js-oo-task-list-web-0616/tmpTestSupport/jasmine.js:1708:44
attemptAsync@file:///Users/emanuelaharonoff/Development/code/web-js-oo-task-list-web-0616/tmpTestSupport/jasmine.js:1520:16
run@file:///Users/emanuelaharonoff/Development/code/web-js-oo-task-list-web-0616/tmpTestSupport/jasmine.js:1496:28
next@file:///Users/emanuelaharonoff/Development/code/web-js-oo-task-list-web-0616/tmpTestSupport/jasmine.js:1517:40
complete@file:///Users/emanuelaharonoff/Development/code/web-js-oo-task-list-web-0616/tmpTestSupport/jasmine.js:333:19
clearStack@file:///Users/emanuelaharonoff/Development/code/web-js-oo-task-list-web-0616/tmpTestSupport/jasmine.js:506:11
run@file:///Users/emanuelaharonoff/Development/code/web-js-oo-task-list-web-0616/tmpTestSupport/jasmine.js:1505:22
execute@file:///Users/emanuelaharonoff/Development/code/web-js-oo-task-list-web-0616/tmpTestSupport/jasmine.js:1485:13
queueRunnerFactory@file:///Users/emanuelaharonoff/Development/code/web-js-oo-task-list-web-0616/tmpTestSupport/jasmine.js:518:42
execute@file:///Users/emanuelaharonoff/Development/code/web-js-oo-task-list-web-0616/tmpTestSupport/jasmine.js:306:28
file:///Users/emanuelaharonoff/Development/code/web-js-oo-task-list-web-0616/tmpTestSupport/jasmine.js:1708:44
attemptAsync@file:///Users/emanuelaharonoff/Development/code/web-js-oo-task-list-web-0616/tmpTestSupport/jasmine.js:1520:16
run@file:///Users/emanuelaharonoff/Development/code/web-js-oo-task-list-web-0616/tmpTestSupport/jasmine.js:1496:28
next@file:///Users/emanuelaharonoff/Development/code/web-js-oo-task-list-web-0616/tmpTestSupport/jasmine.js:1517:40
complete@file:///Users/emanuelaharonoff/Development/code/web-js-oo-task-list-web-0616/tmpTestSupport/jasmine.js:333:19
clearStack@file:///Users/emanuelaharonoff/Development/code/web-js-oo-task-list-web-0616/tmpTestSupport/jasmine.js:506:11
run@file:///Users/emanuelaharonoff/Development/code/web-js-oo-task-list-web-0616/tmpTestSupport/jasmine.js:1505:22
execute@file:///Users/emanuelaharonoff/Development/code/web-js-oo-task-list-web-0616/tmpTestSupport/jasmine.js:1485:13
queueRunnerFactory@file:///Users/emanuelaharonoff/Development/code/web-js-oo-task-list-web-0616/tmpTestSupport/jasmine.js:518:42
execute@file:///Users/emanuelaharonoff/Development/code/web-js-oo-task-list-web-0616/tmpTestSupport/jasmine.js:306:28
file:///Users/emanuelaharonoff/Development/code/web-js-oo-task-list-web-0616/tmpTestSupport/jasmine.js:1708:44
attemptAsync@file:///Users/emanuelaharonoff/Development/code/web-js-oo-task-list-web-0616/tmpTestSupport/jasmine.js:1520:16
run@file:///Users/emanuelaharonoff/Development/code/web-js-oo-task-list-web-0616/tmpTestSupport/jasmine.js:1496:28
next@file:///Users/emanuelaharonoff/Development/code/web-js-oo-task-list-web-0616/tmpTestSupport/jasmine.js:1517:40
complete@file:///Users/emanuelaharonoff/Development/code/web-js-oo-task-list-web-0616/tmpTestSupport/jasmine.js:333:19
clearStack@file:///Users/emanuelaharonoff/Development/code/web-js-oo-task-list-web-0616/tmpTestSupport/jasmine.js:506:11
run@file:///Users/emanuelaharonoff/Development/code/web-js-oo-task-list-web-0616/tmpTestSupport/jasmine.js:1505:22
execute@file:///Users/emanuelaharonoff/Development/code/web-js-oo-task-list-web-0616/tmpTestSupport/jasmine.js:1485:13
queueRunnerFactory@file:///Users/emanuelaharonoff/Development/code/web-js-oo-task-list-web-0616/tmpTestSupport/jasmine.js:518:42
execute@file:///Users/emanuelaharonoff/Development/code/web-js-oo-task-list-web-0616/tmpTestSupport/jasmine.js:306:28
file:///Users/emanuelaharonoff/Development/code/web-js-oo-task-list-web-0616/tmpTestSupport/jasmine.js:1708:44
attemptAsync@file:///Users/emanuelaharonoff/Development/code/web-js-oo-task-list-web-0616/tmpTestSupport/jasmine.js:1520:16
run@file:///Users/emanuelaharonoff/Development/code/web-js-oo-task-list-web-0616/tmpTestSupport/jasmine.js:1496:28
execute@file:///Users/emanuelaharonoff/Development/code/web-js-oo-task-list-web-0616/tmpTestSupport/jasmine.js:1485:13
queueRunnerFactory@file:///Users/emanuelaharonoff/Development/code/web-js-oo-task-list-web-0616/tmpTestSupport/jasmine.js:518:42
execute@file:///Users/emanuelaharonoff/Development/code/web-js-oo-task-list-web-0616/tmpTestSupport/jasmine.js:1694:21
file:///Users/emanuelaharonoff/Development/code/web-js-oo-task-list-web-0616/tmpTestSupport/jasmine.js:1708:44
attemptAsync@file:///Users/emanuelaharonoff/Development/code/web-js-oo-task-list-web-0616/tmpTestSupport/jasmine.js:1520:16
run@file:///Users/emanuelaharonoff/Development/code/web-js-oo-task-list-web-0616/tmpTestSupport/jasmine.js:1496:28
execute@file:///Users/emanuelaharonoff/Development/code/web-js-oo-task-list-web-0616/tmpTestSupport/jasmine.js:1485:13
queueRunnerFactory@file:///Users/emanuelaharonoff/Development/code/web-js-oo-task-list-web-0616/tmpTestSupport/jasmine.js:518:42
execute@file:///Users/emanuelaharonoff/Development/code/web-js-oo-task-list-web-0616/tmpTestSupport/jasmine.js:1694:21
file:///Users/emanuelaharonoff/Development/code/web-js-oo-task-list-web-0616/tmpTestSupport/jasmine.js:1708:44
attemptAsync@file:///Users/emanuelaharonoff/Development/code/web-js-oo-task-list-web-0616/tmpTestSupport/jasmine.js:1520:16
run@file:///Users/emanuelaharonoff/Development/code/web-js-oo-task-list-web-0616/tmpTestSupport/jasmine.js:1496:28
next@file:///Users/emanuelaharonoff/Development/code/web-js-oo-task-list-web-0616/tmpTestSupport/jasmine.js:1517:40
complete@file:///Users/emanuelaharonoff/Development/code/web-js-oo-task-list-web-0616/tmpTestSupport/jasmine.js:1703:19
clearStack@file:///Users/emanuelaharonoff/Development/code/web-js-oo-task-list-web-0616/tmpTestSupport/jasmine.js:506:11
run@file:///Users/emanuelaharonoff/Development/code/web-js-oo-task-list-web-0616/tmpTestSupport/jasmine.js:1505:22
next@file:///Users/emanuelaharonoff/Development/code/web-js-oo-task-list-web-0616/tmpTestSupport/jasmine.js:1517:40
complete@file:///Users/emanuelaharonoff/Development/code/web-js-oo-task-list-web-0616/tmpTestSupport/jasmine.js:1703:19
clearStack@file:///Users/emanuelaharonoff/Development/code/web-js-oo-task-list-web-0616/tmpTestSupport/jasmine.js:506:11
run@file:///Users/emanuelaharonoff/Development/code/web-js-oo-task-list-web-0616/tmpTestSupport/jasmine.js:1505:22
next@file:///Users/emanuelaharonoff/Development/code/web-js-oo-task-list-web-0616/tmpTestSupport/jasmine.js:1517:40
complete@file:///Users/emanuelaharonoff/Development/code/web-js-oo-task-list-web-0616/tmpTestSupport/jasmine.js:333:19
clearStack@file:///Users/emanuelaharonoff/Development/code/web-js-oo-task-list-web-0616/tmpTestSupport/jasmine.js:506:11
run@file:///Users/emanuelaharonoff/Development/code/web-js-oo-task-list-web-0616/tmpTestSupport/jasmine.js:1505:22
execute@file:///Users/emanuelaharonoff/Development/code/web-js-oo-task-list-web-0616/tmpTestSupport/jasmine.js:1485:13
queueRunnerFactory@file:///Users/emanuelaharonoff/Development/code/web-js-oo-task-list-web-0616/tmpTestSupport/jasmine.js:518:42
execute@file:///Users/emanuelaharonoff/Development/code/web-js-oo-task-list-web-0616/tmpTestSupport/jasmine.js:306:28
file:///Users/emanuelaharonoff/Development/code/web-js-oo-task-list-web-0616/tmpTestSupport/jasmine.js:1708:44
attemptAsync@file:///Users/emanuelaharonoff/Development/code/web-js-oo-task-list-web-0616/tmpTestSupport/jasmine.js:1520:16
run@file:///Users/emanuelaharonoff/Development/code/web-js-oo-task-list-web-0616/tmpTestSupport/jasmine.js:1496:28
next@file:///Users/emanuelaharonoff/Development/code/web-js-oo-task-list-web-0616/tmpTestSupport/jasmine.js:1517:40
complete@file:///Users/emanuelaharonoff/Development/code/web-js-oo-task-list-web-0616/tmpTestSupport/jasmine.js:333:19
clearStack@file:///Users/emanuelaharonoff/Development/code/web-js-oo-task-list-web-0616/tmpTestSupport/jasmine.js:506:11
run@file:///Users/emanuelaharonoff/Development/code/web-js-oo-task-list-web-0616/tmpTestSupport/jasmine.js:1505:22
execute@file:///Users/emanuelaharonoff/Development/code/web-js-oo-task-list-web-0616/tmpTestSupport/jasmine.js:1485:13
queueRunnerFactory@file:///Users/emanuelaharonoff/Development/code/web-js-oo-task-list-web-0616/tmpTestSupport/jasmine.js:518:42
execute@file:///Users/emanuelaharonoff/Development/code/web-js-oo-task-list-web-0616/tmpTestSupport/jasmine.js:306:28
file:///Users/emanuelaharonoff/Development/code/web-js-oo-task-list-web-0616/tmpTestSupport/jasmine.js:1708:44
attemptAsync@file:///Users/emanuelaharonoff/Development/code/web-js-oo-task-list-web-0616/tmpTestSupport/jasmine.js:1520:16
run@file:///Users/emanuelaharonoff/Development/code/web-js-oo-task-list-web-0616/tmpTestSupport/jasmine.js:1496:28
execute@file:///Users/emanuelaharonoff/Development/code/web-js-oo-task-list-web-0616/tmpTestSupport/jasmine.js:1485:13
queueRunnerFactory@file:///Users/emanuelaharonoff/Development/code/web-js-oo-task-list-web-0616/tmpTestSupport/jasmine.js:518:42
execute@file:///Users/emanuelaharonoff/Development/code/web-js-oo-task-list-web-0616/tmpTestSupport/jasmine.js:1694:21
file:///Users/emanuelaharonoff/Development/code/web-js-oo-task-list-web-0616/tmpTestSupport/jasmine.js:1708:44
attemptAsync@file:///Users/emanuelaharonoff/Development/code/web-js-oo-task-list-web-0616/tmpTestSupport/jasmine.js:1520:16
run@file:///Users/emanuelaharonoff/Development/code/web-js-oo-task-list-web-0616/tmpTestSupport/jasmine.js:1496:28
next@file:///Users/emanuelaharonoff/Development/code/web-js-oo-task-list-web-0616/tmpTestSupport/jasmine.js:1517:40
complete@file:///Users/emanuelaharonoff/Development/code/web-js-oo-task-list-web-0616/tmpTestSupport/jasmine.js:1703:19			</failure>
			<failure type="" message="TypeError: undefined is not an object (evaluating &amp;apos;tasksController.$selectListMenu&amp;apos;) in file:///Users/emanuelaharonoff/Development/code/web-js-oo-task-list-web-0616/spec/tasks.controller.spec.js (line 20)">
file:///Users/emanuelaharonoff/Development/code/web-js-oo-task-list-web-0616/spec/tasks.controller.spec.js:20:29
attemptSync@file:///Users/emanuelaharonoff/Development/code/web-js-oo-task-list-web-0616/tmpTestSupport/jasmine.js:1510:16
run@file:///Users/emanuelaharonoff/Development/code/web-js-oo-task-list-web-0616/tmpTestSupport/jasmine.js:1498:20
execute@file:///Users/emanuelaharonoff/Development/code/web-js-oo-task-list-web-0616/tmpTestSupport/jasmine.js:1485:13
queueRunnerFactory@file:///Users/emanuelaharonoff/Development/code/web-js-oo-task-list-web-0616/tmpTestSupport/jasmine.js:518:42
execute@file:///Users/emanuelaharonoff/Development/code/web-js-oo-task-list-web-0616/tmpTestSupport/jasmine.js:306:28
file:///Users/emanuelaharonoff/Development/code/web-js-oo-task-list-web-0616/tmpTestSupport/jasmine.js:1708:44
attemptAsync@file:///Users/emanuelaharonoff/Development/code/web-js-oo-task-list-web-0616/tmpTestSupport/jasmine.js:1520:16
run@file:///Users/emanuelaharonoff/Development/code/web-js-oo-task-list-web-0616/tmpTestSupport/jasmine.js:1496:28
next@file:///Users/emanuelaharonoff/Development/code/web-js-oo-task-list-web-0616/tmpTestSupport/jasmine.js:1517:40
complete@file:///Users/emanuelaharonoff/Development/code/web-js-oo-task-list-web-0616/tmpTestSupport/jasmine.js:333:19
clearStack@file:///Users/emanuelaharonoff/Development/code/web-js-oo-task-list-web-0616/tmpTestSupport/jasmine.js:506:11
run@file:///Users/emanuelaharonoff/Development/code/web-js-oo-task-list-web-0616/tmpTestSupport/jasmine.js:1505:22
execute@file:///Users/emanuelaharonoff/Development/code/web-js-oo-task-list-web-0616/tmpTestSupport/jasmine.js:1485:13
queueRunnerFactory@file:///Users/emanuelaharonoff/Development/code/web-js-oo-task-list-web-0616/tmpTestSupport/jasmine.js:518:42
execute@file:///Users/emanuelaharonoff/Development/code/web-js-oo-task-list-web-0616/tmpTestSupport/jasmine.js:306:28
file:///Users/emanuelaharonoff/Development/code/web-js-oo-task-list-web-0616/tmpTestSupport/jasmine.js:1708:44
attemptAsync@file:///Users/emanuelaharonoff/Development/code/web-js-oo-task-list-web-0616/tmpTestSupport/jasmine.js:1520:16
run@file:///Users/emanuelaharonoff/Development/code/web-js-oo-task-list-web-0616/tmpTestSupport/jasmine.js:1496:28
next@file:///Users/emanuelaharonoff/Development/code/web-js-oo-task-list-web-0616/tmpTestSupport/jasmine.js:1517:40
complete@file:///Users/emanuelaharonoff/Development/code/web-js-oo-task-list-web-0616/tmpTestSupport/jasmine.js:333:19
clearStack@file:///Users/emanuelaharonoff/Development/code/web-js-oo-task-list-web-0616/tmpTestSupport/jasmine.js:506:11
run@file:///Users/emanuelaharonoff/Development/code/web-js-oo-task-list-web-0616/tmpTestSupport/jasmine.js:1505:22
execute@file:///Users/emanuelaharonoff/Development/code/web-js-oo-task-list-web-0616/tmpTestSupport/jasmine.js:1485:13
queueRunnerFactory@file:///Users/emanuelaharonoff/Development/code/web-js-oo-task-list-web-0616/tmpTestSupport/jasmine.js:518:42
execute@file:///Users/emanuelaharonoff/Development/code/web-js-oo-task-list-web-0616/tmpTestSupport/jasmine.js:306:28
file:///Users/emanuelaharonoff/Development/code/web-js-oo-task-list-web-0616/tmpTestSupport/jasmine.js:1708:44
attemptAsync@file:///Users/emanuelaharonoff/Development/code/web-js-oo-task-list-web-0616/tmpTestSupport/jasmine.js:1520:16
run@file:///Users/emanuelaharonoff/Development/code/web-js-oo-task-list-web-0616/tmpTestSupport/jasmine.js:1496:28
execute@file:///Users/emanuelaharonoff/Development/code/web-js-oo-task-list-web-0616/tmpTestSupport/jasmine.js:1485:13
queueRunnerFactory@file:///Users/emanuelaharonoff/Development/code/web-js-oo-task-list-web-0616/tmpTestSupport/jasmine.js:518:42
execute@file:///Users/emanuelaharonoff/Development/code/web-js-oo-task-list-web-0616/tmpTestSupport/jasmine.js:1694:21
file:///Users/emanuelaharonoff/Development/code/web-js-oo-task-list-web-0616/tmpTestSupport/jasmine.js:1708:44
attemptAsync@file:///Users/emanuelaharonoff/Development/code/web-js-oo-task-list-web-0616/tmpTestSupport/jasmine.js:1520:16
run@file:///Users/emanuelaharonoff/Development/code/web-js-oo-task-list-web-0616/tmpTestSupport/jasmine.js:1496:28
execute@file:///Users/emanuelaharonoff/Development/code/web-js-oo-task-list-web-0616/tmpTestSupport/jasmine.js:1485:13
queueRunnerFactory@file:///Users/emanuelaharonoff/Development/code/web-js-oo-task-list-web-0616/tmpTestSupport/jasmine.js:518:42
execute@file:///Users/emanuelaharonoff/Development/code/web-js-oo-task-list-web-0616/tmpTestSupport/jasmine.js:1694:21
file:///Users/emanuelaharonoff/Development/code/web-js-oo-task-list-web-0616/tmpTestSupport/jasmine.js:1708:44
attemptAsync@file:///Users/emanuelaharonoff/Development/code/web-js-oo-task-list-web-0616/tmpTestSupport/jasmine.js:1520:16
run@file:///Users/emanuelaharonoff/Development/code/web-js-oo-task-list-web-0616/tmpTestSupport/jasmine.js:1496:28
next@file:///Users/emanuelaharonoff/Development/code/web-js-oo-task-list-web-0616/tmpTestSupport/jasmine.js:1517:40
complete@file:///Users/emanuelaharonoff/Development/code/web-js-oo-task-list-web-0616/tmpTestSupport/jasmine.js:1703:19
clearStack@file:///Users/emanuelaharonoff/Development/code/web-js-oo-task-list-web-0616/tmpTestSupport/jasmine.js:506:11
run@file:///Users/emanuelaharonoff/Development/code/web-js-oo-task-list-web-0616/tmpTestSupport/jasmine.js:1505:22
next@file:///Users/emanuelaharonoff/Development/code/web-js-oo-task-list-web-0616/tmpTestSupport/jasmine.js:1517:40
complete@file:///Users/emanuelaharonoff/Development/code/web-js-oo-task-list-web-0616/tmpTestSupport/jasmine.js:1703:19
clearStack@file:///Users/emanuelaharonoff/Development/code/web-js-oo-task-list-web-0616/tmpTestSupport/jasmine.js:506:11
run@file:///Users/emanuelaharonoff/Development/code/web-js-oo-task-list-web-0616/tmpTestSupport/jasmine.js:1505:22
next@file:///Users/emanuelaharonoff/Development/code/web-js-oo-task-list-web-0616/tmpTestSupport/jasmine.js:1517:40
complete@file:///Users/emanuelaharonoff/Development/code/web-js-oo-task-list-web-0616/tmpTestSupport/jasmine.js:333:19
clearStack@file:///Users/emanuelaharonoff/Development/code/web-js-oo-task-list-web-0616/tmpTestSupport/jasmine.js:506:11
run@file:///Users/emanuelaharonoff/Development/code/web-js-oo-task-list-web-0616/tmpTestSupport/jasmine.js:1505:22
execute@file:///Users/emanuelaharonoff/Development/code/web-js-oo-task-list-web-0616/tmpTestSupport/jasmine.js:1485:13
queueRunnerFactory@file:///Users/emanuelaharonoff/Development/code/web-js-oo-task-list-web-0616/tmpTestSupport/jasmine.js:518:42
execute@file:///Users/emanuelaharonoff/Development/code/web-js-oo-task-list-web-0616/tmpTestSupport/jasmine.js:306:28
file:///Users/emanuelaharonoff/Development/code/web-js-oo-task-list-web-0616/tmpTestSupport/jasmine.js:1708:44
attemptAsync@file:///Users/emanuelaharonoff/Development/code/web-js-oo-task-list-web-0616/tmpTestSupport/jasmine.js:1520:16
run@file:///Users/emanuelaharonoff/Development/code/web-js-oo-task-list-web-0616/tmpTestSupport/jasmine.js:1496:28
next@file:///Users/emanuelaharonoff/Development/code/web-js-oo-task-list-web-0616/tmpTestSupport/jasmine.js:1517:40
complete@file:///Users/emanuelaharonoff/Development/code/web-js-oo-task-list-web-0616/tmpTestSupport/jasmine.js:333:19
clearStack@file:///Users/emanuelaharonoff/Development/code/web-js-oo-task-list-web-0616/tmpTestSupport/jasmine.js:506:11
run@file:///Users/emanuelaharonoff/Development/code/web-js-oo-task-list-web-0616/tmpTestSupport/jasmine.js:1505:22
execute@file:///Users/emanuelaharonoff/Development/code/web-js-oo-task-list-web-0616/tmpTestSupport/jasmine.js:1485:13
queueRunnerFactory@file:///Users/emanuelaharonoff/Development/code/web-js-oo-task-list-web-0616/tmpTestSupport/jasmine.js:518:42
execute@file:///Users/emanuelaharonoff/Development/code/web-js-oo-task-list-web-0616/tmpTestSupport/jasmine.js:306:28
file:///Users/emanuelaharonoff/Development/code/web-js-oo-task-list-web-0616/tmpTestSupport/jasmine.js:1708:44
attemptAsync@file:///Users/emanuelaharonoff/Development/code/web-js-oo-task-list-web-0616/tmpTestSupport/jasmine.js:1520:16
run@file:///Users/emanuelaharonoff/Development/code/web-js-oo-task-list-web-0616/tmpTestSupport/jasmine.js:1496:28
next@file:///Users/emanuelaharonoff/Development/code/web-js-oo-task-list-web-0616/tmpTestSupport/jasmine.js:1517:40
complete@file:///Users/emanuelaharonoff/Development/code/web-js-oo-task-list-web-0616/tmpTestSupport/jasmine.js:333:19
clearStack@file:///Users/emanuelaharonoff/Development/code/web-js-oo-task-list-web-0616/tmpTestSupport/jasmine.js:506:11
run@file:///Users/emanuelaharonoff/Development/code/web-js-oo-task-list-web-0616/tmpTestSupport/jasmine.js:1505:22
execute@file:///Users/emanuelaharonoff/Development/code/web-js-oo-task-list-web-0616/tmpTestSupport/jasmine.js:1485:13
queueRunnerFactory@file:///Users/emanuelaharonoff/Development/code/web-js-oo-task-list-web-0616/tmpTestSupport/jasmine.js:518:42
execute@file:///Users/emanuelaharonoff/Development/code/web-js-oo-task-list-web-0616/tmpTestSupport/jasmine.js:306:28
file:///Users/emanuelaharonoff/Development/code/web-js-oo-task-list-web-0616/tmpTestSupport/jasmine.js:1708:44
attemptAsync@file:///Users/emanuelaharonoff/Development/code/web-js-oo-task-list-web-0616/tmpTestSupport/jasmine.js:1520:16
run@file:///Users/emanuelaharonoff/Development/code/web-js-oo-task-list-web-0616/tmpTestSupport/jasmine.js:1496:28
next@file:///Users/emanuelaharonoff/Development/code/web-js-oo-task-list-web-0616/tmpTestSupport/jasmine.js:1517:40
complete@file:///Users/emanuelaharonoff/Development/code/web-js-oo-task-list-web-0616/tmpTestSupport/jasmine.js:333:19
clearStack@file:///Users/emanuelaharonoff/Development/code/web-js-oo-task-list-web-0616/tmpTestSupport/jasmine.js:506:11
run@file:///Users/emanuelaharonoff/Development/code/web-js-oo-task-list-web-0616/tmpTestSupport/jasmine.js:1505:22
execute@file:///Users/emanuelaharonoff/Development/code/web-js-oo-task-list-web-0616/tmpTestSupport/jasmine.js:1485:13
queueRunnerFactory@file:///Users/emanuelaharonoff/Development/code/web-js-oo-task-list-web-0616/tmpTestSupport/jasmine.js:518:42
execute@file:///Users/emanuelaharonoff/Development/code/web-js-oo-task-list-web-0616/tmpTestSupport/jasmine.js:306:28
file:///Users/emanuelaharonoff/Development/code/web-js-oo-task-list-web-0616/tmpTestSupport/jasmine.js:1708:44
attemptAsync@file:///Users/emanuelaharonoff/Development/code/web-js-oo-task-list-web-0616/tmpTestSupport/jasmine.js:1520:16
run@file:///Users/emanuelaharonoff/Development/code/web-js-oo-task-list-web-0616/tmpTestSupport/jasmine.js:1496:28
execute@file:///Users/emanuelaharonoff/Development/code/web-js-oo-task-list-web-0616/tmpTestSupport/jasmine.js:1485:13
queueRunnerFactory@file:///Users/emanuelaharonoff/Development/code/web-js-oo-task-list-web-0616/tmpTestSupport/jasmine.js:518:42
execute@file:///Users/emanuelaharonoff/Development/code/web-js-oo-task-list-web-0616/tmpTestSupport/jasmine.js:1694:21
file:///Users/emanuelaharonoff/Development/code/web-js-oo-task-list-web-0616/tmpTestSupport/jasmine.js:1708:44
attemptAsync@file:///Users/emanuelaharonoff/Development/code/web-js-oo-task-list-web-0616/tmpTestSupport/jasmine.js:1520:16
run@file:///Users/emanuelaharonoff/Development/code/web-js-oo-task-list-web-0616/tmpTestSupport/jasmine.js:1496:28
next@file:///Users/emanuelaharonoff/Development/code/web-js-oo-task-list-web-0616/tmpTestSupport/jasmine.js:1517:40
complete@file:///Users/emanuelaharonoff/Development/code/web-js-oo-task-list-web-0616/tmpTestSupport/jasmine.js:1703:19
clearStack@file:///Users/emanuelaharonoff/Development/code/web-js-oo-task-list-web-0616/tmpTestSupport/jasmine.js:506:11
run@file:///Users/emanuelaharonoff/Development/code/web-js-oo-task-list-web-0616/tmpTestSupport/jasmine.js:1505:22
next@file:///Users/emanuelaharonoff/Development/code/web-js-oo-task-list-web-0616/tmpTestSupport/jasmine.js:1517:40
complete@file:///Users/emanuelaharonoff/Development/code/web-js-oo-task-list-web-0616/tmpTestSupport/jasmine.js:333:19
clearStack@file:///Users/emanuelaharonoff/Development/code/web-js-oo-task-list-web-0616/tmpTestSupport/jasmine.js:506:11
run@file:///Users/emanuelaharonoff/Development/code/web-js-oo-task-list-web-0616/tmpTestSupport/jasmine.js:1505:22
execute@file:///Users/emanuelaharonoff/Development/code/web-js-oo-task-list-web-0616/tmpTestSupport/jasmine.js:1485:13
queueRunnerFactory@file:///Users/emanuelaharonoff/Development/code/web-js-oo-task-list-web-0616/tmpTestSupport/jasmine.js:518:42
execute@file:///Users/emanuelaharonoff/Development/code/web-js-oo-task-list-web-0616/tmpTestSupport/jasmine.js:306:28
file:///Users/emanuelaharonoff/Development/code/web-js-oo-task-list-web-0616/tmpTestSupport/jasmine.js:1708:44
attemptAsync@file:///Users/emanuelaharonoff/Development/code/web-js-oo-task-list-web-0616/tmpTestSupport/jasmine.js:1520:16
run@file:///Users/emanuelaharonoff/Development/code/web-js-oo-task-list-web-0616/tmpTestSupport/jasmine.js:1496:28
next@file:///Users/emanuelaharonoff/Development/code/web-js-oo-task-list-web-0616/tmpTestSupport/jasmine.js:1517:40
complete@file:///Users/emanuelaharonoff/Development/code/web-js-oo-task-list-web-0616/tmpTestSupport/jasmine.js:333:19
clearStack@file:///Users/emanuelaharonoff/Development/code/web-js-oo-task-list-web-0616/tmpTestSupport/jasmine.js:506:11
run@file:///Users/emanuelaharonoff/Development/code/web-js-oo-task-list-web-0616/tmpTestSupport/jasmine.js:1505:22
execute@file:///Users/emanuelaharonoff/Development/code/web-js-oo-task-list-web-0616/tmpTestSupport/jasmine.js:1485:13
queueRunnerFactory@file:///Users/emanuelaharonoff/Development/code/web-js-oo-task-list-web-0616/tmpTestSupport/jasmine.js:518:42
execute@file:///Users/emanuelaharonoff/Development/code/web-js-oo-task-list-web-0616/tmpTestSupport/jasmine.js:306:28
file:///Users/emanuelaharonoff/Development/code/web-js-oo-task-list-web-0616/tmpTestSupport/jasmine.js:1708:44
attemptAsync@file:///Users/emanuelaharonoff/Development/code/web-js-oo-task-list-web-0616/tmpTestSupport/jasmine.js:1520:16
run@file:///Users/emanuelaharonoff/Development/code/web-js-oo-task-list-web-0616/tmpTestSupport/jasmine.js:1496:28
next@file:///Users/emanuelaharonoff/Development/code/web-js-oo-task-list-web-0616/tmpTestSupport/jasmine.js:1517:40
complete@file:///Users/emanuelaharonoff/Development/code/web-js-oo-task-list-web-0616/tmpTestSupport/jasmine.js:333:19
clearStack@file:///Users/emanuelaharonoff/Development/code/web-js-oo-task-list-web-0616/tmpTestSupport/jasmine.js:506:11
run@file:///Users/emanuelaharonoff/Development/code/web-js-oo-task-list-web-0616/tmpTestSupport/jasmine.js:1505:22
execute@file:///Users/emanuelaharonoff/Development/code/web-js-oo-task-list-web-0616/tmpTestSupport/jasmine.js:1485:13
queueRunnerFactory@file:///Users/emanuelaharonoff/Development/code/web-js-oo-task-list-web-0616/tmpTestSupport/jasmine.js:518:42
execute@file:///Users/emanuelaharonoff/Development/code/web-js-oo-task-list-web-0616/tmpTestSupport/jasmine.js:306:28
file:///Users/emanuelaharonoff/Development/code/web-js-oo-task-list-web-0616/tmpTestSupport/jasmine.js:1708:44
attemptAsync@file:///Users/emanuelaharonoff/Development/code/web-js-oo-task-list-web-0616/tmpTestSupport/jasmine.js:1520:16
run@file:///Users/emanuelaharonoff/Development/code/web-js-oo-task-list-web-0616/tmpTestSupport/jasmine.js:1496:28
next@file:///Users/emanuelaharonoff/Development/code/web-js-oo-task-list-web-0616/tmpTestSupport/jasmine.js:1517:40
complete@file:///Users/emanuelaharonoff/Development/code/web-js-oo-task-list-web-0616/tmpTestSupport/jasmine.js:333:19
clearStack@file:///Users/emanuelaharonoff/Development/code/web-js-oo-task-list-web-0616/tmpTestSupport/jasmine.js:506:11
run@file:///Users/emanuelaharonoff/Development/code/web-js-oo-task-list-web-0616/tmpTestSupport/jasmine.js:1505:22
execute@file:///Users/emanuelaharonoff/Development/code/web-js-oo-task-list-web-0616/tmpTestSupport/jasmine.js:1485:13
queueRunnerFactory@file:///Users/emanuelaharonoff/Development/code/web-js-oo-task-list-web-0616/tmpTestSupport/jasmine.js:518:42
execute@file:///Users/emanuelaharonoff/Development/code/web-js-oo-task-list-web-0616/tmpTestSupport/jasmine.js:306:28
file:///Users/emanuelaharonoff/Development/code/web-js-oo-task-list-web-0616/tmpTestSupport/jasmine.js:1708:44
attemptAsync@file:///Users/emanuelaharonoff/Development/code/web-js-oo-task-list-web-0616/tmpTestSupport/jasmine.js:1520:16
run@file:///Users/emanuelaharonoff/Development/code/web-js-oo-task-list-web-0616/tmpTestSupport/jasmine.js:1496:28
next@file:///Users/emanuelaharonoff/Development/code/web-js-oo-task-list-web-0616/tmpTestSupport/jasmine.js:1517:40
complete@file:///Users/emanuelaharonoff/Development/code/web-js-oo-task-list-web-0616/tmpTestSupport/jasmine.js:333:19
clearStack@file:///Users/emanuelaharonoff/Development/code/web-js-oo-task-list-web-0616/tmpTestSupport/jasmine.js:506:11
run@file:///Users/emanuelaharonoff/Development/code/web-js-oo-task-list-web-0616/tmpTestSupport/jasmine.js:1505:22
execute@file:///Users/emanuelaharonoff/Development/code/web-js-oo-task-list-web-0616/tmpTestSupport/jasmine.js:1485:13
queueRunnerFactory@file:///Users/emanuelaharonoff/Development/code/web-js-oo-task-list-web-0616/tmpTestSupport/jasmine.js:518:42
execute@file:///Users/emanuelaharonoff/Development/code/web-js-oo-task-list-web-0616/tmpTestSupport/jasmine.js:306:28
file:///Users/emanuelaharonoff/Development/code/web-js-oo-task-list-web-0616/tmpTestSupport/jasmine.js:1708:44
attemptAsync@file:///Users/emanuelaharonoff/Development/code/web-js-oo-task-list-web-0616/tmpTestSupport/jasmine.js:1520:16
run@file:///Users/emanuelaharonoff/Development/code/web-js-oo-task-list-web-0616/tmpTestSupport/jasmine.js:1496:28
execute@file:///Users/emanuelaharonoff/Development/code/web-js-oo-task-list-web-0616/tmpTestSupport/jasmine.js:1485:13
queueRunnerFactory@file:///Users/emanuelaharonoff/Development/code/web-js-oo-task-list-web-0616/tmpTestSupport/jasmine.js:518:42
execute@file:///Users/emanuelaharonoff/Development/code/web-js-oo-task-list-web-0616/tmpTestSupport/jasmine.js:1694:21
file:///Users/emanuelaharonoff/Development/code/web-js-oo-task-list-web-0616/tmpTestSupport/jasmine.js:1708:44
attemptAsync@file:///Users/emanuelaharonoff/Development/code/web-js-oo-task-list-web-0616/tmpTestSupport/jasmine.js:1520:16
run@file:///Users/emanuelaharonoff/Development/code/web-js-oo-task-list-web-0616/tmpTestSupport/jasmine.js:1496:28
execute@file:///Users/emanuelaharonoff/Development/code/web-js-oo-task-list-web-0616/tmpTestSupport/jasmine.js:1485:13
queueRunnerFactory@file:///Users/emanuelaharonoff/Development/code/web-js-oo-task-list-web-0616/tmpTestSupport/jasmine.js:518:42
execute@file:///Users/emanuelaharonoff/Development/code/web-js-oo-task-list-web-0616/tmpTestSupport/jasmine.js:1694:21
file:///Users/emanuelaharonoff/Development/code/web-js-oo-task-list-web-0616/tmpTestSupport/jasmine.js:1708:44
attemptAsync@file:///Users/emanuelaharonoff/Development/code/web-js-oo-task-list-web-0616/tmpTestSupport/jasmine.js:1520:16
run@file:///Users/emanuelaharonoff/Development/code/web-js-oo-task-list-web-0616/tmpTestSupport/jasmine.js:1496:28
next@file:///Users/emanuelaharonoff/Development/code/web-js-oo-task-list-web-0616/tmpTestSupport/jasmine.js:1517:40
complete@file:///Users/emanuelaharonoff/Development/code/web-js-oo-task-list-web-0616/tmpTestSupport/jasmine.js:1703:19
clearStack@file:///Users/emanuelaharonoff/Development/code/web-js-oo-task-list-web-0616/tmpTestSupport/jasmine.js:506:11
run@file:///Users/emanuelaharonoff/Development/code/web-js-oo-task-list-web-0616/tmpTestSupport/jasmine.js:1505:22
next@file:///Users/emanuelaharonoff/Development/code/web-js-oo-task-list-web-0616/tmpTestSupport/jasmine.js:1517:40
complete@file:///Users/emanuelaharonoff/Development/code/web-js-oo-task-list-web-0616/tmpTestSupport/jasmine.js:1703:19
clearStack@file:///Users/emanuelaharonoff/Development/code/web-js-oo-task-list-web-0616/tmpTestSupport/jasmine.js:506:11
run@file:///Users/emanuelaharonoff/Development/code/web-js-oo-task-list-web-0616/tmpTestSupport/jasmine.js:1505:22
next@file:///Users/emanuelaharonoff/Development/code/web-js-oo-task-list-web-0616/tmpTestSupport/jasmine.js:1517:40
complete@file:///Users/emanuelaharonoff/Development/code/web-js-oo-task-list-web-0616/tmpTestSupport/jasmine.js:333:19
clearStack@file:///Users/emanuelaharonoff/Development/code/web-js-oo-task-list-web-0616/tmpTestSupport/jasmine.js:506:11
run@file:///Users/emanuelaharonoff/Development/code/web-js-oo-task-list-web-0616/tmpTestSupport/jasmine.js:1505:22
execute@file:///Users/emanuelaharonoff/Development/code/web-js-oo-task-list-web-0616/tmpTestSupport/jasmine.js:1485:13
queueRunnerFactory@file:///Users/emanuelaharonoff/Development/code/web-js-oo-task-list-web-0616/tmpTestSupport/jasmine.js:518:42
execute@file:///Users/emanuelaharonoff/Development/code/web-js-oo-task-list-web-0616/tmpTestSupport/jasmine.js:306:28
file:///Users/emanuelaharonoff/Development/code/web-js-oo-task-list-web-0616/tmpTestSupport/jasmine.js:1708:44
attemptAsync@file:///Users/emanuelaharonoff/Development/code/web-js-oo-task-list-web-0616/tmpTestSupport/jasmine.js:1520:16
run@file:///Users/emanuelaharonoff/Development/code/web-js-oo-task-list-web-0616/tmpTestSupport/jasmine.js:1496:28
next@file:///Users/emanuelaharonoff/Development/code/web-js-oo-task-list-web-0616/tmpTestSupport/jasmine.js:1517:40
complete@file:///Users/emanuelaharonoff/Development/code/web-js-oo-task-list-web-0616/tmpTestSupport/jasmine.js:333:19
clearStack@file:///Users/emanuelaharonoff/Development/code/web-js-oo-task-list-web-0616/tmpTestSupport/jasmine.js:506:11
run@file:///Users/emanuelaharonoff/Development/code/web-js-oo-task-list-web-0616/tmpTestSupport/jasmine.js:1505:22
execute@file:///Users/emanuelaharonoff/Development/code/web-js-oo-task-list-web-0616/tmpTestSupport/jasmine.js:1485:13
queueRunnerFactory@file:///Users/emanuelaharonoff/Development/code/web-js-oo-task-list-web-0616/tmpTestSupport/jasmine.js:518:42
execute@file:///Users/emanuelaharonoff/Development/code/web-js-oo-task-list-web-0616/tmpTestSupport/jasmine.js:306:28
file:///Users/emanuelaharonoff/Development/code/web-js-oo-task-list-web-0616/tmpTestSupport/jasmine.js:1708:44
attemptAsync@file:///Users/emanuelaharonoff/Development/code/web-js-oo-task-list-web-0616/tmpTestSupport/jasmine.js:1520:16
run@file:///Users/emanuelaharonoff/Development/code/web-js-oo-task-list-web-0616/tmpTestSupport/jasmine.js:1496:28
execute@file:///Users/emanuelaharonoff/Development/code/web-js-oo-task-list-web-0616/tmpTestSupport/jasmine.js:1485:13
queueRunnerFactory@file:///Users/emanuelaharonoff/Development/code/web-js-oo-task-list-web-0616/tmpTestSupport/jasmine.js:518:42
execute@file:///Users/emanuelaharonoff/Development/code/web-js-oo-task-list-web-0616/tmpTestSupport/jasmine.js:1694:21
file:///Users/emanuelaharonoff/Development/code/web-js-oo-task-list-web-0616/tmpTestSupport/jasmine.js:1708:44
attemptAsync@file:///Users/emanuelaharonoff/Development/code/web-js-oo-task-list-web-0616/tmpTestSupport/jasmine.js:1520:16
run@file:///Users/emanuelaharonoff/Development/code/web-js-oo-task-list-web-0616/tmpTestSupport/jasmine.js:1496:28
next@file:///Users/emanuelaharonoff/Development/code/web-js-oo-task-list-web-0616/tmpTestSupport/jasmine.js:1517:40
complete@file:///Users/emanuelaharonoff/Development/code/web-js-oo-task-list-web-0616/tmpTestSupport/jasmine.js:1703:19			</failure>
		</testcase>
		<testcase classname="Tasks Controller" name="creating a new TasksController should have a $taskPriorityInput property that holds a selected element with the id &amp;apos;#task_priority&amp;apos;" time="0.002">
			<failure type="" message="ReferenceError: Can&amp;apos;t find variable: TasksController in file:///Users/emanuelaharonoff/Development/code/web-js-oo-task-list-web-0616/spec/tasks.controller.spec.js (line 7)">
file:///Users/emanuelaharonoff/Development/code/web-js-oo-task-list-web-0616/spec/tasks.controller.spec.js:7:42
attemptSync@file:///Users/emanuelaharonoff/Development/code/web-js-oo-task-list-web-0616/tmpTestSupport/jasmine.js:1510:16
run@file:///Users/emanuelaharonoff/Development/code/web-js-oo-task-list-web-0616/tmpTestSupport/jasmine.js:1498:20
execute@file:///Users/emanuelaharonoff/Development/code/web-js-oo-task-list-web-0616/tmpTestSupport/jasmine.js:1485:13
queueRunnerFactory@file:///Users/emanuelaharonoff/Development/code/web-js-oo-task-list-web-0616/tmpTestSupport/jasmine.js:518:42
execute@file:///Users/emanuelaharonoff/Development/code/web-js-oo-task-list-web-0616/tmpTestSupport/jasmine.js:306:28
file:///Users/emanuelaharonoff/Development/code/web-js-oo-task-list-web-0616/tmpTestSupport/jasmine.js:1708:44
attemptAsync@file:///Users/emanuelaharonoff/Development/code/web-js-oo-task-list-web-0616/tmpTestSupport/jasmine.js:1520:16
run@file:///Users/emanuelaharonoff/Development/code/web-js-oo-task-list-web-0616/tmpTestSupport/jasmine.js:1496:28
next@file:///Users/emanuelaharonoff/Development/code/web-js-oo-task-list-web-0616/tmpTestSupport/jasmine.js:1517:40
complete@file:///Users/emanuelaharonoff/Development/code/web-js-oo-task-list-web-0616/tmpTestSupport/jasmine.js:333:19
clearStack@file:///Users/emanuelaharonoff/Development/code/web-js-oo-task-list-web-0616/tmpTestSupport/jasmine.js:506:11
run@file:///Users/emanuelaharonoff/Development/code/web-js-oo-task-list-web-0616/tmpTestSupport/jasmine.js:1505:22
execute@file:///Users/emanuelaharonoff/Development/code/web-js-oo-task-list-web-0616/tmpTestSupport/jasmine.js:1485:13
queueRunnerFactory@file:///Users/emanuelaharonoff/Development/code/web-js-oo-task-list-web-0616/tmpTestSupport/jasmine.js:518:42
execute@file:///Users/emanuelaharonoff/Development/code/web-js-oo-task-list-web-0616/tmpTestSupport/jasmine.js:306:28
file:///Users/emanuelaharonoff/Development/code/web-js-oo-task-list-web-0616/tmpTestSupport/jasmine.js:1708:44
attemptAsync@file:///Users/emanuelaharonoff/Development/code/web-js-oo-task-list-web-0616/tmpTestSupport/jasmine.js:1520:16
run@file:///Users/emanuelaharonoff/Development/code/web-js-oo-task-list-web-0616/tmpTestSupport/jasmine.js:1496:28
next@file:///Users/emanuelaharonoff/Development/code/web-js-oo-task-list-web-0616/tmpTestSupport/jasmine.js:1517:40
complete@file:///Users/emanuelaharonoff/Development/code/web-js-oo-task-list-web-0616/tmpTestSupport/jasmine.js:333:19
clearStack@file:///Users/emanuelaharonoff/Development/code/web-js-oo-task-list-web-0616/tmpTestSupport/jasmine.js:506:11
run@file:///Users/emanuelaharonoff/Development/code/web-js-oo-task-list-web-0616/tmpTestSupport/jasmine.js:1505:22
execute@file:///Users/emanuelaharonoff/Development/code/web-js-oo-task-list-web-0616/tmpTestSupport/jasmine.js:1485:13
queueRunnerFactory@file:///Users/emanuelaharonoff/Development/code/web-js-oo-task-list-web-0616/tmpTestSupport/jasmine.js:518:42
execute@file:///Users/emanuelaharonoff/Development/code/web-js-oo-task-list-web-0616/tmpTestSupport/jasmine.js:306:28
file:///Users/emanuelaharonoff/Development/code/web-js-oo-task-list-web-0616/tmpTestSupport/jasmine.js:1708:44
attemptAsync@file:///Users/emanuelaharonoff/Development/code/web-js-oo-task-list-web-0616/tmpTestSupport/jasmine.js:1520:16
run@file:///Users/emanuelaharonoff/Development/code/web-js-oo-task-list-web-0616/tmpTestSupport/jasmine.js:1496:28
next@file:///Users/emanuelaharonoff/Development/code/web-js-oo-task-list-web-0616/tmpTestSupport/jasmine.js:1517:40
complete@file:///Users/emanuelaharonoff/Development/code/web-js-oo-task-list-web-0616/tmpTestSupport/jasmine.js:333:19
clearStack@file:///Users/emanuelaharonoff/Development/code/web-js-oo-task-list-web-0616/tmpTestSupport/jasmine.js:506:11
run@file:///Users/emanuelaharonoff/Development/code/web-js-oo-task-list-web-0616/tmpTestSupport/jasmine.js:1505:22
execute@file:///Users/emanuelaharonoff/Development/code/web-js-oo-task-list-web-0616/tmpTestSupport/jasmine.js:1485:13
queueRunnerFactory@file:///Users/emanuelaharonoff/Development/code/web-js-oo-task-list-web-0616/tmpTestSupport/jasmine.js:518:42
execute@file:///Users/emanuelaharonoff/Development/code/web-js-oo-task-list-web-0616/tmpTestSupport/jasmine.js:306:28
file:///Users/emanuelaharonoff/Development/code/web-js-oo-task-list-web-0616/tmpTestSupport/jasmine.js:1708:44
attemptAsync@file:///Users/emanuelaharonoff/Development/code/web-js-oo-task-list-web-0616/tmpTestSupport/jasmine.js:1520:16
run@file:///Users/emanuelaharonoff/Development/code/web-js-oo-task-list-web-0616/tmpTestSupport/jasmine.js:1496:28
execute@file:///Users/emanuelaharonoff/Development/code/web-js-oo-task-list-web-0616/tmpTestSupport/jasmine.js:1485:13
queueRunnerFactory@file:///Users/emanuelaharonoff/Development/code/web-js-oo-task-list-web-0616/tmpTestSupport/jasmine.js:518:42
execute@file:///Users/emanuelaharonoff/Development/code/web-js-oo-task-list-web-0616/tmpTestSupport/jasmine.js:1694:21
file:///Users/emanuelaharonoff/Development/code/web-js-oo-task-list-web-0616/tmpTestSupport/jasmine.js:1708:44
attemptAsync@file:///Users/emanuelaharonoff/Development/code/web-js-oo-task-list-web-0616/tmpTestSupport/jasmine.js:1520:16
run@file:///Users/emanuelaharonoff/Development/code/web-js-oo-task-list-web-0616/tmpTestSupport/jasmine.js:1496:28
execute@file:///Users/emanuelaharonoff/Development/code/web-js-oo-task-list-web-0616/tmpTestSupport/jasmine.js:1485:13
queueRunnerFactory@file:///Users/emanuelaharonoff/Development/code/web-js-oo-task-list-web-0616/tmpTestSupport/jasmine.js:518:42
execute@file:///Users/emanuelaharonoff/Development/code/web-js-oo-task-list-web-0616/tmpTestSupport/jasmine.js:1694:21
file:///Users/emanuelaharonoff/Development/code/web-js-oo-task-list-web-0616/tmpTestSupport/jasmine.js:1708:44
attemptAsync@file:///Users/emanuelaharonoff/Development/code/web-js-oo-task-list-web-0616/tmpTestSupport/jasmine.js:1520:16
run@file:///Users/emanuelaharonoff/Development/code/web-js-oo-task-list-web-0616/tmpTestSupport/jasmine.js:1496:28
next@file:///Users/emanuelaharonoff/Development/code/web-js-oo-task-list-web-0616/tmpTestSupport/jasmine.js:1517:40
complete@file:///Users/emanuelaharonoff/Development/code/web-js-oo-task-list-web-0616/tmpTestSupport/jasmine.js:1703:19
clearStack@file:///Users/emanuelaharonoff/Development/code/web-js-oo-task-list-web-0616/tmpTestSupport/jasmine.js:506:11
run@file:///Users/emanuelaharonoff/Development/code/web-js-oo-task-list-web-0616/tmpTestSupport/jasmine.js:1505:22
next@file:///Users/emanuelaharonoff/Development/code/web-js-oo-task-list-web-0616/tmpTestSupport/jasmine.js:1517:40
complete@file:///Users/emanuelaharonoff/Development/code/web-js-oo-task-list-web-0616/tmpTestSupport/jasmine.js:1703:19
clearStack@file:///Users/emanuelaharonoff/Development/code/web-js-oo-task-list-web-0616/tmpTestSupport/jasmine.js:506:11
run@file:///Users/emanuelaharonoff/Development/code/web-js-oo-task-list-web-0616/tmpTestSupport/jasmine.js:1505:22
next@file:///Users/emanuelaharonoff/Development/code/web-js-oo-task-list-web-0616/tmpTestSupport/jasmine.js:1517:40
complete@file:///Users/emanuelaharonoff/Development/code/web-js-oo-task-list-web-0616/tmpTestSupport/jasmine.js:333:19
clearStack@file:///Users/emanuelaharonoff/Development/code/web-js-oo-task-list-web-0616/tmpTestSupport/jasmine.js:506:11
run@file:///Users/emanuelaharonoff/Development/code/web-js-oo-task-list-web-0616/tmpTestSupport/jasmine.js:1505:22
execute@file:///Users/emanuelaharonoff/Development/code/web-js-oo-task-list-web-0616/tmpTestSupport/jasmine.js:1485:13
queueRunnerFactory@file:///Users/emanuelaharonoff/Development/code/web-js-oo-task-list-web-0616/tmpTestSupport/jasmine.js:518:42
execute@file:///Users/emanuelaharonoff/Development/code/web-js-oo-task-list-web-0616/tmpTestSupport/jasmine.js:306:28
file:///Users/emanuelaharonoff/Development/code/web-js-oo-task-list-web-0616/tmpTestSupport/jasmine.js:1708:44
attemptAsync@file:///Users/emanuelaharonoff/Development/code/web-js-oo-task-list-web-0616/tmpTestSupport/jasmine.js:1520:16
run@file:///Users/emanuelaharonoff/Development/code/web-js-oo-task-list-web-0616/tmpTestSupport/jasmine.js:1496:28
next@file:///Users/emanuelaharonoff/Development/code/web-js-oo-task-list-web-0616/tmpTestSupport/jasmine.js:1517:40
complete@file:///Users/emanuelaharonoff/Development/code/web-js-oo-task-list-web-0616/tmpTestSupport/jasmine.js:333:19
clearStack@file:///Users/emanuelaharonoff/Development/code/web-js-oo-task-list-web-0616/tmpTestSupport/jasmine.js:506:11
run@file:///Users/emanuelaharonoff/Development/code/web-js-oo-task-list-web-0616/tmpTestSupport/jasmine.js:1505:22
execute@file:///Users/emanuelaharonoff/Development/code/web-js-oo-task-list-web-0616/tmpTestSupport/jasmine.js:1485:13
queueRunnerFactory@file:///Users/emanuelaharonoff/Development/code/web-js-oo-task-list-web-0616/tmpTestSupport/jasmine.js:518:42
execute@file:///Users/emanuelaharonoff/Development/code/web-js-oo-task-list-web-0616/tmpTestSupport/jasmine.js:306:28
file:///Users/emanuelaharonoff/Development/code/web-js-oo-task-list-web-0616/tmpTestSupport/jasmine.js:1708:44
attemptAsync@file:///Users/emanuelaharonoff/Development/code/web-js-oo-task-list-web-0616/tmpTestSupport/jasmine.js:1520:16
run@file:///Users/emanuelaharonoff/Development/code/web-js-oo-task-list-web-0616/tmpTestSupport/jasmine.js:1496:28
next@file:///Users/emanuelaharonoff/Development/code/web-js-oo-task-list-web-0616/tmpTestSupport/jasmine.js:1517:40
complete@file:///Users/emanuelaharonoff/Development/code/web-js-oo-task-list-web-0616/tmpTestSupport/jasmine.js:333:19
clearStack@file:///Users/emanuelaharonoff/Development/code/web-js-oo-task-list-web-0616/tmpTestSupport/jasmine.js:506:11
run@file:///Users/emanuelaharonoff/Development/code/web-js-oo-task-list-web-0616/tmpTestSupport/jasmine.js:1505:22
execute@file:///Users/emanuelaharonoff/Development/code/web-js-oo-task-list-web-0616/tmpTestSupport/jasmine.js:1485:13
queueRunnerFactory@file:///Users/emanuelaharonoff/Development/code/web-js-oo-task-list-web-0616/tmpTestSupport/jasmine.js:518:42
execute@file:///Users/emanuelaharonoff/Development/code/web-js-oo-task-list-web-0616/tmpTestSupport/jasmine.js:306:28
file:///Users/emanuelaharonoff/Development/code/web-js-oo-task-list-web-0616/tmpTestSupport/jasmine.js:1708:44
attemptAsync@file:///Users/emanuelaharonoff/Development/code/web-js-oo-task-list-web-0616/tmpTestSupport/jasmine.js:1520:16
run@file:///Users/emanuelaharonoff/Development/code/web-js-oo-task-list-web-0616/tmpTestSupport/jasmine.js:1496:28
next@file:///Users/emanuelaharonoff/Development/code/web-js-oo-task-list-web-0616/tmpTestSupport/jasmine.js:1517:40
complete@file:///Users/emanuelaharonoff/Development/code/web-js-oo-task-list-web-0616/tmpTestSupport/jasmine.js:333:19
clearStack@file:///Users/emanuelaharonoff/Development/code/web-js-oo-task-list-web-0616/tmpTestSupport/jasmine.js:506:11
run@file:///Users/emanuelaharonoff/Development/code/web-js-oo-task-list-web-0616/tmpTestSupport/jasmine.js:1505:22
execute@file:///Users/emanuelaharonoff/Development/code/web-js-oo-task-list-web-0616/tmpTestSupport/jasmine.js:1485:13
queueRunnerFactory@file:///Users/emanuelaharonoff/Development/code/web-js-oo-task-list-web-0616/tmpTestSupport/jasmine.js:518:42
execute@file:///Users/emanuelaharonoff/Development/code/web-js-oo-task-list-web-0616/tmpTestSupport/jasmine.js:306:28
file:///Users/emanuelaharonoff/Development/code/web-js-oo-task-list-web-0616/tmpTestSupport/jasmine.js:1708:44
attemptAsync@file:///Users/emanuelaharonoff/Development/code/web-js-oo-task-list-web-0616/tmpTestSupport/jasmine.js:1520:16
run@file:///Users/emanuelaharonoff/Development/code/web-js-oo-task-list-web-0616/tmpTestSupport/jasmine.js:1496:28
execute@file:///Users/emanuelaharonoff/Development/code/web-js-oo-task-list-web-0616/tmpTestSupport/jasmine.js:1485:13
queueRunnerFactory@file:///Users/emanuelaharonoff/Development/code/web-js-oo-task-list-web-0616/tmpTestSupport/jasmine.js:518:42
execute@file:///Users/emanuelaharonoff/Development/code/web-js-oo-task-list-web-0616/tmpTestSupport/jasmine.js:1694:21
file:///Users/emanuelaharonoff/Development/code/web-js-oo-task-list-web-0616/tmpTestSupport/jasmine.js:1708:44
attemptAsync@file:///Users/emanuelaharonoff/Development/code/web-js-oo-task-list-web-0616/tmpTestSupport/jasmine.js:1520:16
run@file:///Users/emanuelaharonoff/Development/code/web-js-oo-task-list-web-0616/tmpTestSupport/jasmine.js:1496:28
next@file:///Users/emanuelaharonoff/Development/code/web-js-oo-task-list-web-0616/tmpTestSupport/jasmine.js:1517:40
complete@file:///Users/emanuelaharonoff/Development/code/web-js-oo-task-list-web-0616/tmpTestSupport/jasmine.js:1703:19
clearStack@file:///Users/emanuelaharonoff/Development/code/web-js-oo-task-list-web-0616/tmpTestSupport/jasmine.js:506:11
run@file:///Users/emanuelaharonoff/Development/code/web-js-oo-task-list-web-0616/tmpTestSupport/jasmine.js:1505:22
next@file:///Users/emanuelaharonoff/Development/code/web-js-oo-task-list-web-0616/tmpTestSupport/jasmine.js:1517:40
complete@file:///Users/emanuelaharonoff/Development/code/web-js-oo-task-list-web-0616/tmpTestSupport/jasmine.js:333:19
clearStack@file:///Users/emanuelaharonoff/Development/code/web-js-oo-task-list-web-0616/tmpTestSupport/jasmine.js:506:11
run@file:///Users/emanuelaharonoff/Development/code/web-js-oo-task-list-web-0616/tmpTestSupport/jasmine.js:1505:22
execute@file:///Users/emanuelaharonoff/Development/code/web-js-oo-task-list-web-0616/tmpTestSupport/jasmine.js:1485:13
queueRunnerFactory@file:///Users/emanuelaharonoff/Development/code/web-js-oo-task-list-web-0616/tmpTestSupport/jasmine.js:518:42
execute@file:///Users/emanuelaharonoff/Development/code/web-js-oo-task-list-web-0616/tmpTestSupport/jasmine.js:306:28
file:///Users/emanuelaharonoff/Development/code/web-js-oo-task-list-web-0616/tmpTestSupport/jasmine.js:1708:44
attemptAsync@file:///Users/emanuelaharonoff/Development/code/web-js-oo-task-list-web-0616/tmpTestSupport/jasmine.js:1520:16
run@file:///Users/emanuelaharonoff/Development/code/web-js-oo-task-list-web-0616/tmpTestSupport/jasmine.js:1496:28
next@file:///Users/emanuelaharonoff/Development/code/web-js-oo-task-list-web-0616/tmpTestSupport/jasmine.js:1517:40
complete@file:///Users/emanuelaharonoff/Development/code/web-js-oo-task-list-web-0616/tmpTestSupport/jasmine.js:333:19
clearStack@file:///Users/emanuelaharonoff/Development/code/web-js-oo-task-list-web-0616/tmpTestSupport/jasmine.js:506:11
run@file:///Users/emanuelaharonoff/Development/code/web-js-oo-task-list-web-0616/tmpTestSupport/jasmine.js:1505:22
execute@file:///Users/emanuelaharonoff/Development/code/web-js-oo-task-list-web-0616/tmpTestSupport/jasmine.js:1485:13
queueRunnerFactory@file:///Users/emanuelaharonoff/Development/code/web-js-oo-task-list-web-0616/tmpTestSupport/jasmine.js:518:42
execute@file:///Users/emanuelaharonoff/Development/code/web-js-oo-task-list-web-0616/tmpTestSupport/jasmine.js:306:28
file:///Users/emanuelaharonoff/Development/code/web-js-oo-task-list-web-0616/tmpTestSupport/jasmine.js:1708:44
attemptAsync@file:///Users/emanuelaharonoff/Development/code/web-js-oo-task-list-web-0616/tmpTestSupport/jasmine.js:1520:16
run@file:///Users/emanuelaharonoff/Development/code/web-js-oo-task-list-web-0616/tmpTestSupport/jasmine.js:1496:28
next@file:///Users/emanuelaharonoff/Development/code/web-js-oo-task-list-web-0616/tmpTestSupport/jasmine.js:1517:40
complete@file:///Users/emanuelaharonoff/Development/code/web-js-oo-task-list-web-0616/tmpTestSupport/jasmine.js:333:19
clearStack@file:///Users/emanuelaharonoff/Development/code/web-js-oo-task-list-web-0616/tmpTestSupport/jasmine.js:506:11
run@file:///Users/emanuelaharonoff/Development/code/web-js-oo-task-list-web-0616/tmpTestSupport/jasmine.js:1505:22
execute@file:///Users/emanuelaharonoff/Development/code/web-js-oo-task-list-web-0616/tmpTestSupport/jasmine.js:1485:13
queueRunnerFactory@file:///Users/emanuelaharonoff/Development/code/web-js-oo-task-list-web-0616/tmpTestSupport/jasmine.js:518:42
execute@file:///Users/emanuelaharonoff/Development/code/web-js-oo-task-list-web-0616/tmpTestSupport/jasmine.js:306:28
file:///Users/emanuelaharonoff/Development/code/web-js-oo-task-list-web-0616/tmpTestSupport/jasmine.js:1708:44
attemptAsync@file:///Users/emanuelaharonoff/Development/code/web-js-oo-task-list-web-0616/tmpTestSupport/jasmine.js:1520:16
run@file:///Users/emanuelaharonoff/Development/code/web-js-oo-task-list-web-0616/tmpTestSupport/jasmine.js:1496:28
next@file:///Users/emanuelaharonoff/Development/code/web-js-oo-task-list-web-0616/tmpTestSupport/jasmine.js:1517:40
complete@file:///Users/emanuelaharonoff/Development/code/web-js-oo-task-list-web-0616/tmpTestSupport/jasmine.js:333:19
clearStack@file:///Users/emanuelaharonoff/Development/code/web-js-oo-task-list-web-0616/tmpTestSupport/jasmine.js:506:11
run@file:///Users/emanuelaharonoff/Development/code/web-js-oo-task-list-web-0616/tmpTestSupport/jasmine.js:1505:22
execute@file:///Users/emanuelaharonoff/Development/code/web-js-oo-task-list-web-0616/tmpTestSupport/jasmine.js:1485:13
queueRunnerFactory@file:///Users/emanuelaharonoff/Development/code/web-js-oo-task-list-web-0616/tmpTestSupport/jasmine.js:518:42
execute@file:///Users/emanuelaharonoff/Development/code/web-js-oo-task-list-web-0616/tmpTestSupport/jasmine.js:306:28
file:///Users/emanuelaharonoff/Development/code/web-js-oo-task-list-web-0616/tmpTestSupport/jasmine.js:1708:44
attemptAsync@file:///Users/emanuelaharonoff/Development/code/web-js-oo-task-list-web-0616/tmpTestSupport/jasmine.js:1520:16
run@file:///Users/emanuelaharonoff/Development/code/web-js-oo-task-list-web-0616/tmpTestSupport/jasmine.js:1496:28
next@file:///Users/emanuelaharonoff/Development/code/web-js-oo-task-list-web-0616/tmpTestSupport/jasmine.js:1517:40
complete@file:///Users/emanuelaharonoff/Development/code/web-js-oo-task-list-web-0616/tmpTestSupport/jasmine.js:333:19
clearStack@file:///Users/emanuelaharonoff/Development/code/web-js-oo-task-list-web-0616/tmpTestSupport/jasmine.js:506:11
run@file:///Users/emanuelaharonoff/Development/code/web-js-oo-task-list-web-0616/tmpTestSupport/jasmine.js:1505:22
execute@file:///Users/emanuelaharonoff/Development/code/web-js-oo-task-list-web-0616/tmpTestSupport/jasmine.js:1485:13
queueRunnerFactory@file:///Users/emanuelaharonoff/Development/code/web-js-oo-task-list-web-0616/tmpTestSupport/jasmine.js:518:42
execute@file:///Users/emanuelaharonoff/Development/code/web-js-oo-task-list-web-0616/tmpTestSupport/jasmine.js:306:28
file:///Users/emanuelaharonoff/Development/code/web-js-oo-task-list-web-0616/tmpTestSupport/jasmine.js:1708:44
attemptAsync@file:///Users/emanuelaharonoff/Development/code/web-js-oo-task-list-web-0616/tmpTestSupport/jasmine.js:1520:16
run@file:///Users/emanuelaharonoff/Development/code/web-js-oo-task-list-web-0616/tmpTestSupport/jasmine.js:1496:28
execute@file:///Users/emanuelaharonoff/Development/code/web-js-oo-task-list-web-0616/tmpTestSupport/jasmine.js:1485:13
queueRunnerFactory@file:///Users/emanuelaharonoff/Development/code/web-js-oo-task-list-web-0616/tmpTestSupport/jasmine.js:518:42
execute@file:///Users/emanuelaharonoff/Development/code/web-js-oo-task-list-web-0616/tmpTestSupport/jasmine.js:1694:21
file:///Users/emanuelaharonoff/Development/code/web-js-oo-task-list-web-0616/tmpTestSupport/jasmine.js:1708:44
attemptAsync@file:///Users/emanuelaharonoff/Development/code/web-js-oo-task-list-web-0616/tmpTestSupport/jasmine.js:1520:16
run@file:///Users/emanuelaharonoff/Development/code/web-js-oo-task-list-web-0616/tmpTestSupport/jasmine.js:1496:28
execute@file:///Users/emanuelaharonoff/Development/code/web-js-oo-task-list-web-0616/tmpTestSupport/jasmine.js:1485:13
queueRunnerFactory@file:///Users/emanuelaharonoff/Development/code/web-js-oo-task-list-web-0616/tmpTestSupport/jasmine.js:518:42
execute@file:///Users/emanuelaharonoff/Development/code/web-js-oo-task-list-web-0616/tmpTestSupport/jasmine.js:1694:21
file:///Users/emanuelaharonoff/Development/code/web-js-oo-task-list-web-0616/tmpTestSupport/jasmine.js:1708:44
attemptAsync@file:///Users/emanuelaharonoff/Development/code/web-js-oo-task-list-web-0616/tmpTestSupport/jasmine.js:1520:16
run@file:///Users/emanuelaharonoff/Development/code/web-js-oo-task-list-web-0616/tmpTestSupport/jasmine.js:1496:28
next@file:///Users/emanuelaharonoff/Development/code/web-js-oo-task-list-web-0616/tmpTestSupport/jasmine.js:1517:40
complete@file:///Users/emanuelaharonoff/Development/code/web-js-oo-task-list-web-0616/tmpTestSupport/jasmine.js:1703:19
clearStack@file:///Users/emanuelaharonoff/Development/code/web-js-oo-task-list-web-0616/tmpTestSupport/jasmine.js:506:11
run@file:///Users/emanuelaharonoff/Development/code/web-js-oo-task-list-web-0616/tmpTestSupport/jasmine.js:1505:22
next@file:///Users/emanuelaharonoff/Development/code/web-js-oo-task-list-web-0616/tmpTestSupport/jasmine.js:1517:40
complete@file:///Users/emanuelaharonoff/Development/code/web-js-oo-task-list-web-0616/tmpTestSupport/jasmine.js:1703:19
clearStack@file:///Users/emanuelaharonoff/Development/code/web-js-oo-task-list-web-0616/tmpTestSupport/jasmine.js:506:11
run@file:///Users/emanuelaharonoff/Development/code/web-js-oo-task-list-web-0616/tmpTestSupport/jasmine.js:1505:22
next@file:///Users/emanuelaharonoff/Development/code/web-js-oo-task-list-web-0616/tmpTestSupport/jasmine.js:1517:40
complete@file:///Users/emanuelaharonoff/Development/code/web-js-oo-task-list-web-0616/tmpTestSupport/jasmine.js:333:19
clearStack@file:///Users/emanuelaharonoff/Development/code/web-js-oo-task-list-web-0616/tmpTestSupport/jasmine.js:506:11
run@file:///Users/emanuelaharonoff/Development/code/web-js-oo-task-list-web-0616/tmpTestSupport/jasmine.js:1505:22
execute@file:///Users/emanuelaharonoff/Development/code/web-js-oo-task-list-web-0616/tmpTestSupport/jasmine.js:1485:13
queueRunnerFactory@file:///Users/emanuelaharonoff/Development/code/web-js-oo-task-list-web-0616/tmpTestSupport/jasmine.js:518:42
execute@file:///Users/emanuelaharonoff/Development/code/web-js-oo-task-list-web-0616/tmpTestSupport/jasmine.js:306:28
file:///Users/emanuelaharonoff/Development/code/web-js-oo-task-list-web-0616/tmpTestSupport/jasmine.js:1708:44
attemptAsync@file:///Users/emanuelaharonoff/Development/code/web-js-oo-task-list-web-0616/tmpTestSupport/jasmine.js:1520:16
run@file:///Users/emanuelaharonoff/Development/code/web-js-oo-task-list-web-0616/tmpTestSupport/jasmine.js:1496:28
next@file:///Users/emanuelaharonoff/Development/code/web-js-oo-task-list-web-0616/tmpTestSupport/jasmine.js:1517:40
complete@file:///Users/emanuelaharonoff/Development/code/web-js-oo-task-list-web-0616/tmpTestSupport/jasmine.js:333:19
clearStack@file:///Users/emanuelaharonoff/Development/code/web-js-oo-task-list-web-0616/tmpTestSupport/jasmine.js:506:11
run@file:///Users/emanuelaharonoff/Development/code/web-js-oo-task-list-web-0616/tmpTestSupport/jasmine.js:1505:22
execute@file:///Users/emanuelaharonoff/Development/code/web-js-oo-task-list-web-0616/tmpTestSupport/jasmine.js:1485:13
queueRunnerFactory@file:///Users/emanuelaharonoff/Development/code/web-js-oo-task-list-web-0616/tmpTestSupport/jasmine.js:518:42
execute@file:///Users/emanuelaharonoff/Development/code/web-js-oo-task-list-web-0616/tmpTestSupport/jasmine.js:306:28
file:///Users/emanuelaharonoff/Development/code/web-js-oo-task-list-web-0616/tmpTestSupport/jasmine.js:1708:44
attemptAsync@file:///Users/emanuelaharonoff/Development/code/web-js-oo-task-list-web-0616/tmpTestSupport/jasmine.js:1520:16
run@file:///Users/emanuelaharonoff/Development/code/web-js-oo-task-list-web-0616/tmpTestSupport/jasmine.js:1496:28
execute@file:///Users/emanuelaharonoff/Development/code/web-js-oo-task-list-web-0616/tmpTestSupport/jasmine.js:1485:13
queueRunnerFactory@file:///Users/emanuelaharonoff/Development/code/web-js-oo-task-list-web-0616/tmpTestSupport/jasmine.js:518:42
execute@file:///Users/emanuelaharonoff/Development/code/web-js-oo-task-list-web-0616/tmpTestSupport/jasmine.js:1694:21
file:///Users/emanuelaharonoff/Development/code/web-js-oo-task-list-web-0616/tmpTestSupport/jasmine.js:1708:44
attemptAsync@file:///Users/emanuelaharonoff/Development/code/web-js-oo-task-list-web-0616/tmpTestSupport/jasmine.js:1520:16
run@file:///Users/emanuelaharonoff/Development/code/web-js-oo-task-list-web-0616/tmpTestSupport/jasmine.js:1496:28
next@file:///Users/emanuelaharonoff/Development/code/web-js-oo-task-list-web-0616/tmpTestSupport/jasmine.js:1517:40
complete@file:///Users/emanuelaharonoff/Development/code/web-js-oo-task-list-web-0616/tmpTestSupport/jasmine.js:1703:19			</failure>
			<failure type="" message="TypeError: undefined is not an object (evaluating &amp;apos;tasksController.$taskPriorityInput&amp;apos;) in file:///Users/emanuelaharonoff/Development/code/web-js-oo-task-list-web-0616/spec/tasks.controller.spec.js (line 23)">
file:///Users/emanuelaharonoff/Development/code/web-js-oo-task-list-web-0616/spec/tasks.controller.spec.js:23:29
attemptSync@file:///Users/emanuelaharonoff/Development/code/web-js-oo-task-list-web-0616/tmpTestSupport/jasmine.js:1510:16
run@file:///Users/emanuelaharonoff/Development/code/web-js-oo-task-list-web-0616/tmpTestSupport/jasmine.js:1498:20
execute@file:///Users/emanuelaharonoff/Development/code/web-js-oo-task-list-web-0616/tmpTestSupport/jasmine.js:1485:13
queueRunnerFactory@file:///Users/emanuelaharonoff/Development/code/web-js-oo-task-list-web-0616/tmpTestSupport/jasmine.js:518:42
execute@file:///Users/emanuelaharonoff/Development/code/web-js-oo-task-list-web-0616/tmpTestSupport/jasmine.js:306:28
file:///Users/emanuelaharonoff/Development/code/web-js-oo-task-list-web-0616/tmpTestSupport/jasmine.js:1708:44
attemptAsync@file:///Users/emanuelaharonoff/Development/code/web-js-oo-task-list-web-0616/tmpTestSupport/jasmine.js:1520:16
run@file:///Users/emanuelaharonoff/Development/code/web-js-oo-task-list-web-0616/tmpTestSupport/jasmine.js:1496:28
next@file:///Users/emanuelaharonoff/Development/code/web-js-oo-task-list-web-0616/tmpTestSupport/jasmine.js:1517:40
complete@file:///Users/emanuelaharonoff/Development/code/web-js-oo-task-list-web-0616/tmpTestSupport/jasmine.js:333:19
clearStack@file:///Users/emanuelaharonoff/Development/code/web-js-oo-task-list-web-0616/tmpTestSupport/jasmine.js:506:11
run@file:///Users/emanuelaharonoff/Development/code/web-js-oo-task-list-web-0616/tmpTestSupport/jasmine.js:1505:22
execute@file:///Users/emanuelaharonoff/Development/code/web-js-oo-task-list-web-0616/tmpTestSupport/jasmine.js:1485:13
queueRunnerFactory@file:///Users/emanuelaharonoff/Development/code/web-js-oo-task-list-web-0616/tmpTestSupport/jasmine.js:518:42
execute@file:///Users/emanuelaharonoff/Development/code/web-js-oo-task-list-web-0616/tmpTestSupport/jasmine.js:306:28
file:///Users/emanuelaharonoff/Development/code/web-js-oo-task-list-web-0616/tmpTestSupport/jasmine.js:1708:44
attemptAsync@file:///Users/emanuelaharonoff/Development/code/web-js-oo-task-list-web-0616/tmpTestSupport/jasmine.js:1520:16
run@file:///Users/emanuelaharonoff/Development/code/web-js-oo-task-list-web-0616/tmpTestSupport/jasmine.js:1496:28
next@file:///Users/emanuelaharonoff/Development/code/web-js-oo-task-list-web-0616/tmpTestSupport/jasmine.js:1517:40
complete@file:///Users/emanuelaharonoff/Development/code/web-js-oo-task-list-web-0616/tmpTestSupport/jasmine.js:333:19
clearStack@file:///Users/emanuelaharonoff/Development/code/web-js-oo-task-list-web-0616/tmpTestSupport/jasmine.js:506:11
run@file:///Users/emanuelaharonoff/Development/code/web-js-oo-task-list-web-0616/tmpTestSupport/jasmine.js:1505:22
execute@file:///Users/emanuelaharonoff/Development/code/web-js-oo-task-list-web-0616/tmpTestSupport/jasmine.js:1485:13
queueRunnerFactory@file:///Users/emanuelaharonoff/Development/code/web-js-oo-task-list-web-0616/tmpTestSupport/jasmine.js:518:42
execute@file:///Users/emanuelaharonoff/Development/code/web-js-oo-task-list-web-0616/tmpTestSupport/jasmine.js:306:28
file:///Users/emanuelaharonoff/Development/code/web-js-oo-task-list-web-0616/tmpTestSupport/jasmine.js:1708:44
attemptAsync@file:///Users/emanuelaharonoff/Development/code/web-js-oo-task-list-web-0616/tmpTestSupport/jasmine.js:1520:16
run@file:///Users/emanuelaharonoff/Development/code/web-js-oo-task-list-web-0616/tmpTestSupport/jasmine.js:1496:28
next@file:///Users/emanuelaharonoff/Development/code/web-js-oo-task-list-web-0616/tmpTestSupport/jasmine.js:1517:40
complete@file:///Users/emanuelaharonoff/Development/code/web-js-oo-task-list-web-0616/tmpTestSupport/jasmine.js:333:19
clearStack@file:///Users/emanuelaharonoff/Development/code/web-js-oo-task-list-web-0616/tmpTestSupport/jasmine.js:506:11
run@file:///Users/emanuelaharonoff/Development/code/web-js-oo-task-list-web-0616/tmpTestSupport/jasmine.js:1505:22
execute@file:///Users/emanuelaharonoff/Development/code/web-js-oo-task-list-web-0616/tmpTestSupport/jasmine.js:1485:13
queueRunnerFactory@file:///Users/emanuelaharonoff/Development/code/web-js-oo-task-list-web-0616/tmpTestSupport/jasmine.js:518:42
execute@file:///Users/emanuelaharonoff/Development/code/web-js-oo-task-list-web-0616/tmpTestSupport/jasmine.js:306:28
file:///Users/emanuelaharonoff/Development/code/web-js-oo-task-list-web-0616/tmpTestSupport/jasmine.js:1708:44
attemptAsync@file:///Users/emanuelaharonoff/Development/code/web-js-oo-task-list-web-0616/tmpTestSupport/jasmine.js:1520:16
run@file:///Users/emanuelaharonoff/Development/code/web-js-oo-task-list-web-0616/tmpTestSupport/jasmine.js:1496:28
execute@file:///Users/emanuelaharonoff/Development/code/web-js-oo-task-list-web-0616/tmpTestSupport/jasmine.js:1485:13
queueRunnerFactory@file:///Users/emanuelaharonoff/Development/code/web-js-oo-task-list-web-0616/tmpTestSupport/jasmine.js:518:42
execute@file:///Users/emanuelaharonoff/Development/code/web-js-oo-task-list-web-0616/tmpTestSupport/jasmine.js:1694:21
file:///Users/emanuelaharonoff/Development/code/web-js-oo-task-list-web-0616/tmpTestSupport/jasmine.js:1708:44
attemptAsync@file:///Users/emanuelaharonoff/Development/code/web-js-oo-task-list-web-0616/tmpTestSupport/jasmine.js:1520:16
run@file:///Users/emanuelaharonoff/Development/code/web-js-oo-task-list-web-0616/tmpTestSupport/jasmine.js:1496:28
execute@file:///Users/emanuelaharonoff/Development/code/web-js-oo-task-list-web-0616/tmpTestSupport/jasmine.js:1485:13
queueRunnerFactory@file:///Users/emanuelaharonoff/Development/code/web-js-oo-task-list-web-0616/tmpTestSupport/jasmine.js:518:42
execute@file:///Users/emanuelaharonoff/Development/code/web-js-oo-task-list-web-0616/tmpTestSupport/jasmine.js:1694:21
file:///Users/emanuelaharonoff/Development/code/web-js-oo-task-list-web-0616/tmpTestSupport/jasmine.js:1708:44
attemptAsync@file:///Users/emanuelaharonoff/Development/code/web-js-oo-task-list-web-0616/tmpTestSupport/jasmine.js:1520:16
run@file:///Users/emanuelaharonoff/Development/code/web-js-oo-task-list-web-0616/tmpTestSupport/jasmine.js:1496:28
next@file:///Users/emanuelaharonoff/Development/code/web-js-oo-task-list-web-0616/tmpTestSupport/jasmine.js:1517:40
complete@file:///Users/emanuelaharonoff/Development/code/web-js-oo-task-list-web-0616/tmpTestSupport/jasmine.js:1703:19
clearStack@file:///Users/emanuelaharonoff/Development/code/web-js-oo-task-list-web-0616/tmpTestSupport/jasmine.js:506:11
run@file:///Users/emanuelaharonoff/Development/code/web-js-oo-task-list-web-0616/tmpTestSupport/jasmine.js:1505:22
next@file:///Users/emanuelaharonoff/Development/code/web-js-oo-task-list-web-0616/tmpTestSupport/jasmine.js:1517:40
complete@file:///Users/emanuelaharonoff/Development/code/web-js-oo-task-list-web-0616/tmpTestSupport/jasmine.js:1703:19
clearStack@file:///Users/emanuelaharonoff/Development/code/web-js-oo-task-list-web-0616/tmpTestSupport/jasmine.js:506:11
run@file:///Users/emanuelaharonoff/Development/code/web-js-oo-task-list-web-0616/tmpTestSupport/jasmine.js:1505:22
next@file:///Users/emanuelaharonoff/Development/code/web-js-oo-task-list-web-0616/tmpTestSupport/jasmine.js:1517:40
complete@file:///Users/emanuelaharonoff/Development/code/web-js-oo-task-list-web-0616/tmpTestSupport/jasmine.js:333:19
clearStack@file:///Users/emanuelaharonoff/Development/code/web-js-oo-task-list-web-0616/tmpTestSupport/jasmine.js:506:11
run@file:///Users/emanuelaharonoff/Development/code/web-js-oo-task-list-web-0616/tmpTestSupport/jasmine.js:1505:22
execute@file:///Users/emanuelaharonoff/Development/code/web-js-oo-task-list-web-0616/tmpTestSupport/jasmine.js:1485:13
queueRunnerFactory@file:///Users/emanuelaharonoff/Development/code/web-js-oo-task-list-web-0616/tmpTestSupport/jasmine.js:518:42
execute@file:///Users/emanuelaharonoff/Development/code/web-js-oo-task-list-web-0616/tmpTestSupport/jasmine.js:306:28
file:///Users/emanuelaharonoff/Development/code/web-js-oo-task-list-web-0616/tmpTestSupport/jasmine.js:1708:44
attemptAsync@file:///Users/emanuelaharonoff/Development/code/web-js-oo-task-list-web-0616/tmpTestSupport/jasmine.js:1520:16
run@file:///Users/emanuelaharonoff/Development/code/web-js-oo-task-list-web-0616/tmpTestSupport/jasmine.js:1496:28
next@file:///Users/emanuelaharonoff/Development/code/web-js-oo-task-list-web-0616/tmpTestSupport/jasmine.js:1517:40
complete@file:///Users/emanuelaharonoff/Development/code/web-js-oo-task-list-web-0616/tmpTestSupport/jasmine.js:333:19
clearStack@file:///Users/emanuelaharonoff/Development/code/web-js-oo-task-list-web-0616/tmpTestSupport/jasmine.js:506:11
run@file:///Users/emanuelaharonoff/Development/code/web-js-oo-task-list-web-0616/tmpTestSupport/jasmine.js:1505:22
execute@file:///Users/emanuelaharonoff/Development/code/web-js-oo-task-list-web-0616/tmpTestSupport/jasmine.js:1485:13
queueRunnerFactory@file:///Users/emanuelaharonoff/Development/code/web-js-oo-task-list-web-0616/tmpTestSupport/jasmine.js:518:42
execute@file:///Users/emanuelaharonoff/Development/code/web-js-oo-task-list-web-0616/tmpTestSupport/jasmine.js:306:28
file:///Users/emanuelaharonoff/Development/code/web-js-oo-task-list-web-0616/tmpTestSupport/jasmine.js:1708:44
attemptAsync@file:///Users/emanuelaharonoff/Development/code/web-js-oo-task-list-web-0616/tmpTestSupport/jasmine.js:1520:16
run@file:///Users/emanuelaharonoff/Development/code/web-js-oo-task-list-web-0616/tmpTestSupport/jasmine.js:1496:28
next@file:///Users/emanuelaharonoff/Development/code/web-js-oo-task-list-web-0616/tmpTestSupport/jasmine.js:1517:40
complete@file:///Users/emanuelaharonoff/Development/code/web-js-oo-task-list-web-0616/tmpTestSupport/jasmine.js:333:19
clearStack@file:///Users/emanuelaharonoff/Development/code/web-js-oo-task-list-web-0616/tmpTestSupport/jasmine.js:506:11
run@file:///Users/emanuelaharonoff/Development/code/web-js-oo-task-list-web-0616/tmpTestSupport/jasmine.js:1505:22
execute@file:///Users/emanuelaharonoff/Development/code/web-js-oo-task-list-web-0616/tmpTestSupport/jasmine.js:1485:13
queueRunnerFactory@file:///Users/emanuelaharonoff/Development/code/web-js-oo-task-list-web-0616/tmpTestSupport/jasmine.js:518:42
execute@file:///Users/emanuelaharonoff/Development/code/web-js-oo-task-list-web-0616/tmpTestSupport/jasmine.js:306:28
file:///Users/emanuelaharonoff/Development/code/web-js-oo-task-list-web-0616/tmpTestSupport/jasmine.js:1708:44
attemptAsync@file:///Users/emanuelaharonoff/Development/code/web-js-oo-task-list-web-0616/tmpTestSupport/jasmine.js:1520:16
run@file:///Users/emanuelaharonoff/Development/code/web-js-oo-task-list-web-0616/tmpTestSupport/jasmine.js:1496:28
next@file:///Users/emanuelaharonoff/Development/code/web-js-oo-task-list-web-0616/tmpTestSupport/jasmine.js:1517:40
complete@file:///Users/emanuelaharonoff/Development/code/web-js-oo-task-list-web-0616/tmpTestSupport/jasmine.js:333:19
clearStack@file:///Users/emanuelaharonoff/Development/code/web-js-oo-task-list-web-0616/tmpTestSupport/jasmine.js:506:11
run@file:///Users/emanuelaharonoff/Development/code/web-js-oo-task-list-web-0616/tmpTestSupport/jasmine.js:1505:22
execute@file:///Users/emanuelaharonoff/Development/code/web-js-oo-task-list-web-0616/tmpTestSupport/jasmine.js:1485:13
queueRunnerFactory@file:///Users/emanuelaharonoff/Development/code/web-js-oo-task-list-web-0616/tmpTestSupport/jasmine.js:518:42
execute@file:///Users/emanuelaharonoff/Development/code/web-js-oo-task-list-web-0616/tmpTestSupport/jasmine.js:306:28
file:///Users/emanuelaharonoff/Development/code/web-js-oo-task-list-web-0616/tmpTestSupport/jasmine.js:1708:44
attemptAsync@file:///Users/emanuelaharonoff/Development/code/web-js-oo-task-list-web-0616/tmpTestSupport/jasmine.js:1520:16
run@file:///Users/emanuelaharonoff/Development/code/web-js-oo-task-list-web-0616/tmpTestSupport/jasmine.js:1496:28
execute@file:///Users/emanuelaharonoff/Development/code/web-js-oo-task-list-web-0616/tmpTestSupport/jasmine.js:1485:13
queueRunnerFactory@file:///Users/emanuelaharonoff/Development/code/web-js-oo-task-list-web-0616/tmpTestSupport/jasmine.js:518:42
execute@file:///Users/emanuelaharonoff/Development/code/web-js-oo-task-list-web-0616/tmpTestSupport/jasmine.js:1694:21
file:///Users/emanuelaharonoff/Development/code/web-js-oo-task-list-web-0616/tmpTestSupport/jasmine.js:1708:44
attemptAsync@file:///Users/emanuelaharonoff/Development/code/web-js-oo-task-list-web-0616/tmpTestSupport/jasmine.js:1520:16
run@file:///Users/emanuelaharonoff/Development/code/web-js-oo-task-list-web-0616/tmpTestSupport/jasmine.js:1496:28
next@file:///Users/emanuelaharonoff/Development/code/web-js-oo-task-list-web-0616/tmpTestSupport/jasmine.js:1517:40
complete@file:///Users/emanuelaharonoff/Development/code/web-js-oo-task-list-web-0616/tmpTestSupport/jasmine.js:1703:19
clearStack@file:///Users/emanuelaharonoff/Development/code/web-js-oo-task-list-web-0616/tmpTestSupport/jasmine.js:506:11
run@file:///Users/emanuelaharonoff/Development/code/web-js-oo-task-list-web-0616/tmpTestSupport/jasmine.js:1505:22
next@file:///Users/emanuelaharonoff/Development/code/web-js-oo-task-list-web-0616/tmpTestSupport/jasmine.js:1517:40
complete@file:///Users/emanuelaharonoff/Development/code/web-js-oo-task-list-web-0616/tmpTestSupport/jasmine.js:333:19
clearStack@file:///Users/emanuelaharonoff/Development/code/web-js-oo-task-list-web-0616/tmpTestSupport/jasmine.js:506:11
run@file:///Users/emanuelaharonoff/Development/code/web-js-oo-task-list-web-0616/tmpTestSupport/jasmine.js:1505:22
execute@file:///Users/emanuelaharonoff/Development/code/web-js-oo-task-list-web-0616/tmpTestSupport/jasmine.js:1485:13
queueRunnerFactory@file:///Users/emanuelaharonoff/Development/code/web-js-oo-task-list-web-0616/tmpTestSupport/jasmine.js:518:42
execute@file:///Users/emanuelaharonoff/Development/code/web-js-oo-task-list-web-0616/tmpTestSupport/jasmine.js:306:28
file:///Users/emanuelaharonoff/Development/code/web-js-oo-task-list-web-0616/tmpTestSupport/jasmine.js:1708:44
attemptAsync@file:///Users/emanuelaharonoff/Development/code/web-js-oo-task-list-web-0616/tmpTestSupport/jasmine.js:1520:16
run@file:///Users/emanuelaharonoff/Development/code/web-js-oo-task-list-web-0616/tmpTestSupport/jasmine.js:1496:28
next@file:///Users/emanuelaharonoff/Development/code/web-js-oo-task-list-web-0616/tmpTestSupport/jasmine.js:1517:40
complete@file:///Users/emanuelaharonoff/Development/code/web-js-oo-task-list-web-0616/tmpTestSupport/jasmine.js:333:19
clearStack@file:///Users/emanuelaharonoff/Development/code/web-js-oo-task-list-web-0616/tmpTestSupport/jasmine.js:506:11
run@file:///Users/emanuelaharonoff/Development/code/web-js-oo-task-list-web-0616/tmpTestSupport/jasmine.js:1505:22
execute@file:///Users/emanuelaharonoff/Development/code/web-js-oo-task-list-web-0616/tmpTestSupport/jasmine.js:1485:13
queueRunnerFactory@file:///Users/emanuelaharonoff/Development/code/web-js-oo-task-list-web-0616/tmpTestSupport/jasmine.js:518:42
execute@file:///Users/emanuelaharonoff/Development/code/web-js-oo-task-list-web-0616/tmpTestSupport/jasmine.js:306:28
file:///Users/emanuelaharonoff/Development/code/web-js-oo-task-list-web-0616/tmpTestSupport/jasmine.js:1708:44
attemptAsync@file:///Users/emanuelaharonoff/Development/code/web-js-oo-task-list-web-0616/tmpTestSupport/jasmine.js:1520:16
run@file:///Users/emanuelaharonoff/Development/code/web-js-oo-task-list-web-0616/tmpTestSupport/jasmine.js:1496:28
next@file:///Users/emanuelaharonoff/Development/code/web-js-oo-task-list-web-0616/tmpTestSupport/jasmine.js:1517:40
complete@file:///Users/emanuelaharonoff/Development/code/web-js-oo-task-list-web-0616/tmpTestSupport/jasmine.js:333:19
clearStack@file:///Users/emanuelaharonoff/Development/code/web-js-oo-task-list-web-0616/tmpTestSupport/jasmine.js:506:11
run@file:///Users/emanuelaharonoff/Development/code/web-js-oo-task-list-web-0616/tmpTestSupport/jasmine.js:1505:22
execute@file:///Users/emanuelaharonoff/Development/code/web-js-oo-task-list-web-0616/tmpTestSupport/jasmine.js:1485:13
queueRunnerFactory@file:///Users/emanuelaharonoff/Development/code/web-js-oo-task-list-web-0616/tmpTestSupport/jasmine.js:518:42
execute@file:///Users/emanuelaharonoff/Development/code/web-js-oo-task-list-web-0616/tmpTestSupport/jasmine.js:306:28
file:///Users/emanuelaharonoff/Development/code/web-js-oo-task-list-web-0616/tmpTestSupport/jasmine.js:1708:44
attemptAsync@file:///Users/emanuelaharonoff/Development/code/web-js-oo-task-list-web-0616/tmpTestSupport/jasmine.js:1520:16
run@file:///Users/emanuelaharonoff/Development/code/web-js-oo-task-list-web-0616/tmpTestSupport/jasmine.js:1496:28
next@file:///Users/emanuelaharonoff/Development/code/web-js-oo-task-list-web-0616/tmpTestSupport/jasmine.js:1517:40
complete@file:///Users/emanuelaharonoff/Development/code/web-js-oo-task-list-web-0616/tmpTestSupport/jasmine.js:333:19
clearStack@file:///Users/emanuelaharonoff/Development/code/web-js-oo-task-list-web-0616/tmpTestSupport/jasmine.js:506:11
run@file:///Users/emanuelaharonoff/Development/code/web-js-oo-task-list-web-0616/tmpTestSupport/jasmine.js:1505:22
execute@file:///Users/emanuelaharonoff/Development/code/web-js-oo-task-list-web-0616/tmpTestSupport/jasmine.js:1485:13
queueRunnerFactory@file:///Users/emanuelaharonoff/Development/code/web-js-oo-task-list-web-0616/tmpTestSupport/jasmine.js:518:42
execute@file:///Users/emanuelaharonoff/Development/code/web-js-oo-task-list-web-0616/tmpTestSupport/jasmine.js:306:28
file:///Users/emanuelaharonoff/Development/code/web-js-oo-task-list-web-0616/tmpTestSupport/jasmine.js:1708:44
attemptAsync@file:///Users/emanuelaharonoff/Development/code/web-js-oo-task-list-web-0616/tmpTestSupport/jasmine.js:1520:16
run@file:///Users/emanuelaharonoff/Development/code/web-js-oo-task-list-web-0616/tmpTestSupport/jasmine.js:1496:28
next@file:///Users/emanuelaharonoff/Development/code/web-js-oo-task-list-web-0616/tmpTestSupport/jasmine.js:1517:40
complete@file:///Users/emanuelaharonoff/Development/code/web-js-oo-task-list-web-0616/tmpTestSupport/jasmine.js:333:19
clearStack@file:///Users/emanuelaharonoff/Development/code/web-js-oo-task-list-web-0616/tmpTestSupport/jasmine.js:506:11
run@file:///Users/emanuelaharonoff/Development/code/web-js-oo-task-list-web-0616/tmpTestSupport/jasmine.js:1505:22
execute@file:///Users/emanuelaharonoff/Development/code/web-js-oo-task-list-web-0616/tmpTestSupport/jasmine.js:1485:13
queueRunnerFactory@file:///Users/emanuelaharonoff/Development/code/web-js-oo-task-list-web-0616/tmpTestSupport/jasmine.js:518:42
execute@file:///Users/emanuelaharonoff/Development/code/web-js-oo-task-list-web-0616/tmpTestSupport/jasmine.js:306:28
file:///Users/emanuelaharonoff/Development/code/web-js-oo-task-list-web-0616/tmpTestSupport/jasmine.js:1708:44
attemptAsync@file:///Users/emanuelaharonoff/Development/code/web-js-oo-task-list-web-0616/tmpTestSupport/jasmine.js:1520:16
run@file:///Users/emanuelaharonoff/Development/code/web-js-oo-task-list-web-0616/tmpTestSupport/jasmine.js:1496:28
execute@file:///Users/emanuelaharonoff/Development/code/web-js-oo-task-list-web-0616/tmpTestSupport/jasmine.js:1485:13
queueRunnerFactory@file:///Users/emanuelaharonoff/Development/code/web-js-oo-task-list-web-0616/tmpTestSupport/jasmine.js:518:42
execute@file:///Users/emanuelaharonoff/Development/code/web-js-oo-task-list-web-0616/tmpTestSupport/jasmine.js:1694:21
file:///Users/emanuelaharonoff/Development/code/web-js-oo-task-list-web-0616/tmpTestSupport/jasmine.js:1708:44
attemptAsync@file:///Users/emanuelaharonoff/Development/code/web-js-oo-task-list-web-0616/tmpTestSupport/jasmine.js:1520:16
run@file:///Users/emanuelaharonoff/Development/code/web-js-oo-task-list-web-0616/tmpTestSupport/jasmine.js:1496:28
execute@file:///Users/emanuelaharonoff/Development/code/web-js-oo-task-list-web-0616/tmpTestSupport/jasmine.js:1485:13
queueRunnerFactory@file:///Users/emanuelaharonoff/Development/code/web-js-oo-task-list-web-0616/tmpTestSupport/jasmine.js:518:42
execute@file:///Users/emanuelaharonoff/Development/code/web-js-oo-task-list-web-0616/tmpTestSupport/jasmine.js:1694:21
file:///Users/emanuelaharonoff/Development/code/web-js-oo-task-list-web-0616/tmpTestSupport/jasmine.js:1708:44
attemptAsync@file:///Users/emanuelaharonoff/Development/code/web-js-oo-task-list-web-0616/tmpTestSupport/jasmine.js:1520:16
run@file:///Users/emanuelaharonoff/Development/code/web-js-oo-task-list-web-0616/tmpTestSupport/jasmine.js:1496:28
next@file:///Users/emanuelaharonoff/Development/code/web-js-oo-task-list-web-0616/tmpTestSupport/jasmine.js:1517:40
complete@file:///Users/emanuelaharonoff/Development/code/web-js-oo-task-list-web-0616/tmpTestSupport/jasmine.js:1703:19
clearStack@file:///Users/emanuelaharonoff/Development/code/web-js-oo-task-list-web-0616/tmpTestSupport/jasmine.js:506:11
run@file:///Users/emanuelaharonoff/Development/code/web-js-oo-task-list-web-0616/tmpTestSupport/jasmine.js:1505:22
next@file:///Users/emanuelaharonoff/Development/code/web-js-oo-task-list-web-0616/tmpTestSupport/jasmine.js:1517:40
complete@file:///Users/emanuelaharonoff/Development/code/web-js-oo-task-list-web-0616/tmpTestSupport/jasmine.js:1703:19
clearStack@file:///Users/emanuelaharonoff/Development/code/web-js-oo-task-list-web-0616/tmpTestSupport/jasmine.js:506:11
run@file:///Users/emanuelaharonoff/Development/code/web-js-oo-task-list-web-0616/tmpTestSupport/jasmine.js:1505:22
next@file:///Users/emanuelaharonoff/Development/code/web-js-oo-task-list-web-0616/tmpTestSupport/jasmine.js:1517:40
complete@file:///Users/emanuelaharonoff/Development/code/web-js-oo-task-list-web-0616/tmpTestSupport/jasmine.js:333:19
clearStack@file:///Users/emanuelaharonoff/Development/code/web-js-oo-task-list-web-0616/tmpTestSupport/jasmine.js:506:11
run@file:///Users/emanuelaharonoff/Development/code/web-js-oo-task-list-web-0616/tmpTestSupport/jasmine.js:1505:22
execute@file:///Users/emanuelaharonoff/Development/code/web-js-oo-task-list-web-0616/tmpTestSupport/jasmine.js:1485:13
queueRunnerFactory@file:///Users/emanuelaharonoff/Development/code/web-js-oo-task-list-web-0616/tmpTestSupport/jasmine.js:518:42
execute@file:///Users/emanuelaharonoff/Development/code/web-js-oo-task-list-web-0616/tmpTestSupport/jasmine.js:306:28
file:///Users/emanuelaharonoff/Development/code/web-js-oo-task-list-web-0616/tmpTestSupport/jasmine.js:1708:44
attemptAsync@file:///Users/emanuelaharonoff/Development/code/web-js-oo-task-list-web-0616/tmpTestSupport/jasmine.js:1520:16
run@file:///Users/emanuelaharonoff/Development/code/web-js-oo-task-list-web-0616/tmpTestSupport/jasmine.js:1496:28
next@file:///Users/emanuelaharonoff/Development/code/web-js-oo-task-list-web-0616/tmpTestSupport/jasmine.js:1517:40
complete@file:///Users/emanuelaharonoff/Development/code/web-js-oo-task-list-web-0616/tmpTestSupport/jasmine.js:333:19
clearStack@file:///Users/emanuelaharonoff/Development/code/web-js-oo-task-list-web-0616/tmpTestSupport/jasmine.js:506:11
run@file:///Users/emanuelaharonoff/Development/code/web-js-oo-task-list-web-0616/tmpTestSupport/jasmine.js:1505:22
execute@file:///Users/emanuelaharonoff/Development/code/web-js-oo-task-list-web-0616/tmpTestSupport/jasmine.js:1485:13
queueRunnerFactory@file:///Users/emanuelaharonoff/Development/code/web-js-oo-task-list-web-0616/tmpTestSupport/jasmine.js:518:42
execute@file:///Users/emanuelaharonoff/Development/code/web-js-oo-task-list-web-0616/tmpTestSupport/jasmine.js:306:28
file:///Users/emanuelaharonoff/Development/code/web-js-oo-task-list-web-0616/tmpTestSupport/jasmine.js:1708:44
attemptAsync@file:///Users/emanuelaharonoff/Development/code/web-js-oo-task-list-web-0616/tmpTestSupport/jasmine.js:1520:16
run@file:///Users/emanuelaharonoff/Development/code/web-js-oo-task-list-web-0616/tmpTestSupport/jasmine.js:1496:28
execute@file:///Users/emanuelaharonoff/Development/code/web-js-oo-task-list-web-0616/tmpTestSupport/jasmine.js:1485:13
queueRunnerFactory@file:///Users/emanuelaharonoff/Development/code/web-js-oo-task-list-web-0616/tmpTestSupport/jasmine.js:518:42
execute@file:///Users/emanuelaharonoff/Development/code/web-js-oo-task-list-web-0616/tmpTestSupport/jasmine.js:1694:21
file:///Users/emanuelaharonoff/Development/code/web-js-oo-task-list-web-0616/tmpTestSupport/jasmine.js:1708:44
attemptAsync@file:///Users/emanuelaharonoff/Development/code/web-js-oo-task-list-web-0616/tmpTestSupport/jasmine.js:1520:16
run@file:///Users/emanuelaharonoff/Development/code/web-js-oo-task-list-web-0616/tmpTestSupport/jasmine.js:1496:28
next@file:///Users/emanuelaharonoff/Development/code/web-js-oo-task-list-web-0616/tmpTestSupport/jasmine.js:1517:40
complete@file:///Users/emanuelaharonoff/Development/code/web-js-oo-task-list-web-0616/tmpTestSupport/jasmine.js:1703:19			</failure>
		</testcase>
		<testcase classname="Tasks Controller" name="creating a new TasksController should have a $wrapper property that holds a selected element with the id &amp;apos;#wrapper&amp;apos;" time="0.004">
			<failure type="" message="ReferenceError: Can&amp;apos;t find variable: TasksController in file:///Users/emanuelaharonoff/Development/code/web-js-oo-task-list-web-0616/spec/tasks.controller.spec.js (line 7)">
file:///Users/emanuelaharonoff/Development/code/web-js-oo-task-list-web-0616/spec/tasks.controller.spec.js:7:42
attemptSync@file:///Users/emanuelaharonoff/Development/code/web-js-oo-task-list-web-0616/tmpTestSupport/jasmine.js:1510:16
run@file:///Users/emanuelaharonoff/Development/code/web-js-oo-task-list-web-0616/tmpTestSupport/jasmine.js:1498:20
execute@file:///Users/emanuelaharonoff/Development/code/web-js-oo-task-list-web-0616/tmpTestSupport/jasmine.js:1485:13
queueRunnerFactory@file:///Users/emanuelaharonoff/Development/code/web-js-oo-task-list-web-0616/tmpTestSupport/jasmine.js:518:42
execute@file:///Users/emanuelaharonoff/Development/code/web-js-oo-task-list-web-0616/tmpTestSupport/jasmine.js:306:28
file:///Users/emanuelaharonoff/Development/code/web-js-oo-task-list-web-0616/tmpTestSupport/jasmine.js:1708:44
attemptAsync@file:///Users/emanuelaharonoff/Development/code/web-js-oo-task-list-web-0616/tmpTestSupport/jasmine.js:1520:16
run@file:///Users/emanuelaharonoff/Development/code/web-js-oo-task-list-web-0616/tmpTestSupport/jasmine.js:1496:28
next@file:///Users/emanuelaharonoff/Development/code/web-js-oo-task-list-web-0616/tmpTestSupport/jasmine.js:1517:40
complete@file:///Users/emanuelaharonoff/Development/code/web-js-oo-task-list-web-0616/tmpTestSupport/jasmine.js:333:19			</failure>
			<failure type="" message="TypeError: undefined is not an object (evaluating &amp;apos;tasksController.$wrapper&amp;apos;) in file:///Users/emanuelaharonoff/Development/code/web-js-oo-task-list-web-0616/spec/tasks.controller.spec.js (line 26)">
file:///Users/emanuelaharonoff/Development/code/web-js-oo-task-list-web-0616/spec/tasks.controller.spec.js:26:29
attemptSync@file:///Users/emanuelaharonoff/Development/code/web-js-oo-task-list-web-0616/tmpTestSupport/jasmine.js:1510:16
run@file:///Users/emanuelaharonoff/Development/code/web-js-oo-task-list-web-0616/tmpTestSupport/jasmine.js:1498:20
execute@file:///Users/emanuelaharonoff/Development/code/web-js-oo-task-list-web-0616/tmpTestSupport/jasmine.js:1485:13
queueRunnerFactory@file:///Users/emanuelaharonoff/Development/code/web-js-oo-task-list-web-0616/tmpTestSupport/jasmine.js:518:42
execute@file:///Users/emanuelaharonoff/Development/code/web-js-oo-task-list-web-0616/tmpTestSupport/jasmine.js:306:28
file:///Users/emanuelaharonoff/Development/code/web-js-oo-task-list-web-0616/tmpTestSupport/jasmine.js:1708:44
attemptAsync@file:///Users/emanuelaharonoff/Development/code/web-js-oo-task-list-web-0616/tmpTestSupport/jasmine.js:1520:16
run@file:///Users/emanuelaharonoff/Development/code/web-js-oo-task-list-web-0616/tmpTestSupport/jasmine.js:1496:28
next@file:///Users/emanuelaharonoff/Development/code/web-js-oo-task-list-web-0616/tmpTestSupport/jasmine.js:1517:40
complete@file:///Users/emanuelaharonoff/Development/code/web-js-oo-task-list-web-0616/tmpTestSupport/jasmine.js:333:19			</failure>
		</testcase>
		<testcase classname="Tasks Controller" name="#init (note you can always use #init as a delegator...) creating a new task via a listener on the new tasks form should create a new task" time="0.004">
			<failure type="" message="ReferenceError: Can&amp;apos;t find variable: TasksController in file:///Users/emanuelaharonoff/Development/code/web-js-oo-task-list-web-0616/spec/tasks.controller.spec.js (line 7)">
file:///Users/emanuelaharonoff/Development/code/web-js-oo-task-list-web-0616/spec/tasks.controller.spec.js:7:42
attemptSync@file:///Users/emanuelaharonoff/Development/code/web-js-oo-task-list-web-0616/tmpTestSupport/jasmine.js:1510:16
run@file:///Users/emanuelaharonoff/Development/code/web-js-oo-task-list-web-0616/tmpTestSupport/jasmine.js:1498:20
execute@file:///Users/emanuelaharonoff/Development/code/web-js-oo-task-list-web-0616/tmpTestSupport/jasmine.js:1485:13
queueRunnerFactory@file:///Users/emanuelaharonoff/Development/code/web-js-oo-task-list-web-0616/tmpTestSupport/jasmine.js:518:42
execute@file:///Users/emanuelaharonoff/Development/code/web-js-oo-task-list-web-0616/tmpTestSupport/jasmine.js:306:28
file:///Users/emanuelaharonoff/Development/code/web-js-oo-task-list-web-0616/tmpTestSupport/jasmine.js:1708:44
attemptAsync@file:///Users/emanuelaharonoff/Development/code/web-js-oo-task-list-web-0616/tmpTestSupport/jasmine.js:1520:16
run@file:///Users/emanuelaharonoff/Development/code/web-js-oo-task-list-web-0616/tmpTestSupport/jasmine.js:1496:28
execute@file:///Users/emanuelaharonoff/Development/code/web-js-oo-task-list-web-0616/tmpTestSupport/jasmine.js:1485:13
queueRunnerFactory@file:///Users/emanuelaharonoff/Development/code/web-js-oo-task-list-web-0616/tmpTestSupport/jasmine.js:518:42
execute@file:///Users/emanuelaharonoff/Development/code/web-js-oo-task-list-web-0616/tmpTestSupport/jasmine.js:1694:21
file:///Users/emanuelaharonoff/Development/code/web-js-oo-task-list-web-0616/tmpTestSupport/jasmine.js:1708:44
attemptAsync@file:///Users/emanuelaharonoff/Development/code/web-js-oo-task-list-web-0616/tmpTestSupport/jasmine.js:1520:16
run@file:///Users/emanuelaharonoff/Development/code/web-js-oo-task-list-web-0616/tmpTestSupport/jasmine.js:1496:28
execute@file:///Users/emanuelaharonoff/Development/code/web-js-oo-task-list-web-0616/tmpTestSupport/jasmine.js:1485:13
queueRunnerFactory@file:///Users/emanuelaharonoff/Development/code/web-js-oo-task-list-web-0616/tmpTestSupport/jasmine.js:518:42
execute@file:///Users/emanuelaharonoff/Development/code/web-js-oo-task-list-web-0616/tmpTestSupport/jasmine.js:1694:21
file:///Users/emanuelaharonoff/Development/code/web-js-oo-task-list-web-0616/tmpTestSupport/jasmine.js:1708:44
attemptAsync@file:///Users/emanuelaharonoff/Development/code/web-js-oo-task-list-web-0616/tmpTestSupport/jasmine.js:1520:16
run@file:///Users/emanuelaharonoff/Development/code/web-js-oo-task-list-web-0616/tmpTestSupport/jasmine.js:1496:28
next@file:///Users/emanuelaharonoff/Development/code/web-js-oo-task-list-web-0616/tmpTestSupport/jasmine.js:1517:40
complete@file:///Users/emanuelaharonoff/Development/code/web-js-oo-task-list-web-0616/tmpTestSupport/jasmine.js:1703:19
clearStack@file:///Users/emanuelaharonoff/Development/code/web-js-oo-task-list-web-0616/tmpTestSupport/jasmine.js:506:11
run@file:///Users/emanuelaharonoff/Development/code/web-js-oo-task-list-web-0616/tmpTestSupport/jasmine.js:1505:22
next@file:///Users/emanuelaharonoff/Development/code/web-js-oo-task-list-web-0616/tmpTestSupport/jasmine.js:1517:40
complete@file:///Users/emanuelaharonoff/Development/code/web-js-oo-task-list-web-0616/tmpTestSupport/jasmine.js:333:19
clearStack@file:///Users/emanuelaharonoff/Development/code/web-js-oo-task-list-web-0616/tmpTestSupport/jasmine.js:506:11
run@file:///Users/emanuelaharonoff/Development/code/web-js-oo-task-list-web-0616/tmpTestSupport/jasmine.js:1505:22
execute@file:///Users/emanuelaharonoff/Development/code/web-js-oo-task-list-web-0616/tmpTestSupport/jasmine.js:1485:13
queueRunnerFactory@file:///Users/emanuelaharonoff/Development/code/web-js-oo-task-list-web-0616/tmpTestSupport/jasmine.js:518:42
execute@file:///Users/emanuelaharonoff/Development/code/web-js-oo-task-list-web-0616/tmpTestSupport/jasmine.js:306:28
file:///Users/emanuelaharonoff/Development/code/web-js-oo-task-list-web-0616/tmpTestSupport/jasmine.js:1708:44
attemptAsync@file:///Users/emanuelaharonoff/Development/code/web-js-oo-task-list-web-0616/tmpTestSupport/jasmine.js:1520:16
run@file:///Users/emanuelaharonoff/Development/code/web-js-oo-task-list-web-0616/tmpTestSupport/jasmine.js:1496:28
next@file:///Users/emanuelaharonoff/Development/code/web-js-oo-task-list-web-0616/tmpTestSupport/jasmine.js:1517:40
complete@file:///Users/emanuelaharonoff/Development/code/web-js-oo-task-list-web-0616/tmpTestSupport/jasmine.js:333:19			</failure>
			<failure type="" message="ReferenceError: Can&amp;apos;t find variable: List in file:///Users/emanuelaharonoff/Development/code/web-js-oo-task-list-web-0616/spec/tasks.controller.spec.js (line 33)">
file:///Users/emanuelaharonoff/Development/code/web-js-oo-task-list-web-0616/spec/tasks.controller.spec.js:33:20
attemptSync@file:///Users/emanuelaharonoff/Development/code/web-js-oo-task-list-web-0616/tmpTestSupport/jasmine.js:1510:16
run@file:///Users/emanuelaharonoff/Development/code/web-js-oo-task-list-web-0616/tmpTestSupport/jasmine.js:1498:20
execute@file:///Users/emanuelaharonoff/Development/code/web-js-oo-task-list-web-0616/tmpTestSupport/jasmine.js:1485:13
queueRunnerFactory@file:///Users/emanuelaharonoff/Development/code/web-js-oo-task-list-web-0616/tmpTestSupport/jasmine.js:518:42
execute@file:///Users/emanuelaharonoff/Development/code/web-js-oo-task-list-web-0616/tmpTestSupport/jasmine.js:306:28
file:///Users/emanuelaharonoff/Development/code/web-js-oo-task-list-web-0616/tmpTestSupport/jasmine.js:1708:44
attemptAsync@file:///Users/emanuelaharonoff/Development/code/web-js-oo-task-list-web-0616/tmpTestSupport/jasmine.js:1520:16
run@file:///Users/emanuelaharonoff/Development/code/web-js-oo-task-list-web-0616/tmpTestSupport/jasmine.js:1496:28
execute@file:///Users/emanuelaharonoff/Development/code/web-js-oo-task-list-web-0616/tmpTestSupport/jasmine.js:1485:13
queueRunnerFactory@file:///Users/emanuelaharonoff/Development/code/web-js-oo-task-list-web-0616/tmpTestSupport/jasmine.js:518:42
execute@file:///Users/emanuelaharonoff/Development/code/web-js-oo-task-list-web-0616/tmpTestSupport/jasmine.js:1694:21
file:///Users/emanuelaharonoff/Development/code/web-js-oo-task-list-web-0616/tmpTestSupport/jasmine.js:1708:44
attemptAsync@file:///Users/emanuelaharonoff/Development/code/web-js-oo-task-list-web-0616/tmpTestSupport/jasmine.js:1520:16
run@file:///Users/emanuelaharonoff/Development/code/web-js-oo-task-list-web-0616/tmpTestSupport/jasmine.js:1496:28
execute@file:///Users/emanuelaharonoff/Development/code/web-js-oo-task-list-web-0616/tmpTestSupport/jasmine.js:1485:13
queueRunnerFactory@file:///Users/emanuelaharonoff/Development/code/web-js-oo-task-list-web-0616/tmpTestSupport/jasmine.js:518:42
execute@file:///Users/emanuelaharonoff/Development/code/web-js-oo-task-list-web-0616/tmpTestSupport/jasmine.js:1694:21
file:///Users/emanuelaharonoff/Development/code/web-js-oo-task-list-web-0616/tmpTestSupport/jasmine.js:1708:44
attemptAsync@file:///Users/emanuelaharonoff/Development/code/web-js-oo-task-list-web-0616/tmpTestSupport/jasmine.js:1520:16
run@file:///Users/emanuelaharonoff/Development/code/web-js-oo-task-list-web-0616/tmpTestSupport/jasmine.js:1496:28
next@file:///Users/emanuelaharonoff/Development/code/web-js-oo-task-list-web-0616/tmpTestSupport/jasmine.js:1517:40
complete@file:///Users/emanuelaharonoff/Development/code/web-js-oo-task-list-web-0616/tmpTestSupport/jasmine.js:1703:19
clearStack@file:///Users/emanuelaharonoff/Development/code/web-js-oo-task-list-web-0616/tmpTestSupport/jasmine.js:506:11
run@file:///Users/emanuelaharonoff/Development/code/web-js-oo-task-list-web-0616/tmpTestSupport/jasmine.js:1505:22
next@file:///Users/emanuelaharonoff/Development/code/web-js-oo-task-list-web-0616/tmpTestSupport/jasmine.js:1517:40
complete@file:///Users/emanuelaharonoff/Development/code/web-js-oo-task-list-web-0616/tmpTestSupport/jasmine.js:333:19
clearStack@file:///Users/emanuelaharonoff/Development/code/web-js-oo-task-list-web-0616/tmpTestSupport/jasmine.js:506:11
run@file:///Users/emanuelaharonoff/Development/code/web-js-oo-task-list-web-0616/tmpTestSupport/jasmine.js:1505:22
execute@file:///Users/emanuelaharonoff/Development/code/web-js-oo-task-list-web-0616/tmpTestSupport/jasmine.js:1485:13
queueRunnerFactory@file:///Users/emanuelaharonoff/Development/code/web-js-oo-task-list-web-0616/tmpTestSupport/jasmine.js:518:42
execute@file:///Users/emanuelaharonoff/Development/code/web-js-oo-task-list-web-0616/tmpTestSupport/jasmine.js:306:28
file:///Users/emanuelaharonoff/Development/code/web-js-oo-task-list-web-0616/tmpTestSupport/jasmine.js:1708:44
attemptAsync@file:///Users/emanuelaharonoff/Development/code/web-js-oo-task-list-web-0616/tmpTestSupport/jasmine.js:1520:16
run@file:///Users/emanuelaharonoff/Development/code/web-js-oo-task-list-web-0616/tmpTestSupport/jasmine.js:1496:28
next@file:///Users/emanuelaharonoff/Development/code/web-js-oo-task-list-web-0616/tmpTestSupport/jasmine.js:1517:40
complete@file:///Users/emanuelaharonoff/Development/code/web-js-oo-task-list-web-0616/tmpTestSupport/jasmine.js:333:19			</failure>
			<failure type="toEqual" message="Expected 0 to equal 1.">
stack@file:///Users/emanuelaharonoff/Development/code/web-js-oo-task-list-web-0616/tmpTestSupport/jasmine.js:1293:37
buildExpectationResult@file:///Users/emanuelaharonoff/Development/code/web-js-oo-task-list-web-0616/tmpTestSupport/jasmine.js:1270:19
expectationResultFactory@file:///Users/emanuelaharonoff/Development/code/web-js-oo-task-list-web-0616/tmpTestSupport/jasmine.js:484:40
addExpectationResult@file:///Users/emanuelaharonoff/Development/code/web-js-oo-task-list-web-0616/tmpTestSupport/jasmine.js:260:70
addExpectationResult@file:///Users/emanuelaharonoff/Development/code/web-js-oo-task-list-web-0616/tmpTestSupport/jasmine.js:442:41
file:///Users/emanuelaharonoff/Development/code/web-js-oo-task-list-web-0616/tmpTestSupport/jasmine.js:1209:32
file:///Users/emanuelaharonoff/Development/code/web-js-oo-task-list-web-0616/spec/tasks.controller.spec.js:53:47
attemptSync@file:///Users/emanuelaharonoff/Development/code/web-js-oo-task-list-web-0616/tmpTestSupport/jasmine.js:1510:16
run@file:///Users/emanuelaharonoff/Development/code/web-js-oo-task-list-web-0616/tmpTestSupport/jasmine.js:1498:20
execute@file:///Users/emanuelaharonoff/Development/code/web-js-oo-task-list-web-0616/tmpTestSupport/jasmine.js:1485:13
queueRunnerFactory@file:///Users/emanuelaharonoff/Development/code/web-js-oo-task-list-web-0616/tmpTestSupport/jasmine.js:518:42
execute@file:///Users/emanuelaharonoff/Development/code/web-js-oo-task-list-web-0616/tmpTestSupport/jasmine.js:306:28
file:///Users/emanuelaharonoff/Development/code/web-js-oo-task-list-web-0616/tmpTestSupport/jasmine.js:1708:44
attemptAsync@file:///Users/emanuelaharonoff/Development/code/web-js-oo-task-list-web-0616/tmpTestSupport/jasmine.js:1520:16
run@file:///Users/emanuelaharonoff/Development/code/web-js-oo-task-list-web-0616/tmpTestSupport/jasmine.js:1496:28
execute@file:///Users/emanuelaharonoff/Development/code/web-js-oo-task-list-web-0616/tmpTestSupport/jasmine.js:1485:13
queueRunnerFactory@file:///Users/emanuelaharonoff/Development/code/web-js-oo-task-list-web-0616/tmpTestSupport/jasmine.js:518:42
execute@file:///Users/emanuelaharonoff/Development/code/web-js-oo-task-list-web-0616/tmpTestSupport/jasmine.js:1694:21
file:///Users/emanuelaharonoff/Development/code/web-js-oo-task-list-web-0616/tmpTestSupport/jasmine.js:1708:44
attemptAsync@file:///Users/emanuelaharonoff/Development/code/web-js-oo-task-list-web-0616/tmpTestSupport/jasmine.js:1520:16
run@file:///Users/emanuelaharonoff/Development/code/web-js-oo-task-list-web-0616/tmpTestSupport/jasmine.js:1496:28
execute@file:///Users/emanuelaharonoff/Development/code/web-js-oo-task-list-web-0616/tmpTestSupport/jasmine.js:1485:13
queueRunnerFactory@file:///Users/emanuelaharonoff/Development/code/web-js-oo-task-list-web-0616/tmpTestSupport/jasmine.js:518:42
execute@file:///Users/emanuelaharonoff/Development/code/web-js-oo-task-list-web-0616/tmpTestSupport/jasmine.js:1694:21
file:///Users/emanuelaharonoff/Development/code/web-js-oo-task-list-web-0616/tmpTestSupport/jasmine.js:1708:44
attemptAsync@file:///Users/emanuelaharonoff/Development/code/web-js-oo-task-list-web-0616/tmpTestSupport/jasmine.js:1520:16
run@file:///Users/emanuelaharonoff/Development/code/web-js-oo-task-list-web-0616/tmpTestSupport/jasmine.js:1496:28
next@file:///Users/emanuelaharonoff/Development/code/web-js-oo-task-list-web-0616/tmpTestSupport/jasmine.js:1517:40
complete@file:///Users/emanuelaharonoff/Development/code/web-js-oo-task-list-web-0616/tmpTestSupport/jasmine.js:1703:19
clearStack@file:///Users/emanuelaharonoff/Development/code/web-js-oo-task-list-web-0616/tmpTestSupport/jasmine.js:506:11
run@file:///Users/emanuelaharonoff/Development/code/web-js-oo-task-list-web-0616/tmpTestSupport/jasmine.js:1505:22
next@file:///Users/emanuelaharonoff/Development/code/web-js-oo-task-list-web-0616/tmpTestSupport/jasmine.js:1517:40
complete@file:///Users/emanuelaharonoff/Development/code/web-js-oo-task-list-web-0616/tmpTestSupport/jasmine.js:333:19
clearStack@file:///Users/emanuelaharonoff/Development/code/web-js-oo-task-list-web-0616/tmpTestSupport/jasmine.js:506:11
run@file:///Users/emanuelaharonoff/Development/code/web-js-oo-task-list-web-0616/tmpTestSupport/jasmine.js:1505:22
execute@file:///Users/emanuelaharonoff/Development/code/web-js-oo-task-list-web-0616/tmpTestSupport/jasmine.js:1485:13
queueRunnerFactory@file:///Users/emanuelaharonoff/Development/code/web-js-oo-task-list-web-0616/tmpTestSupport/jasmine.js:518:42
execute@file:///Users/emanuelaharonoff/Development/code/web-js-oo-task-list-web-0616/tmpTestSupport/jasmine.js:306:28
file:///Users/emanuelaharonoff/Development/code/web-js-oo-task-list-web-0616/tmpTestSupport/jasmine.js:1708:44
attemptAsync@file:///Users/emanuelaharonoff/Development/code/web-js-oo-task-list-web-0616/tmpTestSupport/jasmine.js:1520:16
run@file:///Users/emanuelaharonoff/Development/code/web-js-oo-task-list-web-0616/tmpTestSupport/jasmine.js:1496:28
next@file:///Users/emanuelaharonoff/Development/code/web-js-oo-task-list-web-0616/tmpTestSupport/jasmine.js:1517:40
complete@file:///Users/emanuelaharonoff/Development/code/web-js-oo-task-list-web-0616/tmpTestSupport/jasmine.js:333:19			</failure>
		</testcase>
		<testcase classname="Tasks Controller" name="#init (note you can always use #init as a delegator...) creating a new task via a listener on the new tasks form should add a task to the correct list" time="0.006">
			<failure type="" message="ReferenceError: Can&amp;apos;t find variable: TasksController in file:///Users/emanuelaharonoff/Development/code/web-js-oo-task-list-web-0616/spec/tasks.controller.spec.js (line 7)">
file:///Users/emanuelaharonoff/Development/code/web-js-oo-task-list-web-0616/spec/tasks.controller.spec.js:7:42
attemptSync@file:///Users/emanuelaharonoff/Development/code/web-js-oo-task-list-web-0616/tmpTestSupport/jasmine.js:1510:16
run@file:///Users/emanuelaharonoff/Development/code/web-js-oo-task-list-web-0616/tmpTestSupport/jasmine.js:1498:20
execute@file:///Users/emanuelaharonoff/Development/code/web-js-oo-task-list-web-0616/tmpTestSupport/jasmine.js:1485:13
queueRunnerFactory@file:///Users/emanuelaharonoff/Development/code/web-js-oo-task-list-web-0616/tmpTestSupport/jasmine.js:518:42
execute@file:///Users/emanuelaharonoff/Development/code/web-js-oo-task-list-web-0616/tmpTestSupport/jasmine.js:306:28
file:///Users/emanuelaharonoff/Development/code/web-js-oo-task-list-web-0616/tmpTestSupport/jasmine.js:1708:44
attemptAsync@file:///Users/emanuelaharonoff/Development/code/web-js-oo-task-list-web-0616/tmpTestSupport/jasmine.js:1520:16
run@file:///Users/emanuelaharonoff/Development/code/web-js-oo-task-list-web-0616/tmpTestSupport/jasmine.js:1496:28
next@file:///Users/emanuelaharonoff/Development/code/web-js-oo-task-list-web-0616/tmpTestSupport/jasmine.js:1517:40
complete@file:///Users/emanuelaharonoff/Development/code/web-js-oo-task-list-web-0616/tmpTestSupport/jasmine.js:333:19
clearStack@file:///Users/emanuelaharonoff/Development/code/web-js-oo-task-list-web-0616/tmpTestSupport/jasmine.js:506:11
run@file:///Users/emanuelaharonoff/Development/code/web-js-oo-task-list-web-0616/tmpTestSupport/jasmine.js:1505:22
execute@file:///Users/emanuelaharonoff/Development/code/web-js-oo-task-list-web-0616/tmpTestSupport/jasmine.js:1485:13
queueRunnerFactory@file:///Users/emanuelaharonoff/Development/code/web-js-oo-task-list-web-0616/tmpTestSupport/jasmine.js:518:42
execute@file:///Users/emanuelaharonoff/Development/code/web-js-oo-task-list-web-0616/tmpTestSupport/jasmine.js:306:28
file:///Users/emanuelaharonoff/Development/code/web-js-oo-task-list-web-0616/tmpTestSupport/jasmine.js:1708:44
attemptAsync@file:///Users/emanuelaharonoff/Development/code/web-js-oo-task-list-web-0616/tmpTestSupport/jasmine.js:1520:16
run@file:///Users/emanuelaharonoff/Development/code/web-js-oo-task-list-web-0616/tmpTestSupport/jasmine.js:1496:28
execute@file:///Users/emanuelaharonoff/Development/code/web-js-oo-task-list-web-0616/tmpTestSupport/jasmine.js:1485:13
queueRunnerFactory@file:///Users/emanuelaharonoff/Development/code/web-js-oo-task-list-web-0616/tmpTestSupport/jasmine.js:518:42
execute@file:///Users/emanuelaharonoff/Development/code/web-js-oo-task-list-web-0616/tmpTestSupport/jasmine.js:1694:21
file:///Users/emanuelaharonoff/Development/code/web-js-oo-task-list-web-0616/tmpTestSupport/jasmine.js:1708:44
attemptAsync@file:///Users/emanuelaharonoff/Development/code/web-js-oo-task-list-web-0616/tmpTestSupport/jasmine.js:1520:16
run@file:///Users/emanuelaharonoff/Development/code/web-js-oo-task-list-web-0616/tmpTestSupport/jasmine.js:1496:28
execute@file:///Users/emanuelaharonoff/Development/code/web-js-oo-task-list-web-0616/tmpTestSupport/jasmine.js:1485:13
queueRunnerFactory@file:///Users/emanuelaharonoff/Development/code/web-js-oo-task-list-web-0616/tmpTestSupport/jasmine.js:518:42
execute@file:///Users/emanuelaharonoff/Development/code/web-js-oo-task-list-web-0616/tmpTestSupport/jasmine.js:1694:21
file:///Users/emanuelaharonoff/Development/code/web-js-oo-task-list-web-0616/tmpTestSupport/jasmine.js:1708:44
attemptAsync@file:///Users/emanuelaharonoff/Development/code/web-js-oo-task-list-web-0616/tmpTestSupport/jasmine.js:1520:16
run@file:///Users/emanuelaharonoff/Development/code/web-js-oo-task-list-web-0616/tmpTestSupport/jasmine.js:1496:28
next@file:///Users/emanuelaharonoff/Development/code/web-js-oo-task-list-web-0616/tmpTestSupport/jasmine.js:1517:40
complete@file:///Users/emanuelaharonoff/Development/code/web-js-oo-task-list-web-0616/tmpTestSupport/jasmine.js:1703:19
clearStack@file:///Users/emanuelaharonoff/Development/code/web-js-oo-task-list-web-0616/tmpTestSupport/jasmine.js:506:11
run@file:///Users/emanuelaharonoff/Development/code/web-js-oo-task-list-web-0616/tmpTestSupport/jasmine.js:1505:22
next@file:///Users/emanuelaharonoff/Development/code/web-js-oo-task-list-web-0616/tmpTestSupport/jasmine.js:1517:40
complete@file:///Users/emanuelaharonoff/Development/code/web-js-oo-task-list-web-0616/tmpTestSupport/jasmine.js:333:19
clearStack@file:///Users/emanuelaharonoff/Development/code/web-js-oo-task-list-web-0616/tmpTestSupport/jasmine.js:506:11
run@file:///Users/emanuelaharonoff/Development/code/web-js-oo-task-list-web-0616/tmpTestSupport/jasmine.js:1505:22
execute@file:///Users/emanuelaharonoff/Development/code/web-js-oo-task-list-web-0616/tmpTestSupport/jasmine.js:1485:13
queueRunnerFactory@file:///Users/emanuelaharonoff/Development/code/web-js-oo-task-list-web-0616/tmpTestSupport/jasmine.js:518:42
execute@file:///Users/emanuelaharonoff/Development/code/web-js-oo-task-list-web-0616/tmpTestSupport/jasmine.js:306:28
file:///Users/emanuelaharonoff/Development/code/web-js-oo-task-list-web-0616/tmpTestSupport/jasmine.js:1708:44
attemptAsync@file:///Users/emanuelaharonoff/Development/code/web-js-oo-task-list-web-0616/tmpTestSupport/jasmine.js:1520:16
run@file:///Users/emanuelaharonoff/Development/code/web-js-oo-task-list-web-0616/tmpTestSupport/jasmine.js:1496:28
next@file:///Users/emanuelaharonoff/Development/code/web-js-oo-task-list-web-0616/tmpTestSupport/jasmine.js:1517:40
complete@file:///Users/emanuelaharonoff/Development/code/web-js-oo-task-list-web-0616/tmpTestSupport/jasmine.js:333:19			</failure>
			<failure type="" message="ReferenceError: Can&amp;apos;t find variable: List in file:///Users/emanuelaharonoff/Development/code/web-js-oo-task-list-web-0616/spec/tasks.controller.spec.js (line 33)">
file:///Users/emanuelaharonoff/Development/code/web-js-oo-task-list-web-0616/spec/tasks.controller.spec.js:33:20
attemptSync@file:///Users/emanuelaharonoff/Development/code/web-js-oo-task-list-web-0616/tmpTestSupport/jasmine.js:1510:16
run@file:///Users/emanuelaharonoff/Development/code/web-js-oo-task-list-web-0616/tmpTestSupport/jasmine.js:1498:20
execute@file:///Users/emanuelaharonoff/Development/code/web-js-oo-task-list-web-0616/tmpTestSupport/jasmine.js:1485:13
queueRunnerFactory@file:///Users/emanuelaharonoff/Development/code/web-js-oo-task-list-web-0616/tmpTestSupport/jasmine.js:518:42
execute@file:///Users/emanuelaharonoff/Development/code/web-js-oo-task-list-web-0616/tmpTestSupport/jasmine.js:306:28
file:///Users/emanuelaharonoff/Development/code/web-js-oo-task-list-web-0616/tmpTestSupport/jasmine.js:1708:44
attemptAsync@file:///Users/emanuelaharonoff/Development/code/web-js-oo-task-list-web-0616/tmpTestSupport/jasmine.js:1520:16
run@file:///Users/emanuelaharonoff/Development/code/web-js-oo-task-list-web-0616/tmpTestSupport/jasmine.js:1496:28
next@file:///Users/emanuelaharonoff/Development/code/web-js-oo-task-list-web-0616/tmpTestSupport/jasmine.js:1517:40
complete@file:///Users/emanuelaharonoff/Development/code/web-js-oo-task-list-web-0616/tmpTestSupport/jasmine.js:333:19
clearStack@file:///Users/emanuelaharonoff/Development/code/web-js-oo-task-list-web-0616/tmpTestSupport/jasmine.js:506:11
run@file:///Users/emanuelaharonoff/Development/code/web-js-oo-task-list-web-0616/tmpTestSupport/jasmine.js:1505:22
execute@file:///Users/emanuelaharonoff/Development/code/web-js-oo-task-list-web-0616/tmpTestSupport/jasmine.js:1485:13
queueRunnerFactory@file:///Users/emanuelaharonoff/Development/code/web-js-oo-task-list-web-0616/tmpTestSupport/jasmine.js:518:42
execute@file:///Users/emanuelaharonoff/Development/code/web-js-oo-task-list-web-0616/tmpTestSupport/jasmine.js:306:28
file:///Users/emanuelaharonoff/Development/code/web-js-oo-task-list-web-0616/tmpTestSupport/jasmine.js:1708:44
attemptAsync@file:///Users/emanuelaharonoff/Development/code/web-js-oo-task-list-web-0616/tmpTestSupport/jasmine.js:1520:16
run@file:///Users/emanuelaharonoff/Development/code/web-js-oo-task-list-web-0616/tmpTestSupport/jasmine.js:1496:28
execute@file:///Users/emanuelaharonoff/Development/code/web-js-oo-task-list-web-0616/tmpTestSupport/jasmine.js:1485:13
queueRunnerFactory@file:///Users/emanuelaharonoff/Development/code/web-js-oo-task-list-web-0616/tmpTestSupport/jasmine.js:518:42
execute@file:///Users/emanuelaharonoff/Development/code/web-js-oo-task-list-web-0616/tmpTestSupport/jasmine.js:1694:21
file:///Users/emanuelaharonoff/Development/code/web-js-oo-task-list-web-0616/tmpTestSupport/jasmine.js:1708:44
attemptAsync@file:///Users/emanuelaharonoff/Development/code/web-js-oo-task-list-web-0616/tmpTestSupport/jasmine.js:1520:16
run@file:///Users/emanuelaharonoff/Development/code/web-js-oo-task-list-web-0616/tmpTestSupport/jasmine.js:1496:28
execute@file:///Users/emanuelaharonoff/Development/code/web-js-oo-task-list-web-0616/tmpTestSupport/jasmine.js:1485:13
queueRunnerFactory@file:///Users/emanuelaharonoff/Development/code/web-js-oo-task-list-web-0616/tmpTestSupport/jasmine.js:518:42
execute@file:///Users/emanuelaharonoff/Development/code/web-js-oo-task-list-web-0616/tmpTestSupport/jasmine.js:1694:21
file:///Users/emanuelaharonoff/Development/code/web-js-oo-task-list-web-0616/tmpTestSupport/jasmine.js:1708:44
attemptAsync@file:///Users/emanuelaharonoff/Development/code/web-js-oo-task-list-web-0616/tmpTestSupport/jasmine.js:1520:16
run@file:///Users/emanuelaharonoff/Development/code/web-js-oo-task-list-web-0616/tmpTestSupport/jasmine.js:1496:28
next@file:///Users/emanuelaharonoff/Development/code/web-js-oo-task-list-web-0616/tmpTestSupport/jasmine.js:1517:40
complete@file:///Users/emanuelaharonoff/Development/code/web-js-oo-task-list-web-0616/tmpTestSupport/jasmine.js:1703:19
clearStack@file:///Users/emanuelaharonoff/Development/code/web-js-oo-task-list-web-0616/tmpTestSupport/jasmine.js:506:11
run@file:///Users/emanuelaharonoff/Development/code/web-js-oo-task-list-web-0616/tmpTestSupport/jasmine.js:1505:22
next@file:///Users/emanuelaharonoff/Development/code/web-js-oo-task-list-web-0616/tmpTestSupport/jasmine.js:1517:40
complete@file:///Users/emanuelaharonoff/Development/code/web-js-oo-task-list-web-0616/tmpTestSupport/jasmine.js:333:19
clearStack@file:///Users/emanuelaharonoff/Development/code/web-js-oo-task-list-web-0616/tmpTestSupport/jasmine.js:506:11
run@file:///Users/emanuelaharonoff/Development/code/web-js-oo-task-list-web-0616/tmpTestSupport/jasmine.js:1505:22
execute@file:///Users/emanuelaharonoff/Development/code/web-js-oo-task-list-web-0616/tmpTestSupport/jasmine.js:1485:13
queueRunnerFactory@file:///Users/emanuelaharonoff/Development/code/web-js-oo-task-list-web-0616/tmpTestSupport/jasmine.js:518:42
execute@file:///Users/emanuelaharonoff/Development/code/web-js-oo-task-list-web-0616/tmpTestSupport/jasmine.js:306:28
file:///Users/emanuelaharonoff/Development/code/web-js-oo-task-list-web-0616/tmpTestSupport/jasmine.js:1708:44
attemptAsync@file:///Users/emanuelaharonoff/Development/code/web-js-oo-task-list-web-0616/tmpTestSupport/jasmine.js:1520:16
run@file:///Users/emanuelaharonoff/Development/code/web-js-oo-task-list-web-0616/tmpTestSupport/jasmine.js:1496:28
next@file:///Users/emanuelaharonoff/Development/code/web-js-oo-task-list-web-0616/tmpTestSupport/jasmine.js:1517:40
complete@file:///Users/emanuelaharonoff/Development/code/web-js-oo-task-list-web-0616/tmpTestSupport/jasmine.js:333:19			</failure>
			<failure type="toEqual" message="Expected 0 to equal 1.">
stack@file:///Users/emanuelaharonoff/Development/code/web-js-oo-task-list-web-0616/tmpTestSupport/jasmine.js:1293:37
buildExpectationResult@file:///Users/emanuelaharonoff/Development/code/web-js-oo-task-list-web-0616/tmpTestSupport/jasmine.js:1270:19
expectationResultFactory@file:///Users/emanuelaharonoff/Development/code/web-js-oo-task-list-web-0616/tmpTestSupport/jasmine.js:484:40
addExpectationResult@file:///Users/emanuelaharonoff/Development/code/web-js-oo-task-list-web-0616/tmpTestSupport/jasmine.js:260:70
addExpectationResult@file:///Users/emanuelaharonoff/Development/code/web-js-oo-task-list-web-0616/tmpTestSupport/jasmine.js:442:41
file:///Users/emanuelaharonoff/Development/code/web-js-oo-task-list-web-0616/tmpTestSupport/jasmine.js:1209:32
file:///Users/emanuelaharonoff/Development/code/web-js-oo-task-list-web-0616/spec/tasks.controller.spec.js:61:47
attemptSync@file:///Users/emanuelaharonoff/Development/code/web-js-oo-task-list-web-0616/tmpTestSupport/jasmine.js:1510:16
run@file:///Users/emanuelaharonoff/Development/code/web-js-oo-task-list-web-0616/tmpTestSupport/jasmine.js:1498:20
execute@file:///Users/emanuelaharonoff/Development/code/web-js-oo-task-list-web-0616/tmpTestSupport/jasmine.js:1485:13
queueRunnerFactory@file:///Users/emanuelaharonoff/Development/code/web-js-oo-task-list-web-0616/tmpTestSupport/jasmine.js:518:42
execute@file:///Users/emanuelaharonoff/Development/code/web-js-oo-task-list-web-0616/tmpTestSupport/jasmine.js:306:28
file:///Users/emanuelaharonoff/Development/code/web-js-oo-task-list-web-0616/tmpTestSupport/jasmine.js:1708:44
attemptAsync@file:///Users/emanuelaharonoff/Development/code/web-js-oo-task-list-web-0616/tmpTestSupport/jasmine.js:1520:16
run@file:///Users/emanuelaharonoff/Development/code/web-js-oo-task-list-web-0616/tmpTestSupport/jasmine.js:1496:28
next@file:///Users/emanuelaharonoff/Development/code/web-js-oo-task-list-web-0616/tmpTestSupport/jasmine.js:1517:40
complete@file:///Users/emanuelaharonoff/Development/code/web-js-oo-task-list-web-0616/tmpTestSupport/jasmine.js:333:19
clearStack@file:///Users/emanuelaharonoff/Development/code/web-js-oo-task-list-web-0616/tmpTestSupport/jasmine.js:506:11
run@file:///Users/emanuelaharonoff/Development/code/web-js-oo-task-list-web-0616/tmpTestSupport/jasmine.js:1505:22
execute@file:///Users/emanuelaharonoff/Development/code/web-js-oo-task-list-web-0616/tmpTestSupport/jasmine.js:1485:13
queueRunnerFactory@file:///Users/emanuelaharonoff/Development/code/web-js-oo-task-list-web-0616/tmpTestSupport/jasmine.js:518:42
execute@file:///Users/emanuelaharonoff/Development/code/web-js-oo-task-list-web-0616/tmpTestSupport/jasmine.js:306:28
file:///Users/emanuelaharonoff/Development/code/web-js-oo-task-list-web-0616/tmpTestSupport/jasmine.js:1708:44
attemptAsync@file:///Users/emanuelaharonoff/Development/code/web-js-oo-task-list-web-0616/tmpTestSupport/jasmine.js:1520:16
run@file:///Users/emanuelaharonoff/Development/code/web-js-oo-task-list-web-0616/tmpTestSupport/jasmine.js:1496:28
execute@file:///Users/emanuelaharonoff/Development/code/web-js-oo-task-list-web-0616/tmpTestSupport/jasmine.js:1485:13
queueRunnerFactory@file:///Users/emanuelaharonoff/Development/code/web-js-oo-task-list-web-0616/tmpTestSupport/jasmine.js:518:42
execute@file:///Users/emanuelaharonoff/Development/code/web-js-oo-task-list-web-0616/tmpTestSupport/jasmine.js:1694:21
file:///Users/emanuelaharonoff/Development/code/web-js-oo-task-list-web-0616/tmpTestSupport/jasmine.js:1708:44
attemptAsync@file:///Users/emanuelaharonoff/Development/code/web-js-oo-task-list-web-0616/tmpTestSupport/jasmine.js:1520:16
run@file:///Users/emanuelaharonoff/Development/code/web-js-oo-task-list-web-0616/tmpTestSupport/jasmine.js:1496:28
execute@file:///Users/emanuelaharonoff/Development/code/web-js-oo-task-list-web-0616/tmpTestSupport/jasmine.js:1485:13
queueRunnerFactory@file:///Users/emanuelaharonoff/Development/code/web-js-oo-task-list-web-0616/tmpTestSupport/jasmine.js:518:42
execute@file:///Users/emanuelaharonoff/Development/code/web-js-oo-task-list-web-0616/tmpTestSupport/jasmine.js:1694:21
file:///Users/emanuelaharonoff/Development/code/web-js-oo-task-list-web-0616/tmpTestSupport/jasmine.js:1708:44
attemptAsync@file:///Users/emanuelaharonoff/Development/code/web-js-oo-task-list-web-0616/tmpTestSupport/jasmine.js:1520:16
run@file:///Users/emanuelaharonoff/Development/code/web-js-oo-task-list-web-0616/tmpTestSupport/jasmine.js:1496:28
next@file:///Users/emanuelaharonoff/Development/code/web-js-oo-task-list-web-0616/tmpTestSupport/jasmine.js:1517:40
complete@file:///Users/emanuelaharonoff/Development/code/web-js-oo-task-list-web-0616/tmpTestSupport/jasmine.js:1703:19
clearStack@file:///Users/emanuelaharonoff/Development/code/web-js-oo-task-list-web-0616/tmpTestSupport/jasmine.js:506:11
run@file:///Users/emanuelaharonoff/Development/code/web-js-oo-task-list-web-0616/tmpTestSupport/jasmine.js:1505:22
next@file:///Users/emanuelaharonoff/Development/code/web-js-oo-task-list-web-0616/tmpTestSupport/jasmine.js:1517:40
complete@file:///Users/emanuelaharonoff/Development/code/web-js-oo-task-list-web-0616/tmpTestSupport/jasmine.js:333:19
clearStack@file:///Users/emanuelaharonoff/Development/code/web-js-oo-task-list-web-0616/tmpTestSupport/jasmine.js:506:11
run@file:///Users/emanuelaharonoff/Development/code/web-js-oo-task-list-web-0616/tmpTestSupport/jasmine.js:1505:22
execute@file:///Users/emanuelaharonoff/Development/code/web-js-oo-task-list-web-0616/tmpTestSupport/jasmine.js:1485:13
queueRunnerFactory@file:///Users/emanuelaharonoff/Development/code/web-js-oo-task-list-web-0616/tmpTestSupport/jasmine.js:518:42
execute@file:///Users/emanuelaharonoff/Development/code/web-js-oo-task-list-web-0616/tmpTestSupport/jasmine.js:306:28
file:///Users/emanuelaharonoff/Development/code/web-js-oo-task-list-web-0616/tmpTestSupport/jasmine.js:1708:44
attemptAsync@file:///Users/emanuelaharonoff/Development/code/web-js-oo-task-list-web-0616/tmpTestSupport/jasmine.js:1520:16
run@file:///Users/emanuelaharonoff/Development/code/web-js-oo-task-list-web-0616/tmpTestSupport/jasmine.js:1496:28
next@file:///Users/emanuelaharonoff/Development/code/web-js-oo-task-list-web-0616/tmpTestSupport/jasmine.js:1517:40
complete@file:///Users/emanuelaharonoff/Development/code/web-js-oo-task-list-web-0616/tmpTestSupport/jasmine.js:333:19			</failure>
			<failure type="toEqual" message="Expected 0 to equal 1.">
stack@file:///Users/emanuelaharonoff/Development/code/web-js-oo-task-list-web-0616/tmpTestSupport/jasmine.js:1293:37
buildExpectationResult@file:///Users/emanuelaharonoff/Development/code/web-js-oo-task-list-web-0616/tmpTestSupport/jasmine.js:1270:19
expectationResultFactory@file:///Users/emanuelaharonoff/Development/code/web-js-oo-task-list-web-0616/tmpTestSupport/jasmine.js:484:40
addExpectationResult@file:///Users/emanuelaharonoff/Development/code/web-js-oo-task-list-web-0616/tmpTestSupport/jasmine.js:260:70
addExpectationResult@file:///Users/emanuelaharonoff/Development/code/web-js-oo-task-list-web-0616/tmpTestSupport/jasmine.js:442:41
file:///Users/emanuelaharonoff/Development/code/web-js-oo-task-list-web-0616/tmpTestSupport/jasmine.js:1209:32
file:///Users/emanuelaharonoff/Development/code/web-js-oo-task-list-web-0616/spec/tasks.controller.spec.js:62:47
attemptSync@file:///Users/emanuelaharonoff/Development/code/web-js-oo-task-list-web-0616/tmpTestSupport/jasmine.js:1510:16
run@file:///Users/emanuelaharonoff/Development/code/web-js-oo-task-list-web-0616/tmpTestSupport/jasmine.js:1498:20
execute@file:///Users/emanuelaharonoff/Development/code/web-js-oo-task-list-web-0616/tmpTestSupport/jasmine.js:1485:13
queueRunnerFactory@file:///Users/emanuelaharonoff/Development/code/web-js-oo-task-list-web-0616/tmpTestSupport/jasmine.js:518:42
execute@file:///Users/emanuelaharonoff/Development/code/web-js-oo-task-list-web-0616/tmpTestSupport/jasmine.js:306:28
file:///Users/emanuelaharonoff/Development/code/web-js-oo-task-list-web-0616/tmpTestSupport/jasmine.js:1708:44
attemptAsync@file:///Users/emanuelaharonoff/Development/code/web-js-oo-task-list-web-0616/tmpTestSupport/jasmine.js:1520:16
run@file:///Users/emanuelaharonoff/Development/code/web-js-oo-task-list-web-0616/tmpTestSupport/jasmine.js:1496:28
next@file:///Users/emanuelaharonoff/Development/code/web-js-oo-task-list-web-0616/tmpTestSupport/jasmine.js:1517:40
complete@file:///Users/emanuelaharonoff/Development/code/web-js-oo-task-list-web-0616/tmpTestSupport/jasmine.js:333:19
clearStack@file:///Users/emanuelaharonoff/Development/code/web-js-oo-task-list-web-0616/tmpTestSupport/jasmine.js:506:11
run@file:///Users/emanuelaharonoff/Development/code/web-js-oo-task-list-web-0616/tmpTestSupport/jasmine.js:1505:22
execute@file:///Users/emanuelaharonoff/Development/code/web-js-oo-task-list-web-0616/tmpTestSupport/jasmine.js:1485:13
queueRunnerFactory@file:///Users/emanuelaharonoff/Development/code/web-js-oo-task-list-web-0616/tmpTestSupport/jasmine.js:518:42
execute@file:///Users/emanuelaharonoff/Development/code/web-js-oo-task-list-web-0616/tmpTestSupport/jasmine.js:306:28
file:///Users/emanuelaharonoff/Development/code/web-js-oo-task-list-web-0616/tmpTestSupport/jasmine.js:1708:44
attemptAsync@file:///Users/emanuelaharonoff/Development/code/web-js-oo-task-list-web-0616/tmpTestSupport/jasmine.js:1520:16
run@file:///Users/emanuelaharonoff/Development/code/web-js-oo-task-list-web-0616/tmpTestSupport/jasmine.js:1496:28
execute@file:///Users/emanuelaharonoff/Development/code/web-js-oo-task-list-web-0616/tmpTestSupport/jasmine.js:1485:13
queueRunnerFactory@file:///Users/emanuelaharonoff/Development/code/web-js-oo-task-list-web-0616/tmpTestSupport/jasmine.js:518:42
execute@file:///Users/emanuelaharonoff/Development/code/web-js-oo-task-list-web-0616/tmpTestSupport/jasmine.js:1694:21
file:///Users/emanuelaharonoff/Development/code/web-js-oo-task-list-web-0616/tmpTestSupport/jasmine.js:1708:44
attemptAsync@file:///Users/emanuelaharonoff/Development/code/web-js-oo-task-list-web-0616/tmpTestSupport/jasmine.js:1520:16
run@file:///Users/emanuelaharonoff/Development/code/web-js-oo-task-list-web-0616/tmpTestSupport/jasmine.js:1496:28
execute@file:///Users/emanuelaharonoff/Development/code/web-js-oo-task-list-web-0616/tmpTestSupport/jasmine.js:1485:13
queueRunnerFactory@file:///Users/emanuelaharonoff/Development/code/web-js-oo-task-list-web-0616/tmpTestSupport/jasmine.js:518:42
execute@file:///Users/emanuelaharonoff/Development/code/web-js-oo-task-list-web-0616/tmpTestSupport/jasmine.js:1694:21
file:///Users/emanuelaharonoff/Development/code/web-js-oo-task-list-web-0616/tmpTestSupport/jasmine.js:1708:44
attemptAsync@file:///Users/emanuelaharonoff/Development/code/web-js-oo-task-list-web-0616/tmpTestSupport/jasmine.js:1520:16
run@file:///Users/emanuelaharonoff/Development/code/web-js-oo-task-list-web-0616/tmpTestSupport/jasmine.js:1496:28
next@file:///Users/emanuelaharonoff/Development/code/web-js-oo-task-list-web-0616/tmpTestSupport/jasmine.js:1517:40
complete@file:///Users/emanuelaharonoff/Development/code/web-js-oo-task-list-web-0616/tmpTestSupport/jasmine.js:1703:19
clearStack@file:///Users/emanuelaharonoff/Development/code/web-js-oo-task-list-web-0616/tmpTestSupport/jasmine.js:506:11
run@file:///Users/emanuelaharonoff/Development/code/web-js-oo-task-list-web-0616/tmpTestSupport/jasmine.js:1505:22
next@file:///Users/emanuelaharonoff/Development/code/web-js-oo-task-list-web-0616/tmpTestSupport/jasmine.js:1517:40
complete@file:///Users/emanuelaharonoff/Development/code/web-js-oo-task-list-web-0616/tmpTestSupport/jasmine.js:333:19
clearStack@file:///Users/emanuelaharonoff/Development/code/web-js-oo-task-list-web-0616/tmpTestSupport/jasmine.js:506:11
run@file:///Users/emanuelaharonoff/Development/code/web-js-oo-task-list-web-0616/tmpTestSupport/jasmine.js:1505:22
execute@file:///Users/emanuelaharonoff/Development/code/web-js-oo-task-list-web-0616/tmpTestSupport/jasmine.js:1485:13
queueRunnerFactory@file:///Users/emanuelaharonoff/Development/code/web-js-oo-task-list-web-0616/tmpTestSupport/jasmine.js:518:42
execute@file:///Users/emanuelaharonoff/Development/code/web-js-oo-task-list-web-0616/tmpTestSupport/jasmine.js:306:28
file:///Users/emanuelaharonoff/Development/code/web-js-oo-task-list-web-0616/tmpTestSupport/jasmine.js:1708:44
attemptAsync@file:///Users/emanuelaharonoff/Development/code/web-js-oo-task-list-web-0616/tmpTestSupport/jasmine.js:1520:16
run@file:///Users/emanuelaharonoff/Development/code/web-js-oo-task-list-web-0616/tmpTestSupport/jasmine.js:1496:28
next@file:///Users/emanuelaharonoff/Development/code/web-js-oo-task-list-web-0616/tmpTestSupport/jasmine.js:1517:40
complete@file:///Users/emanuelaharonoff/Development/code/web-js-oo-task-list-web-0616/tmpTestSupport/jasmine.js:333:19			</failure>
		</testcase>
		<testcase classname="Tasks Controller" name="#init (note you can always use #init as a delegator...) creating a new task via a listener on the new tasks form Deleting tasks (using a live event listener) should delete only that one task" time="0.01">
			<failure type="" message="ReferenceError: Can&amp;apos;t find variable: TasksController in file:///Users/emanuelaharonoff/Development/code/web-js-oo-task-list-web-0616/spec/tasks.controller.spec.js (line 7)">
file:///Users/emanuelaharonoff/Development/code/web-js-oo-task-list-web-0616/spec/tasks.controller.spec.js:7:42
attemptSync@file:///Users/emanuelaharonoff/Development/code/web-js-oo-task-list-web-0616/tmpTestSupport/jasmine.js:1510:16
run@file:///Users/emanuelaharonoff/Development/code/web-js-oo-task-list-web-0616/tmpTestSupport/jasmine.js:1498:20
execute@file:///Users/emanuelaharonoff/Development/code/web-js-oo-task-list-web-0616/tmpTestSupport/jasmine.js:1485:13
queueRunnerFactory@file:///Users/emanuelaharonoff/Development/code/web-js-oo-task-list-web-0616/tmpTestSupport/jasmine.js:518:42
execute@file:///Users/emanuelaharonoff/Development/code/web-js-oo-task-list-web-0616/tmpTestSupport/jasmine.js:306:28
file:///Users/emanuelaharonoff/Development/code/web-js-oo-task-list-web-0616/tmpTestSupport/jasmine.js:1708:44
attemptAsync@file:///Users/emanuelaharonoff/Development/code/web-js-oo-task-list-web-0616/tmpTestSupport/jasmine.js:1520:16
run@file:///Users/emanuelaharonoff/Development/code/web-js-oo-task-list-web-0616/tmpTestSupport/jasmine.js:1496:28
execute@file:///Users/emanuelaharonoff/Development/code/web-js-oo-task-list-web-0616/tmpTestSupport/jasmine.js:1485:13
queueRunnerFactory@file:///Users/emanuelaharonoff/Development/code/web-js-oo-task-list-web-0616/tmpTestSupport/jasmine.js:518:42
execute@file:///Users/emanuelaharonoff/Development/code/web-js-oo-task-list-web-0616/tmpTestSupport/jasmine.js:1694:21
file:///Users/emanuelaharonoff/Development/code/web-js-oo-task-list-web-0616/tmpTestSupport/jasmine.js:1708:44
attemptAsync@file:///Users/emanuelaharonoff/Development/code/web-js-oo-task-list-web-0616/tmpTestSupport/jasmine.js:1520:16
run@file:///Users/emanuelaharonoff/Development/code/web-js-oo-task-list-web-0616/tmpTestSupport/jasmine.js:1496:28
next@file:///Users/emanuelaharonoff/Development/code/web-js-oo-task-list-web-0616/tmpTestSupport/jasmine.js:1517:40
complete@file:///Users/emanuelaharonoff/Development/code/web-js-oo-task-list-web-0616/tmpTestSupport/jasmine.js:333:19
clearStack@file:///Users/emanuelaharonoff/Development/code/web-js-oo-task-list-web-0616/tmpTestSupport/jasmine.js:506:11
run@file:///Users/emanuelaharonoff/Development/code/web-js-oo-task-list-web-0616/tmpTestSupport/jasmine.js:1505:22
execute@file:///Users/emanuelaharonoff/Development/code/web-js-oo-task-list-web-0616/tmpTestSupport/jasmine.js:1485:13
queueRunnerFactory@file:///Users/emanuelaharonoff/Development/code/web-js-oo-task-list-web-0616/tmpTestSupport/jasmine.js:518:42
execute@file:///Users/emanuelaharonoff/Development/code/web-js-oo-task-list-web-0616/tmpTestSupport/jasmine.js:306:28
file:///Users/emanuelaharonoff/Development/code/web-js-oo-task-list-web-0616/tmpTestSupport/jasmine.js:1708:44
attemptAsync@file:///Users/emanuelaharonoff/Development/code/web-js-oo-task-list-web-0616/tmpTestSupport/jasmine.js:1520:16
run@file:///Users/emanuelaharonoff/Development/code/web-js-oo-task-list-web-0616/tmpTestSupport/jasmine.js:1496:28
next@file:///Users/emanuelaharonoff/Development/code/web-js-oo-task-list-web-0616/tmpTestSupport/jasmine.js:1517:40
complete@file:///Users/emanuelaharonoff/Development/code/web-js-oo-task-list-web-0616/tmpTestSupport/jasmine.js:333:19
clearStack@file:///Users/emanuelaharonoff/Development/code/web-js-oo-task-list-web-0616/tmpTestSupport/jasmine.js:506:11
run@file:///Users/emanuelaharonoff/Development/code/web-js-oo-task-list-web-0616/tmpTestSupport/jasmine.js:1505:22
execute@file:///Users/emanuelaharonoff/Development/code/web-js-oo-task-list-web-0616/tmpTestSupport/jasmine.js:1485:13
queueRunnerFactory@file:///Users/emanuelaharonoff/Development/code/web-js-oo-task-list-web-0616/tmpTestSupport/jasmine.js:518:42
execute@file:///Users/emanuelaharonoff/Development/code/web-js-oo-task-list-web-0616/tmpTestSupport/jasmine.js:306:28
file:///Users/emanuelaharonoff/Development/code/web-js-oo-task-list-web-0616/tmpTestSupport/jasmine.js:1708:44
attemptAsync@file:///Users/emanuelaharonoff/Development/code/web-js-oo-task-list-web-0616/tmpTestSupport/jasmine.js:1520:16
run@file:///Users/emanuelaharonoff/Development/code/web-js-oo-task-list-web-0616/tmpTestSupport/jasmine.js:1496:28
execute@file:///Users/emanuelaharonoff/Development/code/web-js-oo-task-list-web-0616/tmpTestSupport/jasmine.js:1485:13
queueRunnerFactory@file:///Users/emanuelaharonoff/Development/code/web-js-oo-task-list-web-0616/tmpTestSupport/jasmine.js:518:42
execute@file:///Users/emanuelaharonoff/Development/code/web-js-oo-task-list-web-0616/tmpTestSupport/jasmine.js:1694:21
file:///Users/emanuelaharonoff/Development/code/web-js-oo-task-list-web-0616/tmpTestSupport/jasmine.js:1708:44
attemptAsync@file:///Users/emanuelaharonoff/Development/code/web-js-oo-task-list-web-0616/tmpTestSupport/jasmine.js:1520:16
run@file:///Users/emanuelaharonoff/Development/code/web-js-oo-task-list-web-0616/tmpTestSupport/jasmine.js:1496:28
execute@file:///Users/emanuelaharonoff/Development/code/web-js-oo-task-list-web-0616/tmpTestSupport/jasmine.js:1485:13
queueRunnerFactory@file:///Users/emanuelaharonoff/Development/code/web-js-oo-task-list-web-0616/tmpTestSupport/jasmine.js:518:42
execute@file:///Users/emanuelaharonoff/Development/code/web-js-oo-task-list-web-0616/tmpTestSupport/jasmine.js:1694:21
file:///Users/emanuelaharonoff/Development/code/web-js-oo-task-list-web-0616/tmpTestSupport/jasmine.js:1708:44
attemptAsync@file:///Users/emanuelaharonoff/Development/code/web-js-oo-task-list-web-0616/tmpTestSupport/jasmine.js:1520:16
run@file:///Users/emanuelaharonoff/Development/code/web-js-oo-task-list-web-0616/tmpTestSupport/jasmine.js:1496:28
next@file:///Users/emanuelaharonoff/Development/code/web-js-oo-task-list-web-0616/tmpTestSupport/jasmine.js:1517:40
complete@file:///Users/emanuelaharonoff/Development/code/web-js-oo-task-list-web-0616/tmpTestSupport/jasmine.js:1703:19
clearStack@file:///Users/emanuelaharonoff/Development/code/web-js-oo-task-list-web-0616/tmpTestSupport/jasmine.js:506:11
run@file:///Users/emanuelaharonoff/Development/code/web-js-oo-task-list-web-0616/tmpTestSupport/jasmine.js:1505:22
next@file:///Users/emanuelaharonoff/Development/code/web-js-oo-task-list-web-0616/tmpTestSupport/jasmine.js:1517:40
complete@file:///Users/emanuelaharonoff/Development/code/web-js-oo-task-list-web-0616/tmpTestSupport/jasmine.js:333:19
clearStack@file:///Users/emanuelaharonoff/Development/code/web-js-oo-task-list-web-0616/tmpTestSupport/jasmine.js:506:11
run@file:///Users/emanuelaharonoff/Development/code/web-js-oo-task-list-web-0616/tmpTestSupport/jasmine.js:1505:22
execute@file:///Users/emanuelaharonoff/Development/code/web-js-oo-task-list-web-0616/tmpTestSupport/jasmine.js:1485:13
queueRunnerFactory@file:///Users/emanuelaharonoff/Development/code/web-js-oo-task-list-web-0616/tmpTestSupport/jasmine.js:518:42
execute@file:///Users/emanuelaharonoff/Development/code/web-js-oo-task-list-web-0616/tmpTestSupport/jasmine.js:306:28
file:///Users/emanuelaharonoff/Development/code/web-js-oo-task-list-web-0616/tmpTestSupport/jasmine.js:1708:44
attemptAsync@file:///Users/emanuelaharonoff/Development/code/web-js-oo-task-list-web-0616/tmpTestSupport/jasmine.js:1520:16
run@file:///Users/emanuelaharonoff/Development/code/web-js-oo-task-list-web-0616/tmpTestSupport/jasmine.js:1496:28
next@file:///Users/emanuelaharonoff/Development/code/web-js-oo-task-list-web-0616/tmpTestSupport/jasmine.js:1517:40
complete@file:///Users/emanuelaharonoff/Development/code/web-js-oo-task-list-web-0616/tmpTestSupport/jasmine.js:333:19			</failure>
			<failure type="" message="ReferenceError: Can&amp;apos;t find variable: List in file:///Users/emanuelaharonoff/Development/code/web-js-oo-task-list-web-0616/spec/tasks.controller.spec.js (line 33)">
file:///Users/emanuelaharonoff/Development/code/web-js-oo-task-list-web-0616/spec/tasks.controller.spec.js:33:20
attemptSync@file:///Users/emanuelaharonoff/Development/code/web-js-oo-task-list-web-0616/tmpTestSupport/jasmine.js:1510:16
run@file:///Users/emanuelaharonoff/Development/code/web-js-oo-task-list-web-0616/tmpTestSupport/jasmine.js:1498:20
execute@file:///Users/emanuelaharonoff/Development/code/web-js-oo-task-list-web-0616/tmpTestSupport/jasmine.js:1485:13
queueRunnerFactory@file:///Users/emanuelaharonoff/Development/code/web-js-oo-task-list-web-0616/tmpTestSupport/jasmine.js:518:42
execute@file:///Users/emanuelaharonoff/Development/code/web-js-oo-task-list-web-0616/tmpTestSupport/jasmine.js:306:28
file:///Users/emanuelaharonoff/Development/code/web-js-oo-task-list-web-0616/tmpTestSupport/jasmine.js:1708:44
attemptAsync@file:///Users/emanuelaharonoff/Development/code/web-js-oo-task-list-web-0616/tmpTestSupport/jasmine.js:1520:16
run@file:///Users/emanuelaharonoff/Development/code/web-js-oo-task-list-web-0616/tmpTestSupport/jasmine.js:1496:28
execute@file:///Users/emanuelaharonoff/Development/code/web-js-oo-task-list-web-0616/tmpTestSupport/jasmine.js:1485:13
queueRunnerFactory@file:///Users/emanuelaharonoff/Development/code/web-js-oo-task-list-web-0616/tmpTestSupport/jasmine.js:518:42
execute@file:///Users/emanuelaharonoff/Development/code/web-js-oo-task-list-web-0616/tmpTestSupport/jasmine.js:1694:21
file:///Users/emanuelaharonoff/Development/code/web-js-oo-task-list-web-0616/tmpTestSupport/jasmine.js:1708:44
attemptAsync@file:///Users/emanuelaharonoff/Development/code/web-js-oo-task-list-web-0616/tmpTestSupport/jasmine.js:1520:16
run@file:///Users/emanuelaharonoff/Development/code/web-js-oo-task-list-web-0616/tmpTestSupport/jasmine.js:1496:28
next@file:///Users/emanuelaharonoff/Development/code/web-js-oo-task-list-web-0616/tmpTestSupport/jasmine.js:1517:40
complete@file:///Users/emanuelaharonoff/Development/code/web-js-oo-task-list-web-0616/tmpTestSupport/jasmine.js:333:19
clearStack@file:///Users/emanuelaharonoff/Development/code/web-js-oo-task-list-web-0616/tmpTestSupport/jasmine.js:506:11
run@file:///Users/emanuelaharonoff/Development/code/web-js-oo-task-list-web-0616/tmpTestSupport/jasmine.js:1505:22
execute@file:///Users/emanuelaharonoff/Development/code/web-js-oo-task-list-web-0616/tmpTestSupport/jasmine.js:1485:13
queueRunnerFactory@file:///Users/emanuelaharonoff/Development/code/web-js-oo-task-list-web-0616/tmpTestSupport/jasmine.js:518:42
execute@file:///Users/emanuelaharonoff/Development/code/web-js-oo-task-list-web-0616/tmpTestSupport/jasmine.js:306:28
file:///Users/emanuelaharonoff/Development/code/web-js-oo-task-list-web-0616/tmpTestSupport/jasmine.js:1708:44
attemptAsync@file:///Users/emanuelaharonoff/Development/code/web-js-oo-task-list-web-0616/tmpTestSupport/jasmine.js:1520:16
run@file:///Users/emanuelaharonoff/Development/code/web-js-oo-task-list-web-0616/tmpTestSupport/jasmine.js:1496:28
next@file:///Users/emanuelaharonoff/Development/code/web-js-oo-task-list-web-0616/tmpTestSupport/jasmine.js:1517:40
complete@file:///Users/emanuelaharonoff/Development/code/web-js-oo-task-list-web-0616/tmpTestSupport/jasmine.js:333:19
clearStack@file:///Users/emanuelaharonoff/Development/code/web-js-oo-task-list-web-0616/tmpTestSupport/jasmine.js:506:11
run@file:///Users/emanuelaharonoff/Development/code/web-js-oo-task-list-web-0616/tmpTestSupport/jasmine.js:1505:22
execute@file:///Users/emanuelaharonoff/Development/code/web-js-oo-task-list-web-0616/tmpTestSupport/jasmine.js:1485:13
queueRunnerFactory@file:///Users/emanuelaharonoff/Development/code/web-js-oo-task-list-web-0616/tmpTestSupport/jasmine.js:518:42
execute@file:///Users/emanuelaharonoff/Development/code/web-js-oo-task-list-web-0616/tmpTestSupport/jasmine.js:306:28
file:///Users/emanuelaharonoff/Development/code/web-js-oo-task-list-web-0616/tmpTestSupport/jasmine.js:1708:44
attemptAsync@file:///Users/emanuelaharonoff/Development/code/web-js-oo-task-list-web-0616/tmpTestSupport/jasmine.js:1520:16
run@file:///Users/emanuelaharonoff/Development/code/web-js-oo-task-list-web-0616/tmpTestSupport/jasmine.js:1496:28
execute@file:///Users/emanuelaharonoff/Development/code/web-js-oo-task-list-web-0616/tmpTestSupport/jasmine.js:1485:13
queueRunnerFactory@file:///Users/emanuelaharonoff/Development/code/web-js-oo-task-list-web-0616/tmpTestSupport/jasmine.js:518:42
execute@file:///Users/emanuelaharonoff/Development/code/web-js-oo-task-list-web-0616/tmpTestSupport/jasmine.js:1694:21
file:///Users/emanuelaharonoff/Development/code/web-js-oo-task-list-web-0616/tmpTestSupport/jasmine.js:1708:44
attemptAsync@file:///Users/emanuelaharonoff/Development/code/web-js-oo-task-list-web-0616/tmpTestSupport/jasmine.js:1520:16
run@file:///Users/emanuelaharonoff/Development/code/web-js-oo-task-list-web-0616/tmpTestSupport/jasmine.js:1496:28
execute@file:///Users/emanuelaharonoff/Development/code/web-js-oo-task-list-web-0616/tmpTestSupport/jasmine.js:1485:13
queueRunnerFactory@file:///Users/emanuelaharonoff/Development/code/web-js-oo-task-list-web-0616/tmpTestSupport/jasmine.js:518:42
execute@file:///Users/emanuelaharonoff/Development/code/web-js-oo-task-list-web-0616/tmpTestSupport/jasmine.js:1694:21
file:///Users/emanuelaharonoff/Development/code/web-js-oo-task-list-web-0616/tmpTestSupport/jasmine.js:1708:44
attemptAsync@file:///Users/emanuelaharonoff/Development/code/web-js-oo-task-list-web-0616/tmpTestSupport/jasmine.js:1520:16
run@file:///Users/emanuelaharonoff/Development/code/web-js-oo-task-list-web-0616/tmpTestSupport/jasmine.js:1496:28
next@file:///Users/emanuelaharonoff/Development/code/web-js-oo-task-list-web-0616/tmpTestSupport/jasmine.js:1517:40
complete@file:///Users/emanuelaharonoff/Development/code/web-js-oo-task-list-web-0616/tmpTestSupport/jasmine.js:1703:19
clearStack@file:///Users/emanuelaharonoff/Development/code/web-js-oo-task-list-web-0616/tmpTestSupport/jasmine.js:506:11
run@file:///Users/emanuelaharonoff/Development/code/web-js-oo-task-list-web-0616/tmpTestSupport/jasmine.js:1505:22
next@file:///Users/emanuelaharonoff/Development/code/web-js-oo-task-list-web-0616/tmpTestSupport/jasmine.js:1517:40
complete@file:///Users/emanuelaharonoff/Development/code/web-js-oo-task-list-web-0616/tmpTestSupport/jasmine.js:333:19
clearStack@file:///Users/emanuelaharonoff/Development/code/web-js-oo-task-list-web-0616/tmpTestSupport/jasmine.js:506:11
run@file:///Users/emanuelaharonoff/Development/code/web-js-oo-task-list-web-0616/tmpTestSupport/jasmine.js:1505:22
execute@file:///Users/emanuelaharonoff/Development/code/web-js-oo-task-list-web-0616/tmpTestSupport/jasmine.js:1485:13
queueRunnerFactory@file:///Users/emanuelaharonoff/Development/code/web-js-oo-task-list-web-0616/tmpTestSupport/jasmine.js:518:42
execute@file:///Users/emanuelaharonoff/Development/code/web-js-oo-task-list-web-0616/tmpTestSupport/jasmine.js:306:28
file:///Users/emanuelaharonoff/Development/code/web-js-oo-task-list-web-0616/tmpTestSupport/jasmine.js:1708:44
attemptAsync@file:///Users/emanuelaharonoff/Development/code/web-js-oo-task-list-web-0616/tmpTestSupport/jasmine.js:1520:16
run@file:///Users/emanuelaharonoff/Development/code/web-js-oo-task-list-web-0616/tmpTestSupport/jasmine.js:1496:28
next@file:///Users/emanuelaharonoff/Development/code/web-js-oo-task-list-web-0616/tmpTestSupport/jasmine.js:1517:40
complete@file:///Users/emanuelaharonoff/Development/code/web-js-oo-task-list-web-0616/tmpTestSupport/jasmine.js:333:19			</failure>
			<failure type="toEqual" message="Expected 0 to equal 2.">
stack@file:///Users/emanuelaharonoff/Development/code/web-js-oo-task-list-web-0616/tmpTestSupport/jasmine.js:1293:37
buildExpectationResult@file:///Users/emanuelaharonoff/Development/code/web-js-oo-task-list-web-0616/tmpTestSupport/jasmine.js:1270:19
expectationResultFactory@file:///Users/emanuelaharonoff/Development/code/web-js-oo-task-list-web-0616/tmpTestSupport/jasmine.js:484:40
addExpectationResult@file:///Users/emanuelaharonoff/Development/code/web-js-oo-task-list-web-0616/tmpTestSupport/jasmine.js:260:70
addExpectationResult@file:///Users/emanuelaharonoff/Development/code/web-js-oo-task-list-web-0616/tmpTestSupport/jasmine.js:442:41
file:///Users/emanuelaharonoff/Development/code/web-js-oo-task-list-web-0616/tmpTestSupport/jasmine.js:1209:32
file:///Users/emanuelaharonoff/Development/code/web-js-oo-task-list-web-0616/spec/tasks.controller.spec.js:76:49
attemptSync@file:///Users/emanuelaharonoff/Development/code/web-js-oo-task-list-web-0616/tmpTestSupport/jasmine.js:1510:16
run@file:///Users/emanuelaharonoff/Development/code/web-js-oo-task-list-web-0616/tmpTestSupport/jasmine.js:1498:20
execute@file:///Users/emanuelaharonoff/Development/code/web-js-oo-task-list-web-0616/tmpTestSupport/jasmine.js:1485:13
queueRunnerFactory@file:///Users/emanuelaharonoff/Development/code/web-js-oo-task-list-web-0616/tmpTestSupport/jasmine.js:518:42
execute@file:///Users/emanuelaharonoff/Development/code/web-js-oo-task-list-web-0616/tmpTestSupport/jasmine.js:306:28
file:///Users/emanuelaharonoff/Development/code/web-js-oo-task-list-web-0616/tmpTestSupport/jasmine.js:1708:44
attemptAsync@file:///Users/emanuelaharonoff/Development/code/web-js-oo-task-list-web-0616/tmpTestSupport/jasmine.js:1520:16
run@file:///Users/emanuelaharonoff/Development/code/web-js-oo-task-list-web-0616/tmpTestSupport/jasmine.js:1496:28
execute@file:///Users/emanuelaharonoff/Development/code/web-js-oo-task-list-web-0616/tmpTestSupport/jasmine.js:1485:13
queueRunnerFactory@file:///Users/emanuelaharonoff/Development/code/web-js-oo-task-list-web-0616/tmpTestSupport/jasmine.js:518:42
execute@file:///Users/emanuelaharonoff/Development/code/web-js-oo-task-list-web-0616/tmpTestSupport/jasmine.js:1694:21
file:///Users/emanuelaharonoff/Development/code/web-js-oo-task-list-web-0616/tmpTestSupport/jasmine.js:1708:44
attemptAsync@file:///Users/emanuelaharonoff/Development/code/web-js-oo-task-list-web-0616/tmpTestSupport/jasmine.js:1520:16
run@file:///Users/emanuelaharonoff/Development/code/web-js-oo-task-list-web-0616/tmpTestSupport/jasmine.js:1496:28
next@file:///Users/emanuelaharonoff/Development/code/web-js-oo-task-list-web-0616/tmpTestSupport/jasmine.js:1517:40
complete@file:///Users/emanuelaharonoff/Development/code/web-js-oo-task-list-web-0616/tmpTestSupport/jasmine.js:333:19
clearStack@file:///Users/emanuelaharonoff/Development/code/web-js-oo-task-list-web-0616/tmpTestSupport/jasmine.js:506:11
run@file:///Users/emanuelaharonoff/Development/code/web-js-oo-task-list-web-0616/tmpTestSupport/jasmine.js:1505:22
execute@file:///Users/emanuelaharonoff/Development/code/web-js-oo-task-list-web-0616/tmpTestSupport/jasmine.js:1485:13
queueRunnerFactory@file:///Users/emanuelaharonoff/Development/code/web-js-oo-task-list-web-0616/tmpTestSupport/jasmine.js:518:42
execute@file:///Users/emanuelaharonoff/Development/code/web-js-oo-task-list-web-0616/tmpTestSupport/jasmine.js:306:28
file:///Users/emanuelaharonoff/Development/code/web-js-oo-task-list-web-0616/tmpTestSupport/jasmine.js:1708:44
attemptAsync@file:///Users/emanuelaharonoff/Development/code/web-js-oo-task-list-web-0616/tmpTestSupport/jasmine.js:1520:16
run@file:///Users/emanuelaharonoff/Development/code/web-js-oo-task-list-web-0616/tmpTestSupport/jasmine.js:1496:28
next@file:///Users/emanuelaharonoff/Development/code/web-js-oo-task-list-web-0616/tmpTestSupport/jasmine.js:1517:40
complete@file:///Users/emanuelaharonoff/Development/code/web-js-oo-task-list-web-0616/tmpTestSupport/jasmine.js:333:19
clearStack@file:///Users/emanuelaharonoff/Development/code/web-js-oo-task-list-web-0616/tmpTestSupport/jasmine.js:506:11
run@file:///Users/emanuelaharonoff/Development/code/web-js-oo-task-list-web-0616/tmpTestSupport/jasmine.js:1505:22
execute@file:///Users/emanuelaharonoff/Development/code/web-js-oo-task-list-web-0616/tmpTestSupport/jasmine.js:1485:13
queueRunnerFactory@file:///Users/emanuelaharonoff/Development/code/web-js-oo-task-list-web-0616/tmpTestSupport/jasmine.js:518:42
execute@file:///Users/emanuelaharonoff/Development/code/web-js-oo-task-list-web-0616/tmpTestSupport/jasmine.js:306:28
file:///Users/emanuelaharonoff/Development/code/web-js-oo-task-list-web-0616/tmpTestSupport/jasmine.js:1708:44
attemptAsync@file:///Users/emanuelaharonoff/Development/code/web-js-oo-task-list-web-0616/tmpTestSupport/jasmine.js:1520:16
run@file:///Users/emanuelaharonoff/Development/code/web-js-oo-task-list-web-0616/tmpTestSupport/jasmine.js:1496:28
execute@file:///Users/emanuelaharonoff/Development/code/web-js-oo-task-list-web-0616/tmpTestSupport/jasmine.js:1485:13
queueRunnerFactory@file:///Users/emanuelaharonoff/Development/code/web-js-oo-task-list-web-0616/tmpTestSupport/jasmine.js:518:42
execute@file:///Users/emanuelaharonoff/Development/code/web-js-oo-task-list-web-0616/tmpTestSupport/jasmine.js:1694:21
file:///Users/emanuelaharonoff/Development/code/web-js-oo-task-list-web-0616/tmpTestSupport/jasmine.js:1708:44
attemptAsync@file:///Users/emanuelaharonoff/Development/code/web-js-oo-task-list-web-0616/tmpTestSupport/jasmine.js:1520:16
run@file:///Users/emanuelaharonoff/Development/code/web-js-oo-task-list-web-0616/tmpTestSupport/jasmine.js:1496:28
execute@file:///Users/emanuelaharonoff/Development/code/web-js-oo-task-list-web-0616/tmpTestSupport/jasmine.js:1485:13
queueRunnerFactory@file:///Users/emanuelaharonoff/Development/code/web-js-oo-task-list-web-0616/tmpTestSupport/jasmine.js:518:42
execute@file:///Users/emanuelaharonoff/Development/code/web-js-oo-task-list-web-0616/tmpTestSupport/jasmine.js:1694:21
file:///Users/emanuelaharonoff/Development/code/web-js-oo-task-list-web-0616/tmpTestSupport/jasmine.js:1708:44
attemptAsync@file:///Users/emanuelaharonoff/Development/code/web-js-oo-task-list-web-0616/tmpTestSupport/jasmine.js:1520:16
run@file:///Users/emanuelaharonoff/Development/code/web-js-oo-task-list-web-0616/tmpTestSupport/jasmine.js:1496:28
next@file:///Users/emanuelaharonoff/Development/code/web-js-oo-task-list-web-0616/tmpTestSupport/jasmine.js:1517:40
complete@file:///Users/emanuelaharonoff/Development/code/web-js-oo-task-list-web-0616/tmpTestSupport/jasmine.js:1703:19
clearStack@file:///Users/emanuelaharonoff/Development/code/web-js-oo-task-list-web-0616/tmpTestSupport/jasmine.js:506:11
run@file:///Users/emanuelaharonoff/Development/code/web-js-oo-task-list-web-0616/tmpTestSupport/jasmine.js:1505:22
next@file:///Users/emanuelaharonoff/Development/code/web-js-oo-task-list-web-0616/tmpTestSupport/jasmine.js:1517:40
complete@file:///Users/emanuelaharonoff/Development/code/web-js-oo-task-list-web-0616/tmpTestSupport/jasmine.js:333:19
clearStack@file:///Users/emanuelaharonoff/Development/code/web-js-oo-task-list-web-0616/tmpTestSupport/jasmine.js:506:11
run@file:///Users/emanuelaharonoff/Development/code/web-js-oo-task-list-web-0616/tmpTestSupport/jasmine.js:1505:22
execute@file:///Users/emanuelaharonoff/Development/code/web-js-oo-task-list-web-0616/tmpTestSupport/jasmine.js:1485:13
queueRunnerFactory@file:///Users/emanuelaharonoff/Development/code/web-js-oo-task-list-web-0616/tmpTestSupport/jasmine.js:518:42
execute@file:///Users/emanuelaharonoff/Development/code/web-js-oo-task-list-web-0616/tmpTestSupport/jasmine.js:306:28
file:///Users/emanuelaharonoff/Development/code/web-js-oo-task-list-web-0616/tmpTestSupport/jasmine.js:1708:44
attemptAsync@file:///Users/emanuelaharonoff/Development/code/web-js-oo-task-list-web-0616/tmpTestSupport/jasmine.js:1520:16
run@file:///Users/emanuelaharonoff/Development/code/web-js-oo-task-list-web-0616/tmpTestSupport/jasmine.js:1496:28
next@file:///Users/emanuelaharonoff/Development/code/web-js-oo-task-list-web-0616/tmpTestSupport/jasmine.js:1517:40
complete@file:///Users/emanuelaharonoff/Development/code/web-js-oo-task-list-web-0616/tmpTestSupport/jasmine.js:333:19			</failure>
			<failure type="toEqual" message="Expected 0 to equal 1.">
stack@file:///Users/emanuelaharonoff/Development/code/web-js-oo-task-list-web-0616/tmpTestSupport/jasmine.js:1293:37
buildExpectationResult@file:///Users/emanuelaharonoff/Development/code/web-js-oo-task-list-web-0616/tmpTestSupport/jasmine.js:1270:19
expectationResultFactory@file:///Users/emanuelaharonoff/Development/code/web-js-oo-task-list-web-0616/tmpTestSupport/jasmine.js:484:40
addExpectationResult@file:///Users/emanuelaharonoff/Development/code/web-js-oo-task-list-web-0616/tmpTestSupport/jasmine.js:260:70
addExpectationResult@file:///Users/emanuelaharonoff/Development/code/web-js-oo-task-list-web-0616/tmpTestSupport/jasmine.js:442:41
file:///Users/emanuelaharonoff/Development/code/web-js-oo-task-list-web-0616/tmpTestSupport/jasmine.js:1209:32
file:///Users/emanuelaharonoff/Development/code/web-js-oo-task-list-web-0616/spec/tasks.controller.spec.js:78:49
attemptSync@file:///Users/emanuelaharonoff/Development/code/web-js-oo-task-list-web-0616/tmpTestSupport/jasmine.js:1510:16
run@file:///Users/emanuelaharonoff/Development/code/web-js-oo-task-list-web-0616/tmpTestSupport/jasmine.js:1498:20
execute@file:///Users/emanuelaharonoff/Development/code/web-js-oo-task-list-web-0616/tmpTestSupport/jasmine.js:1485:13
queueRunnerFactory@file:///Users/emanuelaharonoff/Development/code/web-js-oo-task-list-web-0616/tmpTestSupport/jasmine.js:518:42
execute@file:///Users/emanuelaharonoff/Development/code/web-js-oo-task-list-web-0616/tmpTestSupport/jasmine.js:306:28
file:///Users/emanuelaharonoff/Development/code/web-js-oo-task-list-web-0616/tmpTestSupport/jasmine.js:1708:44
attemptAsync@file:///Users/emanuelaharonoff/Development/code/web-js-oo-task-list-web-0616/tmpTestSupport/jasmine.js:1520:16
run@file:///Users/emanuelaharonoff/Development/code/web-js-oo-task-list-web-0616/tmpTestSupport/jasmine.js:1496:28
execute@file:///Users/emanuelaharonoff/Development/code/web-js-oo-task-list-web-0616/tmpTestSupport/jasmine.js:1485:13
queueRunnerFactory@file:///Users/emanuelaharonoff/Development/code/web-js-oo-task-list-web-0616/tmpTestSupport/jasmine.js:518:42
execute@file:///Users/emanuelaharonoff/Development/code/web-js-oo-task-list-web-0616/tmpTestSupport/jasmine.js:1694:21
file:///Users/emanuelaharonoff/Development/code/web-js-oo-task-list-web-0616/tmpTestSupport/jasmine.js:1708:44
attemptAsync@file:///Users/emanuelaharonoff/Development/code/web-js-oo-task-list-web-0616/tmpTestSupport/jasmine.js:1520:16
run@file:///Users/emanuelaharonoff/Development/code/web-js-oo-task-list-web-0616/tmpTestSupport/jasmine.js:1496:28
next@file:///Users/emanuelaharonoff/Development/code/web-js-oo-task-list-web-0616/tmpTestSupport/jasmine.js:1517:40
complete@file:///Users/emanuelaharonoff/Development/code/web-js-oo-task-list-web-0616/tmpTestSupport/jasmine.js:333:19
clearStack@file:///Users/emanuelaharonoff/Development/code/web-js-oo-task-list-web-0616/tmpTestSupport/jasmine.js:506:11
run@file:///Users/emanuelaharonoff/Development/code/web-js-oo-task-list-web-0616/tmpTestSupport/jasmine.js:1505:22
execute@file:///Users/emanuelaharonoff/Development/code/web-js-oo-task-list-web-0616/tmpTestSupport/jasmine.js:1485:13
queueRunnerFactory@file:///Users/emanuelaharonoff/Development/code/web-js-oo-task-list-web-0616/tmpTestSupport/jasmine.js:518:42
execute@file:///Users/emanuelaharonoff/Development/code/web-js-oo-task-list-web-0616/tmpTestSupport/jasmine.js:306:28
file:///Users/emanuelaharonoff/Development/code/web-js-oo-task-list-web-0616/tmpTestSupport/jasmine.js:1708:44
attemptAsync@file:///Users/emanuelaharonoff/Development/code/web-js-oo-task-list-web-0616/tmpTestSupport/jasmine.js:1520:16
run@file:///Users/emanuelaharonoff/Development/code/web-js-oo-task-list-web-0616/tmpTestSupport/jasmine.js:1496:28
next@file:///Users/emanuelaharonoff/Development/code/web-js-oo-task-list-web-0616/tmpTestSupport/jasmine.js:1517:40
complete@file:///Users/emanuelaharonoff/Development/code/web-js-oo-task-list-web-0616/tmpTestSupport/jasmine.js:333:19
clearStack@file:///Users/emanuelaharonoff/Development/code/web-js-oo-task-list-web-0616/tmpTestSupport/jasmine.js:506:11
run@file:///Users/emanuelaharonoff/Development/code/web-js-oo-task-list-web-0616/tmpTestSupport/jasmine.js:1505:22
execute@file:///Users/emanuelaharonoff/Development/code/web-js-oo-task-list-web-0616/tmpTestSupport/jasmine.js:1485:13
queueRunnerFactory@file:///Users/emanuelaharonoff/Development/code/web-js-oo-task-list-web-0616/tmpTestSupport/jasmine.js:518:42
execute@file:///Users/emanuelaharonoff/Development/code/web-js-oo-task-list-web-0616/tmpTestSupport/jasmine.js:306:28
file:///Users/emanuelaharonoff/Development/code/web-js-oo-task-list-web-0616/tmpTestSupport/jasmine.js:1708:44
attemptAsync@file:///Users/emanuelaharonoff/Development/code/web-js-oo-task-list-web-0616/tmpTestSupport/jasmine.js:1520:16
run@file:///Users/emanuelaharonoff/Development/code/web-js-oo-task-list-web-0616/tmpTestSupport/jasmine.js:1496:28
execute@file:///Users/emanuelaharonoff/Development/code/web-js-oo-task-list-web-0616/tmpTestSupport/jasmine.js:1485:13
queueRunnerFactory@file:///Users/emanuelaharonoff/Development/code/web-js-oo-task-list-web-0616/tmpTestSupport/jasmine.js:518:42
execute@file:///Users/emanuelaharonoff/Development/code/web-js-oo-task-list-web-0616/tmpTestSupport/jasmine.js:1694:21
file:///Users/emanuelaharonoff/Development/code/web-js-oo-task-list-web-0616/tmpTestSupport/jasmine.js:1708:44
attemptAsync@file:///Users/emanuelaharonoff/Development/code/web-js-oo-task-list-web-0616/tmpTestSupport/jasmine.js:1520:16
run@file:///Users/emanuelaharonoff/Development/code/web-js-oo-task-list-web-0616/tmpTestSupport/jasmine.js:1496:28
execute@file:///Users/emanuelaharonoff/Development/code/web-js-oo-task-list-web-0616/tmpTestSupport/jasmine.js:1485:13
queueRunnerFactory@file:///Users/emanuelaharonoff/Development/code/web-js-oo-task-list-web-0616/tmpTestSupport/jasmine.js:518:42
execute@file:///Users/emanuelaharonoff/Development/code/web-js-oo-task-list-web-0616/tmpTestSupport/jasmine.js:1694:21
file:///Users/emanuelaharonoff/Development/code/web-js-oo-task-list-web-0616/tmpTestSupport/jasmine.js:1708:44
attemptAsync@file:///Users/emanuelaharonoff/Development/code/web-js-oo-task-list-web-0616/tmpTestSupport/jasmine.js:1520:16
run@file:///Users/emanuelaharonoff/Development/code/web-js-oo-task-list-web-0616/tmpTestSupport/jasmine.js:1496:28
next@file:///Users/emanuelaharonoff/Development/code/web-js-oo-task-list-web-0616/tmpTestSupport/jasmine.js:1517:40
complete@file:///Users/emanuelaharonoff/Development/code/web-js-oo-task-list-web-0616/tmpTestSupport/jasmine.js:1703:19
clearStack@file:///Users/emanuelaharonoff/Development/code/web-js-oo-task-list-web-0616/tmpTestSupport/jasmine.js:506:11
run@file:///Users/emanuelaharonoff/Development/code/web-js-oo-task-list-web-0616/tmpTestSupport/jasmine.js:1505:22
next@file:///Users/emanuelaharonoff/Development/code/web-js-oo-task-list-web-0616/tmpTestSupport/jasmine.js:1517:40
complete@file:///Users/emanuelaharonoff/Development/code/web-js-oo-task-list-web-0616/tmpTestSupport/jasmine.js:333:19
clearStack@file:///Users/emanuelaharonoff/Development/code/web-js-oo-task-list-web-0616/tmpTestSupport/jasmine.js:506:11
run@file:///Users/emanuelaharonoff/Development/code/web-js-oo-task-list-web-0616/tmpTestSupport/jasmine.js:1505:22
execute@file:///Users/emanuelaharonoff/Development/code/web-js-oo-task-list-web-0616/tmpTestSupport/jasmine.js:1485:13
queueRunnerFactory@file:///Users/emanuelaharonoff/Development/code/web-js-oo-task-list-web-0616/tmpTestSupport/jasmine.js:518:42
execute@file:///Users/emanuelaharonoff/Development/code/web-js-oo-task-list-web-0616/tmpTestSupport/jasmine.js:306:28
file:///Users/emanuelaharonoff/Development/code/web-js-oo-task-list-web-0616/tmpTestSupport/jasmine.js:1708:44
attemptAsync@file:///Users/emanuelaharonoff/Development/code/web-js-oo-task-list-web-0616/tmpTestSupport/jasmine.js:1520:16
run@file:///Users/emanuelaharonoff/Development/code/web-js-oo-task-list-web-0616/tmpTestSupport/jasmine.js:1496:28
next@file:///Users/emanuelaharonoff/Development/code/web-js-oo-task-list-web-0616/tmpTestSupport/jasmine.js:1517:40
complete@file:///Users/emanuelaharonoff/Development/code/web-js-oo-task-list-web-0616/tmpTestSupport/jasmine.js:333:19			</failure>
			<failure type="" message="TypeError: undefined is not an object (evaluating &amp;apos;$(&amp;apos;#list-1 li&amp;apos;).first().data().id&amp;apos;) in file:///Users/emanuelaharonoff/Development/code/web-js-oo-task-list-web-0616/spec/tasks.controller.spec.js (line 79)">
file:///Users/emanuelaharonoff/Development/code/web-js-oo-task-list-web-0616/spec/tasks.controller.spec.js:79:48
attemptSync@file:///Users/emanuelaharonoff/Development/code/web-js-oo-task-list-web-0616/tmpTestSupport/jasmine.js:1510:16
run@file:///Users/emanuelaharonoff/Development/code/web-js-oo-task-list-web-0616/tmpTestSupport/jasmine.js:1498:20
execute@file:///Users/emanuelaharonoff/Development/code/web-js-oo-task-list-web-0616/tmpTestSupport/jasmine.js:1485:13
queueRunnerFactory@file:///Users/emanuelaharonoff/Development/code/web-js-oo-task-list-web-0616/tmpTestSupport/jasmine.js:518:42
execute@file:///Users/emanuelaharonoff/Development/code/web-js-oo-task-list-web-0616/tmpTestSupport/jasmine.js:306:28
file:///Users/emanuelaharonoff/Development/code/web-js-oo-task-list-web-0616/tmpTestSupport/jasmine.js:1708:44
attemptAsync@file:///Users/emanuelaharonoff/Development/code/web-js-oo-task-list-web-0616/tmpTestSupport/jasmine.js:1520:16
run@file:///Users/emanuelaharonoff/Development/code/web-js-oo-task-list-web-0616/tmpTestSupport/jasmine.js:1496:28
execute@file:///Users/emanuelaharonoff/Development/code/web-js-oo-task-list-web-0616/tmpTestSupport/jasmine.js:1485:13
queueRunnerFactory@file:///Users/emanuelaharonoff/Development/code/web-js-oo-task-list-web-0616/tmpTestSupport/jasmine.js:518:42
execute@file:///Users/emanuelaharonoff/Development/code/web-js-oo-task-list-web-0616/tmpTestSupport/jasmine.js:1694:21
file:///Users/emanuelaharonoff/Development/code/web-js-oo-task-list-web-0616/tmpTestSupport/jasmine.js:1708:44
attemptAsync@file:///Users/emanuelaharonoff/Development/code/web-js-oo-task-list-web-0616/tmpTestSupport/jasmine.js:1520:16
run@file:///Users/emanuelaharonoff/Development/code/web-js-oo-task-list-web-0616/tmpTestSupport/jasmine.js:1496:28
next@file:///Users/emanuelaharonoff/Development/code/web-js-oo-task-list-web-0616/tmpTestSupport/jasmine.js:1517:40
complete@file:///Users/emanuelaharonoff/Development/code/web-js-oo-task-list-web-0616/tmpTestSupport/jasmine.js:333:19
clearStack@file:///Users/emanuelaharonoff/Development/code/web-js-oo-task-list-web-0616/tmpTestSupport/jasmine.js:506:11
run@file:///Users/emanuelaharonoff/Development/code/web-js-oo-task-list-web-0616/tmpTestSupport/jasmine.js:1505:22
execute@file:///Users/emanuelaharonoff/Development/code/web-js-oo-task-list-web-0616/tmpTestSupport/jasmine.js:1485:13
queueRunnerFactory@file:///Users/emanuelaharonoff/Development/code/web-js-oo-task-list-web-0616/tmpTestSupport/jasmine.js:518:42
execute@file:///Users/emanuelaharonoff/Development/code/web-js-oo-task-list-web-0616/tmpTestSupport/jasmine.js:306:28
file:///Users/emanuelaharonoff/Development/code/web-js-oo-task-list-web-0616/tmpTestSupport/jasmine.js:1708:44
attemptAsync@file:///Users/emanuelaharonoff/Development/code/web-js-oo-task-list-web-0616/tmpTestSupport/jasmine.js:1520:16
run@file:///Users/emanuelaharonoff/Development/code/web-js-oo-task-list-web-0616/tmpTestSupport/jasmine.js:1496:28
next@file:///Users/emanuelaharonoff/Development/code/web-js-oo-task-list-web-0616/tmpTestSupport/jasmine.js:1517:40
complete@file:///Users/emanuelaharonoff/Development/code/web-js-oo-task-list-web-0616/tmpTestSupport/jasmine.js:333:19
clearStack@file:///Users/emanuelaharonoff/Development/code/web-js-oo-task-list-web-0616/tmpTestSupport/jasmine.js:506:11
run@file:///Users/emanuelaharonoff/Development/code/web-js-oo-task-list-web-0616/tmpTestSupport/jasmine.js:1505:22
execute@file:///Users/emanuelaharonoff/Development/code/web-js-oo-task-list-web-0616/tmpTestSupport/jasmine.js:1485:13
queueRunnerFactory@file:///Users/emanuelaharonoff/Development/code/web-js-oo-task-list-web-0616/tmpTestSupport/jasmine.js:518:42
execute@file:///Users/emanuelaharonoff/Development/code/web-js-oo-task-list-web-0616/tmpTestSupport/jasmine.js:306:28
file:///Users/emanuelaharonoff/Development/code/web-js-oo-task-list-web-0616/tmpTestSupport/jasmine.js:1708:44
attemptAsync@file:///Users/emanuelaharonoff/Development/code/web-js-oo-task-list-web-0616/tmpTestSupport/jasmine.js:1520:16
run@file:///Users/emanuelaharonoff/Development/code/web-js-oo-task-list-web-0616/tmpTestSupport/jasmine.js:1496:28
execute@file:///Users/emanuelaharonoff/Development/code/web-js-oo-task-list-web-0616/tmpTestSupport/jasmine.js:1485:13
queueRunnerFactory@file:///Users/emanuelaharonoff/Development/code/web-js-oo-task-list-web-0616/tmpTestSupport/jasmine.js:518:42
execute@file:///Users/emanuelaharonoff/Development/code/web-js-oo-task-list-web-0616/tmpTestSupport/jasmine.js:1694:21
file:///Users/emanuelaharonoff/Development/code/web-js-oo-task-list-web-0616/tmpTestSupport/jasmine.js:1708:44
attemptAsync@file:///Users/emanuelaharonoff/Development/code/web-js-oo-task-list-web-0616/tmpTestSupport/jasmine.js:1520:16
run@file:///Users/emanuelaharonoff/Development/code/web-js-oo-task-list-web-0616/tmpTestSupport/jasmine.js:1496:28
execute@file:///Users/emanuelaharonoff/Development/code/web-js-oo-task-list-web-0616/tmpTestSupport/jasmine.js:1485:13
queueRunnerFactory@file:///Users/emanuelaharonoff/Development/code/web-js-oo-task-list-web-0616/tmpTestSupport/jasmine.js:518:42
execute@file:///Users/emanuelaharonoff/Development/code/web-js-oo-task-list-web-0616/tmpTestSupport/jasmine.js:1694:21
file:///Users/emanuelaharonoff/Development/code/web-js-oo-task-list-web-0616/tmpTestSupport/jasmine.js:1708:44
attemptAsync@file:///Users/emanuelaharonoff/Development/code/web-js-oo-task-list-web-0616/tmpTestSupport/jasmine.js:1520:16
run@file:///Users/emanuelaharonoff/Development/code/web-js-oo-task-list-web-0616/tmpTestSupport/jasmine.js:1496:28
next@file:///Users/emanuelaharonoff/Development/code/web-js-oo-task-list-web-0616/tmpTestSupport/jasmine.js:1517:40
complete@file:///Users/emanuelaharonoff/Development/code/web-js-oo-task-list-web-0616/tmpTestSupport/jasmine.js:1703:19
clearStack@file:///Users/emanuelaharonoff/Development/code/web-js-oo-task-list-web-0616/tmpTestSupport/jasmine.js:506:11
run@file:///Users/emanuelaharonoff/Development/code/web-js-oo-task-list-web-0616/tmpTestSupport/jasmine.js:1505:22
next@file:///Users/emanuelaharonoff/Development/code/web-js-oo-task-list-web-0616/tmpTestSupport/jasmine.js:1517:40
complete@file:///Users/emanuelaharonoff/Development/code/web-js-oo-task-list-web-0616/tmpTestSupport/jasmine.js:333:19
clearStack@file:///Users/emanuelaharonoff/Development/code/web-js-oo-task-list-web-0616/tmpTestSupport/jasmine.js:506:11
run@file:///Users/emanuelaharonoff/Development/code/web-js-oo-task-list-web-0616/tmpTestSupport/jasmine.js:1505:22
execute@file:///Users/emanuelaharonoff/Development/code/web-js-oo-task-list-web-0616/tmpTestSupport/jasmine.js:1485:13
queueRunnerFactory@file:///Users/emanuelaharonoff/Development/code/web-js-oo-task-list-web-0616/tmpTestSupport/jasmine.js:518:42
execute@file:///Users/emanuelaharonoff/Development/code/web-js-oo-task-list-web-0616/tmpTestSupport/jasmine.js:306:28
file:///Users/emanuelaharonoff/Development/code/web-js-oo-task-list-web-0616/tmpTestSupport/jasmine.js:1708:44
attemptAsync@file:///Users/emanuelaharonoff/Development/code/web-js-oo-task-list-web-0616/tmpTestSupport/jasmine.js:1520:16
run@file:///Users/emanuelaharonoff/Development/code/web-js-oo-task-list-web-0616/tmpTestSupport/jasmine.js:1496:28
next@file:///Users/emanuelaharonoff/Development/code/web-js-oo-task-list-web-0616/tmpTestSupport/jasmine.js:1517:40
complete@file:///Users/emanuelaharonoff/Development/code/web-js-oo-task-list-web-0616/tmpTestSupport/jasmine.js:333:19			</failure>
		</testcase>
		<testcase classname="Tasks Controller" name="#init (note you can always use #init as a delegator...) creating a new task via a listener on the new tasks form Deleting tasks (using a live event listener) should remove the task from its list.tasks property and replace it with null" time="0.005">
			<failure type="" message="ReferenceError: Can&amp;apos;t find variable: TasksController in file:///Users/emanuelaharonoff/Development/code/web-js-oo-task-list-web-0616/spec/tasks.controller.spec.js (line 7)">
file:///Users/emanuelaharonoff/Development/code/web-js-oo-task-list-web-0616/spec/tasks.controller.spec.js:7:42
attemptSync@file:///Users/emanuelaharonoff/Development/code/web-js-oo-task-list-web-0616/tmpTestSupport/jasmine.js:1510:16
run@file:///Users/emanuelaharonoff/Development/code/web-js-oo-task-list-web-0616/tmpTestSupport/jasmine.js:1498:20
execute@file:///Users/emanuelaharonoff/Development/code/web-js-oo-task-list-web-0616/tmpTestSupport/jasmine.js:1485:13
queueRunnerFactory@file:///Users/emanuelaharonoff/Development/code/web-js-oo-task-list-web-0616/tmpTestSupport/jasmine.js:518:42
execute@file:///Users/emanuelaharonoff/Development/code/web-js-oo-task-list-web-0616/tmpTestSupport/jasmine.js:306:28
file:///Users/emanuelaharonoff/Development/code/web-js-oo-task-list-web-0616/tmpTestSupport/jasmine.js:1708:44
attemptAsync@file:///Users/emanuelaharonoff/Development/code/web-js-oo-task-list-web-0616/tmpTestSupport/jasmine.js:1520:16
run@file:///Users/emanuelaharonoff/Development/code/web-js-oo-task-list-web-0616/tmpTestSupport/jasmine.js:1496:28
next@file:///Users/emanuelaharonoff/Development/code/web-js-oo-task-list-web-0616/tmpTestSupport/jasmine.js:1517:40
complete@file:///Users/emanuelaharonoff/Development/code/web-js-oo-task-list-web-0616/tmpTestSupport/jasmine.js:333:19
clearStack@file:///Users/emanuelaharonoff/Development/code/web-js-oo-task-list-web-0616/tmpTestSupport/jasmine.js:506:11
run@file:///Users/emanuelaharonoff/Development/code/web-js-oo-task-list-web-0616/tmpTestSupport/jasmine.js:1505:22
execute@file:///Users/emanuelaharonoff/Development/code/web-js-oo-task-list-web-0616/tmpTestSupport/jasmine.js:1485:13
queueRunnerFactory@file:///Users/emanuelaharonoff/Development/code/web-js-oo-task-list-web-0616/tmpTestSupport/jasmine.js:518:42
execute@file:///Users/emanuelaharonoff/Development/code/web-js-oo-task-list-web-0616/tmpTestSupport/jasmine.js:306:28
file:///Users/emanuelaharonoff/Development/code/web-js-oo-task-list-web-0616/tmpTestSupport/jasmine.js:1708:44
attemptAsync@file:///Users/emanuelaharonoff/Development/code/web-js-oo-task-list-web-0616/tmpTestSupport/jasmine.js:1520:16
run@file:///Users/emanuelaharonoff/Development/code/web-js-oo-task-list-web-0616/tmpTestSupport/jasmine.js:1496:28
execute@file:///Users/emanuelaharonoff/Development/code/web-js-oo-task-list-web-0616/tmpTestSupport/jasmine.js:1485:13
queueRunnerFactory@file:///Users/emanuelaharonoff/Development/code/web-js-oo-task-list-web-0616/tmpTestSupport/jasmine.js:518:42
execute@file:///Users/emanuelaharonoff/Development/code/web-js-oo-task-list-web-0616/tmpTestSupport/jasmine.js:1694:21
file:///Users/emanuelaharonoff/Development/code/web-js-oo-task-list-web-0616/tmpTestSupport/jasmine.js:1708:44
attemptAsync@file:///Users/emanuelaharonoff/Development/code/web-js-oo-task-list-web-0616/tmpTestSupport/jasmine.js:1520:16
run@file:///Users/emanuelaharonoff/Development/code/web-js-oo-task-list-web-0616/tmpTestSupport/jasmine.js:1496:28
next@file:///Users/emanuelaharonoff/Development/code/web-js-oo-task-list-web-0616/tmpTestSupport/jasmine.js:1517:40
complete@file:///Users/emanuelaharonoff/Development/code/web-js-oo-task-list-web-0616/tmpTestSupport/jasmine.js:333:19
clearStack@file:///Users/emanuelaharonoff/Development/code/web-js-oo-task-list-web-0616/tmpTestSupport/jasmine.js:506:11
run@file:///Users/emanuelaharonoff/Development/code/web-js-oo-task-list-web-0616/tmpTestSupport/jasmine.js:1505:22
execute@file:///Users/emanuelaharonoff/Development/code/web-js-oo-task-list-web-0616/tmpTestSupport/jasmine.js:1485:13
queueRunnerFactory@file:///Users/emanuelaharonoff/Development/code/web-js-oo-task-list-web-0616/tmpTestSupport/jasmine.js:518:42
execute@file:///Users/emanuelaharonoff/Development/code/web-js-oo-task-list-web-0616/tmpTestSupport/jasmine.js:306:28
file:///Users/emanuelaharonoff/Development/code/web-js-oo-task-list-web-0616/tmpTestSupport/jasmine.js:1708:44
attemptAsync@file:///Users/emanuelaharonoff/Development/code/web-js-oo-task-list-web-0616/tmpTestSupport/jasmine.js:1520:16
run@file:///Users/emanuelaharonoff/Development/code/web-js-oo-task-list-web-0616/tmpTestSupport/jasmine.js:1496:28
next@file:///Users/emanuelaharonoff/Development/code/web-js-oo-task-list-web-0616/tmpTestSupport/jasmine.js:1517:40
complete@file:///Users/emanuelaharonoff/Development/code/web-js-oo-task-list-web-0616/tmpTestSupport/jasmine.js:333:19
clearStack@file:///Users/emanuelaharonoff/Development/code/web-js-oo-task-list-web-0616/tmpTestSupport/jasmine.js:506:11
run@file:///Users/emanuelaharonoff/Development/code/web-js-oo-task-list-web-0616/tmpTestSupport/jasmine.js:1505:22
execute@file:///Users/emanuelaharonoff/Development/code/web-js-oo-task-list-web-0616/tmpTestSupport/jasmine.js:1485:13
queueRunnerFactory@file:///Users/emanuelaharonoff/Development/code/web-js-oo-task-list-web-0616/tmpTestSupport/jasmine.js:518:42
execute@file:///Users/emanuelaharonoff/Development/code/web-js-oo-task-list-web-0616/tmpTestSupport/jasmine.js:306:28
file:///Users/emanuelaharonoff/Development/code/web-js-oo-task-list-web-0616/tmpTestSupport/jasmine.js:1708:44
attemptAsync@file:///Users/emanuelaharonoff/Development/code/web-js-oo-task-list-web-0616/tmpTestSupport/jasmine.js:1520:16
run@file:///Users/emanuelaharonoff/Development/code/web-js-oo-task-list-web-0616/tmpTestSupport/jasmine.js:1496:28
execute@file:///Users/emanuelaharonoff/Development/code/web-js-oo-task-list-web-0616/tmpTestSupport/jasmine.js:1485:13
queueRunnerFactory@file:///Users/emanuelaharonoff/Development/code/web-js-oo-task-list-web-0616/tmpTestSupport/jasmine.js:518:42
execute@file:///Users/emanuelaharonoff/Development/code/web-js-oo-task-list-web-0616/tmpTestSupport/jasmine.js:1694:21
file:///Users/emanuelaharonoff/Development/code/web-js-oo-task-list-web-0616/tmpTestSupport/jasmine.js:1708:44
attemptAsync@file:///Users/emanuelaharonoff/Development/code/web-js-oo-task-list-web-0616/tmpTestSupport/jasmine.js:1520:16
run@file:///Users/emanuelaharonoff/Development/code/web-js-oo-task-list-web-0616/tmpTestSupport/jasmine.js:1496:28
execute@file:///Users/emanuelaharonoff/Development/code/web-js-oo-task-list-web-0616/tmpTestSupport/jasmine.js:1485:13
queueRunnerFactory@file:///Users/emanuelaharonoff/Development/code/web-js-oo-task-list-web-0616/tmpTestSupport/jasmine.js:518:42
execute@file:///Users/emanuelaharonoff/Development/code/web-js-oo-task-list-web-0616/tmpTestSupport/jasmine.js:1694:21
file:///Users/emanuelaharonoff/Development/code/web-js-oo-task-list-web-0616/tmpTestSupport/jasmine.js:1708:44
attemptAsync@file:///Users/emanuelaharonoff/Development/code/web-js-oo-task-list-web-0616/tmpTestSupport/jasmine.js:1520:16
run@file:///Users/emanuelaharonoff/Development/code/web-js-oo-task-list-web-0616/tmpTestSupport/jasmine.js:1496:28
next@file:///Users/emanuelaharonoff/Development/code/web-js-oo-task-list-web-0616/tmpTestSupport/jasmine.js:1517:40
complete@file:///Users/emanuelaharonoff/Development/code/web-js-oo-task-list-web-0616/tmpTestSupport/jasmine.js:1703:19
clearStack@file:///Users/emanuelaharonoff/Development/code/web-js-oo-task-list-web-0616/tmpTestSupport/jasmine.js:506:11
run@file:///Users/emanuelaharonoff/Development/code/web-js-oo-task-list-web-0616/tmpTestSupport/jasmine.js:1505:22
next@file:///Users/emanuelaharonoff/Development/code/web-js-oo-task-list-web-0616/tmpTestSupport/jasmine.js:1517:40
complete@file:///Users/emanuelaharonoff/Development/code/web-js-oo-task-list-web-0616/tmpTestSupport/jasmine.js:333:19
clearStack@file:///Users/emanuelaharonoff/Development/code/web-js-oo-task-list-web-0616/tmpTestSupport/jasmine.js:506:11
run@file:///Users/emanuelaharonoff/Development/code/web-js-oo-task-list-web-0616/tmpTestSupport/jasmine.js:1505:22
execute@file:///Users/emanuelaharonoff/Development/code/web-js-oo-task-list-web-0616/tmpTestSupport/jasmine.js:1485:13
queueRunnerFactory@file:///Users/emanuelaharonoff/Development/code/web-js-oo-task-list-web-0616/tmpTestSupport/jasmine.js:518:42
execute@file:///Users/emanuelaharonoff/Development/code/web-js-oo-task-list-web-0616/tmpTestSupport/jasmine.js:306:28
file:///Users/emanuelaharonoff/Development/code/web-js-oo-task-list-web-0616/tmpTestSupport/jasmine.js:1708:44
attemptAsync@file:///Users/emanuelaharonoff/Development/code/web-js-oo-task-list-web-0616/tmpTestSupport/jasmine.js:1520:16
run@file:///Users/emanuelaharonoff/Development/code/web-js-oo-task-list-web-0616/tmpTestSupport/jasmine.js:1496:28
next@file:///Users/emanuelaharonoff/Development/code/web-js-oo-task-list-web-0616/tmpTestSupport/jasmine.js:1517:40
complete@file:///Users/emanuelaharonoff/Development/code/web-js-oo-task-list-web-0616/tmpTestSupport/jasmine.js:333:19			</failure>
			<failure type="" message="ReferenceError: Can&amp;apos;t find variable: List in file:///Users/emanuelaharonoff/Development/code/web-js-oo-task-list-web-0616/spec/tasks.controller.spec.js (line 33)">
file:///Users/emanuelaharonoff/Development/code/web-js-oo-task-list-web-0616/spec/tasks.controller.spec.js:33:20
attemptSync@file:///Users/emanuelaharonoff/Development/code/web-js-oo-task-list-web-0616/tmpTestSupport/jasmine.js:1510:16
run@file:///Users/emanuelaharonoff/Development/code/web-js-oo-task-list-web-0616/tmpTestSupport/jasmine.js:1498:20
execute@file:///Users/emanuelaharonoff/Development/code/web-js-oo-task-list-web-0616/tmpTestSupport/jasmine.js:1485:13
queueRunnerFactory@file:///Users/emanuelaharonoff/Development/code/web-js-oo-task-list-web-0616/tmpTestSupport/jasmine.js:518:42
execute@file:///Users/emanuelaharonoff/Development/code/web-js-oo-task-list-web-0616/tmpTestSupport/jasmine.js:306:28
file:///Users/emanuelaharonoff/Development/code/web-js-oo-task-list-web-0616/tmpTestSupport/jasmine.js:1708:44
attemptAsync@file:///Users/emanuelaharonoff/Development/code/web-js-oo-task-list-web-0616/tmpTestSupport/jasmine.js:1520:16
run@file:///Users/emanuelaharonoff/Development/code/web-js-oo-task-list-web-0616/tmpTestSupport/jasmine.js:1496:28
next@file:///Users/emanuelaharonoff/Development/code/web-js-oo-task-list-web-0616/tmpTestSupport/jasmine.js:1517:40
complete@file:///Users/emanuelaharonoff/Development/code/web-js-oo-task-list-web-0616/tmpTestSupport/jasmine.js:333:19
clearStack@file:///Users/emanuelaharonoff/Development/code/web-js-oo-task-list-web-0616/tmpTestSupport/jasmine.js:506:11
run@file:///Users/emanuelaharonoff/Development/code/web-js-oo-task-list-web-0616/tmpTestSupport/jasmine.js:1505:22
execute@file:///Users/emanuelaharonoff/Development/code/web-js-oo-task-list-web-0616/tmpTestSupport/jasmine.js:1485:13
queueRunnerFactory@file:///Users/emanuelaharonoff/Development/code/web-js-oo-task-list-web-0616/tmpTestSupport/jasmine.js:518:42
execute@file:///Users/emanuelaharonoff/Development/code/web-js-oo-task-list-web-0616/tmpTestSupport/jasmine.js:306:28
file:///Users/emanuelaharonoff/Development/code/web-js-oo-task-list-web-0616/tmpTestSupport/jasmine.js:1708:44
attemptAsync@file:///Users/emanuelaharonoff/Development/code/web-js-oo-task-list-web-0616/tmpTestSupport/jasmine.js:1520:16
run@file:///Users/emanuelaharonoff/Development/code/web-js-oo-task-list-web-0616/tmpTestSupport/jasmine.js:1496:28
execute@file:///Users/emanuelaharonoff/Development/code/web-js-oo-task-list-web-0616/tmpTestSupport/jasmine.js:1485:13
queueRunnerFactory@file:///Users/emanuelaharonoff/Development/code/web-js-oo-task-list-web-0616/tmpTestSupport/jasmine.js:518:42
execute@file:///Users/emanuelaharonoff/Development/code/web-js-oo-task-list-web-0616/tmpTestSupport/jasmine.js:1694:21
file:///Users/emanuelaharonoff/Development/code/web-js-oo-task-list-web-0616/tmpTestSupport/jasmine.js:1708:44
attemptAsync@file:///Users/emanuelaharonoff/Development/code/web-js-oo-task-list-web-0616/tmpTestSupport/jasmine.js:1520:16
run@file:///Users/emanuelaharonoff/Development/code/web-js-oo-task-list-web-0616/tmpTestSupport/jasmine.js:1496:28
next@file:///Users/emanuelaharonoff/Development/code/web-js-oo-task-list-web-0616/tmpTestSupport/jasmine.js:1517:40
complete@file:///Users/emanuelaharonoff/Development/code/web-js-oo-task-list-web-0616/tmpTestSupport/jasmine.js:333:19
clearStack@file:///Users/emanuelaharonoff/Development/code/web-js-oo-task-list-web-0616/tmpTestSupport/jasmine.js:506:11
run@file:///Users/emanuelaharonoff/Development/code/web-js-oo-task-list-web-0616/tmpTestSupport/jasmine.js:1505:22
execute@file:///Users/emanuelaharonoff/Development/code/web-js-oo-task-list-web-0616/tmpTestSupport/jasmine.js:1485:13
queueRunnerFactory@file:///Users/emanuelaharonoff/Development/code/web-js-oo-task-list-web-0616/tmpTestSupport/jasmine.js:518:42
execute@file:///Users/emanuelaharonoff/Development/code/web-js-oo-task-list-web-0616/tmpTestSupport/jasmine.js:306:28
file:///Users/emanuelaharonoff/Development/code/web-js-oo-task-list-web-0616/tmpTestSupport/jasmine.js:1708:44
attemptAsync@file:///Users/emanuelaharonoff/Development/code/web-js-oo-task-list-web-0616/tmpTestSupport/jasmine.js:1520:16
run@file:///Users/emanuelaharonoff/Development/code/web-js-oo-task-list-web-0616/tmpTestSupport/jasmine.js:1496:28
next@file:///Users/emanuelaharonoff/Development/code/web-js-oo-task-list-web-0616/tmpTestSupport/jasmine.js:1517:40
complete@file:///Users/emanuelaharonoff/Development/code/web-js-oo-task-list-web-0616/tmpTestSupport/jasmine.js:333:19
clearStack@file:///Users/emanuelaharonoff/Development/code/web-js-oo-task-list-web-0616/tmpTestSupport/jasmine.js:506:11
run@file:///Users/emanuelaharonoff/Development/code/web-js-oo-task-list-web-0616/tmpTestSupport/jasmine.js:1505:22
execute@file:///Users/emanuelaharonoff/Development/code/web-js-oo-task-list-web-0616/tmpTestSupport/jasmine.js:1485:13
queueRunnerFactory@file:///Users/emanuelaharonoff/Development/code/web-js-oo-task-list-web-0616/tmpTestSupport/jasmine.js:518:42
execute@file:///Users/emanuelaharonoff/Development/code/web-js-oo-task-list-web-0616/tmpTestSupport/jasmine.js:306:28
file:///Users/emanuelaharonoff/Development/code/web-js-oo-task-list-web-0616/tmpTestSupport/jasmine.js:1708:44
attemptAsync@file:///Users/emanuelaharonoff/Development/code/web-js-oo-task-list-web-0616/tmpTestSupport/jasmine.js:1520:16
run@file:///Users/emanuelaharonoff/Development/code/web-js-oo-task-list-web-0616/tmpTestSupport/jasmine.js:1496:28
execute@file:///Users/emanuelaharonoff/Development/code/web-js-oo-task-list-web-0616/tmpTestSupport/jasmine.js:1485:13
queueRunnerFactory@file:///Users/emanuelaharonoff/Development/code/web-js-oo-task-list-web-0616/tmpTestSupport/jasmine.js:518:42
execute@file:///Users/emanuelaharonoff/Development/code/web-js-oo-task-list-web-0616/tmpTestSupport/jasmine.js:1694:21
file:///Users/emanuelaharonoff/Development/code/web-js-oo-task-list-web-0616/tmpTestSupport/jasmine.js:1708:44
attemptAsync@file:///Users/emanuelaharonoff/Development/code/web-js-oo-task-list-web-0616/tmpTestSupport/jasmine.js:1520:16
run@file:///Users/emanuelaharonoff/Development/code/web-js-oo-task-list-web-0616/tmpTestSupport/jasmine.js:1496:28
execute@file:///Users/emanuelaharonoff/Development/code/web-js-oo-task-list-web-0616/tmpTestSupport/jasmine.js:1485:13
queueRunnerFactory@file:///Users/emanuelaharonoff/Development/code/web-js-oo-task-list-web-0616/tmpTestSupport/jasmine.js:518:42
execute@file:///Users/emanuelaharonoff/Development/code/web-js-oo-task-list-web-0616/tmpTestSupport/jasmine.js:1694:21
file:///Users/emanuelaharonoff/Development/code/web-js-oo-task-list-web-0616/tmpTestSupport/jasmine.js:1708:44
attemptAsync@file:///Users/emanuelaharonoff/Development/code/web-js-oo-task-list-web-0616/tmpTestSupport/jasmine.js:1520:16
run@file:///Users/emanuelaharonoff/Development/code/web-js-oo-task-list-web-0616/tmpTestSupport/jasmine.js:1496:28
next@file:///Users/emanuelaharonoff/Development/code/web-js-oo-task-list-web-0616/tmpTestSupport/jasmine.js:1517:40
complete@file:///Users/emanuelaharonoff/Development/code/web-js-oo-task-list-web-0616/tmpTestSupport/jasmine.js:1703:19
clearStack@file:///Users/emanuelaharonoff/Development/code/web-js-oo-task-list-web-0616/tmpTestSupport/jasmine.js:506:11
run@file:///Users/emanuelaharonoff/Development/code/web-js-oo-task-list-web-0616/tmpTestSupport/jasmine.js:1505:22
next@file:///Users/emanuelaharonoff/Development/code/web-js-oo-task-list-web-0616/tmpTestSupport/jasmine.js:1517:40
complete@file:///Users/emanuelaharonoff/Development/code/web-js-oo-task-list-web-0616/tmpTestSupport/jasmine.js:333:19
clearStack@file:///Users/emanuelaharonoff/Development/code/web-js-oo-task-list-web-0616/tmpTestSupport/jasmine.js:506:11
run@file:///Users/emanuelaharonoff/Development/code/web-js-oo-task-list-web-0616/tmpTestSupport/jasmine.js:1505:22
execute@file:///Users/emanuelaharonoff/Development/code/web-js-oo-task-list-web-0616/tmpTestSupport/jasmine.js:1485:13
queueRunnerFactory@file:///Users/emanuelaharonoff/Development/code/web-js-oo-task-list-web-0616/tmpTestSupport/jasmine.js:518:42
execute@file:///Users/emanuelaharonoff/Development/code/web-js-oo-task-list-web-0616/tmpTestSupport/jasmine.js:306:28
file:///Users/emanuelaharonoff/Development/code/web-js-oo-task-list-web-0616/tmpTestSupport/jasmine.js:1708:44
attemptAsync@file:///Users/emanuelaharonoff/Development/code/web-js-oo-task-list-web-0616/tmpTestSupport/jasmine.js:1520:16
run@file:///Users/emanuelaharonoff/Development/code/web-js-oo-task-list-web-0616/tmpTestSupport/jasmine.js:1496:28
next@file:///Users/emanuelaharonoff/Development/code/web-js-oo-task-list-web-0616/tmpTestSupport/jasmine.js:1517:40
complete@file:///Users/emanuelaharonoff/Development/code/web-js-oo-task-list-web-0616/tmpTestSupport/jasmine.js:333:19			</failure>
			<failure type="" message="ReferenceError: Can&amp;apos;t find variable: List in file:///Users/emanuelaharonoff/Development/code/web-js-oo-task-list-web-0616/spec/tasks.controller.spec.js (line 86)">
file:///Users/emanuelaharonoff/Development/code/web-js-oo-task-list-web-0616/spec/tasks.controller.spec.js:86:22
attemptSync@file:///Users/emanuelaharonoff/Development/code/web-js-oo-task-list-web-0616/tmpTestSupport/jasmine.js:1510:16
run@file:///Users/emanuelaharonoff/Development/code/web-js-oo-task-list-web-0616/tmpTestSupport/jasmine.js:1498:20
execute@file:///Users/emanuelaharonoff/Development/code/web-js-oo-task-list-web-0616/tmpTestSupport/jasmine.js:1485:13
queueRunnerFactory@file:///Users/emanuelaharonoff/Development/code/web-js-oo-task-list-web-0616/tmpTestSupport/jasmine.js:518:42
execute@file:///Users/emanuelaharonoff/Development/code/web-js-oo-task-list-web-0616/tmpTestSupport/jasmine.js:306:28
file:///Users/emanuelaharonoff/Development/code/web-js-oo-task-list-web-0616/tmpTestSupport/jasmine.js:1708:44
attemptAsync@file:///Users/emanuelaharonoff/Development/code/web-js-oo-task-list-web-0616/tmpTestSupport/jasmine.js:1520:16
run@file:///Users/emanuelaharonoff/Development/code/web-js-oo-task-list-web-0616/tmpTestSupport/jasmine.js:1496:28
next@file:///Users/emanuelaharonoff/Development/code/web-js-oo-task-list-web-0616/tmpTestSupport/jasmine.js:1517:40
complete@file:///Users/emanuelaharonoff/Development/code/web-js-oo-task-list-web-0616/tmpTestSupport/jasmine.js:333:19
clearStack@file:///Users/emanuelaharonoff/Development/code/web-js-oo-task-list-web-0616/tmpTestSupport/jasmine.js:506:11
run@file:///Users/emanuelaharonoff/Development/code/web-js-oo-task-list-web-0616/tmpTestSupport/jasmine.js:1505:22
execute@file:///Users/emanuelaharonoff/Development/code/web-js-oo-task-list-web-0616/tmpTestSupport/jasmine.js:1485:13
queueRunnerFactory@file:///Users/emanuelaharonoff/Development/code/web-js-oo-task-list-web-0616/tmpTestSupport/jasmine.js:518:42
execute@file:///Users/emanuelaharonoff/Development/code/web-js-oo-task-list-web-0616/tmpTestSupport/jasmine.js:306:28
file:///Users/emanuelaharonoff/Development/code/web-js-oo-task-list-web-0616/tmpTestSupport/jasmine.js:1708:44
attemptAsync@file:///Users/emanuelaharonoff/Development/code/web-js-oo-task-list-web-0616/tmpTestSupport/jasmine.js:1520:16
run@file:///Users/emanuelaharonoff/Development/code/web-js-oo-task-list-web-0616/tmpTestSupport/jasmine.js:1496:28
execute@file:///Users/emanuelaharonoff/Development/code/web-js-oo-task-list-web-0616/tmpTestSupport/jasmine.js:1485:13
queueRunnerFactory@file:///Users/emanuelaharonoff/Development/code/web-js-oo-task-list-web-0616/tmpTestSupport/jasmine.js:518:42
execute@file:///Users/emanuelaharonoff/Development/code/web-js-oo-task-list-web-0616/tmpTestSupport/jasmine.js:1694:21
file:///Users/emanuelaharonoff/Development/code/web-js-oo-task-list-web-0616/tmpTestSupport/jasmine.js:1708:44
attemptAsync@file:///Users/emanuelaharonoff/Development/code/web-js-oo-task-list-web-0616/tmpTestSupport/jasmine.js:1520:16
run@file:///Users/emanuelaharonoff/Development/code/web-js-oo-task-list-web-0616/tmpTestSupport/jasmine.js:1496:28
next@file:///Users/emanuelaharonoff/Development/code/web-js-oo-task-list-web-0616/tmpTestSupport/jasmine.js:1517:40
complete@file:///Users/emanuelaharonoff/Development/code/web-js-oo-task-list-web-0616/tmpTestSupport/jasmine.js:333:19
clearStack@file:///Users/emanuelaharonoff/Development/code/web-js-oo-task-list-web-0616/tmpTestSupport/jasmine.js:506:11
run@file:///Users/emanuelaharonoff/Development/code/web-js-oo-task-list-web-0616/tmpTestSupport/jasmine.js:1505:22
execute@file:///Users/emanuelaharonoff/Development/code/web-js-oo-task-list-web-0616/tmpTestSupport/jasmine.js:1485:13
queueRunnerFactory@file:///Users/emanuelaharonoff/Development/code/web-js-oo-task-list-web-0616/tmpTestSupport/jasmine.js:518:42
execute@file:///Users/emanuelaharonoff/Development/code/web-js-oo-task-list-web-0616/tmpTestSupport/jasmine.js:306:28
file:///Users/emanuelaharonoff/Development/code/web-js-oo-task-list-web-0616/tmpTestSupport/jasmine.js:1708:44
attemptAsync@file:///Users/emanuelaharonoff/Development/code/web-js-oo-task-list-web-0616/tmpTestSupport/jasmine.js:1520:16
run@file:///Users/emanuelaharonoff/Development/code/web-js-oo-task-list-web-0616/tmpTestSupport/jasmine.js:1496:28
next@file:///Users/emanuelaharonoff/Development/code/web-js-oo-task-list-web-0616/tmpTestSupport/jasmine.js:1517:40
complete@file:///Users/emanuelaharonoff/Development/code/web-js-oo-task-list-web-0616/tmpTestSupport/jasmine.js:333:19
clearStack@file:///Users/emanuelaharonoff/Development/code/web-js-oo-task-list-web-0616/tmpTestSupport/jasmine.js:506:11
run@file:///Users/emanuelaharonoff/Development/code/web-js-oo-task-list-web-0616/tmpTestSupport/jasmine.js:1505:22
execute@file:///Users/emanuelaharonoff/Development/code/web-js-oo-task-list-web-0616/tmpTestSupport/jasmine.js:1485:13
queueRunnerFactory@file:///Users/emanuelaharonoff/Development/code/web-js-oo-task-list-web-0616/tmpTestSupport/jasmine.js:518:42
execute@file:///Users/emanuelaharonoff/Development/code/web-js-oo-task-list-web-0616/tmpTestSupport/jasmine.js:306:28
file:///Users/emanuelaharonoff/Development/code/web-js-oo-task-list-web-0616/tmpTestSupport/jasmine.js:1708:44
attemptAsync@file:///Users/emanuelaharonoff/Development/code/web-js-oo-task-list-web-0616/tmpTestSupport/jasmine.js:1520:16
run@file:///Users/emanuelaharonoff/Development/code/web-js-oo-task-list-web-0616/tmpTestSupport/jasmine.js:1496:28
execute@file:///Users/emanuelaharonoff/Development/code/web-js-oo-task-list-web-0616/tmpTestSupport/jasmine.js:1485:13
queueRunnerFactory@file:///Users/emanuelaharonoff/Development/code/web-js-oo-task-list-web-0616/tmpTestSupport/jasmine.js:518:42
execute@file:///Users/emanuelaharonoff/Development/code/web-js-oo-task-list-web-0616/tmpTestSupport/jasmine.js:1694:21
file:///Users/emanuelaharonoff/Development/code/web-js-oo-task-list-web-0616/tmpTestSupport/jasmine.js:1708:44
attemptAsync@file:///Users/emanuelaharonoff/Development/code/web-js-oo-task-list-web-0616/tmpTestSupport/jasmine.js:1520:16
run@file:///Users/emanuelaharonoff/Development/code/web-js-oo-task-list-web-0616/tmpTestSupport/jasmine.js:1496:28
execute@file:///Users/emanuelaharonoff/Development/code/web-js-oo-task-list-web-0616/tmpTestSupport/jasmine.js:1485:13
queueRunnerFactory@file:///Users/emanuelaharonoff/Development/code/web-js-oo-task-list-web-0616/tmpTestSupport/jasmine.js:518:42
execute@file:///Users/emanuelaharonoff/Development/code/web-js-oo-task-list-web-0616/tmpTestSupport/jasmine.js:1694:21
file:///Users/emanuelaharonoff/Development/code/web-js-oo-task-list-web-0616/tmpTestSupport/jasmine.js:1708:44
attemptAsync@file:///Users/emanuelaharonoff/Development/code/web-js-oo-task-list-web-0616/tmpTestSupport/jasmine.js:1520:16
run@file:///Users/emanuelaharonoff/Development/code/web-js-oo-task-list-web-0616/tmpTestSupport/jasmine.js:1496:28
next@file:///Users/emanuelaharonoff/Development/code/web-js-oo-task-list-web-0616/tmpTestSupport/jasmine.js:1517:40
complete@file:///Users/emanuelaharonoff/Development/code/web-js-oo-task-list-web-0616/tmpTestSupport/jasmine.js:1703:19
clearStack@file:///Users/emanuelaharonoff/Development/code/web-js-oo-task-list-web-0616/tmpTestSupport/jasmine.js:506:11
run@file:///Users/emanuelaharonoff/Development/code/web-js-oo-task-list-web-0616/tmpTestSupport/jasmine.js:1505:22
next@file:///Users/emanuelaharonoff/Development/code/web-js-oo-task-list-web-0616/tmpTestSupport/jasmine.js:1517:40
complete@file:///Users/emanuelaharonoff/Development/code/web-js-oo-task-list-web-0616/tmpTestSupport/jasmine.js:333:19
clearStack@file:///Users/emanuelaharonoff/Development/code/web-js-oo-task-list-web-0616/tmpTestSupport/jasmine.js:506:11
run@file:///Users/emanuelaharonoff/Development/code/web-js-oo-task-list-web-0616/tmpTestSupport/jasmine.js:1505:22
execute@file:///Users/emanuelaharonoff/Development/code/web-js-oo-task-list-web-0616/tmpTestSupport/jasmine.js:1485:13
queueRunnerFactory@file:///Users/emanuelaharonoff/Development/code/web-js-oo-task-list-web-0616/tmpTestSupport/jasmine.js:518:42
execute@file:///Users/emanuelaharonoff/Development/code/web-js-oo-task-list-web-0616/tmpTestSupport/jasmine.js:306:28
file:///Users/emanuelaharonoff/Development/code/web-js-oo-task-list-web-0616/tmpTestSupport/jasmine.js:1708:44
attemptAsync@file:///Users/emanuelaharonoff/Development/code/web-js-oo-task-list-web-0616/tmpTestSupport/jasmine.js:1520:16
run@file:///Users/emanuelaharonoff/Development/code/web-js-oo-task-list-web-0616/tmpTestSupport/jasmine.js:1496:28
next@file:///Users/emanuelaharonoff/Development/code/web-js-oo-task-list-web-0616/tmpTestSupport/jasmine.js:1517:40
complete@file:///Users/emanuelaharonoff/Development/code/web-js-oo-task-list-web-0616/tmpTestSupport/jasmine.js:333:19			</failure>
		</testcase>
	</testsuite>
</testsuites>

